CRITICAL - 2023-11-29 08:09:30 --> Undefined variable $kelaspilihan
in APPPATH\Controllers\Nilai.php on line 357.
 1 APPPATH\Controllers\Nilai.php(357): CodeIgniter\Debug\Exceptions->errorHandler(2, 'Undefined variable $kelaspilihan', 'D:\\laragon\\www\\sim\\app\\Controllers\\Nilai.php', 357)
 2 SYSTEMPATH\CodeIgniter.php(932): App\Controllers\Nilai->get_daftar_nilai_eks()
 3 SYSTEMPATH\CodeIgniter.php(497): CodeIgniter\CodeIgniter->runController(Object(App\Controllers\Nilai))
 4 SYSTEMPATH\CodeIgniter.php(366): CodeIgniter\CodeIgniter->handleRequest(null, Object(Config\Cache), false)
 5 FCPATH\index.php(67): CodeIgniter\CodeIgniter->run()
 6 SYSTEMPATH\Commands\Server\rewrite.php(47): require_once('D:\\laragon\\www\\sim\\public\\index.php')
CRITICAL - 2023-11-29 08:09:35 --> Undefined variable $kelaspilihan
in APPPATH\Controllers\Nilai.php on line 357.
 1 APPPATH\Controllers\Nilai.php(357): CodeIgniter\Debug\Exceptions->errorHandler(2, 'Undefined variable $kelaspilihan', 'D:\\laragon\\www\\sim\\app\\Controllers\\Nilai.php', 357)
 2 SYSTEMPATH\CodeIgniter.php(932): App\Controllers\Nilai->get_daftar_nilai_eks()
 3 SYSTEMPATH\CodeIgniter.php(497): CodeIgniter\CodeIgniter->runController(Object(App\Controllers\Nilai))
 4 SYSTEMPATH\CodeIgniter.php(366): CodeIgniter\CodeIgniter->handleRequest(null, Object(Config\Cache), false)
 5 FCPATH\index.php(67): CodeIgniter\CodeIgniter->run()
 6 SYSTEMPATH\Commands\Server\rewrite.php(47): require_once('D:\\laragon\\www\\sim\\public\\index.php')
CRITICAL - 2023-11-29 08:09:36 --> Undefined variable $kelaspilihan
in APPPATH\Controllers\Nilai.php on line 357.
 1 APPPATH\Controllers\Nilai.php(357): CodeIgniter\Debug\Exceptions->errorHandler(2, 'Undefined variable $kelaspilihan', 'D:\\laragon\\www\\sim\\app\\Controllers\\Nilai.php', 357)
 2 SYSTEMPATH\CodeIgniter.php(932): App\Controllers\Nilai->get_daftar_nilai_eks()
 3 SYSTEMPATH\CodeIgniter.php(497): CodeIgniter\CodeIgniter->runController(Object(App\Controllers\Nilai))
 4 SYSTEMPATH\CodeIgniter.php(366): CodeIgniter\CodeIgniter->handleRequest(null, Object(Config\Cache), false)
 5 FCPATH\index.php(67): CodeIgniter\CodeIgniter->run()
 6 SYSTEMPATH\Commands\Server\rewrite.php(47): require_once('D:\\laragon\\www\\sim\\public\\index.php')
CRITICAL - 2023-11-29 08:09:57 --> Undefined variable $kelaspilihan
in APPPATH\Controllers\Nilai.php on line 357.
 1 APPPATH\Controllers\Nilai.php(357): CodeIgniter\Debug\Exceptions->errorHandler(2, 'Undefined variable $kelaspilihan', 'D:\\laragon\\www\\sim\\app\\Controllers\\Nilai.php', 357)
 2 SYSTEMPATH\CodeIgniter.php(932): App\Controllers\Nilai->get_daftar_nilai_eks()
 3 SYSTEMPATH\CodeIgniter.php(497): CodeIgniter\CodeIgniter->runController(Object(App\Controllers\Nilai))
 4 SYSTEMPATH\CodeIgniter.php(366): CodeIgniter\CodeIgniter->handleRequest(null, Object(Config\Cache), false)
 5 FCPATH\index.php(67): CodeIgniter\CodeIgniter->run()
 6 SYSTEMPATH\Commands\Server\rewrite.php(47): require_once('D:\\laragon\\www\\sim\\public\\index.php')
CRITICAL - 2023-11-29 08:10:24 --> Undefined variable $kelaspilihan
in APPPATH\Controllers\Nilai.php on line 357.
 1 APPPATH\Controllers\Nilai.php(357): CodeIgniter\Debug\Exceptions->errorHandler(2, 'Undefined variable $kelaspilihan', 'D:\\laragon\\www\\sim\\app\\Controllers\\Nilai.php', 357)
 2 SYSTEMPATH\CodeIgniter.php(932): App\Controllers\Nilai->get_daftar_nilai_eks()
 3 SYSTEMPATH\CodeIgniter.php(497): CodeIgniter\CodeIgniter->runController(Object(App\Controllers\Nilai))
 4 SYSTEMPATH\CodeIgniter.php(366): CodeIgniter\CodeIgniter->handleRequest(null, Object(Config\Cache), false)
 5 FCPATH\index.php(67): CodeIgniter\CodeIgniter->run()
 6 SYSTEMPATH\Commands\Server\rewrite.php(47): require_once('D:\\laragon\\www\\sim\\public\\index.php')
CRITICAL - 2023-11-29 09:07:25 --> Undefined variable $kelaspilihan
in APPPATH\Controllers\Nilai.php on line 357.
 1 APPPATH\Controllers\Nilai.php(357): CodeIgniter\Debug\Exceptions->errorHandler(2, 'Undefined variable $kelaspilihan', 'D:\\laragon\\www\\sim\\app\\Controllers\\Nilai.php', 357)
 2 SYSTEMPATH\CodeIgniter.php(932): App\Controllers\Nilai->get_daftar_nilai_eks()
 3 SYSTEMPATH\CodeIgniter.php(497): CodeIgniter\CodeIgniter->runController(Object(App\Controllers\Nilai))
 4 SYSTEMPATH\CodeIgniter.php(366): CodeIgniter\CodeIgniter->handleRequest(null, Object(Config\Cache), false)
 5 FCPATH\index.php(67): CodeIgniter\CodeIgniter->run()
 6 SYSTEMPATH\Commands\Server\rewrite.php(47): require_once('D:\\laragon\\www\\sim\\public\\index.php')
CRITICAL - 2023-11-29 09:07:34 --> Undefined variable $kelaspilihan
in APPPATH\Controllers\Nilai.php on line 357.
 1 APPPATH\Controllers\Nilai.php(357): CodeIgniter\Debug\Exceptions->errorHandler(2, 'Undefined variable $kelaspilihan', 'D:\\laragon\\www\\sim\\app\\Controllers\\Nilai.php', 357)
 2 SYSTEMPATH\CodeIgniter.php(932): App\Controllers\Nilai->get_daftar_nilai_eks()
 3 SYSTEMPATH\CodeIgniter.php(497): CodeIgniter\CodeIgniter->runController(Object(App\Controllers\Nilai))
 4 SYSTEMPATH\CodeIgniter.php(366): CodeIgniter\CodeIgniter->handleRequest(null, Object(Config\Cache), false)
 5 FCPATH\index.php(67): CodeIgniter\CodeIgniter->run()
 6 SYSTEMPATH\Commands\Server\rewrite.php(47): require_once('D:\\laragon\\www\\sim\\public\\index.php')
CRITICAL - 2023-11-29 09:08:11 --> Undefined variable $kelaspilihan
in APPPATH\Controllers\Nilai.php on line 357.
 1 APPPATH\Controllers\Nilai.php(357): CodeIgniter\Debug\Exceptions->errorHandler(2, 'Undefined variable $kelaspilihan', 'D:\\laragon\\www\\sim\\app\\Controllers\\Nilai.php', 357)
 2 SYSTEMPATH\CodeIgniter.php(932): App\Controllers\Nilai->get_daftar_nilai_eks()
 3 SYSTEMPATH\CodeIgniter.php(497): CodeIgniter\CodeIgniter->runController(Object(App\Controllers\Nilai))
 4 SYSTEMPATH\CodeIgniter.php(366): CodeIgniter\CodeIgniter->handleRequest(null, Object(Config\Cache), false)
 5 FCPATH\index.php(67): CodeIgniter\CodeIgniter->run()
 6 SYSTEMPATH\Commands\Server\rewrite.php(47): require_once('D:\\laragon\\www\\sim\\public\\index.php')
CRITICAL - 2023-11-29 09:11:16 --> Undefined variable $kelaspilihan
in APPPATH\Controllers\Nilai.php on line 357.
 1 APPPATH\Controllers\Nilai.php(357): CodeIgniter\Debug\Exceptions->errorHandler(2, 'Undefined variable $kelaspilihan', 'D:\\laragon\\www\\sim\\app\\Controllers\\Nilai.php', 357)
 2 SYSTEMPATH\CodeIgniter.php(932): App\Controllers\Nilai->get_daftar_nilai_eks()
 3 SYSTEMPATH\CodeIgniter.php(497): CodeIgniter\CodeIgniter->runController(Object(App\Controllers\Nilai))
 4 SYSTEMPATH\CodeIgniter.php(366): CodeIgniter\CodeIgniter->handleRequest(null, Object(Config\Cache), false)
 5 FCPATH\index.php(67): CodeIgniter\CodeIgniter->run()
 6 SYSTEMPATH\Commands\Server\rewrite.php(47): require_once('D:\\laragon\\www\\sim\\public\\index.php')
CRITICAL - 2023-11-29 09:11:18 --> Undefined variable $kelaspilihan
in APPPATH\Controllers\Nilai.php on line 357.
 1 APPPATH\Controllers\Nilai.php(357): CodeIgniter\Debug\Exceptions->errorHandler(2, 'Undefined variable $kelaspilihan', 'D:\\laragon\\www\\sim\\app\\Controllers\\Nilai.php', 357)
 2 SYSTEMPATH\CodeIgniter.php(932): App\Controllers\Nilai->get_daftar_nilai_eks()
 3 SYSTEMPATH\CodeIgniter.php(497): CodeIgniter\CodeIgniter->runController(Object(App\Controllers\Nilai))
 4 SYSTEMPATH\CodeIgniter.php(366): CodeIgniter\CodeIgniter->handleRequest(null, Object(Config\Cache), false)
 5 FCPATH\index.php(67): CodeIgniter\CodeIgniter->run()
 6 SYSTEMPATH\Commands\Server\rewrite.php(47): require_once('D:\\laragon\\www\\sim\\public\\index.php')
CRITICAL - 2023-11-29 09:11:22 --> Undefined variable $kelaspilihan
in APPPATH\Controllers\Nilai.php on line 357.
 1 APPPATH\Controllers\Nilai.php(357): CodeIgniter\Debug\Exceptions->errorHandler(2, 'Undefined variable $kelaspilihan', 'D:\\laragon\\www\\sim\\app\\Controllers\\Nilai.php', 357)
 2 SYSTEMPATH\CodeIgniter.php(932): App\Controllers\Nilai->get_daftar_nilai_eks()
 3 SYSTEMPATH\CodeIgniter.php(497): CodeIgniter\CodeIgniter->runController(Object(App\Controllers\Nilai))
 4 SYSTEMPATH\CodeIgniter.php(366): CodeIgniter\CodeIgniter->handleRequest(null, Object(Config\Cache), false)
 5 FCPATH\index.php(67): CodeIgniter\CodeIgniter->run()
 6 SYSTEMPATH\Commands\Server\rewrite.php(47): require_once('D:\\laragon\\www\\sim\\public\\index.php')
CRITICAL - 2023-11-29 09:11:24 --> Undefined variable $kelaspilihan
in APPPATH\Controllers\Nilai.php on line 357.
 1 APPPATH\Controllers\Nilai.php(357): CodeIgniter\Debug\Exceptions->errorHandler(2, 'Undefined variable $kelaspilihan', 'D:\\laragon\\www\\sim\\app\\Controllers\\Nilai.php', 357)
 2 SYSTEMPATH\CodeIgniter.php(932): App\Controllers\Nilai->get_daftar_nilai_eks()
 3 SYSTEMPATH\CodeIgniter.php(497): CodeIgniter\CodeIgniter->runController(Object(App\Controllers\Nilai))
 4 SYSTEMPATH\CodeIgniter.php(366): CodeIgniter\CodeIgniter->handleRequest(null, Object(Config\Cache), false)
 5 FCPATH\index.php(67): CodeIgniter\CodeIgniter->run()
 6 SYSTEMPATH\Commands\Server\rewrite.php(47): require_once('D:\\laragon\\www\\sim\\public\\index.php')
INFO - 2023-11-29 09:12:07 --> Session: Class initialized using 'CodeIgniter\Session\Handlers\FileHandler' driver.
CRITICAL - 2023-11-29 09:12:07 --> Undefined variable $kelaspilihan
in APPPATH\Controllers\Nilai.php on line 357.
 1 APPPATH\Controllers\Nilai.php(357): CodeIgniter\Debug\Exceptions->errorHandler(2, 'Undefined variable $kelaspilihan', 'D:\\laragon\\www\\sim\\app\\Controllers\\Nilai.php', 357)
 2 SYSTEMPATH\CodeIgniter.php(932): App\Controllers\Nilai->get_daftar_nilai_eks()
 3 SYSTEMPATH\CodeIgniter.php(497): CodeIgniter\CodeIgniter->runController(Object(App\Controllers\Nilai))
 4 SYSTEMPATH\CodeIgniter.php(366): CodeIgniter\CodeIgniter->handleRequest(null, Object(Config\Cache), false)
 5 FCPATH\index.php(67): CodeIgniter\CodeIgniter->run()
 6 SYSTEMPATH\Commands\Server\rewrite.php(47): require_once('D:\\laragon\\www\\sim\\public\\index.php')
INFO - 2023-11-29 09:14:16 --> Session: Class initialized using 'CodeIgniter\Session\Handlers\FileHandler' driver.
CRITICAL - 2023-11-29 09:14:16 --> Undefined array key "nama_rombel"
in APPPATH\Controllers\Nilai.php on line 363.
 1 APPPATH\Controllers\Nilai.php(363): CodeIgniter\Debug\Exceptions->errorHandler(2, 'Undefined array key "nama_rombel"', 'D:\\laragon\\www\\sim\\app\\Controllers\\Nilai.php', 363)
 2 SYSTEMPATH\CodeIgniter.php(932): App\Controllers\Nilai->get_daftar_nilai_eks()
 3 SYSTEMPATH\CodeIgniter.php(497): CodeIgniter\CodeIgniter->runController(Object(App\Controllers\Nilai))
 4 SYSTEMPATH\CodeIgniter.php(366): CodeIgniter\CodeIgniter->handleRequest(null, Object(Config\Cache), false)
 5 FCPATH\index.php(67): CodeIgniter\CodeIgniter->run()
 6 SYSTEMPATH\Commands\Server\rewrite.php(47): require_once('D:\\laragon\\www\\sim\\public\\index.php')
INFO - 2023-11-29 09:14:33 --> Session: Class initialized using 'CodeIgniter\Session\Handlers\FileHandler' driver.
INFO - 2023-11-29 09:14:40 --> Session: Class initialized using 'CodeIgniter\Session\Handlers\FileHandler' driver.
INFO - 2023-11-29 09:14:41 --> Session: Class initialized using 'CodeIgniter\Session\Handlers\FileHandler' driver.
CRITICAL - 2023-11-29 09:35:39 --> Undefined property: CodeIgniter\Database\MySQLi\Builder::$get
in APPPATH\Models\M_sekolah.php on line 149.
 1 APPPATH\Models\M_sekolah.php(149): CodeIgniter\Debug\Exceptions->errorHandler(2, 'Undefined property: CodeIgniter\\Database\\MySQLi\\Builder::$get', 'D:\\laragon\\www\\sim\\app\\Models\\M_sekolah.php', 149)
 2 APPPATH\Controllers\Nilai.php(363): App\Models\M_sekolah->get_rombel_byid('216')
 3 SYSTEMPATH\CodeIgniter.php(932): App\Controllers\Nilai->get_daftar_nilai_eks()
 4 SYSTEMPATH\CodeIgniter.php(497): CodeIgniter\CodeIgniter->runController(Object(App\Controllers\Nilai))
 5 SYSTEMPATH\CodeIgniter.php(366): CodeIgniter\CodeIgniter->handleRequest(null, Object(Config\Cache), false)
 6 FCPATH\index.php(67): CodeIgniter\CodeIgniter->run()
 7 SYSTEMPATH\Commands\Server\rewrite.php(47): require_once('D:\\laragon\\www\\sim\\public\\index.php')
CRITICAL - 2023-11-29 09:35:41 --> Undefined property: CodeIgniter\Database\MySQLi\Builder::$get
in APPPATH\Models\M_sekolah.php on line 149.
 1 APPPATH\Models\M_sekolah.php(149): CodeIgniter\Debug\Exceptions->errorHandler(2, 'Undefined property: CodeIgniter\\Database\\MySQLi\\Builder::$get', 'D:\\laragon\\www\\sim\\app\\Models\\M_sekolah.php', 149)
 2 APPPATH\Controllers\Nilai.php(363): App\Models\M_sekolah->get_rombel_byid('216')
 3 SYSTEMPATH\CodeIgniter.php(932): App\Controllers\Nilai->get_daftar_nilai_eks()
 4 SYSTEMPATH\CodeIgniter.php(497): CodeIgniter\CodeIgniter->runController(Object(App\Controllers\Nilai))
 5 SYSTEMPATH\CodeIgniter.php(366): CodeIgniter\CodeIgniter->handleRequest(null, Object(Config\Cache), false)
 6 FCPATH\index.php(67): CodeIgniter\CodeIgniter->run()
 7 SYSTEMPATH\Commands\Server\rewrite.php(47): require_once('D:\\laragon\\www\\sim\\public\\index.php')
INFO - 2023-11-29 09:35:58 --> Session: Class initialized using 'CodeIgniter\Session\Handlers\FileHandler' driver.
CRITICAL - 2023-11-29 09:35:58 --> Undefined property: CodeIgniter\Database\MySQLi\Builder::$get
in APPPATH\Models\M_sekolah.php on line 149.
 1 APPPATH\Models\M_sekolah.php(149): CodeIgniter\Debug\Exceptions->errorHandler(2, 'Undefined property: CodeIgniter\\Database\\MySQLi\\Builder::$get', 'D:\\laragon\\www\\sim\\app\\Models\\M_sekolah.php', 149)
 2 APPPATH\Controllers\Nilai.php(363): App\Models\M_sekolah->get_rombel_byid('216')
 3 SYSTEMPATH\CodeIgniter.php(932): App\Controllers\Nilai->get_daftar_nilai_eks()
 4 SYSTEMPATH\CodeIgniter.php(497): CodeIgniter\CodeIgniter->runController(Object(App\Controllers\Nilai))
 5 SYSTEMPATH\CodeIgniter.php(366): CodeIgniter\CodeIgniter->handleRequest(null, Object(Config\Cache), false)
 6 FCPATH\index.php(67): CodeIgniter\CodeIgniter->run()
 7 SYSTEMPATH\Commands\Server\rewrite.php(47): require_once('D:\\laragon\\www\\sim\\public\\index.php')
INFO - 2023-11-29 09:36:13 --> Session: Class initialized using 'CodeIgniter\Session\Handlers\FileHandler' driver.
CRITICAL - 2023-11-29 09:56:38 --> Cannot use object of type stdClass as array
in APPPATH\Views\v_nilai_eks.php on line 483.
 1 SYSTEMPATH\View\View.php(224): include()
 2 SYSTEMPATH\View\View.php(227): CodeIgniter\View\View->CodeIgniter\View\{closure}()
 3 SYSTEMPATH\Common.php(1176): CodeIgniter\View\View->render('v_nilai_eks', [], true)
 4 APPPATH\Controllers\Nilai.php(139): view('v_nilai_eks', [...])
 5 SYSTEMPATH\CodeIgniter.php(932): App\Controllers\Nilai->index()
 6 SYSTEMPATH\CodeIgniter.php(497): CodeIgniter\CodeIgniter->runController(Object(App\Controllers\Nilai))
 7 SYSTEMPATH\CodeIgniter.php(366): CodeIgniter\CodeIgniter->handleRequest(null, Object(Config\Cache), false)
 8 FCPATH\index.php(67): CodeIgniter\CodeIgniter->run()
 9 SYSTEMPATH\Commands\Server\rewrite.php(47): require_once('D:\\laragon\\www\\sim\\public\\index.php')
CRITICAL - 2023-11-29 09:56:48 --> Cannot use object of type stdClass as array
in APPPATH\Views\v_nilai_eks.php on line 483.
 1 SYSTEMPATH\View\View.php(224): include()
 2 SYSTEMPATH\View\View.php(227): CodeIgniter\View\View->CodeIgniter\View\{closure}()
 3 SYSTEMPATH\Common.php(1176): CodeIgniter\View\View->render('v_nilai_eks', [], true)
 4 APPPATH\Controllers\Nilai.php(139): view('v_nilai_eks', [...])
 5 SYSTEMPATH\CodeIgniter.php(932): App\Controllers\Nilai->index()
 6 SYSTEMPATH\CodeIgniter.php(497): CodeIgniter\CodeIgniter->runController(Object(App\Controllers\Nilai))
 7 SYSTEMPATH\CodeIgniter.php(366): CodeIgniter\CodeIgniter->handleRequest(null, Object(Config\Cache), false)
 8 FCPATH\index.php(67): CodeIgniter\CodeIgniter->run()
 9 SYSTEMPATH\Commands\Server\rewrite.php(47): require_once('D:\\laragon\\www\\sim\\public\\index.php')
INFO - 2023-11-29 09:56:58 --> Session: Class initialized using 'CodeIgniter\Session\Handlers\FileHandler' driver.
CRITICAL - 2023-11-29 09:56:58 --> Cannot use object of type stdClass as array
in APPPATH\Views\v_nilai_eks.php on line 483.
 1 SYSTEMPATH\View\View.php(224): include()
 2 SYSTEMPATH\View\View.php(227): CodeIgniter\View\View->CodeIgniter\View\{closure}()
 3 SYSTEMPATH\Common.php(1176): CodeIgniter\View\View->render('v_nilai_eks', [], true)
 4 APPPATH\Controllers\Nilai.php(139): view('v_nilai_eks', [...])
 5 SYSTEMPATH\CodeIgniter.php(932): App\Controllers\Nilai->index()
 6 SYSTEMPATH\CodeIgniter.php(497): CodeIgniter\CodeIgniter->runController(Object(App\Controllers\Nilai))
 7 SYSTEMPATH\CodeIgniter.php(366): CodeIgniter\CodeIgniter->handleRequest(null, Object(Config\Cache), false)
 8 FCPATH\index.php(67): CodeIgniter\CodeIgniter->run()
 9 SYSTEMPATH\Commands\Server\rewrite.php(47): require_once('D:\\laragon\\www\\sim\\public\\index.php')
INFO - 2023-11-29 09:57:15 --> Session: Class initialized using 'CodeIgniter\Session\Handlers\FileHandler' driver.
INFO - 2023-11-29 09:57:17 --> Session: Class initialized using 'CodeIgniter\Session\Handlers\FileHandler' driver.
INFO - 2023-11-29 09:58:13 --> Session: Class initialized using 'CodeIgniter\Session\Handlers\FileHandler' driver.
INFO - 2023-11-29 09:58:14 --> Session: Class initialized using 'CodeIgniter\Session\Handlers\FileHandler' driver.
INFO - 2023-11-29 09:58:33 --> Session: Class initialized using 'CodeIgniter\Session\Handlers\FileHandler' driver.
INFO - 2023-11-29 09:58:34 --> Session: Class initialized using 'CodeIgniter\Session\Handlers\FileHandler' driver.
INFO - 2023-11-29 09:59:53 --> Session: Class initialized using 'CodeIgniter\Session\Handlers\FileHandler' driver.
INFO - 2023-11-29 09:59:54 --> Session: Class initialized using 'CodeIgniter\Session\Handlers\FileHandler' driver.
INFO - 2023-11-29 10:00:16 --> Session: Class initialized using 'CodeIgniter\Session\Handlers\FileHandler' driver.
INFO - 2023-11-29 10:00:17 --> Session: Class initialized using 'CodeIgniter\Session\Handlers\FileHandler' driver.
INFO - 2023-11-29 10:01:21 --> Session: Class initialized using 'CodeIgniter\Session\Handlers\FileHandler' driver.
INFO - 2023-11-29 10:01:22 --> Session: Class initialized using 'CodeIgniter\Session\Handlers\FileHandler' driver.
INFO - 2023-11-29 10:02:02 --> Session: Class initialized using 'CodeIgniter\Session\Handlers\FileHandler' driver.
INFO - 2023-11-29 10:02:03 --> Session: Class initialized using 'CodeIgniter\Session\Handlers\FileHandler' driver.
INFO - 2023-11-29 10:02:33 --> Session: Class initialized using 'CodeIgniter\Session\Handlers\FileHandler' driver.
INFO - 2023-11-29 10:02:34 --> Session: Class initialized using 'CodeIgniter\Session\Handlers\FileHandler' driver.
INFO - 2023-11-29 10:02:37 --> Session: Class initialized using 'CodeIgniter\Session\Handlers\FileHandler' driver.
INFO - 2023-11-29 10:02:38 --> Session: Class initialized using 'CodeIgniter\Session\Handlers\FileHandler' driver.
INFO - 2023-11-29 10:03:30 --> Session: Class initialized using 'CodeIgniter\Session\Handlers\FileHandler' driver.
INFO - 2023-11-29 10:03:31 --> Session: Class initialized using 'CodeIgniter\Session\Handlers\FileHandler' driver.
INFO - 2023-11-29 10:03:59 --> Session: Class initialized using 'CodeIgniter\Session\Handlers\FileHandler' driver.
INFO - 2023-11-29 10:03:59 --> Session: Class initialized using 'CodeIgniter\Session\Handlers\FileHandler' driver.
INFO - 2023-11-29 10:04:59 --> Session: Class initialized using 'CodeIgniter\Session\Handlers\FileHandler' driver.
INFO - 2023-11-29 10:05:01 --> Session: Class initialized using 'CodeIgniter\Session\Handlers\FileHandler' driver.
INFO - 2023-11-29 10:05:13 --> Session: Class initialized using 'CodeIgniter\Session\Handlers\FileHandler' driver.
INFO - 2023-11-29 10:05:13 --> Session: Class initialized using 'CodeIgniter\Session\Handlers\FileHandler' driver.
INFO - 2023-11-29 10:06:14 --> Session: Class initialized using 'CodeIgniter\Session\Handlers\FileHandler' driver.
INFO - 2023-11-29 10:06:15 --> Session: Class initialized using 'CodeIgniter\Session\Handlers\FileHandler' driver.
INFO - 2023-11-29 10:06:50 --> Session: Class initialized using 'CodeIgniter\Session\Handlers\FileHandler' driver.
INFO - 2023-11-29 10:06:51 --> Session: Class initialized using 'CodeIgniter\Session\Handlers\FileHandler' driver.
INFO - 2023-11-29 10:06:53 --> Session: Class initialized using 'CodeIgniter\Session\Handlers\FileHandler' driver.
INFO - 2023-11-29 10:06:54 --> Session: Class initialized using 'CodeIgniter\Session\Handlers\FileHandler' driver.
CRITICAL - 2023-11-29 10:49:53 --> Cannot use object of type stdClass as array
in APPPATH\Controllers\Nilai.php on line 377.
 1 SYSTEMPATH\CodeIgniter.php(932): App\Controllers\Nilai->simpan_nilai_eks()
 2 SYSTEMPATH\CodeIgniter.php(497): CodeIgniter\CodeIgniter->runController(Object(App\Controllers\Nilai))
 3 SYSTEMPATH\CodeIgniter.php(366): CodeIgniter\CodeIgniter->handleRequest(null, Object(Config\Cache), false)
 4 FCPATH\index.php(67): CodeIgniter\CodeIgniter->run()
 5 SYSTEMPATH\Commands\Server\rewrite.php(47): require_once('D:\\laragon\\www\\sim\\public\\index.php')
CRITICAL - 2023-11-29 10:52:57 --> Cannot use object of type stdClass as array
in APPPATH\Controllers\Nilai.php on line 377.
 1 SYSTEMPATH\CodeIgniter.php(932): App\Controllers\Nilai->simpan_nilai_eks()
 2 SYSTEMPATH\CodeIgniter.php(497): CodeIgniter\CodeIgniter->runController(Object(App\Controllers\Nilai))
 3 SYSTEMPATH\CodeIgniter.php(366): CodeIgniter\CodeIgniter->handleRequest(null, Object(Config\Cache), false)
 4 FCPATH\index.php(67): CodeIgniter\CodeIgniter->run()
 5 SYSTEMPATH\Commands\Server\rewrite.php(47): require_once('D:\\laragon\\www\\sim\\public\\index.php')
CRITICAL - 2023-11-29 10:53:11 --> Cannot use object of type stdClass as array
in APPPATH\Controllers\Nilai.php on line 377.
 1 SYSTEMPATH\CodeIgniter.php(932): App\Controllers\Nilai->simpan_nilai_eks()
 2 SYSTEMPATH\CodeIgniter.php(497): CodeIgniter\CodeIgniter->runController(Object(App\Controllers\Nilai))
 3 SYSTEMPATH\CodeIgniter.php(366): CodeIgniter\CodeIgniter->handleRequest(null, Object(Config\Cache), false)
 4 FCPATH\index.php(67): CodeIgniter\CodeIgniter->run()
 5 SYSTEMPATH\Commands\Server\rewrite.php(47): require_once('D:\\laragon\\www\\sim\\public\\index.php')
CRITICAL - 2023-11-29 11:00:26 --> Cannot use object of type stdClass as array
in APPPATH\Controllers\Nilai.php on line 379.
 1 SYSTEMPATH\CodeIgniter.php(932): App\Controllers\Nilai->simpan_nilai_eks()
 2 SYSTEMPATH\CodeIgniter.php(497): CodeIgniter\CodeIgniter->runController(Object(App\Controllers\Nilai))
 3 SYSTEMPATH\CodeIgniter.php(366): CodeIgniter\CodeIgniter->handleRequest(null, Object(Config\Cache), false)
 4 FCPATH\index.php(67): CodeIgniter\CodeIgniter->run()
 5 SYSTEMPATH\Commands\Server\rewrite.php(47): require_once('D:\\laragon\\www\\sim\\public\\index.php')
CRITICAL - 2023-11-29 11:04:29 --> Unmatched '}'
in APPPATH\Controllers\Nilai.php on line 411.
 1 SYSTEMPATH\Autoloader\Autoloader.php(291): CodeIgniter\Autoloader\Autoloader->includeFile('D:\\laragon\\www\\sim\\app\\Controllers\\Nilai.php')
 2 SYSTEMPATH\Autoloader\Autoloader.php(269): CodeIgniter\Autoloader\Autoloader->loadInNamespace('App\\Controllers\\Nilai')
 3 [internal function]: CodeIgniter\Autoloader\Autoloader->loadClass('App\\Controllers\\Nilai')
 4 SYSTEMPATH\CodeIgniter.php(890): class_exists('\\App\\Controllers\\Nilai', true)
 5 SYSTEMPATH\CodeIgniter.php(484): CodeIgniter\CodeIgniter->startController()
 6 SYSTEMPATH\CodeIgniter.php(366): CodeIgniter\CodeIgniter->handleRequest(null, Object(Config\Cache), false)
 7 FCPATH\index.php(67): CodeIgniter\CodeIgniter->run()
 8 SYSTEMPATH\Commands\Server\rewrite.php(47): require_once('D:\\laragon\\www\\sim\\public\\index.php')
CRITICAL - 2023-11-29 11:18:37 --> Array to string conversion
in APPPATH\Controllers\Nilai.php on line 340.
 1 APPPATH\Controllers\Nilai.php(340): CodeIgniter\Debug\Exceptions->errorHandler(2, 'Array to string conversion', 'D:\\laragon\\www\\sim\\app\\Controllers\\Nilai.php', 340)
 2 SYSTEMPATH\CodeIgniter.php(932): App\Controllers\Nilai->get_rombel('11')
 3 SYSTEMPATH\CodeIgniter.php(497): CodeIgniter\CodeIgniter->runController(Object(App\Controllers\Nilai))
 4 SYSTEMPATH\CodeIgniter.php(366): CodeIgniter\CodeIgniter->handleRequest(null, Object(Config\Cache), false)
 5 FCPATH\index.php(67): CodeIgniter\CodeIgniter->run()
 6 SYSTEMPATH\Commands\Server\rewrite.php(47): require_once('D:\\laragon\\www\\sim\\public\\index.php')
INFO - 2023-11-29 11:18:47 --> Session: Class initialized using 'CodeIgniter\Session\Handlers\FileHandler' driver.
CRITICAL - 2023-11-29 11:18:47 --> Array to string conversion
in APPPATH\Controllers\Nilai.php on line 340.
 1 APPPATH\Controllers\Nilai.php(340): CodeIgniter\Debug\Exceptions->errorHandler(2, 'Array to string conversion', 'D:\\laragon\\www\\sim\\app\\Controllers\\Nilai.php', 340)
 2 SYSTEMPATH\CodeIgniter.php(932): App\Controllers\Nilai->get_rombel('11')
 3 SYSTEMPATH\CodeIgniter.php(497): CodeIgniter\CodeIgniter->runController(Object(App\Controllers\Nilai))
 4 SYSTEMPATH\CodeIgniter.php(366): CodeIgniter\CodeIgniter->handleRequest(null, Object(Config\Cache), false)
 5 FCPATH\index.php(67): CodeIgniter\CodeIgniter->run()
 6 SYSTEMPATH\Commands\Server\rewrite.php(47): require_once('D:\\laragon\\www\\sim\\public\\index.php')
INFO - 2023-11-29 11:19:08 --> Session: Class initialized using 'CodeIgniter\Session\Handlers\FileHandler' driver.
INFO - 2023-11-29 11:19:29 --> Session: Class initialized using 'CodeIgniter\Session\Handlers\FileHandler' driver.
INFO - 2023-11-29 11:19:34 --> Session: Class initialized using 'CodeIgniter\Session\Handlers\FileHandler' driver.
INFO - 2023-11-29 11:19:35 --> Session: Class initialized using 'CodeIgniter\Session\Handlers\FileHandler' driver.
INFO - 2023-11-29 11:19:43 --> Session: Class initialized using 'CodeIgniter\Session\Handlers\FileHandler' driver.
INFO - 2023-11-29 11:19:47 --> Session: Class initialized using 'CodeIgniter\Session\Handlers\FileHandler' driver.
CRITICAL - 2023-11-29 15:12:21 --> Undefined array key "kelas"
in APPPATH\Controllers\Nilai.php on line 397.
 1 APPPATH\Controllers\Nilai.php(397): CodeIgniter\Debug\Exceptions->errorHandler(2, 'Undefined array key "kelas"', 'D:\\laragon\\www\\sim\\app\\Controllers\\Nilai.php', 397)
 2 SYSTEMPATH\CodeIgniter.php(932): App\Controllers\Nilai->get_daftar_indikator_eks('11')
 3 SYSTEMPATH\CodeIgniter.php(497): CodeIgniter\CodeIgniter->runController(Object(App\Controllers\Nilai))
 4 SYSTEMPATH\CodeIgniter.php(366): CodeIgniter\CodeIgniter->handleRequest(null, Object(Config\Cache), false)
 5 FCPATH\index.php(67): CodeIgniter\CodeIgniter->run()
 6 SYSTEMPATH\Commands\Server\rewrite.php(47): require_once('D:\\laragon\\www\\sim\\public\\index.php')
CRITICAL - 2023-11-29 15:12:34 --> Undefined array key "kelas"
in APPPATH\Controllers\Nilai.php on line 397.
 1 APPPATH\Controllers\Nilai.php(397): CodeIgniter\Debug\Exceptions->errorHandler(2, 'Undefined array key "kelas"', 'D:\\laragon\\www\\sim\\app\\Controllers\\Nilai.php', 397)
 2 SYSTEMPATH\CodeIgniter.php(932): App\Controllers\Nilai->get_daftar_indikator_eks('11')
 3 SYSTEMPATH\CodeIgniter.php(497): CodeIgniter\CodeIgniter->runController(Object(App\Controllers\Nilai))
 4 SYSTEMPATH\CodeIgniter.php(366): CodeIgniter\CodeIgniter->handleRequest(null, Object(Config\Cache), false)
 5 FCPATH\index.php(67): CodeIgniter\CodeIgniter->run()
 6 SYSTEMPATH\Commands\Server\rewrite.php(47): require_once('D:\\laragon\\www\\sim\\public\\index.php')
INFO - 2023-11-29 15:31:28 --> Session: Class initialized using 'CodeIgniter\Session\Handlers\FileHandler' driver.
INFO - 2023-11-29 15:31:29 --> Session: Class initialized using 'CodeIgniter\Session\Handlers\FileHandler' driver.
INFO - 2023-11-29 15:31:29 --> Session: Class initialized using 'CodeIgniter\Session\Handlers\FileHandler' driver.
CRITICAL - 2023-11-29 15:31:30 --> Undefined array key "rombel"
in APPPATH\Controllers\Nilai.php on line 398.
 1 APPPATH\Controllers\Nilai.php(398): CodeIgniter\Debug\Exceptions->errorHandler(2, 'Undefined array key "rombel"', 'D:\\laragon\\www\\sim\\app\\Controllers\\Nilai.php', 398)
 2 SYSTEMPATH\CodeIgniter.php(932): App\Controllers\Nilai->get_daftar_indikator_eks()
 3 SYSTEMPATH\CodeIgniter.php(497): CodeIgniter\CodeIgniter->runController(Object(App\Controllers\Nilai))
 4 SYSTEMPATH\CodeIgniter.php(366): CodeIgniter\CodeIgniter->handleRequest(null, Object(Config\Cache), false)
 5 FCPATH\index.php(67): CodeIgniter\CodeIgniter->run()
 6 SYSTEMPATH\Commands\Server\rewrite.php(47): require_once('D:\\laragon\\www\\sim\\public\\index.php')
INFO - 2023-11-29 15:31:33 --> Session: Class initialized using 'CodeIgniter\Session\Handlers\FileHandler' driver.
CRITICAL - 2023-11-29 15:31:33 --> Undefined array key "rombel"
in APPPATH\Controllers\Nilai.php on line 398.
 1 APPPATH\Controllers\Nilai.php(398): CodeIgniter\Debug\Exceptions->errorHandler(2, 'Undefined array key "rombel"', 'D:\\laragon\\www\\sim\\app\\Controllers\\Nilai.php', 398)
 2 SYSTEMPATH\CodeIgniter.php(932): App\Controllers\Nilai->get_daftar_indikator_eks()
 3 SYSTEMPATH\CodeIgniter.php(497): CodeIgniter\CodeIgniter->runController(Object(App\Controllers\Nilai))
 4 SYSTEMPATH\CodeIgniter.php(366): CodeIgniter\CodeIgniter->handleRequest(null, Object(Config\Cache), false)
 5 FCPATH\index.php(67): CodeIgniter\CodeIgniter->run()
 6 SYSTEMPATH\Commands\Server\rewrite.php(47): require_once('D:\\laragon\\www\\sim\\public\\index.php')
INFO - 2023-11-29 15:31:35 --> Session: Class initialized using 'CodeIgniter\Session\Handlers\FileHandler' driver.
CRITICAL - 2023-11-29 15:31:35 --> Undefined array key "rombel"
in APPPATH\Controllers\Nilai.php on line 398.
 1 APPPATH\Controllers\Nilai.php(398): CodeIgniter\Debug\Exceptions->errorHandler(2, 'Undefined array key "rombel"', 'D:\\laragon\\www\\sim\\app\\Controllers\\Nilai.php', 398)
 2 SYSTEMPATH\CodeIgniter.php(932): App\Controllers\Nilai->get_daftar_indikator_eks()
 3 SYSTEMPATH\CodeIgniter.php(497): CodeIgniter\CodeIgniter->runController(Object(App\Controllers\Nilai))
 4 SYSTEMPATH\CodeIgniter.php(366): CodeIgniter\CodeIgniter->handleRequest(null, Object(Config\Cache), false)
 5 FCPATH\index.php(67): CodeIgniter\CodeIgniter->run()
 6 SYSTEMPATH\Commands\Server\rewrite.php(47): require_once('D:\\laragon\\www\\sim\\public\\index.php')
CRITICAL - 2023-11-29 15:31:37 --> Undefined array key "rombel"
in APPPATH\Controllers\Nilai.php on line 398.
 1 APPPATH\Controllers\Nilai.php(398): CodeIgniter\Debug\Exceptions->errorHandler(2, 'Undefined array key "rombel"', 'D:\\laragon\\www\\sim\\app\\Controllers\\Nilai.php', 398)
 2 SYSTEMPATH\CodeIgniter.php(932): App\Controllers\Nilai->get_daftar_indikator_eks()
 3 SYSTEMPATH\CodeIgniter.php(497): CodeIgniter\CodeIgniter->runController(Object(App\Controllers\Nilai))
 4 SYSTEMPATH\CodeIgniter.php(366): CodeIgniter\CodeIgniter->handleRequest(null, Object(Config\Cache), false)
 5 FCPATH\index.php(67): CodeIgniter\CodeIgniter->run()
 6 SYSTEMPATH\Commands\Server\rewrite.php(47): require_once('D:\\laragon\\www\\sim\\public\\index.php')
INFO - 2023-11-29 15:32:53 --> Session: Class initialized using 'CodeIgniter\Session\Handlers\FileHandler' driver.
CRITICAL - 2023-11-29 15:32:53 --> You must set the database table to be used with your query.
in SYSTEMPATH\Database\BaseConnection.php on line 883.
 1 SYSTEMPATH\Model.php(642): CodeIgniter\Database\BaseConnection->table(null)
 2 SYSTEMPATH\Model.php(828): CodeIgniter\Model->builder()
 3 APPPATH\Controllers\Nilai.php(400): CodeIgniter\Model->__call('getTP_Ekskul', [...])
 4 SYSTEMPATH\CodeIgniter.php(932): App\Controllers\Nilai->get_daftar_indikator_eks()
 5 SYSTEMPATH\CodeIgniter.php(497): CodeIgniter\CodeIgniter->runController(Object(App\Controllers\Nilai))
 6 SYSTEMPATH\CodeIgniter.php(366): CodeIgniter\CodeIgniter->handleRequest(null, Object(Config\Cache), false)
 7 FCPATH\index.php(67): CodeIgniter\CodeIgniter->run()
 8 SYSTEMPATH\Commands\Server\rewrite.php(47): require_once('D:\\laragon\\www\\sim\\public\\index.php')
INFO - 2023-11-29 15:33:05 --> Session: Class initialized using 'CodeIgniter\Session\Handlers\FileHandler' driver.
CRITICAL - 2023-11-29 15:35:53 --> Undefined array key "id_ekskul"
in APPPATH\Controllers\Nilai.php on line 398.
 1 APPPATH\Controllers\Nilai.php(398): CodeIgniter\Debug\Exceptions->errorHandler(2, 'Undefined array key "id_ekskul"', 'D:\\laragon\\www\\sim\\app\\Controllers\\Nilai.php', 398)
 2 SYSTEMPATH\CodeIgniter.php(932): App\Controllers\Nilai->get_daftar_indikator_eks()
 3 SYSTEMPATH\CodeIgniter.php(497): CodeIgniter\CodeIgniter->runController(Object(App\Controllers\Nilai))
 4 SYSTEMPATH\CodeIgniter.php(366): CodeIgniter\CodeIgniter->handleRequest(null, Object(Config\Cache), false)
 5 FCPATH\index.php(67): CodeIgniter\CodeIgniter->run()
 6 SYSTEMPATH\Commands\Server\rewrite.php(47): require_once('D:\\laragon\\www\\sim\\public\\index.php')
INFO - 2023-11-29 15:36:10 --> Session: Class initialized using 'CodeIgniter\Session\Handlers\FileHandler' driver.
INFO - 2023-11-29 15:36:11 --> Session: Class initialized using 'CodeIgniter\Session\Handlers\FileHandler' driver.
INFO - 2023-11-29 15:36:12 --> Session: Class initialized using 'CodeIgniter\Session\Handlers\FileHandler' driver.
INFO - 2023-11-29 15:38:56 --> Session: Class initialized using 'CodeIgniter\Session\Handlers\FileHandler' driver.
INFO - 2023-11-29 15:38:57 --> Session: Class initialized using 'CodeIgniter\Session\Handlers\FileHandler' driver.
INFO - 2023-11-29 15:38:59 --> Session: Class initialized using 'CodeIgniter\Session\Handlers\FileHandler' driver.
INFO - 2023-11-29 15:39:09 --> Session: Class initialized using 'CodeIgniter\Session\Handlers\FileHandler' driver.
INFO - 2023-11-29 15:39:10 --> Session: Class initialized using 'CodeIgniter\Session\Handlers\FileHandler' driver.
INFO - 2023-11-29 15:39:11 --> Session: Class initialized using 'CodeIgniter\Session\Handlers\FileHandler' driver.
