INFO - 2024-03-18 08:09:38 --> Session: Class initialized using 'CodeIgniter\Session\Handlers\FileHandler' driver.
INFO - 2024-03-18 08:09:38 --> Session: Class initialized using 'CodeIgniter\Session\Handlers\FileHandler' driver.
INFO - 2024-03-18 08:09:40 --> Session: Class initialized using 'CodeIgniter\Session\Handlers\FileHandler' driver.
INFO - 2024-03-18 08:09:41 --> Session: Class initialized using 'CodeIgniter\Session\Handlers\FileHandler' driver.
INFO - 2024-03-18 08:09:45 --> Session: Class initialized using 'CodeIgniter\Session\Handlers\FileHandler' driver.
INFO - 2024-03-18 08:09:46 --> Session: Class initialized using 'CodeIgniter\Session\Handlers\FileHandler' driver.
INFO - 2024-03-18 08:09:54 --> Session: Class initialized using 'CodeIgniter\Session\Handlers\FileHandler' driver.
INFO - 2024-03-18 08:09:54 --> Session: Class initialized using 'CodeIgniter\Session\Handlers\FileHandler' driver.
INFO - 2024-03-18 09:32:11 --> Session: Class initialized using 'CodeIgniter\Session\Handlers\FileHandler' driver.
INFO - 2024-03-18 09:32:12 --> Session: Class initialized using 'CodeIgniter\Session\Handlers\FileHandler' driver.
INFO - 2024-03-18 09:32:14 --> Session: Class initialized using 'CodeIgniter\Session\Handlers\FileHandler' driver.
INFO - 2024-03-18 09:32:20 --> Session: Class initialized using 'CodeIgniter\Session\Handlers\FileHandler' driver.
INFO - 2024-03-18 09:32:29 --> Session: Class initialized using 'CodeIgniter\Session\Handlers\FileHandler' driver.
WARNING - 2024-03-18 09:32:29 --> [DEPRECATED] explode(): Passing null to parameter #2 ($string) of type string is deprecated in APPPATH\Views\v_nilai.php on line 502.
 1 APPPATH\Views\v_nilai.php(502): explode(';', null)
 2 SYSTEMPATH\View\View.php(224): include('D:\\laragon\\www\\sim\\app\\Views\\v_nilai.php')
 3 SYSTEMPATH\View\View.php(227): CodeIgniter\View\View->CodeIgniter\View\{closure}()
 4 SYSTEMPATH\Common.php(1176): CodeIgniter\View\View->render('v_nilai', [], true)
 5 APPPATH\Controllers\Nilai.php(271): view('v_nilai', [...])
 6 SYSTEMPATH\CodeIgniter.php(932): App\Controllers\Nilai->index()
 7 SYSTEMPATH\CodeIgniter.php(497): CodeIgniter\CodeIgniter->runController(Object(App\Controllers\Nilai))
 8 SYSTEMPATH\CodeIgniter.php(366): CodeIgniter\CodeIgniter->handleRequest(null, Object(Config\Cache), false)
 9 FCPATH\index.php(67): CodeIgniter\CodeIgniter->run()
10 SYSTEMPATH\Commands\Server\rewrite.php(47): require_once('D:\\laragon\\www\\sim\\public\\index.php')
WARNING - 2024-03-18 09:32:29 --> [DEPRECATED] explode(): Passing null to parameter #2 ($string) of type string is deprecated in APPPATH\Views\v_nilai.php on line 502.
 1 APPPATH\Views\v_nilai.php(502): explode(';', null)
 2 SYSTEMPATH\View\View.php(224): include('D:\\laragon\\www\\sim\\app\\Views\\v_nilai.php')
 3 SYSTEMPATH\View\View.php(227): CodeIgniter\View\View->CodeIgniter\View\{closure}()
 4 SYSTEMPATH\Common.php(1176): CodeIgniter\View\View->render('v_nilai', [], true)
 5 APPPATH\Controllers\Nilai.php(271): view('v_nilai', [...])
 6 SYSTEMPATH\CodeIgniter.php(932): App\Controllers\Nilai->index()
 7 SYSTEMPATH\CodeIgniter.php(497): CodeIgniter\CodeIgniter->runController(Object(App\Controllers\Nilai))
 8 SYSTEMPATH\CodeIgniter.php(366): CodeIgniter\CodeIgniter->handleRequest(null, Object(Config\Cache), false)
 9 FCPATH\index.php(67): CodeIgniter\CodeIgniter->run()
10 SYSTEMPATH\Commands\Server\rewrite.php(47): require_once('D:\\laragon\\www\\sim\\public\\index.php')
WARNING - 2024-03-18 09:32:29 --> [DEPRECATED] explode(): Passing null to parameter #2 ($string) of type string is deprecated in APPPATH\Views\v_nilai.php on line 502.
 1 APPPATH\Views\v_nilai.php(502): explode(';', null)
 2 SYSTEMPATH\View\View.php(224): include('D:\\laragon\\www\\sim\\app\\Views\\v_nilai.php')
 3 SYSTEMPATH\View\View.php(227): CodeIgniter\View\View->CodeIgniter\View\{closure}()
 4 SYSTEMPATH\Common.php(1176): CodeIgniter\View\View->render('v_nilai', [], true)
 5 APPPATH\Controllers\Nilai.php(271): view('v_nilai', [...])
 6 SYSTEMPATH\CodeIgniter.php(932): App\Controllers\Nilai->index()
 7 SYSTEMPATH\CodeIgniter.php(497): CodeIgniter\CodeIgniter->runController(Object(App\Controllers\Nilai))
 8 SYSTEMPATH\CodeIgniter.php(366): CodeIgniter\CodeIgniter->handleRequest(null, Object(Config\Cache), false)
 9 FCPATH\index.php(67): CodeIgniter\CodeIgniter->run()
10 SYSTEMPATH\Commands\Server\rewrite.php(47): require_once('D:\\laragon\\www\\sim\\public\\index.php')
INFO - 2024-03-18 09:32:34 --> Session: Class initialized using 'CodeIgniter\Session\Handlers\FileHandler' driver.
WARNING - 2024-03-18 09:32:34 --> [DEPRECATED] explode(): Passing null to parameter #2 ($string) of type string is deprecated in APPPATH\Views\v_nilai.php on line 502.
 1 APPPATH\Views\v_nilai.php(502): explode(';', null)
 2 SYSTEMPATH\View\View.php(224): include('D:\\laragon\\www\\sim\\app\\Views\\v_nilai.php')
 3 SYSTEMPATH\View\View.php(227): CodeIgniter\View\View->CodeIgniter\View\{closure}()
 4 SYSTEMPATH\Common.php(1176): CodeIgniter\View\View->render('v_nilai', [], true)
 5 APPPATH\Controllers\Nilai.php(271): view('v_nilai', [...])
 6 SYSTEMPATH\CodeIgniter.php(932): App\Controllers\Nilai->index()
 7 SYSTEMPATH\CodeIgniter.php(497): CodeIgniter\CodeIgniter->runController(Object(App\Controllers\Nilai))
 8 SYSTEMPATH\CodeIgniter.php(366): CodeIgniter\CodeIgniter->handleRequest(null, Object(Config\Cache), false)
 9 FCPATH\index.php(67): CodeIgniter\CodeIgniter->run()
10 SYSTEMPATH\Commands\Server\rewrite.php(47): require_once('D:\\laragon\\www\\sim\\public\\index.php')
WARNING - 2024-03-18 09:32:34 --> [DEPRECATED] explode(): Passing null to parameter #2 ($string) of type string is deprecated in APPPATH\Views\v_nilai.php on line 502.
 1 APPPATH\Views\v_nilai.php(502): explode(';', null)
 2 SYSTEMPATH\View\View.php(224): include('D:\\laragon\\www\\sim\\app\\Views\\v_nilai.php')
 3 SYSTEMPATH\View\View.php(227): CodeIgniter\View\View->CodeIgniter\View\{closure}()
 4 SYSTEMPATH\Common.php(1176): CodeIgniter\View\View->render('v_nilai', [], true)
 5 APPPATH\Controllers\Nilai.php(271): view('v_nilai', [...])
 6 SYSTEMPATH\CodeIgniter.php(932): App\Controllers\Nilai->index()
 7 SYSTEMPATH\CodeIgniter.php(497): CodeIgniter\CodeIgniter->runController(Object(App\Controllers\Nilai))
 8 SYSTEMPATH\CodeIgniter.php(366): CodeIgniter\CodeIgniter->handleRequest(null, Object(Config\Cache), false)
 9 FCPATH\index.php(67): CodeIgniter\CodeIgniter->run()
10 SYSTEMPATH\Commands\Server\rewrite.php(47): require_once('D:\\laragon\\www\\sim\\public\\index.php')
WARNING - 2024-03-18 09:32:34 --> [DEPRECATED] explode(): Passing null to parameter #2 ($string) of type string is deprecated in APPPATH\Views\v_nilai.php on line 502.
 1 APPPATH\Views\v_nilai.php(502): explode(';', null)
 2 SYSTEMPATH\View\View.php(224): include('D:\\laragon\\www\\sim\\app\\Views\\v_nilai.php')
 3 SYSTEMPATH\View\View.php(227): CodeIgniter\View\View->CodeIgniter\View\{closure}()
 4 SYSTEMPATH\Common.php(1176): CodeIgniter\View\View->render('v_nilai', [], true)
 5 APPPATH\Controllers\Nilai.php(271): view('v_nilai', [...])
 6 SYSTEMPATH\CodeIgniter.php(932): App\Controllers\Nilai->index()
 7 SYSTEMPATH\CodeIgniter.php(497): CodeIgniter\CodeIgniter->runController(Object(App\Controllers\Nilai))
 8 SYSTEMPATH\CodeIgniter.php(366): CodeIgniter\CodeIgniter->handleRequest(null, Object(Config\Cache), false)
 9 FCPATH\index.php(67): CodeIgniter\CodeIgniter->run()
10 SYSTEMPATH\Commands\Server\rewrite.php(47): require_once('D:\\laragon\\www\\sim\\public\\index.php')
INFO - 2024-03-18 09:33:00 --> Session: Class initialized using 'CodeIgniter\Session\Handlers\FileHandler' driver.
WARNING - 2024-03-18 09:33:00 --> [DEPRECATED] explode(): Passing null to parameter #2 ($string) of type string is deprecated in APPPATH\Views\v_nilai.php on line 502.
 1 APPPATH\Views\v_nilai.php(502): explode(';', null)
 2 SYSTEMPATH\View\View.php(224): include('D:\\laragon\\www\\sim\\app\\Views\\v_nilai.php')
 3 SYSTEMPATH\View\View.php(227): CodeIgniter\View\View->CodeIgniter\View\{closure}()
 4 SYSTEMPATH\Common.php(1176): CodeIgniter\View\View->render('v_nilai', [], true)
 5 APPPATH\Controllers\Nilai.php(271): view('v_nilai', [...])
 6 SYSTEMPATH\CodeIgniter.php(932): App\Controllers\Nilai->index()
 7 SYSTEMPATH\CodeIgniter.php(497): CodeIgniter\CodeIgniter->runController(Object(App\Controllers\Nilai))
 8 SYSTEMPATH\CodeIgniter.php(366): CodeIgniter\CodeIgniter->handleRequest(null, Object(Config\Cache), false)
 9 FCPATH\index.php(67): CodeIgniter\CodeIgniter->run()
10 SYSTEMPATH\Commands\Server\rewrite.php(47): require_once('D:\\laragon\\www\\sim\\public\\index.php')
WARNING - 2024-03-18 09:33:00 --> [DEPRECATED] explode(): Passing null to parameter #2 ($string) of type string is deprecated in APPPATH\Views\v_nilai.php on line 502.
 1 APPPATH\Views\v_nilai.php(502): explode(';', null)
 2 SYSTEMPATH\View\View.php(224): include('D:\\laragon\\www\\sim\\app\\Views\\v_nilai.php')
 3 SYSTEMPATH\View\View.php(227): CodeIgniter\View\View->CodeIgniter\View\{closure}()
 4 SYSTEMPATH\Common.php(1176): CodeIgniter\View\View->render('v_nilai', [], true)
 5 APPPATH\Controllers\Nilai.php(271): view('v_nilai', [...])
 6 SYSTEMPATH\CodeIgniter.php(932): App\Controllers\Nilai->index()
 7 SYSTEMPATH\CodeIgniter.php(497): CodeIgniter\CodeIgniter->runController(Object(App\Controllers\Nilai))
 8 SYSTEMPATH\CodeIgniter.php(366): CodeIgniter\CodeIgniter->handleRequest(null, Object(Config\Cache), false)
 9 FCPATH\index.php(67): CodeIgniter\CodeIgniter->run()
10 SYSTEMPATH\Commands\Server\rewrite.php(47): require_once('D:\\laragon\\www\\sim\\public\\index.php')
WARNING - 2024-03-18 09:33:00 --> [DEPRECATED] explode(): Passing null to parameter #2 ($string) of type string is deprecated in APPPATH\Views\v_nilai.php on line 502.
 1 APPPATH\Views\v_nilai.php(502): explode(';', null)
 2 SYSTEMPATH\View\View.php(224): include('D:\\laragon\\www\\sim\\app\\Views\\v_nilai.php')
 3 SYSTEMPATH\View\View.php(227): CodeIgniter\View\View->CodeIgniter\View\{closure}()
 4 SYSTEMPATH\Common.php(1176): CodeIgniter\View\View->render('v_nilai', [], true)
 5 APPPATH\Controllers\Nilai.php(271): view('v_nilai', [...])
 6 SYSTEMPATH\CodeIgniter.php(932): App\Controllers\Nilai->index()
 7 SYSTEMPATH\CodeIgniter.php(497): CodeIgniter\CodeIgniter->runController(Object(App\Controllers\Nilai))
 8 SYSTEMPATH\CodeIgniter.php(366): CodeIgniter\CodeIgniter->handleRequest(null, Object(Config\Cache), false)
 9 FCPATH\index.php(67): CodeIgniter\CodeIgniter->run()
10 SYSTEMPATH\Commands\Server\rewrite.php(47): require_once('D:\\laragon\\www\\sim\\public\\index.php')
INFO - 2024-03-18 09:35:10 --> Session: Class initialized using 'CodeIgniter\Session\Handlers\FileHandler' driver.
WARNING - 2024-03-18 09:35:10 --> [DEPRECATED] explode(): Passing null to parameter #2 ($string) of type string is deprecated in APPPATH\Views\v_nilai.php on line 502.
 1 APPPATH\Views\v_nilai.php(502): explode(';', null)
 2 SYSTEMPATH\View\View.php(224): include('D:\\laragon\\www\\sim\\app\\Views\\v_nilai.php')
 3 SYSTEMPATH\View\View.php(227): CodeIgniter\View\View->CodeIgniter\View\{closure}()
 4 SYSTEMPATH\Common.php(1176): CodeIgniter\View\View->render('v_nilai', [], true)
 5 APPPATH\Controllers\Nilai.php(271): view('v_nilai', [...])
 6 SYSTEMPATH\CodeIgniter.php(932): App\Controllers\Nilai->index()
 7 SYSTEMPATH\CodeIgniter.php(497): CodeIgniter\CodeIgniter->runController(Object(App\Controllers\Nilai))
 8 SYSTEMPATH\CodeIgniter.php(366): CodeIgniter\CodeIgniter->handleRequest(null, Object(Config\Cache), false)
 9 FCPATH\index.php(67): CodeIgniter\CodeIgniter->run()
10 SYSTEMPATH\Commands\Server\rewrite.php(47): require_once('D:\\laragon\\www\\sim\\public\\index.php')
WARNING - 2024-03-18 09:35:10 --> [DEPRECATED] explode(): Passing null to parameter #2 ($string) of type string is deprecated in APPPATH\Views\v_nilai.php on line 502.
 1 APPPATH\Views\v_nilai.php(502): explode(';', null)
 2 SYSTEMPATH\View\View.php(224): include('D:\\laragon\\www\\sim\\app\\Views\\v_nilai.php')
 3 SYSTEMPATH\View\View.php(227): CodeIgniter\View\View->CodeIgniter\View\{closure}()
 4 SYSTEMPATH\Common.php(1176): CodeIgniter\View\View->render('v_nilai', [], true)
 5 APPPATH\Controllers\Nilai.php(271): view('v_nilai', [...])
 6 SYSTEMPATH\CodeIgniter.php(932): App\Controllers\Nilai->index()
 7 SYSTEMPATH\CodeIgniter.php(497): CodeIgniter\CodeIgniter->runController(Object(App\Controllers\Nilai))
 8 SYSTEMPATH\CodeIgniter.php(366): CodeIgniter\CodeIgniter->handleRequest(null, Object(Config\Cache), false)
 9 FCPATH\index.php(67): CodeIgniter\CodeIgniter->run()
10 SYSTEMPATH\Commands\Server\rewrite.php(47): require_once('D:\\laragon\\www\\sim\\public\\index.php')
WARNING - 2024-03-18 09:35:10 --> [DEPRECATED] explode(): Passing null to parameter #2 ($string) of type string is deprecated in APPPATH\Views\v_nilai.php on line 502.
 1 APPPATH\Views\v_nilai.php(502): explode(';', null)
 2 SYSTEMPATH\View\View.php(224): include('D:\\laragon\\www\\sim\\app\\Views\\v_nilai.php')
 3 SYSTEMPATH\View\View.php(227): CodeIgniter\View\View->CodeIgniter\View\{closure}()
 4 SYSTEMPATH\Common.php(1176): CodeIgniter\View\View->render('v_nilai', [], true)
 5 APPPATH\Controllers\Nilai.php(271): view('v_nilai', [...])
 6 SYSTEMPATH\CodeIgniter.php(932): App\Controllers\Nilai->index()
 7 SYSTEMPATH\CodeIgniter.php(497): CodeIgniter\CodeIgniter->runController(Object(App\Controllers\Nilai))
 8 SYSTEMPATH\CodeIgniter.php(366): CodeIgniter\CodeIgniter->handleRequest(null, Object(Config\Cache), false)
 9 FCPATH\index.php(67): CodeIgniter\CodeIgniter->run()
10 SYSTEMPATH\Commands\Server\rewrite.php(47): require_once('D:\\laragon\\www\\sim\\public\\index.php')
INFO - 2024-03-18 09:35:16 --> Session: Class initialized using 'CodeIgniter\Session\Handlers\FileHandler' driver.
CRITICAL - 2024-03-18 09:35:16 --> Undefined array key 8
in APPPATH\Controllers\Nilai.php on line 42.
 1 APPPATH\Controllers\Nilai.php(42): CodeIgniter\Debug\Exceptions->errorHandler(2, 'Undefined array key 8', 'D:\\laragon\\www\\sim\\app\\Controllers\\Nilai.php', 42)
 2 SYSTEMPATH\CodeIgniter.php(932): App\Controllers\Nilai->index()
 3 SYSTEMPATH\CodeIgniter.php(497): CodeIgniter\CodeIgniter->runController(Object(App\Controllers\Nilai))
 4 SYSTEMPATH\CodeIgniter.php(366): CodeIgniter\CodeIgniter->handleRequest(null, Object(Config\Cache), false)
 5 FCPATH\index.php(67): CodeIgniter\CodeIgniter->run()
 6 SYSTEMPATH\Commands\Server\rewrite.php(47): require_once('D:\\laragon\\www\\sim\\public\\index.php')
INFO - 2024-03-18 09:36:09 --> Session: Class initialized using 'CodeIgniter\Session\Handlers\FileHandler' driver.
CRITICAL - 2024-03-18 09:36:09 --> Unsupported operand types: string - int
in APPPATH\Controllers\Nilai.php on line 42.
 1 SYSTEMPATH\CodeIgniter.php(932): App\Controllers\Nilai->index()
 2 SYSTEMPATH\CodeIgniter.php(497): CodeIgniter\CodeIgniter->runController(Object(App\Controllers\Nilai))
 3 SYSTEMPATH\CodeIgniter.php(366): CodeIgniter\CodeIgniter->handleRequest(null, Object(Config\Cache), false)
 4 FCPATH\index.php(67): CodeIgniter\CodeIgniter->run()
 5 SYSTEMPATH\Commands\Server\rewrite.php(47): require_once('D:\\laragon\\www\\sim\\public\\index.php')
INFO - 2024-03-18 09:37:23 --> Session: Class initialized using 'CodeIgniter\Session\Handlers\FileHandler' driver.
CRITICAL - 2024-03-18 09:37:23 --> Unsupported operand types: string - int
in APPPATH\Controllers\Nilai.php on line 45.
 1 SYSTEMPATH\CodeIgniter.php(932): App\Controllers\Nilai->index()
 2 SYSTEMPATH\CodeIgniter.php(497): CodeIgniter\CodeIgniter->runController(Object(App\Controllers\Nilai))
 3 SYSTEMPATH\CodeIgniter.php(366): CodeIgniter\CodeIgniter->handleRequest(null, Object(Config\Cache), false)
 4 FCPATH\index.php(67): CodeIgniter\CodeIgniter->run()
 5 SYSTEMPATH\Commands\Server\rewrite.php(47): require_once('D:\\laragon\\www\\sim\\public\\index.php')
INFO - 2024-03-18 09:37:31 --> Session: Class initialized using 'CodeIgniter\Session\Handlers\FileHandler' driver.
INFO - 2024-03-18 09:37:31 --> Session: Class initialized using 'CodeIgniter\Session\Handlers\FileHandler' driver.
INFO - 2024-03-18 09:37:38 --> Session: Class initialized using 'CodeIgniter\Session\Handlers\FileHandler' driver.
CRITICAL - 2024-03-18 09:37:38 --> Unsupported operand types: string - int
in APPPATH\Controllers\Nilai.php on line 45.
 1 SYSTEMPATH\CodeIgniter.php(932): App\Controllers\Nilai->index()
 2 SYSTEMPATH\CodeIgniter.php(497): CodeIgniter\CodeIgniter->runController(Object(App\Controllers\Nilai))
 3 SYSTEMPATH\CodeIgniter.php(366): CodeIgniter\CodeIgniter->handleRequest(null, Object(Config\Cache), false)
 4 FCPATH\index.php(67): CodeIgniter\CodeIgniter->run()
 5 SYSTEMPATH\Commands\Server\rewrite.php(47): require_once('D:\\laragon\\www\\sim\\public\\index.php')
INFO - 2024-03-18 09:37:42 --> Session: Class initialized using 'CodeIgniter\Session\Handlers\FileHandler' driver.
CRITICAL - 2024-03-18 09:37:42 --> Undefined array key 8
in APPPATH\Controllers\Nilai.php on line 45.
 1 APPPATH\Controllers\Nilai.php(45): CodeIgniter\Debug\Exceptions->errorHandler(2, 'Undefined array key 8', 'D:\\laragon\\www\\sim\\app\\Controllers\\Nilai.php', 45)
 2 SYSTEMPATH\CodeIgniter.php(932): App\Controllers\Nilai->index()
 3 SYSTEMPATH\CodeIgniter.php(497): CodeIgniter\CodeIgniter->runController(Object(App\Controllers\Nilai))
 4 SYSTEMPATH\CodeIgniter.php(366): CodeIgniter\CodeIgniter->handleRequest(null, Object(Config\Cache), false)
 5 FCPATH\index.php(67): CodeIgniter\CodeIgniter->run()
 6 SYSTEMPATH\Commands\Server\rewrite.php(47): require_once('D:\\laragon\\www\\sim\\public\\index.php')
INFO - 2024-03-18 09:37:46 --> Session: Class initialized using 'CodeIgniter\Session\Handlers\FileHandler' driver.
INFO - 2024-03-18 09:37:58 --> Session: Class initialized using 'CodeIgniter\Session\Handlers\FileHandler' driver.
INFO - 2024-03-18 09:37:58 --> Session: Class initialized using 'CodeIgniter\Session\Handlers\FileHandler' driver.
INFO - 2024-03-18 09:38:09 --> Session: Class initialized using 'CodeIgniter\Session\Handlers\FileHandler' driver.
INFO - 2024-03-18 09:38:13 --> Session: Class initialized using 'CodeIgniter\Session\Handlers\FileHandler' driver.
CRITICAL - 2024-03-18 09:38:13 --> Unsupported operand types: string - int
in APPPATH\Controllers\Tugas.php on line 29.
 1 SYSTEMPATH\CodeIgniter.php(932): App\Controllers\Tugas->index()
 2 SYSTEMPATH\CodeIgniter.php(497): CodeIgniter\CodeIgniter->runController(Object(App\Controllers\Tugas))
 3 SYSTEMPATH\CodeIgniter.php(366): CodeIgniter\CodeIgniter->handleRequest(null, Object(Config\Cache), false)
 4 FCPATH\index.php(67): CodeIgniter\CodeIgniter->run()
 5 SYSTEMPATH\Commands\Server\rewrite.php(47): require_once('D:\\laragon\\www\\sim\\public\\index.php')
INFO - 2024-03-18 09:38:31 --> Session: Class initialized using 'CodeIgniter\Session\Handlers\FileHandler' driver.
CRITICAL - 2024-03-18 09:38:31 --> The route for "/home" cannot be found.
in SYSTEMPATH\HTTP\RedirectResponse.php on line 60.
 1 SYSTEMPATH\HTTP\RedirectResponse.php(60): CodeIgniter\HTTP\Exceptions\HTTPException::forInvalidRedirectRoute('/home')
 2 SYSTEMPATH\Common.php(876): CodeIgniter\HTTP\RedirectResponse->route(false)
 3 APPPATH\Controllers\Nilai.php(41): redirect('/home')
 4 SYSTEMPATH\CodeIgniter.php(932): App\Controllers\Nilai->index()
 5 SYSTEMPATH\CodeIgniter.php(497): CodeIgniter\CodeIgniter->runController(Object(App\Controllers\Nilai))
 6 SYSTEMPATH\CodeIgniter.php(366): CodeIgniter\CodeIgniter->handleRequest(null, Object(Config\Cache), false)
 7 FCPATH\index.php(67): CodeIgniter\CodeIgniter->run()
 8 SYSTEMPATH\Commands\Server\rewrite.php(47): require_once('D:\\laragon\\www\\sim\\public\\index.php')
INFO - 2024-03-18 09:38:39 --> Session: Class initialized using 'CodeIgniter\Session\Handlers\FileHandler' driver.
INFO - 2024-03-18 09:38:39 --> Session: Class initialized using 'CodeIgniter\Session\Handlers\FileHandler' driver.
INFO - 2024-03-18 09:38:44 --> Session: Class initialized using 'CodeIgniter\Session\Handlers\FileHandler' driver.
INFO - 2024-03-18 09:38:47 --> Session: Class initialized using 'CodeIgniter\Session\Handlers\FileHandler' driver.
INFO - 2024-03-18 09:38:47 --> Session: Class initialized using 'CodeIgniter\Session\Handlers\FileHandler' driver.
INFO - 2024-03-18 09:39:54 --> Session: Class initialized using 'CodeIgniter\Session\Handlers\FileHandler' driver.
INFO - 2024-03-18 10:06:28 --> Session: Class initialized using 'CodeIgniter\Session\Handlers\FileHandler' driver.
CRITICAL - 2024-03-18 10:06:28 --> Undefined array key "nilai_rata_rata"
in APPPATH\Views\v_nilai_rapor.php on line 252.
 1 APPPATH\Views\v_nilai_rapor.php(252): CodeIgniter\Debug\Exceptions->errorHandler(2, 'Undefined array key "nilai_rata_rata"', 'D:\\laragon\\www\\sim\\app\\Views\\v_nilai_rapor.php', 252)
 2 SYSTEMPATH\View\View.php(224): include('D:\\laragon\\www\\sim\\app\\Views\\v_nilai_rapor.php')
 3 SYSTEMPATH\View\View.php(227): CodeIgniter\View\View->CodeIgniter\View\{closure}()
 4 SYSTEMPATH\Common.php(1176): CodeIgniter\View\View->render('v_nilai_rapor', [], true)
 5 APPPATH\Controllers\Nilai.php(281): view('v_nilai_rapor', [...])
 6 SYSTEMPATH\CodeIgniter.php(932): App\Controllers\Nilai->index()
 7 SYSTEMPATH\CodeIgniter.php(497): CodeIgniter\CodeIgniter->runController(Object(App\Controllers\Nilai))
 8 SYSTEMPATH\CodeIgniter.php(366): CodeIgniter\CodeIgniter->handleRequest(null, Object(Config\Cache), false)
 9 FCPATH\index.php(67): CodeIgniter\CodeIgniter->run()
10 SYSTEMPATH\Commands\Server\rewrite.php(47): require_once('D:\\laragon\\www\\sim\\public\\index.php')
INFO - 2024-03-18 10:09:44 --> Session: Class initialized using 'CodeIgniter\Session\Handlers\FileHandler' driver.
INFO - 2024-03-18 10:09:58 --> Session: Class initialized using 'CodeIgniter\Session\Handlers\FileHandler' driver.
CRITICAL - 2024-03-18 10:09:58 --> Undefined array key "nilai_rata_rata"
in APPPATH\Views\v_nilai_rapor.php on line 252.
 1 APPPATH\Views\v_nilai_rapor.php(252): CodeIgniter\Debug\Exceptions->errorHandler(2, 'Undefined array key "nilai_rata_rata"', 'D:\\laragon\\www\\sim\\app\\Views\\v_nilai_rapor.php', 252)
 2 SYSTEMPATH\View\View.php(224): include('D:\\laragon\\www\\sim\\app\\Views\\v_nilai_rapor.php')
 3 SYSTEMPATH\View\View.php(227): CodeIgniter\View\View->CodeIgniter\View\{closure}()
 4 SYSTEMPATH\Common.php(1176): CodeIgniter\View\View->render('v_nilai_rapor', [], true)
 5 APPPATH\Controllers\Nilai.php(281): view('v_nilai_rapor', [...])
 6 SYSTEMPATH\CodeIgniter.php(932): App\Controllers\Nilai->index()
 7 SYSTEMPATH\CodeIgniter.php(497): CodeIgniter\CodeIgniter->runController(Object(App\Controllers\Nilai))
 8 SYSTEMPATH\CodeIgniter.php(366): CodeIgniter\CodeIgniter->handleRequest(null, Object(Config\Cache), false)
 9 FCPATH\index.php(67): CodeIgniter\CodeIgniter->run()
10 SYSTEMPATH\Commands\Server\rewrite.php(47): require_once('D:\\laragon\\www\\sim\\public\\index.php')
INFO - 2024-03-18 10:10:16 --> Session: Class initialized using 'CodeIgniter\Session\Handlers\FileHandler' driver.
CRITICAL - 2024-03-18 10:10:16 --> Undefined array key "nilai_rata_rata"
in APPPATH\Views\v_nilai_rapor.php on line 252.
 1 APPPATH\Views\v_nilai_rapor.php(252): CodeIgniter\Debug\Exceptions->errorHandler(2, 'Undefined array key "nilai_rata_rata"', 'D:\\laragon\\www\\sim\\app\\Views\\v_nilai_rapor.php', 252)
 2 SYSTEMPATH\View\View.php(224): include('D:\\laragon\\www\\sim\\app\\Views\\v_nilai_rapor.php')
 3 SYSTEMPATH\View\View.php(227): CodeIgniter\View\View->CodeIgniter\View\{closure}()
 4 SYSTEMPATH\Common.php(1176): CodeIgniter\View\View->render('v_nilai_rapor', [], true)
 5 APPPATH\Controllers\Nilai.php(282): view('v_nilai_rapor', [...])
 6 SYSTEMPATH\CodeIgniter.php(932): App\Controllers\Nilai->index()
 7 SYSTEMPATH\CodeIgniter.php(497): CodeIgniter\CodeIgniter->runController(Object(App\Controllers\Nilai))
 8 SYSTEMPATH\CodeIgniter.php(366): CodeIgniter\CodeIgniter->handleRequest(null, Object(Config\Cache), false)
 9 FCPATH\index.php(67): CodeIgniter\CodeIgniter->run()
10 SYSTEMPATH\Commands\Server\rewrite.php(47): require_once('D:\\laragon\\www\\sim\\public\\index.php')
INFO - 2024-03-18 10:13:40 --> Session: Class initialized using 'CodeIgniter\Session\Handlers\FileHandler' driver.
CRITICAL - 2024-03-18 10:13:40 --> Undefined array key "nilai_rata_rata"
in APPPATH\Views\v_nilai_rapor.php on line 252.
 1 APPPATH\Views\v_nilai_rapor.php(252): CodeIgniter\Debug\Exceptions->errorHandler(2, 'Undefined array key "nilai_rata_rata"', 'D:\\laragon\\www\\sim\\app\\Views\\v_nilai_rapor.php', 252)
 2 SYSTEMPATH\View\View.php(224): include('D:\\laragon\\www\\sim\\app\\Views\\v_nilai_rapor.php')
 3 SYSTEMPATH\View\View.php(227): CodeIgniter\View\View->CodeIgniter\View\{closure}()
 4 SYSTEMPATH\Common.php(1176): CodeIgniter\View\View->render('v_nilai_rapor', [], true)
 5 APPPATH\Controllers\Nilai.php(281): view('v_nilai_rapor', [...])
 6 SYSTEMPATH\CodeIgniter.php(932): App\Controllers\Nilai->index()
 7 SYSTEMPATH\CodeIgniter.php(497): CodeIgniter\CodeIgniter->runController(Object(App\Controllers\Nilai))
 8 SYSTEMPATH\CodeIgniter.php(366): CodeIgniter\CodeIgniter->handleRequest(null, Object(Config\Cache), false)
 9 FCPATH\index.php(67): CodeIgniter\CodeIgniter->run()
10 SYSTEMPATH\Commands\Server\rewrite.php(47): require_once('D:\\laragon\\www\\sim\\public\\index.php')
INFO - 2024-03-18 10:15:02 --> Session: Class initialized using 'CodeIgniter\Session\Handlers\FileHandler' driver.
CRITICAL - 2024-03-18 10:15:02 --> Undefined array key "nilai_rata_rata"
in APPPATH\Views\v_nilai_rapor.php on line 252.
 1 APPPATH\Views\v_nilai_rapor.php(252): CodeIgniter\Debug\Exceptions->errorHandler(2, 'Undefined array key "nilai_rata_rata"', 'D:\\laragon\\www\\sim\\app\\Views\\v_nilai_rapor.php', 252)
 2 SYSTEMPATH\View\View.php(224): include('D:\\laragon\\www\\sim\\app\\Views\\v_nilai_rapor.php')
 3 SYSTEMPATH\View\View.php(227): CodeIgniter\View\View->CodeIgniter\View\{closure}()
 4 SYSTEMPATH\Common.php(1176): CodeIgniter\View\View->render('v_nilai_rapor', [], true)
 5 APPPATH\Controllers\Nilai.php(281): view('v_nilai_rapor', [...])
 6 SYSTEMPATH\CodeIgniter.php(932): App\Controllers\Nilai->index()
 7 SYSTEMPATH\CodeIgniter.php(497): CodeIgniter\CodeIgniter->runController(Object(App\Controllers\Nilai))
 8 SYSTEMPATH\CodeIgniter.php(366): CodeIgniter\CodeIgniter->handleRequest(null, Object(Config\Cache), false)
 9 FCPATH\index.php(67): CodeIgniter\CodeIgniter->run()
10 SYSTEMPATH\Commands\Server\rewrite.php(47): require_once('D:\\laragon\\www\\sim\\public\\index.php')
INFO - 2024-03-18 10:15:12 --> Session: Class initialized using 'CodeIgniter\Session\Handlers\FileHandler' driver.
ERROR - 2024-03-18 10:15:12 --> mysqli_sql_exception: Unknown column 'n.nisn' in 'on clause' in D:\laragon\www\sim\system\Database\MySQLi\Connection.php:295
Stack trace:
#0 D:\laragon\www\sim\system\Database\MySQLi\Connection.php(295): mysqli->query('SELECT \n       ...', 0)
#1 D:\laragon\www\sim\system\Database\BaseConnection.php(692): CodeIgniter\Database\MySQLi\Connection->execute('SELECT \n       ...')
#2 D:\laragon\www\sim\system\Database\BaseConnection.php(606): CodeIgniter\Database\BaseConnection->simpleQuery('SELECT \n       ...')
#3 D:\laragon\www\sim\app\Models\M_user.php(1142): CodeIgniter\Database\BaseConnection->query('SELECT \n       ...', Array)
#4 D:\laragon\www\sim\app\Controllers\Nilai.php(236): App\Models\M_user->rapor_nilai_akhir('2d7433d1-b060-4...', '10', '-', '2001000031', 'raporgenap', 2023, '2024-03-01', '2024-06-22', '60')
#5 D:\laragon\www\sim\system\CodeIgniter.php(932): App\Controllers\Nilai->index()
#6 D:\laragon\www\sim\system\CodeIgniter.php(497): CodeIgniter\CodeIgniter->runController(Object(App\Controllers\Nilai))
#7 D:\laragon\www\sim\system\CodeIgniter.php(366): CodeIgniter\CodeIgniter->handleRequest(NULL, Object(Config\Cache), false)
#8 D:\laragon\www\sim\public\index.php(67): CodeIgniter\CodeIgniter->run()
#9 D:\laragon\www\sim\system\Commands\Server\rewrite.php(47): require_once('D:\\laragon\\www\\...')
#10 {main}
CRITICAL - 2024-03-18 10:15:12 --> Unknown column 'n.nisn' in 'on clause'
in SYSTEMPATH\Database\MySQLi\Connection.php on line 295.
 1 SYSTEMPATH\Database\MySQLi\Connection.php(295): mysqli->query('SELECT 
                    m.jenis,
                    m.kd_mapel, 
                    m.nama_mapel, 
                    (0.4*AVG(n.nilai) + 0.6*ns.nilai) AS nilai_rata_rata, 
                    t.tahun_ajaran, 
                    GROUP_CONCAT(
                        CONCAT(
                            nt.status,
                            LPAD(n.nilai, 3, \'0\'), 
                            \' \',
                            tp.tujuan_pembelajaran
                        ) 
                        SEPARATOR \'; \'
                    ) AS tujuan_pembelajaran_status
                FROM 
                    tb_mapel m
                LEFT JOIN 
                    tb_nilai_semester ns ON m.id = ns.id_mapel AND n.nisn = \'2001000031\' AND ns.semester = 2 
                LEFT JOIN 
                    tb_nilai_siswa n ON m.id = n.id_mapel AND n.nisn = \'2001000031\' 
                LEFT JOIN 
                    tb_tugas t ON n.id_tugas = t.id
                LEFT JOIN 
                    tb_tugas_tp ttp ON t.id = ttp.id_tugas
                LEFT JOIN 
                    tb_tujuan_pembelajaran tp ON ttp.id_tp = tp.id
                LEFT JOIN 
                    tb_nilai_tp nt ON n.id = nt.id_nilai_siswa AND ttp.id = nt.id_tugas_tp
                WHERE 
                    m.id_sekolah = \'2d7433d1-b060-4656-8fd4-5802b49ee54b\' AND m.tahun_ajaran=2023 AND m.kelas = \'10\' 
                GROUP BY 
                    m.kd_mapel, m.nama_mapel, t.tahun_ajaran', 0)
 2 SYSTEMPATH\Database\BaseConnection.php(692): CodeIgniter\Database\MySQLi\Connection->execute('SELECT 
                    m.jenis,
                    m.kd_mapel, 
                    m.nama_mapel, 
                    (0.4*AVG(n.nilai) + 0.6*ns.nilai) AS nilai_rata_rata, 
                    t.tahun_ajaran, 
                    GROUP_CONCAT(
                        CONCAT(
                            nt.status,
                            LPAD(n.nilai, 3, \'0\'), 
                            \' \',
                            tp.tujuan_pembelajaran
                        ) 
                        SEPARATOR \'; \'
                    ) AS tujuan_pembelajaran_status
                FROM 
                    tb_mapel m
                LEFT JOIN 
                    tb_nilai_semester ns ON m.id = ns.id_mapel AND n.nisn = \'2001000031\' AND ns.semester = 2 
                LEFT JOIN 
                    tb_nilai_siswa n ON m.id = n.id_mapel AND n.nisn = \'2001000031\' 
                LEFT JOIN 
                    tb_tugas t ON n.id_tugas = t.id
                LEFT JOIN 
                    tb_tugas_tp ttp ON t.id = ttp.id_tugas
                LEFT JOIN 
                    tb_tujuan_pembelajaran tp ON ttp.id_tp = tp.id
                LEFT JOIN 
                    tb_nilai_tp nt ON n.id = nt.id_nilai_siswa AND ttp.id = nt.id_tugas_tp
                WHERE 
                    m.id_sekolah = \'2d7433d1-b060-4656-8fd4-5802b49ee54b\' AND m.tahun_ajaran=2023 AND m.kelas = \'10\' 
                GROUP BY 
                    m.kd_mapel, m.nama_mapel, t.tahun_ajaran')
 3 SYSTEMPATH\Database\BaseConnection.php(606): CodeIgniter\Database\BaseConnection->simpleQuery('SELECT 
                    m.jenis,
                    m.kd_mapel, 
                    m.nama_mapel, 
                    (0.4*AVG(n.nilai) + 0.6*ns.nilai) AS nilai_rata_rata, 
                    t.tahun_ajaran, 
                    GROUP_CONCAT(
                        CONCAT(
                            nt.status,
                            LPAD(n.nilai, 3, \'0\'), 
                            \' \',
                            tp.tujuan_pembelajaran
                        ) 
                        SEPARATOR \'; \'
                    ) AS tujuan_pembelajaran_status
                FROM 
                    tb_mapel m
                LEFT JOIN 
                    tb_nilai_semester ns ON m.id = ns.id_mapel AND n.nisn = \'2001000031\' AND ns.semester = 2 
                LEFT JOIN 
                    tb_nilai_siswa n ON m.id = n.id_mapel AND n.nisn = \'2001000031\' 
                LEFT JOIN 
                    tb_tugas t ON n.id_tugas = t.id
                LEFT JOIN 
                    tb_tugas_tp ttp ON t.id = ttp.id_tugas
                LEFT JOIN 
                    tb_tujuan_pembelajaran tp ON ttp.id_tp = tp.id
                LEFT JOIN 
                    tb_nilai_tp nt ON n.id = nt.id_nilai_siswa AND ttp.id = nt.id_tugas_tp
                WHERE 
                    m.id_sekolah = \'2d7433d1-b060-4656-8fd4-5802b49ee54b\' AND m.tahun_ajaran=2023 AND m.kelas = \'10\' 
                GROUP BY 
                    m.kd_mapel, m.nama_mapel, t.tahun_ajaran')
 4 APPPATH\Models\M_user.php(1142): CodeIgniter\Database\BaseConnection->query('SELECT 
                    m.jenis,
                    m.kd_mapel, 
                    m.nama_mapel, 
                    (0.4*AVG(n.nilai) + 0.6*ns.nilai) AS nilai_rata_rata, 
                    t.tahun_ajaran, 
                    GROUP_CONCAT(
                        CONCAT(
                            nt.status,
                            LPAD(n.nilai, 3, \'0\'), 
                            \' \',
                            tp.tujuan_pembelajaran
                        ) 
                        SEPARATOR \'; \'
                    ) AS tujuan_pembelajaran_status
                FROM 
                    tb_mapel m
                LEFT JOIN 
                    tb_nilai_semester ns ON m.id = ns.id_mapel AND n.nisn = :nisn: AND ns.semester = :semester: 
                LEFT JOIN 
                    tb_nilai_siswa n ON m.id = n.id_mapel AND n.nisn = :nisn: 
                LEFT JOIN 
                    tb_tugas t ON n.id_tugas = t.id
                LEFT JOIN 
                    tb_tugas_tp ttp ON t.id = ttp.id_tugas
                LEFT JOIN 
                    tb_tujuan_pembelajaran tp ON ttp.id_tp = tp.id
                LEFT JOIN 
                    tb_nilai_tp nt ON n.id = nt.id_nilai_siswa AND ttp.id = nt.id_tugas_tp
                WHERE 
                    m.id_sekolah = :id_sekolah: AND m.tahun_ajaran=:tahun_ajaran: AND m.kelas = :kelas: 
                GROUP BY 
                    m.kd_mapel, m.nama_mapel, t.tahun_ajaran', [...])
 5 APPPATH\Controllers\Nilai.php(236): App\Models\M_user->rapor_nilai_akhir('2d7433d1-b060-4656-8fd4-5802b49ee54b', '10', '-', '2001000031', 'raporgenap', 2023, '2024-03-01', '2024-06-22', '60')
 6 SYSTEMPATH\CodeIgniter.php(932): App\Controllers\Nilai->index()
 7 SYSTEMPATH\CodeIgniter.php(497): CodeIgniter\CodeIgniter->runController(Object(App\Controllers\Nilai))
 8 SYSTEMPATH\CodeIgniter.php(366): CodeIgniter\CodeIgniter->handleRequest(null, Object(Config\Cache), false)
 9 FCPATH\index.php(67): CodeIgniter\CodeIgniter->run()
10 SYSTEMPATH\Commands\Server\rewrite.php(47): require_once('D:\\laragon\\www\\sim\\public\\index.php')
INFO - 2024-03-18 10:15:14 --> Session: Class initialized using 'CodeIgniter\Session\Handlers\FileHandler' driver.
INFO - 2024-03-18 10:15:17 --> Session: Class initialized using 'CodeIgniter\Session\Handlers\FileHandler' driver.
ERROR - 2024-03-18 10:15:17 --> mysqli_sql_exception: Unknown column 'n.nisn' in 'on clause' in D:\laragon\www\sim\system\Database\MySQLi\Connection.php:295
Stack trace:
#0 D:\laragon\www\sim\system\Database\MySQLi\Connection.php(295): mysqli->query('SELECT \n       ...', 0)
#1 D:\laragon\www\sim\system\Database\BaseConnection.php(692): CodeIgniter\Database\MySQLi\Connection->execute('SELECT \n       ...')
#2 D:\laragon\www\sim\system\Database\BaseConnection.php(606): CodeIgniter\Database\BaseConnection->simpleQuery('SELECT \n       ...')
#3 D:\laragon\www\sim\app\Models\M_user.php(1142): CodeIgniter\Database\BaseConnection->query('SELECT \n       ...', Array)
#4 D:\laragon\www\sim\app\Controllers\Nilai.php(236): App\Models\M_user->rapor_nilai_akhir('2d7433d1-b060-4...', '10', '-', '2001000031', 'raporgenap', 2023, '2024-03-01', '2024-06-22', '60')
#5 D:\laragon\www\sim\system\CodeIgniter.php(932): App\Controllers\Nilai->index()
#6 D:\laragon\www\sim\system\CodeIgniter.php(497): CodeIgniter\CodeIgniter->runController(Object(App\Controllers\Nilai))
#7 D:\laragon\www\sim\system\CodeIgniter.php(366): CodeIgniter\CodeIgniter->handleRequest(NULL, Object(Config\Cache), false)
#8 D:\laragon\www\sim\public\index.php(67): CodeIgniter\CodeIgniter->run()
#9 D:\laragon\www\sim\system\Commands\Server\rewrite.php(47): require_once('D:\\laragon\\www\\...')
#10 {main}
CRITICAL - 2024-03-18 10:15:17 --> Unknown column 'n.nisn' in 'on clause'
in SYSTEMPATH\Database\MySQLi\Connection.php on line 295.
 1 SYSTEMPATH\Database\MySQLi\Connection.php(295): mysqli->query('SELECT 
                    m.jenis,
                    m.kd_mapel, 
                    m.nama_mapel, 
                    (0.4*AVG(n.nilai) + 0.6*ns.nilai) AS nilai_rata_rata, 
                    t.tahun_ajaran, 
                    GROUP_CONCAT(
                        CONCAT(
                            nt.status,
                            LPAD(n.nilai, 3, \'0\'), 
                            \' \',
                            tp.tujuan_pembelajaran
                        ) 
                        SEPARATOR \'; \'
                    ) AS tujuan_pembelajaran_status
                FROM 
                    tb_mapel m
                LEFT JOIN 
                    tb_nilai_semester ns ON m.id = ns.id_mapel AND n.nisn = \'2001000031\' AND ns.semester = 2 
                LEFT JOIN 
                    tb_nilai_siswa n ON m.id = n.id_mapel AND n.nisn = \'2001000031\' 
                LEFT JOIN 
                    tb_tugas t ON n.id_tugas = t.id
                LEFT JOIN 
                    tb_tugas_tp ttp ON t.id = ttp.id_tugas
                LEFT JOIN 
                    tb_tujuan_pembelajaran tp ON ttp.id_tp = tp.id
                LEFT JOIN 
                    tb_nilai_tp nt ON n.id = nt.id_nilai_siswa AND ttp.id = nt.id_tugas_tp
                WHERE 
                    m.id_sekolah = \'2d7433d1-b060-4656-8fd4-5802b49ee54b\' AND m.tahun_ajaran=2023 AND m.kelas = \'10\' 
                GROUP BY 
                    m.kd_mapel, m.nama_mapel, t.tahun_ajaran', 0)
 2 SYSTEMPATH\Database\BaseConnection.php(692): CodeIgniter\Database\MySQLi\Connection->execute('SELECT 
                    m.jenis,
                    m.kd_mapel, 
                    m.nama_mapel, 
                    (0.4*AVG(n.nilai) + 0.6*ns.nilai) AS nilai_rata_rata, 
                    t.tahun_ajaran, 
                    GROUP_CONCAT(
                        CONCAT(
                            nt.status,
                            LPAD(n.nilai, 3, \'0\'), 
                            \' \',
                            tp.tujuan_pembelajaran
                        ) 
                        SEPARATOR \'; \'
                    ) AS tujuan_pembelajaran_status
                FROM 
                    tb_mapel m
                LEFT JOIN 
                    tb_nilai_semester ns ON m.id = ns.id_mapel AND n.nisn = \'2001000031\' AND ns.semester = 2 
                LEFT JOIN 
                    tb_nilai_siswa n ON m.id = n.id_mapel AND n.nisn = \'2001000031\' 
                LEFT JOIN 
                    tb_tugas t ON n.id_tugas = t.id
                LEFT JOIN 
                    tb_tugas_tp ttp ON t.id = ttp.id_tugas
                LEFT JOIN 
                    tb_tujuan_pembelajaran tp ON ttp.id_tp = tp.id
                LEFT JOIN 
                    tb_nilai_tp nt ON n.id = nt.id_nilai_siswa AND ttp.id = nt.id_tugas_tp
                WHERE 
                    m.id_sekolah = \'2d7433d1-b060-4656-8fd4-5802b49ee54b\' AND m.tahun_ajaran=2023 AND m.kelas = \'10\' 
                GROUP BY 
                    m.kd_mapel, m.nama_mapel, t.tahun_ajaran')
 3 SYSTEMPATH\Database\BaseConnection.php(606): CodeIgniter\Database\BaseConnection->simpleQuery('SELECT 
                    m.jenis,
                    m.kd_mapel, 
                    m.nama_mapel, 
                    (0.4*AVG(n.nilai) + 0.6*ns.nilai) AS nilai_rata_rata, 
                    t.tahun_ajaran, 
                    GROUP_CONCAT(
                        CONCAT(
                            nt.status,
                            LPAD(n.nilai, 3, \'0\'), 
                            \' \',
                            tp.tujuan_pembelajaran
                        ) 
                        SEPARATOR \'; \'
                    ) AS tujuan_pembelajaran_status
                FROM 
                    tb_mapel m
                LEFT JOIN 
                    tb_nilai_semester ns ON m.id = ns.id_mapel AND n.nisn = \'2001000031\' AND ns.semester = 2 
                LEFT JOIN 
                    tb_nilai_siswa n ON m.id = n.id_mapel AND n.nisn = \'2001000031\' 
                LEFT JOIN 
                    tb_tugas t ON n.id_tugas = t.id
                LEFT JOIN 
                    tb_tugas_tp ttp ON t.id = ttp.id_tugas
                LEFT JOIN 
                    tb_tujuan_pembelajaran tp ON ttp.id_tp = tp.id
                LEFT JOIN 
                    tb_nilai_tp nt ON n.id = nt.id_nilai_siswa AND ttp.id = nt.id_tugas_tp
                WHERE 
                    m.id_sekolah = \'2d7433d1-b060-4656-8fd4-5802b49ee54b\' AND m.tahun_ajaran=2023 AND m.kelas = \'10\' 
                GROUP BY 
                    m.kd_mapel, m.nama_mapel, t.tahun_ajaran')
 4 APPPATH\Models\M_user.php(1142): CodeIgniter\Database\BaseConnection->query('SELECT 
                    m.jenis,
                    m.kd_mapel, 
                    m.nama_mapel, 
                    (0.4*AVG(n.nilai) + 0.6*ns.nilai) AS nilai_rata_rata, 
                    t.tahun_ajaran, 
                    GROUP_CONCAT(
                        CONCAT(
                            nt.status,
                            LPAD(n.nilai, 3, \'0\'), 
                            \' \',
                            tp.tujuan_pembelajaran
                        ) 
                        SEPARATOR \'; \'
                    ) AS tujuan_pembelajaran_status
                FROM 
                    tb_mapel m
                LEFT JOIN 
                    tb_nilai_semester ns ON m.id = ns.id_mapel AND n.nisn = :nisn: AND ns.semester = :semester: 
                LEFT JOIN 
                    tb_nilai_siswa n ON m.id = n.id_mapel AND n.nisn = :nisn: 
                LEFT JOIN 
                    tb_tugas t ON n.id_tugas = t.id
                LEFT JOIN 
                    tb_tugas_tp ttp ON t.id = ttp.id_tugas
                LEFT JOIN 
                    tb_tujuan_pembelajaran tp ON ttp.id_tp = tp.id
                LEFT JOIN 
                    tb_nilai_tp nt ON n.id = nt.id_nilai_siswa AND ttp.id = nt.id_tugas_tp
                WHERE 
                    m.id_sekolah = :id_sekolah: AND m.tahun_ajaran=:tahun_ajaran: AND m.kelas = :kelas: 
                GROUP BY 
                    m.kd_mapel, m.nama_mapel, t.tahun_ajaran', [...])
 5 APPPATH\Controllers\Nilai.php(236): App\Models\M_user->rapor_nilai_akhir('2d7433d1-b060-4656-8fd4-5802b49ee54b', '10', '-', '2001000031', 'raporgenap', 2023, '2024-03-01', '2024-06-22', '60')
 6 SYSTEMPATH\CodeIgniter.php(932): App\Controllers\Nilai->index()
 7 SYSTEMPATH\CodeIgniter.php(497): CodeIgniter\CodeIgniter->runController(Object(App\Controllers\Nilai))
 8 SYSTEMPATH\CodeIgniter.php(366): CodeIgniter\CodeIgniter->handleRequest(null, Object(Config\Cache), false)
 9 FCPATH\index.php(67): CodeIgniter\CodeIgniter->run()
10 SYSTEMPATH\Commands\Server\rewrite.php(47): require_once('D:\\laragon\\www\\sim\\public\\index.php')
INFO - 2024-03-18 10:16:44 --> Session: Class initialized using 'CodeIgniter\Session\Handlers\FileHandler' driver.
INFO - 2024-03-18 10:16:56 --> Session: Class initialized using 'CodeIgniter\Session\Handlers\FileHandler' driver.
CRITICAL - 2024-03-18 10:16:56 --> Undefined array key "nilai_rata_rata"
in APPPATH\Views\v_nilai_rapor.php on line 252.
 1 APPPATH\Views\v_nilai_rapor.php(252): CodeIgniter\Debug\Exceptions->errorHandler(2, 'Undefined array key "nilai_rata_rata"', 'D:\\laragon\\www\\sim\\app\\Views\\v_nilai_rapor.php', 252)
 2 SYSTEMPATH\View\View.php(224): include('D:\\laragon\\www\\sim\\app\\Views\\v_nilai_rapor.php')
 3 SYSTEMPATH\View\View.php(227): CodeIgniter\View\View->CodeIgniter\View\{closure}()
 4 SYSTEMPATH\Common.php(1176): CodeIgniter\View\View->render('v_nilai_rapor', [], true)
 5 APPPATH\Controllers\Nilai.php(281): view('v_nilai_rapor', [...])
 6 SYSTEMPATH\CodeIgniter.php(932): App\Controllers\Nilai->index()
 7 SYSTEMPATH\CodeIgniter.php(497): CodeIgniter\CodeIgniter->runController(Object(App\Controllers\Nilai))
 8 SYSTEMPATH\CodeIgniter.php(366): CodeIgniter\CodeIgniter->handleRequest(null, Object(Config\Cache), false)
 9 FCPATH\index.php(67): CodeIgniter\CodeIgniter->run()
10 SYSTEMPATH\Commands\Server\rewrite.php(47): require_once('D:\\laragon\\www\\sim\\public\\index.php')
INFO - 2024-03-18 10:16:59 --> Session: Class initialized using 'CodeIgniter\Session\Handlers\FileHandler' driver.
INFO - 2024-03-18 10:17:14 --> Session: Class initialized using 'CodeIgniter\Session\Handlers\FileHandler' driver.
CRITICAL - 2024-03-18 10:17:14 --> Undefined array key "nilai_rata_rata"
in APPPATH\Views\v_nilai_rapor.php on line 252.
 1 APPPATH\Views\v_nilai_rapor.php(252): CodeIgniter\Debug\Exceptions->errorHandler(2, 'Undefined array key "nilai_rata_rata"', 'D:\\laragon\\www\\sim\\app\\Views\\v_nilai_rapor.php', 252)
 2 SYSTEMPATH\View\View.php(224): include('D:\\laragon\\www\\sim\\app\\Views\\v_nilai_rapor.php')
 3 SYSTEMPATH\View\View.php(227): CodeIgniter\View\View->CodeIgniter\View\{closure}()
 4 SYSTEMPATH\Common.php(1176): CodeIgniter\View\View->render('v_nilai_rapor', [], true)
 5 APPPATH\Controllers\Nilai.php(281): view('v_nilai_rapor', [...])
 6 SYSTEMPATH\CodeIgniter.php(932): App\Controllers\Nilai->index()
 7 SYSTEMPATH\CodeIgniter.php(497): CodeIgniter\CodeIgniter->runController(Object(App\Controllers\Nilai))
 8 SYSTEMPATH\CodeIgniter.php(366): CodeIgniter\CodeIgniter->handleRequest(null, Object(Config\Cache), false)
 9 FCPATH\index.php(67): CodeIgniter\CodeIgniter->run()
10 SYSTEMPATH\Commands\Server\rewrite.php(47): require_once('D:\\laragon\\www\\sim\\public\\index.php')
INFO - 2024-03-18 10:17:20 --> Session: Class initialized using 'CodeIgniter\Session\Handlers\FileHandler' driver.
INFO - 2024-03-18 10:17:26 --> Session: Class initialized using 'CodeIgniter\Session\Handlers\FileHandler' driver.
CRITICAL - 2024-03-18 10:17:26 --> Undefined array key "nilai_rata_rata"
in APPPATH\Views\v_nilai_rapor.php on line 252.
 1 APPPATH\Views\v_nilai_rapor.php(252): CodeIgniter\Debug\Exceptions->errorHandler(2, 'Undefined array key "nilai_rata_rata"', 'D:\\laragon\\www\\sim\\app\\Views\\v_nilai_rapor.php', 252)
 2 SYSTEMPATH\View\View.php(224): include('D:\\laragon\\www\\sim\\app\\Views\\v_nilai_rapor.php')
 3 SYSTEMPATH\View\View.php(227): CodeIgniter\View\View->CodeIgniter\View\{closure}()
 4 SYSTEMPATH\Common.php(1176): CodeIgniter\View\View->render('v_nilai_rapor', [], true)
 5 APPPATH\Controllers\Nilai.php(281): view('v_nilai_rapor', [...])
 6 SYSTEMPATH\CodeIgniter.php(932): App\Controllers\Nilai->index()
 7 SYSTEMPATH\CodeIgniter.php(497): CodeIgniter\CodeIgniter->runController(Object(App\Controllers\Nilai))
 8 SYSTEMPATH\CodeIgniter.php(366): CodeIgniter\CodeIgniter->handleRequest(null, Object(Config\Cache), false)
 9 FCPATH\index.php(67): CodeIgniter\CodeIgniter->run()
10 SYSTEMPATH\Commands\Server\rewrite.php(47): require_once('D:\\laragon\\www\\sim\\public\\index.php')
INFO - 2024-03-18 10:21:00 --> Session: Class initialized using 'CodeIgniter\Session\Handlers\FileHandler' driver.
INFO - 2024-03-18 10:22:01 --> Session: Class initialized using 'CodeIgniter\Session\Handlers\FileHandler' driver.
INFO - 2024-03-18 10:22:07 --> Session: Class initialized using 'CodeIgniter\Session\Handlers\FileHandler' driver.
INFO - 2024-03-18 10:22:11 --> Session: Class initialized using 'CodeIgniter\Session\Handlers\FileHandler' driver.
INFO - 2024-03-18 10:24:03 --> Session: Class initialized using 'CodeIgniter\Session\Handlers\FileHandler' driver.
INFO - 2024-03-18 10:24:09 --> Session: Class initialized using 'CodeIgniter\Session\Handlers\FileHandler' driver.
CRITICAL - 2024-03-18 10:24:09 --> Undefined variable $tglawal
in APPPATH\Controllers\Nilai.php on line 223.
 1 APPPATH\Controllers\Nilai.php(223): CodeIgniter\Debug\Exceptions->errorHandler(2, 'Undefined variable $tglawal', 'D:\\laragon\\www\\sim\\app\\Controllers\\Nilai.php', 223)
 2 SYSTEMPATH\CodeIgniter.php(932): App\Controllers\Nilai->index()
 3 SYSTEMPATH\CodeIgniter.php(497): CodeIgniter\CodeIgniter->runController(Object(App\Controllers\Nilai))
 4 SYSTEMPATH\CodeIgniter.php(366): CodeIgniter\CodeIgniter->handleRequest(null, Object(Config\Cache), false)
 5 FCPATH\index.php(67): CodeIgniter\CodeIgniter->run()
 6 SYSTEMPATH\Commands\Server\rewrite.php(47): require_once('D:\\laragon\\www\\sim\\public\\index.php')
INFO - 2024-03-18 10:24:16 --> Session: Class initialized using 'CodeIgniter\Session\Handlers\FileHandler' driver.
INFO - 2024-03-18 10:25:01 --> Session: Class initialized using 'CodeIgniter\Session\Handlers\FileHandler' driver.
CRITICAL - 2024-03-18 10:25:01 --> Undefined variable $tglawal
in APPPATH\Controllers\Nilai.php on line 223.
 1 APPPATH\Controllers\Nilai.php(223): CodeIgniter\Debug\Exceptions->errorHandler(2, 'Undefined variable $tglawal', 'D:\\laragon\\www\\sim\\app\\Controllers\\Nilai.php', 223)
 2 SYSTEMPATH\CodeIgniter.php(932): App\Controllers\Nilai->index()
 3 SYSTEMPATH\CodeIgniter.php(497): CodeIgniter\CodeIgniter->runController(Object(App\Controllers\Nilai))
 4 SYSTEMPATH\CodeIgniter.php(366): CodeIgniter\CodeIgniter->handleRequest(null, Object(Config\Cache), false)
 5 FCPATH\index.php(67): CodeIgniter\CodeIgniter->run()
 6 SYSTEMPATH\Commands\Server\rewrite.php(47): require_once('D:\\laragon\\www\\sim\\public\\index.php')
INFO - 2024-03-18 10:25:05 --> Session: Class initialized using 'CodeIgniter\Session\Handlers\FileHandler' driver.
INFO - 2024-03-18 10:30:14 --> Session: Class initialized using 'CodeIgniter\Session\Handlers\FileHandler' driver.
INFO - 2024-03-18 10:30:15 --> Session: Class initialized using 'CodeIgniter\Session\Handlers\FileHandler' driver.
INFO - 2024-03-18 10:30:18 --> Session: Class initialized using 'CodeIgniter\Session\Handlers\FileHandler' driver.
INFO - 2024-03-18 10:30:21 --> Session: Class initialized using 'CodeIgniter\Session\Handlers\FileHandler' driver.
INFO - 2024-03-18 10:31:14 --> Session: Class initialized using 'CodeIgniter\Session\Handlers\FileHandler' driver.
INFO - 2024-03-18 10:31:31 --> Session: Class initialized using 'CodeIgniter\Session\Handlers\FileHandler' driver.
INFO - 2024-03-18 10:31:36 --> Session: Class initialized using 'CodeIgniter\Session\Handlers\FileHandler' driver.
INFO - 2024-03-18 10:31:44 --> Session: Class initialized using 'CodeIgniter\Session\Handlers\FileHandler' driver.
INFO - 2024-03-18 10:31:46 --> Session: Class initialized using 'CodeIgniter\Session\Handlers\FileHandler' driver.
INFO - 2024-03-18 10:31:49 --> Session: Class initialized using 'CodeIgniter\Session\Handlers\FileHandler' driver.
INFO - 2024-03-18 10:39:31 --> Session: Class initialized using 'CodeIgniter\Session\Handlers\FileHandler' driver.
INFO - 2024-03-18 10:40:17 --> Session: Class initialized using 'CodeIgniter\Session\Handlers\FileHandler' driver.
INFO - 2024-03-18 10:41:43 --> Session: Class initialized using 'CodeIgniter\Session\Handlers\FileHandler' driver.
INFO - 2024-03-18 10:41:48 --> Session: Class initialized using 'CodeIgniter\Session\Handlers\FileHandler' driver.
INFO - 2024-03-18 10:42:28 --> Session: Class initialized using 'CodeIgniter\Session\Handlers\FileHandler' driver.
INFO - 2024-03-18 10:42:38 --> Session: Class initialized using 'CodeIgniter\Session\Handlers\FileHandler' driver.
INFO - 2024-03-18 10:42:42 --> Session: Class initialized using 'CodeIgniter\Session\Handlers\FileHandler' driver.
WARNING - 2024-03-18 10:42:42 --> [DEPRECATED] explode(): Passing null to parameter #2 ($string) of type string is deprecated in APPPATH\Views\v_nilai.php on line 502.
 1 APPPATH\Views\v_nilai.php(502): explode(';', null)
 2 SYSTEMPATH\View\View.php(224): include('D:\\laragon\\www\\sim\\app\\Views\\v_nilai.php')
 3 SYSTEMPATH\View\View.php(227): CodeIgniter\View\View->CodeIgniter\View\{closure}()
 4 SYSTEMPATH\Common.php(1176): CodeIgniter\View\View->render('v_nilai', [], true)
 5 APPPATH\Controllers\Nilai.php(275): view('v_nilai', [...])
 6 SYSTEMPATH\CodeIgniter.php(932): App\Controllers\Nilai->index()
 7 SYSTEMPATH\CodeIgniter.php(497): CodeIgniter\CodeIgniter->runController(Object(App\Controllers\Nilai))
 8 SYSTEMPATH\CodeIgniter.php(366): CodeIgniter\CodeIgniter->handleRequest(null, Object(Config\Cache), false)
 9 FCPATH\index.php(67): CodeIgniter\CodeIgniter->run()
10 SYSTEMPATH\Commands\Server\rewrite.php(47): require_once('D:\\laragon\\www\\sim\\public\\index.php')
WARNING - 2024-03-18 10:42:42 --> [DEPRECATED] explode(): Passing null to parameter #2 ($string) of type string is deprecated in APPPATH\Views\v_nilai.php on line 502.
 1 APPPATH\Views\v_nilai.php(502): explode(';', null)
 2 SYSTEMPATH\View\View.php(224): include('D:\\laragon\\www\\sim\\app\\Views\\v_nilai.php')
 3 SYSTEMPATH\View\View.php(227): CodeIgniter\View\View->CodeIgniter\View\{closure}()
 4 SYSTEMPATH\Common.php(1176): CodeIgniter\View\View->render('v_nilai', [], true)
 5 APPPATH\Controllers\Nilai.php(275): view('v_nilai', [...])
 6 SYSTEMPATH\CodeIgniter.php(932): App\Controllers\Nilai->index()
 7 SYSTEMPATH\CodeIgniter.php(497): CodeIgniter\CodeIgniter->runController(Object(App\Controllers\Nilai))
 8 SYSTEMPATH\CodeIgniter.php(366): CodeIgniter\CodeIgniter->handleRequest(null, Object(Config\Cache), false)
 9 FCPATH\index.php(67): CodeIgniter\CodeIgniter->run()
10 SYSTEMPATH\Commands\Server\rewrite.php(47): require_once('D:\\laragon\\www\\sim\\public\\index.php')
WARNING - 2024-03-18 10:42:42 --> [DEPRECATED] explode(): Passing null to parameter #2 ($string) of type string is deprecated in APPPATH\Views\v_nilai.php on line 502.
 1 APPPATH\Views\v_nilai.php(502): explode(';', null)
 2 SYSTEMPATH\View\View.php(224): include('D:\\laragon\\www\\sim\\app\\Views\\v_nilai.php')
 3 SYSTEMPATH\View\View.php(227): CodeIgniter\View\View->CodeIgniter\View\{closure}()
 4 SYSTEMPATH\Common.php(1176): CodeIgniter\View\View->render('v_nilai', [], true)
 5 APPPATH\Controllers\Nilai.php(275): view('v_nilai', [...])
 6 SYSTEMPATH\CodeIgniter.php(932): App\Controllers\Nilai->index()
 7 SYSTEMPATH\CodeIgniter.php(497): CodeIgniter\CodeIgniter->runController(Object(App\Controllers\Nilai))
 8 SYSTEMPATH\CodeIgniter.php(366): CodeIgniter\CodeIgniter->handleRequest(null, Object(Config\Cache), false)
 9 FCPATH\index.php(67): CodeIgniter\CodeIgniter->run()
10 SYSTEMPATH\Commands\Server\rewrite.php(47): require_once('D:\\laragon\\www\\sim\\public\\index.php')
INFO - 2024-03-18 10:42:47 --> Session: Class initialized using 'CodeIgniter\Session\Handlers\FileHandler' driver.
WARNING - 2024-03-18 10:42:47 --> [DEPRECATED] explode(): Passing null to parameter #2 ($string) of type string is deprecated in APPPATH\Views\v_nilai.php on line 502.
 1 APPPATH\Views\v_nilai.php(502): explode(';', null)
 2 SYSTEMPATH\View\View.php(224): include('D:\\laragon\\www\\sim\\app\\Views\\v_nilai.php')
 3 SYSTEMPATH\View\View.php(227): CodeIgniter\View\View->CodeIgniter\View\{closure}()
 4 SYSTEMPATH\Common.php(1176): CodeIgniter\View\View->render('v_nilai', [], true)
 5 APPPATH\Controllers\Nilai.php(275): view('v_nilai', [...])
 6 SYSTEMPATH\CodeIgniter.php(932): App\Controllers\Nilai->index()
 7 SYSTEMPATH\CodeIgniter.php(497): CodeIgniter\CodeIgniter->runController(Object(App\Controllers\Nilai))
 8 SYSTEMPATH\CodeIgniter.php(366): CodeIgniter\CodeIgniter->handleRequest(null, Object(Config\Cache), false)
 9 FCPATH\index.php(67): CodeIgniter\CodeIgniter->run()
10 SYSTEMPATH\Commands\Server\rewrite.php(47): require_once('D:\\laragon\\www\\sim\\public\\index.php')
WARNING - 2024-03-18 10:42:47 --> [DEPRECATED] explode(): Passing null to parameter #2 ($string) of type string is deprecated in APPPATH\Views\v_nilai.php on line 502.
 1 APPPATH\Views\v_nilai.php(502): explode(';', null)
 2 SYSTEMPATH\View\View.php(224): include('D:\\laragon\\www\\sim\\app\\Views\\v_nilai.php')
 3 SYSTEMPATH\View\View.php(227): CodeIgniter\View\View->CodeIgniter\View\{closure}()
 4 SYSTEMPATH\Common.php(1176): CodeIgniter\View\View->render('v_nilai', [], true)
 5 APPPATH\Controllers\Nilai.php(275): view('v_nilai', [...])
 6 SYSTEMPATH\CodeIgniter.php(932): App\Controllers\Nilai->index()
 7 SYSTEMPATH\CodeIgniter.php(497): CodeIgniter\CodeIgniter->runController(Object(App\Controllers\Nilai))
 8 SYSTEMPATH\CodeIgniter.php(366): CodeIgniter\CodeIgniter->handleRequest(null, Object(Config\Cache), false)
 9 FCPATH\index.php(67): CodeIgniter\CodeIgniter->run()
10 SYSTEMPATH\Commands\Server\rewrite.php(47): require_once('D:\\laragon\\www\\sim\\public\\index.php')
WARNING - 2024-03-18 10:42:47 --> [DEPRECATED] explode(): Passing null to parameter #2 ($string) of type string is deprecated in APPPATH\Views\v_nilai.php on line 502.
 1 APPPATH\Views\v_nilai.php(502): explode(';', null)
 2 SYSTEMPATH\View\View.php(224): include('D:\\laragon\\www\\sim\\app\\Views\\v_nilai.php')
 3 SYSTEMPATH\View\View.php(227): CodeIgniter\View\View->CodeIgniter\View\{closure}()
 4 SYSTEMPATH\Common.php(1176): CodeIgniter\View\View->render('v_nilai', [], true)
 5 APPPATH\Controllers\Nilai.php(275): view('v_nilai', [...])
 6 SYSTEMPATH\CodeIgniter.php(932): App\Controllers\Nilai->index()
 7 SYSTEMPATH\CodeIgniter.php(497): CodeIgniter\CodeIgniter->runController(Object(App\Controllers\Nilai))
 8 SYSTEMPATH\CodeIgniter.php(366): CodeIgniter\CodeIgniter->handleRequest(null, Object(Config\Cache), false)
 9 FCPATH\index.php(67): CodeIgniter\CodeIgniter->run()
10 SYSTEMPATH\Commands\Server\rewrite.php(47): require_once('D:\\laragon\\www\\sim\\public\\index.php')
INFO - 2024-03-18 10:42:57 --> Session: Class initialized using 'CodeIgniter\Session\Handlers\FileHandler' driver.
CRITICAL - 2024-03-18 10:47:40 --> You must set the database table to be used with your query.
in SYSTEMPATH\Database\BaseConnection.php on line 883.
 1 SYSTEMPATH\Model.php(642): CodeIgniter\Database\BaseConnection->table(null)
 2 SYSTEMPATH\Model.php(828): CodeIgniter\Model->builder()
 3 APPPATH\Controllers\Buatrapor.php(55): CodeIgniter\Model->__call('get_max_kolom_nilai_mid', [...])
 4 SYSTEMPATH\CodeIgniter.php(932): App\Controllers\Buatrapor->raporPDF()
 5 SYSTEMPATH\CodeIgniter.php(497): CodeIgniter\CodeIgniter->runController(Object(App\Controllers\Buatrapor))
 6 SYSTEMPATH\CodeIgniter.php(366): CodeIgniter\CodeIgniter->handleRequest(null, Object(Config\Cache), false)
 7 FCPATH\index.php(67): CodeIgniter\CodeIgniter->run()
 8 SYSTEMPATH\Commands\Server\rewrite.php(47): require_once('D:\\laragon\\www\\sim\\public\\index.php')
