INFO - 2024-05-18 20:46:38 --> Session: Class initialized using 'CodeIgniter\Session\Handlers\FileHandler' driver.
INFO - 2024-05-18 20:46:56 --> Session: Class initialized using 'CodeIgniter\Session\Handlers\FileHandler' driver.
INFO - 2024-05-18 20:46:56 --> Session: Class initialized using 'CodeIgniter\Session\Handlers\FileHandler' driver.
INFO - 2024-05-18 20:47:02 --> Session: Class initialized using 'CodeIgniter\Session\Handlers\FileHandler' driver.
INFO - 2024-05-18 20:47:31 --> Session: Class initialized using 'CodeIgniter\Session\Handlers\FileHandler' driver.
INFO - 2024-05-18 20:47:40 --> Session: Class initialized using 'CodeIgniter\Session\Handlers\FileHandler' driver.
INFO - 2024-05-18 20:47:45 --> Session: Class initialized using 'CodeIgniter\Session\Handlers\FileHandler' driver.
CRITICAL - 2024-05-18 20:48:51 --> Undefined variable $id_rombel
in APPPATH\Controllers\Admin.php on line 2033.
 1 APPPATH\Controllers\Admin.php(2033): CodeIgniter\Debug\Exceptions->errorHandler(2, 'Undefined variable $id_rombel', 'D:\\laragon\\www\\sim\\app\\Controllers\\Admin.php', 2033)
 2 SYSTEMPATH\CodeIgniter.php(932): App\Controllers\Admin->simpan_guru_mapel()
 3 SYSTEMPATH\CodeIgniter.php(497): CodeIgniter\CodeIgniter->runController(Object(App\Controllers\Admin))
 4 SYSTEMPATH\CodeIgniter.php(366): CodeIgniter\CodeIgniter->handleRequest(null, Object(Config\Cache), false)
 5 FCPATH\index.php(67): CodeIgniter\CodeIgniter->run()
 6 SYSTEMPATH\Commands\Server\rewrite.php(47): require_once('D:\\laragon\\www\\sim\\public\\index.php')
CRITICAL - 2024-05-18 21:00:19 --> Undefined variable $id_rombel
in APPPATH\Controllers\Admin.php on line 2033.
 1 APPPATH\Controllers\Admin.php(2033): CodeIgniter\Debug\Exceptions->errorHandler(2, 'Undefined variable $id_rombel', 'D:\\laragon\\www\\sim\\app\\Controllers\\Admin.php', 2033)
 2 SYSTEMPATH\CodeIgniter.php(932): App\Controllers\Admin->simpan_guru_mapel()
 3 SYSTEMPATH\CodeIgniter.php(497): CodeIgniter\CodeIgniter->runController(Object(App\Controllers\Admin))
 4 SYSTEMPATH\CodeIgniter.php(366): CodeIgniter\CodeIgniter->handleRequest(null, Object(Config\Cache), false)
 5 FCPATH\index.php(67): CodeIgniter\CodeIgniter->run()
 6 SYSTEMPATH\Commands\Server\rewrite.php(47): require_once('D:\\laragon\\www\\sim\\public\\index.php')
CRITICAL - 2024-05-18 21:00:57 --> Undefined variable $id_rombel
in APPPATH\Controllers\Admin.php on line 2033.
 1 APPPATH\Controllers\Admin.php(2033): CodeIgniter\Debug\Exceptions->errorHandler(2, 'Undefined variable $id_rombel', 'D:\\laragon\\www\\sim\\app\\Controllers\\Admin.php', 2033)
 2 SYSTEMPATH\CodeIgniter.php(932): App\Controllers\Admin->simpan_guru_mapel()
 3 SYSTEMPATH\CodeIgniter.php(497): CodeIgniter\CodeIgniter->runController(Object(App\Controllers\Admin))
 4 SYSTEMPATH\CodeIgniter.php(366): CodeIgniter\CodeIgniter->handleRequest(null, Object(Config\Cache), false)
 5 FCPATH\index.php(67): CodeIgniter\CodeIgniter->run()
 6 SYSTEMPATH\Commands\Server\rewrite.php(47): require_once('D:\\laragon\\www\\sim\\public\\index.php')
CRITICAL - 2024-05-18 21:01:59 --> Undefined variable $id_rombel
in APPPATH\Controllers\Admin.php on line 2033.
 1 APPPATH\Controllers\Admin.php(2033): CodeIgniter\Debug\Exceptions->errorHandler(2, 'Undefined variable $id_rombel', 'D:\\laragon\\www\\sim\\app\\Controllers\\Admin.php', 2033)
 2 SYSTEMPATH\CodeIgniter.php(932): App\Controllers\Admin->simpan_guru_mapel()
 3 SYSTEMPATH\CodeIgniter.php(497): CodeIgniter\CodeIgniter->runController(Object(App\Controllers\Admin))
 4 SYSTEMPATH\CodeIgniter.php(366): CodeIgniter\CodeIgniter->handleRequest(null, Object(Config\Cache), false)
 5 FCPATH\index.php(67): CodeIgniter\CodeIgniter->run()
 6 SYSTEMPATH\Commands\Server\rewrite.php(47): require_once('D:\\laragon\\www\\sim\\public\\index.php')
CRITICAL - 2024-05-18 21:02:46 --> Undefined variable $id_rombel
in APPPATH\Controllers\Admin.php on line 2033.
 1 APPPATH\Controllers\Admin.php(2033): CodeIgniter\Debug\Exceptions->errorHandler(2, 'Undefined variable $id_rombel', 'D:\\laragon\\www\\sim\\app\\Controllers\\Admin.php', 2033)
 2 SYSTEMPATH\CodeIgniter.php(932): App\Controllers\Admin->simpan_guru_mapel()
 3 SYSTEMPATH\CodeIgniter.php(497): CodeIgniter\CodeIgniter->runController(Object(App\Controllers\Admin))
 4 SYSTEMPATH\CodeIgniter.php(366): CodeIgniter\CodeIgniter->handleRequest(null, Object(Config\Cache), false)
 5 FCPATH\index.php(67): CodeIgniter\CodeIgniter->run()
 6 SYSTEMPATH\Commands\Server\rewrite.php(47): require_once('D:\\laragon\\www\\sim\\public\\index.php')
CRITICAL - 2024-05-18 21:05:45 --> Undefined variable $id_rombel
in APPPATH\Controllers\Admin.php on line 2033.
 1 APPPATH\Controllers\Admin.php(2033): CodeIgniter\Debug\Exceptions->errorHandler(2, 'Undefined variable $id_rombel', 'D:\\laragon\\www\\sim\\app\\Controllers\\Admin.php', 2033)
 2 SYSTEMPATH\CodeIgniter.php(932): App\Controllers\Admin->simpan_guru_mapel()
 3 SYSTEMPATH\CodeIgniter.php(497): CodeIgniter\CodeIgniter->runController(Object(App\Controllers\Admin))
 4 SYSTEMPATH\CodeIgniter.php(366): CodeIgniter\CodeIgniter->handleRequest(null, Object(Config\Cache), false)
 5 FCPATH\index.php(67): CodeIgniter\CodeIgniter->run()
 6 SYSTEMPATH\Commands\Server\rewrite.php(47): require_once('D:\\laragon\\www\\sim\\public\\index.php')
CRITICAL - 2024-05-18 21:07:43 --> Undefined variable $id_rombel
in APPPATH\Controllers\Admin.php on line 2033.
 1 APPPATH\Controllers\Admin.php(2033): CodeIgniter\Debug\Exceptions->errorHandler(2, 'Undefined variable $id_rombel', 'D:\\laragon\\www\\sim\\app\\Controllers\\Admin.php', 2033)
 2 SYSTEMPATH\CodeIgniter.php(932): App\Controllers\Admin->simpan_guru_mapel()
 3 SYSTEMPATH\CodeIgniter.php(497): CodeIgniter\CodeIgniter->runController(Object(App\Controllers\Admin))
 4 SYSTEMPATH\CodeIgniter.php(366): CodeIgniter\CodeIgniter->handleRequest(null, Object(Config\Cache), false)
 5 FCPATH\index.php(67): CodeIgniter\CodeIgniter->run()
 6 SYSTEMPATH\Commands\Server\rewrite.php(47): require_once('D:\\laragon\\www\\sim\\public\\index.php')
CRITICAL - 2024-05-18 21:11:13 --> Undefined variable $id_rombel
in APPPATH\Controllers\Admin.php on line 2033.
 1 APPPATH\Controllers\Admin.php(2033): CodeIgniter\Debug\Exceptions->errorHandler(2, 'Undefined variable $id_rombel', 'D:\\laragon\\www\\sim\\app\\Controllers\\Admin.php', 2033)
 2 SYSTEMPATH\CodeIgniter.php(932): App\Controllers\Admin->simpan_guru_mapel()
 3 SYSTEMPATH\CodeIgniter.php(497): CodeIgniter\CodeIgniter->runController(Object(App\Controllers\Admin))
 4 SYSTEMPATH\CodeIgniter.php(366): CodeIgniter\CodeIgniter->handleRequest(null, Object(Config\Cache), false)
 5 FCPATH\index.php(67): CodeIgniter\CodeIgniter->run()
 6 SYSTEMPATH\Commands\Server\rewrite.php(47): require_once('D:\\laragon\\www\\sim\\public\\index.php')
CRITICAL - 2024-05-18 22:06:53 --> Undefined variable $id_rombel
in APPPATH\Controllers\Admin.php on line 2033.
 1 APPPATH\Controllers\Admin.php(2033): CodeIgniter\Debug\Exceptions->errorHandler(2, 'Undefined variable $id_rombel', 'D:\\laragon\\www\\sim\\app\\Controllers\\Admin.php', 2033)
 2 SYSTEMPATH\CodeIgniter.php(932): App\Controllers\Admin->simpan_guru_mapel()
 3 SYSTEMPATH\CodeIgniter.php(497): CodeIgniter\CodeIgniter->runController(Object(App\Controllers\Admin))
 4 SYSTEMPATH\CodeIgniter.php(366): CodeIgniter\CodeIgniter->handleRequest(null, Object(Config\Cache), false)
 5 FCPATH\index.php(67): CodeIgniter\CodeIgniter->run()
 6 SYSTEMPATH\Commands\Server\rewrite.php(47): require_once('D:\\laragon\\www\\sim\\public\\index.php')
CRITICAL - 2024-05-18 22:08:09 --> Undefined variable $id_rombel
in APPPATH\Controllers\Admin.php on line 2033.
 1 APPPATH\Controllers\Admin.php(2033): CodeIgniter\Debug\Exceptions->errorHandler(2, 'Undefined variable $id_rombel', 'D:\\laragon\\www\\sim\\app\\Controllers\\Admin.php', 2033)
 2 SYSTEMPATH\CodeIgniter.php(932): App\Controllers\Admin->simpan_guru_mapel()
 3 SYSTEMPATH\CodeIgniter.php(497): CodeIgniter\CodeIgniter->runController(Object(App\Controllers\Admin))
 4 SYSTEMPATH\CodeIgniter.php(366): CodeIgniter\CodeIgniter->handleRequest(null, Object(Config\Cache), false)
 5 FCPATH\index.php(67): CodeIgniter\CodeIgniter->run()
 6 SYSTEMPATH\Commands\Server\rewrite.php(47): require_once('D:\\laragon\\www\\sim\\public\\index.php')
CRITICAL - 2024-05-18 22:09:48 --> Undefined variable $id_rombel
in APPPATH\Controllers\Admin.php on line 2034.
 1 APPPATH\Controllers\Admin.php(2034): CodeIgniter\Debug\Exceptions->errorHandler(2, 'Undefined variable $id_rombel', 'D:\\laragon\\www\\sim\\app\\Controllers\\Admin.php', 2034)
 2 SYSTEMPATH\CodeIgniter.php(932): App\Controllers\Admin->simpan_guru_mapel()
 3 SYSTEMPATH\CodeIgniter.php(497): CodeIgniter\CodeIgniter->runController(Object(App\Controllers\Admin))
 4 SYSTEMPATH\CodeIgniter.php(366): CodeIgniter\CodeIgniter->handleRequest(null, Object(Config\Cache), false)
 5 FCPATH\index.php(67): CodeIgniter\CodeIgniter->run()
 6 SYSTEMPATH\Commands\Server\rewrite.php(47): require_once('D:\\laragon\\www\\sim\\public\\index.php')
CRITICAL - 2024-05-18 22:10:49 --> Undefined variable $id_rombel
in APPPATH\Controllers\Admin.php on line 2034.
 1 APPPATH\Controllers\Admin.php(2034): CodeIgniter\Debug\Exceptions->errorHandler(2, 'Undefined variable $id_rombel', 'D:\\laragon\\www\\sim\\app\\Controllers\\Admin.php', 2034)
 2 SYSTEMPATH\CodeIgniter.php(932): App\Controllers\Admin->simpan_guru_mapel()
 3 SYSTEMPATH\CodeIgniter.php(497): CodeIgniter\CodeIgniter->runController(Object(App\Controllers\Admin))
 4 SYSTEMPATH\CodeIgniter.php(366): CodeIgniter\CodeIgniter->handleRequest(null, Object(Config\Cache), false)
 5 FCPATH\index.php(67): CodeIgniter\CodeIgniter->run()
 6 SYSTEMPATH\Commands\Server\rewrite.php(47): require_once('D:\\laragon\\www\\sim\\public\\index.php')
CRITICAL - 2024-05-18 22:11:37 --> Undefined variable $id_rombel
in APPPATH\Controllers\Admin.php on line 2034.
 1 APPPATH\Controllers\Admin.php(2034): CodeIgniter\Debug\Exceptions->errorHandler(2, 'Undefined variable $id_rombel', 'D:\\laragon\\www\\sim\\app\\Controllers\\Admin.php', 2034)
 2 SYSTEMPATH\CodeIgniter.php(932): App\Controllers\Admin->simpan_guru_mapel()
 3 SYSTEMPATH\CodeIgniter.php(497): CodeIgniter\CodeIgniter->runController(Object(App\Controllers\Admin))
 4 SYSTEMPATH\CodeIgniter.php(366): CodeIgniter\CodeIgniter->handleRequest(null, Object(Config\Cache), false)
 5 FCPATH\index.php(67): CodeIgniter\CodeIgniter->run()
 6 SYSTEMPATH\Commands\Server\rewrite.php(47): require_once('D:\\laragon\\www\\sim\\public\\index.php')
CRITICAL - 2024-05-18 22:31:00 --> Undefined variable $jenis_mapel
in APPPATH\Controllers\Admin.php on line 2026.
 1 APPPATH\Controllers\Admin.php(2026): CodeIgniter\Debug\Exceptions->errorHandler(2, 'Undefined variable $jenis_mapel', 'D:\\laragon\\www\\sim\\app\\Controllers\\Admin.php', 2026)
 2 SYSTEMPATH\CodeIgniter.php(932): App\Controllers\Admin->simpan_guru_mapel()
 3 SYSTEMPATH\CodeIgniter.php(497): CodeIgniter\CodeIgniter->runController(Object(App\Controllers\Admin))
 4 SYSTEMPATH\CodeIgniter.php(366): CodeIgniter\CodeIgniter->handleRequest(null, Object(Config\Cache), false)
 5 FCPATH\index.php(67): CodeIgniter\CodeIgniter->run()
 6 SYSTEMPATH\Commands\Server\rewrite.php(47): require_once('D:\\laragon\\www\\sim\\public\\index.php')
CRITICAL - 2024-05-18 22:32:15 --> Undefined variable $jenis_mapel
in APPPATH\Controllers\Admin.php on line 2026.
 1 APPPATH\Controllers\Admin.php(2026): CodeIgniter\Debug\Exceptions->errorHandler(2, 'Undefined variable $jenis_mapel', 'D:\\laragon\\www\\sim\\app\\Controllers\\Admin.php', 2026)
 2 SYSTEMPATH\CodeIgniter.php(932): App\Controllers\Admin->simpan_guru_mapel()
 3 SYSTEMPATH\CodeIgniter.php(497): CodeIgniter\CodeIgniter->runController(Object(App\Controllers\Admin))
 4 SYSTEMPATH\CodeIgniter.php(366): CodeIgniter\CodeIgniter->handleRequest(null, Object(Config\Cache), false)
 5 FCPATH\index.php(67): CodeIgniter\CodeIgniter->run()
 6 SYSTEMPATH\Commands\Server\rewrite.php(47): require_once('D:\\laragon\\www\\sim\\public\\index.php')
CRITICAL - 2024-05-18 22:32:26 --> Undefined variable $jenis_mapel
in APPPATH\Controllers\Admin.php on line 2026.
 1 APPPATH\Controllers\Admin.php(2026): CodeIgniter\Debug\Exceptions->errorHandler(2, 'Undefined variable $jenis_mapel', 'D:\\laragon\\www\\sim\\app\\Controllers\\Admin.php', 2026)
 2 SYSTEMPATH\CodeIgniter.php(932): App\Controllers\Admin->simpan_guru_mapel()
 3 SYSTEMPATH\CodeIgniter.php(497): CodeIgniter\CodeIgniter->runController(Object(App\Controllers\Admin))
 4 SYSTEMPATH\CodeIgniter.php(366): CodeIgniter\CodeIgniter->handleRequest(null, Object(Config\Cache), false)
 5 FCPATH\index.php(67): CodeIgniter\CodeIgniter->run()
 6 SYSTEMPATH\Commands\Server\rewrite.php(47): require_once('D:\\laragon\\www\\sim\\public\\index.php')
CRITICAL - 2024-05-18 22:32:50 --> Undefined variable $jenis_mapel
in APPPATH\Controllers\Admin.php on line 2026.
 1 APPPATH\Controllers\Admin.php(2026): CodeIgniter\Debug\Exceptions->errorHandler(2, 'Undefined variable $jenis_mapel', 'D:\\laragon\\www\\sim\\app\\Controllers\\Admin.php', 2026)
 2 SYSTEMPATH\CodeIgniter.php(932): App\Controllers\Admin->simpan_guru_mapel()
 3 SYSTEMPATH\CodeIgniter.php(497): CodeIgniter\CodeIgniter->runController(Object(App\Controllers\Admin))
 4 SYSTEMPATH\CodeIgniter.php(366): CodeIgniter\CodeIgniter->handleRequest(null, Object(Config\Cache), false)
 5 FCPATH\index.php(67): CodeIgniter\CodeIgniter->run()
 6 SYSTEMPATH\Commands\Server\rewrite.php(47): require_once('D:\\laragon\\www\\sim\\public\\index.php')
ERROR - 2024-05-18 22:41:53 --> mysqli_sql_exception: You have an error in your SQL syntax; check the manual that corresponds to your MariaDB server version for the right syntax to use near 'm
                LEFT JOIN tb_rombel r ON m.id_rombel = r.id AND r.kelas = '...' at line 1 in D:\laragon\www\sim\system\Database\MySQLi\Connection.php:295
Stack trace:
#0 D:\laragon\www\sim\system\Database\MySQLi\Connection.php(295): mysqli->query('DELETE FROM tb_...', 0)
#1 D:\laragon\www\sim\system\Database\BaseConnection.php(692): CodeIgniter\Database\MySQLi\Connection->execute('DELETE FROM tb_...')
#2 D:\laragon\www\sim\system\Database\BaseConnection.php(606): CodeIgniter\Database\BaseConnection->simpleQuery('DELETE FROM tb_...')
#3 D:\laragon\www\sim\app\Models\M_sekolah.php(932): CodeIgniter\Database\BaseConnection->query('DELETE FROM tb_...', Array)
#4 D:\laragon\www\sim\app\Controllers\Admin.php(2021): App\Models\M_sekolah->hapus_guru_mapel('322', '279', '11')
#5 D:\laragon\www\sim\system\CodeIgniter.php(932): App\Controllers\Admin->simpan_guru_mapel()
#6 D:\laragon\www\sim\system\CodeIgniter.php(497): CodeIgniter\CodeIgniter->runController(Object(App\Controllers\Admin))
#7 D:\laragon\www\sim\system\CodeIgniter.php(366): CodeIgniter\CodeIgniter->handleRequest(NULL, Object(Config\Cache), false)
#8 D:\laragon\www\sim\public\index.php(67): CodeIgniter\CodeIgniter->run()
#9 D:\laragon\www\sim\system\Commands\Server\rewrite.php(47): require_once('D:\\laragon\\www\\...')
#10 {main}
CRITICAL - 2024-05-18 22:41:53 --> You have an error in your SQL syntax; check the manual that corresponds to your MariaDB server version for the right syntax to use near 'm
                LEFT JOIN tb_rombel r ON m.id_rombel = r.id AND r.kelas = '...' at line 1
in SYSTEMPATH\Database\MySQLi\Connection.php on line 295.
 1 SYSTEMPATH\Database\MySQLi\Connection.php(295): mysqli->query('DELETE FROM tb_guru_mapel m
                LEFT JOIN tb_rombel r ON m.id_rombel = r.id AND r.kelas = \'11\'
                WHERE id_mapel = \'322\' AND id_guru = \'279\'', 0)
 2 SYSTEMPATH\Database\BaseConnection.php(692): CodeIgniter\Database\MySQLi\Connection->execute('DELETE FROM tb_guru_mapel m
                LEFT JOIN tb_rombel r ON m.id_rombel = r.id AND r.kelas = \'11\'
                WHERE id_mapel = \'322\' AND id_guru = \'279\'')
 3 SYSTEMPATH\Database\BaseConnection.php(606): CodeIgniter\Database\BaseConnection->simpleQuery('DELETE FROM tb_guru_mapel m
                LEFT JOIN tb_rombel r ON m.id_rombel = r.id AND r.kelas = \'11\'
                WHERE id_mapel = \'322\' AND id_guru = \'279\'')
 4 APPPATH\Models\M_sekolah.php(932): CodeIgniter\Database\BaseConnection->query('DELETE FROM tb_guru_mapel m
                LEFT JOIN tb_rombel r ON m.id_rombel = r.id AND r.kelas = :kelas:
                WHERE id_mapel = :id_mapel: AND id_guru = :id_guru:', [...])
 5 APPPATH\Controllers\Admin.php(2021): App\Models\M_sekolah->hapus_guru_mapel('322', '279', '11')
 6 SYSTEMPATH\CodeIgniter.php(932): App\Controllers\Admin->simpan_guru_mapel()
 7 SYSTEMPATH\CodeIgniter.php(497): CodeIgniter\CodeIgniter->runController(Object(App\Controllers\Admin))
 8 SYSTEMPATH\CodeIgniter.php(366): CodeIgniter\CodeIgniter->handleRequest(null, Object(Config\Cache), false)
 9 FCPATH\index.php(67): CodeIgniter\CodeIgniter->run()
10 SYSTEMPATH\Commands\Server\rewrite.php(47): require_once('D:\\laragon\\www\\sim\\public\\index.php')
ERROR - 2024-05-18 22:42:52 --> mysqli_sql_exception: You have an error in your SQL syntax; check the manual that corresponds to your MariaDB server version for the right syntax to use near 'm
                LEFT JOIN tb_rombel r ON m.id_rombel = r.id AND r.kelas = '...' at line 1 in D:\laragon\www\sim\system\Database\MySQLi\Connection.php:295
Stack trace:
#0 D:\laragon\www\sim\system\Database\MySQLi\Connection.php(295): mysqli->query('DELETE FROM tb_...', 0)
#1 D:\laragon\www\sim\system\Database\BaseConnection.php(692): CodeIgniter\Database\MySQLi\Connection->execute('DELETE FROM tb_...')
#2 D:\laragon\www\sim\system\Database\BaseConnection.php(606): CodeIgniter\Database\BaseConnection->simpleQuery('DELETE FROM tb_...')
#3 D:\laragon\www\sim\app\Models\M_sekolah.php(932): CodeIgniter\Database\BaseConnection->query('DELETE FROM tb_...', Array)
#4 D:\laragon\www\sim\app\Controllers\Admin.php(2021): App\Models\M_sekolah->hapus_guru_mapel('322', '279', '11')
#5 D:\laragon\www\sim\system\CodeIgniter.php(932): App\Controllers\Admin->simpan_guru_mapel()
#6 D:\laragon\www\sim\system\CodeIgniter.php(497): CodeIgniter\CodeIgniter->runController(Object(App\Controllers\Admin))
#7 D:\laragon\www\sim\system\CodeIgniter.php(366): CodeIgniter\CodeIgniter->handleRequest(NULL, Object(Config\Cache), false)
#8 D:\laragon\www\sim\public\index.php(67): CodeIgniter\CodeIgniter->run()
#9 D:\laragon\www\sim\system\Commands\Server\rewrite.php(47): require_once('D:\\laragon\\www\\...')
#10 {main}
CRITICAL - 2024-05-18 22:42:52 --> You have an error in your SQL syntax; check the manual that corresponds to your MariaDB server version for the right syntax to use near 'm
                LEFT JOIN tb_rombel r ON m.id_rombel = r.id AND r.kelas = '...' at line 1
in SYSTEMPATH\Database\MySQLi\Connection.php on line 295.
 1 SYSTEMPATH\Database\MySQLi\Connection.php(295): mysqli->query('DELETE FROM tb_guru_mapel m
                LEFT JOIN tb_rombel r ON m.id_rombel = r.id AND r.kelas = \'11\'
                WHERE id_mapel = \'322\' AND id_guru = \'279\'', 0)
 2 SYSTEMPATH\Database\BaseConnection.php(692): CodeIgniter\Database\MySQLi\Connection->execute('DELETE FROM tb_guru_mapel m
                LEFT JOIN tb_rombel r ON m.id_rombel = r.id AND r.kelas = \'11\'
                WHERE id_mapel = \'322\' AND id_guru = \'279\'')
 3 SYSTEMPATH\Database\BaseConnection.php(606): CodeIgniter\Database\BaseConnection->simpleQuery('DELETE FROM tb_guru_mapel m
                LEFT JOIN tb_rombel r ON m.id_rombel = r.id AND r.kelas = \'11\'
                WHERE id_mapel = \'322\' AND id_guru = \'279\'')
 4 APPPATH\Models\M_sekolah.php(932): CodeIgniter\Database\BaseConnection->query('DELETE FROM tb_guru_mapel m
                LEFT JOIN tb_rombel r ON m.id_rombel = r.id AND r.kelas = :kelas:
                WHERE id_mapel = :id_mapel: AND id_guru = :id_guru:', [...])
 5 APPPATH\Controllers\Admin.php(2021): App\Models\M_sekolah->hapus_guru_mapel('322', '279', '11')
 6 SYSTEMPATH\CodeIgniter.php(932): App\Controllers\Admin->simpan_guru_mapel()
 7 SYSTEMPATH\CodeIgniter.php(497): CodeIgniter\CodeIgniter->runController(Object(App\Controllers\Admin))
 8 SYSTEMPATH\CodeIgniter.php(366): CodeIgniter\CodeIgniter->handleRequest(null, Object(Config\Cache), false)
 9 FCPATH\index.php(67): CodeIgniter\CodeIgniter->run()
10 SYSTEMPATH\Commands\Server\rewrite.php(47): require_once('D:\\laragon\\www\\sim\\public\\index.php')
