ERROR - 2023-12-16 16:20:02 --> mysqli_sql_exception: Table 'simsekolah.log_login' doesn't exist in D:\laragon\www\sim\system\Database\MySQLi\Connection.php:295
Stack trace:
#0 D:\laragon\www\sim\system\Database\MySQLi\Connection.php(295): mysqli->query('INSERT INTO `lo...', 0)
#1 D:\laragon\www\sim\system\Database\BaseConnection.php(692): CodeIgniter\Database\MySQLi\Connection->execute('INSERT INTO `lo...')
#2 D:\laragon\www\sim\system\Database\BaseConnection.php(606): CodeIgniter\Database\BaseConnection->simpleQuery('INSERT INTO `lo...')
#3 D:\laragon\www\sim\system\Database\BaseBuilder.php(2309): CodeIgniter\Database\BaseConnection->query('INSERT INTO `lo...', Array, false)
#4 D:\laragon\www\sim\app\Models\M_user.php(895): CodeIgniter\Database\BaseBuilder->insert(Array)
#5 D:\laragon\www\sim\app\Controllers\Login.php(110): App\Models\M_user->tambahlog()
#6 D:\laragon\www\sim\system\CodeIgniter.php(932): App\Controllers\Login->authenticate()
#7 D:\laragon\www\sim\system\CodeIgniter.php(497): CodeIgniter\CodeIgniter->runController(Object(App\Controllers\Login))
#8 D:\laragon\www\sim\system\CodeIgniter.php(366): CodeIgniter\CodeIgniter->handleRequest(NULL, Object(Config\Cache), false)
#9 D:\laragon\www\sim\public\index.php(67): CodeIgniter\CodeIgniter->run()
#10 D:\laragon\www\sim\system\Commands\Server\rewrite.php(47): require_once('D:\\laragon\\www\\...')
#11 {main}
CRITICAL - 2023-12-16 16:20:02 --> Table 'simsekolah.log_login' doesn't exist
in SYSTEMPATH\Database\MySQLi\Connection.php on line 295.
 1 SYSTEMPATH\Database\MySQLi\Connection.php(295): mysqli->query('INSERT INTO `log_login` (`id_user`) VALUES (\'1b175e09-fe0f-4474-9653-224694f2402f\')', 0)
 2 SYSTEMPATH\Database\BaseConnection.php(692): CodeIgniter\Database\MySQLi\Connection->execute('INSERT INTO `log_login` (`id_user`) VALUES (\'1b175e09-fe0f-4474-9653-224694f2402f\')')
 3 SYSTEMPATH\Database\BaseConnection.php(606): CodeIgniter\Database\BaseConnection->simpleQuery('INSERT INTO `log_login` (`id_user`) VALUES (\'1b175e09-fe0f-4474-9653-224694f2402f\')')
 4 SYSTEMPATH\Database\BaseBuilder.php(2309): CodeIgniter\Database\BaseConnection->query('INSERT INTO `log_login` (`id_user`) VALUES (:id_user:)', [...], false)
 5 APPPATH\Models\M_user.php(895): CodeIgniter\Database\BaseBuilder->insert([...])
 6 APPPATH\Controllers\Login.php(110): App\Models\M_user->tambahlog()
 7 SYSTEMPATH\CodeIgniter.php(932): App\Controllers\Login->authenticate()
 8 SYSTEMPATH\CodeIgniter.php(497): CodeIgniter\CodeIgniter->runController(Object(App\Controllers\Login))
 9 SYSTEMPATH\CodeIgniter.php(366): CodeIgniter\CodeIgniter->handleRequest(null, Object(Config\Cache), false)
10 FCPATH\index.php(67): CodeIgniter\CodeIgniter->run()
11 SYSTEMPATH\Commands\Server\rewrite.php(47): require_once('D:\\laragon\\www\\sim\\public\\index.php')
INFO - 2023-12-16 16:20:42 --> Session: Class initialized using 'CodeIgniter\Session\Handlers\FileHandler' driver.
ERROR - 2023-12-16 16:20:42 --> mysqli_sql_exception: Table 'simsekolah.log_login' doesn't exist in D:\laragon\www\sim\system\Database\MySQLi\Connection.php:295
Stack trace:
#0 D:\laragon\www\sim\system\Database\MySQLi\Connection.php(295): mysqli->query('INSERT INTO `lo...', 0)
#1 D:\laragon\www\sim\system\Database\BaseConnection.php(692): CodeIgniter\Database\MySQLi\Connection->execute('INSERT INTO `lo...')
#2 D:\laragon\www\sim\system\Database\BaseConnection.php(606): CodeIgniter\Database\BaseConnection->simpleQuery('INSERT INTO `lo...')
#3 D:\laragon\www\sim\system\Database\BaseBuilder.php(2309): CodeIgniter\Database\BaseConnection->query('INSERT INTO `lo...', Array, false)
#4 D:\laragon\www\sim\app\Models\M_user.php(895): CodeIgniter\Database\BaseBuilder->insert(Array)
#5 D:\laragon\www\sim\app\Controllers\Login.php(110): App\Models\M_user->tambahlog()
#6 D:\laragon\www\sim\system\CodeIgniter.php(932): App\Controllers\Login->authenticate()
#7 D:\laragon\www\sim\system\CodeIgniter.php(497): CodeIgniter\CodeIgniter->runController(Object(App\Controllers\Login))
#8 D:\laragon\www\sim\system\CodeIgniter.php(366): CodeIgniter\CodeIgniter->handleRequest(NULL, Object(Config\Cache), false)
#9 D:\laragon\www\sim\public\index.php(67): CodeIgniter\CodeIgniter->run()
#10 D:\laragon\www\sim\system\Commands\Server\rewrite.php(47): require_once('D:\\laragon\\www\\...')
#11 {main}
CRITICAL - 2023-12-16 16:20:42 --> Table 'simsekolah.log_login' doesn't exist
in SYSTEMPATH\Database\MySQLi\Connection.php on line 295.
 1 SYSTEMPATH\Database\MySQLi\Connection.php(295): mysqli->query('INSERT INTO `log_login` (`id_user`) VALUES (\'1b175e09-fe0f-4474-9653-224694f2402f\')', 0)
 2 SYSTEMPATH\Database\BaseConnection.php(692): CodeIgniter\Database\MySQLi\Connection->execute('INSERT INTO `log_login` (`id_user`) VALUES (\'1b175e09-fe0f-4474-9653-224694f2402f\')')
 3 SYSTEMPATH\Database\BaseConnection.php(606): CodeIgniter\Database\BaseConnection->simpleQuery('INSERT INTO `log_login` (`id_user`) VALUES (\'1b175e09-fe0f-4474-9653-224694f2402f\')')
 4 SYSTEMPATH\Database\BaseBuilder.php(2309): CodeIgniter\Database\BaseConnection->query('INSERT INTO `log_login` (`id_user`) VALUES (:id_user:)', [...], false)
 5 APPPATH\Models\M_user.php(895): CodeIgniter\Database\BaseBuilder->insert([...])
 6 APPPATH\Controllers\Login.php(110): App\Models\M_user->tambahlog()
 7 SYSTEMPATH\CodeIgniter.php(932): App\Controllers\Login->authenticate()
 8 SYSTEMPATH\CodeIgniter.php(497): CodeIgniter\CodeIgniter->runController(Object(App\Controllers\Login))
 9 SYSTEMPATH\CodeIgniter.php(366): CodeIgniter\CodeIgniter->handleRequest(null, Object(Config\Cache), false)
10 FCPATH\index.php(67): CodeIgniter\CodeIgniter->run()
11 SYSTEMPATH\Commands\Server\rewrite.php(47): require_once('D:\\laragon\\www\\sim\\public\\index.php')
INFO - 2023-12-16 17:00:26 --> Session: Class initialized using 'CodeIgniter\Session\Handlers\FileHandler' driver.
INFO - 2023-12-16 17:00:33 --> Session: Class initialized using 'CodeIgniter\Session\Handlers\FileHandler' driver.
INFO - 2023-12-16 17:00:33 --> Session: Class initialized using 'CodeIgniter\Session\Handlers\FileHandler' driver.
INFO - 2023-12-16 17:00:36 --> Session: Class initialized using 'CodeIgniter\Session\Handlers\FileHandler' driver.
