INFO - 2023-10-19 07:08:20 --> Session: Class initialized using 'CodeIgniter\Session\Handlers\FileHandler' driver.
INFO - 2023-10-19 07:08:20 --> Session: Class initialized using 'CodeIgniter\Session\Handlers\FileHandler' driver.
INFO - 2023-10-19 07:08:25 --> Session: Class initialized using 'CodeIgniter\Session\Handlers\FileHandler' driver.
INFO - 2023-10-19 07:08:25 --> Session: Class initialized using 'CodeIgniter\Session\Handlers\FileHandler' driver.
INFO - 2023-10-19 07:08:27 --> Session: Class initialized using 'CodeIgniter\Session\Handlers\FileHandler' driver.
INFO - 2023-10-19 07:08:27 --> Session: Class initialized using 'CodeIgniter\Session\Handlers\FileHandler' driver.
INFO - 2023-10-19 07:08:34 --> Session: Class initialized using 'CodeIgniter\Session\Handlers\FileHandler' driver.
INFO - 2023-10-19 07:08:40 --> Session: Class initialized using 'CodeIgniter\Session\Handlers\FileHandler' driver.
INFO - 2023-10-19 07:08:40 --> Session: Class initialized using 'CodeIgniter\Session\Handlers\FileHandler' driver.
INFO - 2023-10-19 07:08:43 --> Session: Class initialized using 'CodeIgniter\Session\Handlers\FileHandler' driver.
INFO - 2023-10-19 07:09:41 --> Session: Class initialized using 'CodeIgniter\Session\Handlers\FileHandler' driver.
INFO - 2023-10-19 07:15:51 --> Session: Class initialized using 'CodeIgniter\Session\Handlers\FileHandler' driver.
INFO - 2023-10-19 07:16:30 --> Session: Class initialized using 'CodeIgniter\Session\Handlers\FileHandler' driver.
INFO - 2023-10-19 07:47:43 --> Session: Class initialized using 'CodeIgniter\Session\Handlers\FileHandler' driver.
INFO - 2023-10-19 08:06:56 --> Session: Class initialized using 'CodeIgniter\Session\Handlers\FileHandler' driver.
INFO - 2023-10-19 08:07:13 --> Session: Class initialized using 'CodeIgniter\Session\Handlers\FileHandler' driver.
ERROR - 2023-10-19 08:07:13 --> mysqli_sql_exception: You have an error in your SQL syntax; check the manual that corresponds to your MySQL server version for the right syntax to use near ':sub_kelas:, 'ROMBEL ...', '2023')' at line 1 in D:\laragon\www\sim\system\Database\MySQLi\Connection.php:295
Stack trace:
#0 D:\laragon\www\sim\system\Database\MySQLi\Connection.php(295): mysqli->query('INSERT INTO tb_...', 0)
#1 D:\laragon\www\sim\system\Database\BaseConnection.php(692): CodeIgniter\Database\MySQLi\Connection->execute('INSERT INTO tb_...')
#2 D:\laragon\www\sim\system\Database\BaseConnection.php(606): CodeIgniter\Database\BaseConnection->simpleQuery('INSERT INTO tb_...')
#3 D:\laragon\www\sim\app\Models\M_sekolah.php(171): CodeIgniter\Database\BaseConnection->query('INSERT INTO tb_...', Array)
#4 D:\laragon\www\sim\app\Controllers\Admin.php(1148): App\Models\M_sekolah->tambah_rombel_sekolah('2f3bd0be-5929-1...', '10', 'A', 'ROMBEL ...', '2023')
#5 D:\laragon\www\sim\system\CodeIgniter.php(932): App\Controllers\Admin->simpan_rombel()
#6 D:\laragon\www\sim\system\CodeIgniter.php(497): CodeIgniter\CodeIgniter->runController(Object(App\Controllers\Admin))
#7 D:\laragon\www\sim\system\CodeIgniter.php(366): CodeIgniter\CodeIgniter->handleRequest(NULL, Object(Config\Cache), false)
#8 D:\laragon\www\sim\public\index.php(67): CodeIgniter\CodeIgniter->run()
#9 D:\laragon\www\sim\system\Commands\Server\rewrite.php(47): require_once('D:\\laragon\\www\\...')
#10 {main}
CRITICAL - 2023-10-19 08:07:13 --> You have an error in your SQL syntax; check the manual that corresponds to your MySQL server version for the right syntax to use near ':sub_kelas:, 'ROMBEL ...', '2023')' at line 1
in SYSTEMPATH\Database\MySQLi\Connection.php on line 295.
 1 SYSTEMPATH\Database\MySQLi\Connection.php(295): mysqli->query('INSERT INTO tb_rombel (id_sekolah,kelas,sub_kelas,nama_rombel,tahun_mulai) VALUES (\'2f3bd0be-5929-11ee-ac1f-00ffe2cd5f16\', \'10\', :sub_kelas:, \'ROMBEL ...\', \'2023\')', 0)
 2 SYSTEMPATH\Database\BaseConnection.php(692): CodeIgniter\Database\MySQLi\Connection->execute('INSERT INTO tb_rombel (id_sekolah,kelas,sub_kelas,nama_rombel,tahun_mulai) VALUES (\'2f3bd0be-5929-11ee-ac1f-00ffe2cd5f16\', \'10\', :sub_kelas:, \'ROMBEL ...\', \'2023\')')
 3 SYSTEMPATH\Database\BaseConnection.php(606): CodeIgniter\Database\BaseConnection->simpleQuery('INSERT INTO tb_rombel (id_sekolah,kelas,sub_kelas,nama_rombel,tahun_mulai) VALUES (\'2f3bd0be-5929-11ee-ac1f-00ffe2cd5f16\', \'10\', :sub_kelas:, \'ROMBEL ...\', \'2023\')')
 4 APPPATH\Models\M_sekolah.php(171): CodeIgniter\Database\BaseConnection->query('INSERT INTO tb_rombel (id_sekolah,kelas,sub_kelas,nama_rombel,tahun_mulai) VALUES (:id_sekolah:, :kelas:, :sub_kelas:, :rombel:, :tahun_mulai:)', [...])
 5 APPPATH\Controllers\Admin.php(1148): App\Models\M_sekolah->tambah_rombel_sekolah('2f3bd0be-5929-11ee-ac1f-00ffe2cd5f16', '10', 'A', 'ROMBEL ...', '2023')
 6 SYSTEMPATH\CodeIgniter.php(932): App\Controllers\Admin->simpan_rombel()
 7 SYSTEMPATH\CodeIgniter.php(497): CodeIgniter\CodeIgniter->runController(Object(App\Controllers\Admin))
 8 SYSTEMPATH\CodeIgniter.php(366): CodeIgniter\CodeIgniter->handleRequest(null, Object(Config\Cache), false)
 9 FCPATH\index.php(67): CodeIgniter\CodeIgniter->run()
10 SYSTEMPATH\Commands\Server\rewrite.php(47): require_once('D:\\laragon\\www\\sim\\public\\index.php')
INFO - 2023-10-19 08:07:13 --> Session: Class initialized using 'CodeIgniter\Session\Handlers\FileHandler' driver.
INFO - 2023-10-19 08:12:50 --> Session: Class initialized using 'CodeIgniter\Session\Handlers\FileHandler' driver.
INFO - 2023-10-19 08:13:56 --> Session: Class initialized using 'CodeIgniter\Session\Handlers\FileHandler' driver.
ERROR - 2023-10-19 08:13:56 --> mysqli_sql_exception: You have an error in your SQL syntax; check the manual that corresponds to your MySQL server version for the right syntax to use near ':sub_kelas:, 'X-6', '2023')' at line 1 in D:\laragon\www\sim\system\Database\MySQLi\Connection.php:295
Stack trace:
#0 D:\laragon\www\sim\system\Database\MySQLi\Connection.php(295): mysqli->query('INSERT INTO tb_...', 0)
#1 D:\laragon\www\sim\system\Database\BaseConnection.php(692): CodeIgniter\Database\MySQLi\Connection->execute('INSERT INTO tb_...')
#2 D:\laragon\www\sim\system\Database\BaseConnection.php(606): CodeIgniter\Database\BaseConnection->simpleQuery('INSERT INTO tb_...')
#3 D:\laragon\www\sim\app\Models\M_sekolah.php(171): CodeIgniter\Database\BaseConnection->query('INSERT INTO tb_...', Array)
#4 D:\laragon\www\sim\app\Controllers\Admin.php(1148): App\Models\M_sekolah->tambah_rombel_sekolah('2f3bd0be-5929-1...', '10', '-', 'X-6', '2023')
#5 D:\laragon\www\sim\system\CodeIgniter.php(932): App\Controllers\Admin->simpan_rombel()
#6 D:\laragon\www\sim\system\CodeIgniter.php(497): CodeIgniter\CodeIgniter->runController(Object(App\Controllers\Admin))
#7 D:\laragon\www\sim\system\CodeIgniter.php(366): CodeIgniter\CodeIgniter->handleRequest(NULL, Object(Config\Cache), false)
#8 D:\laragon\www\sim\public\index.php(67): CodeIgniter\CodeIgniter->run()
#9 D:\laragon\www\sim\system\Commands\Server\rewrite.php(47): require_once('D:\\laragon\\www\\...')
#10 {main}
CRITICAL - 2023-10-19 08:13:56 --> You have an error in your SQL syntax; check the manual that corresponds to your MySQL server version for the right syntax to use near ':sub_kelas:, 'X-6', '2023')' at line 1
in SYSTEMPATH\Database\MySQLi\Connection.php on line 295.
 1 SYSTEMPATH\Database\MySQLi\Connection.php(295): mysqli->query('INSERT INTO tb_rombel (id_sekolah,kelas,sub_kelas,nama_rombel,tahun_mulai) VALUES (\'2f3bd0be-5929-11ee-ac1f-00ffe2cd5f16\', \'10\', :sub_kelas:, \'X-6\', \'2023\')', 0)
 2 SYSTEMPATH\Database\BaseConnection.php(692): CodeIgniter\Database\MySQLi\Connection->execute('INSERT INTO tb_rombel (id_sekolah,kelas,sub_kelas,nama_rombel,tahun_mulai) VALUES (\'2f3bd0be-5929-11ee-ac1f-00ffe2cd5f16\', \'10\', :sub_kelas:, \'X-6\', \'2023\')')
 3 SYSTEMPATH\Database\BaseConnection.php(606): CodeIgniter\Database\BaseConnection->simpleQuery('INSERT INTO tb_rombel (id_sekolah,kelas,sub_kelas,nama_rombel,tahun_mulai) VALUES (\'2f3bd0be-5929-11ee-ac1f-00ffe2cd5f16\', \'10\', :sub_kelas:, \'X-6\', \'2023\')')
 4 APPPATH\Models\M_sekolah.php(171): CodeIgniter\Database\BaseConnection->query('INSERT INTO tb_rombel (id_sekolah,kelas,sub_kelas,nama_rombel,tahun_mulai) VALUES (:id_sekolah:, :kelas:, :sub_kelas:, :rombel:, :tahun_mulai:)', [...])
 5 APPPATH\Controllers\Admin.php(1148): App\Models\M_sekolah->tambah_rombel_sekolah('2f3bd0be-5929-11ee-ac1f-00ffe2cd5f16', '10', '-', 'X-6', '2023')
 6 SYSTEMPATH\CodeIgniter.php(932): App\Controllers\Admin->simpan_rombel()
 7 SYSTEMPATH\CodeIgniter.php(497): CodeIgniter\CodeIgniter->runController(Object(App\Controllers\Admin))
 8 SYSTEMPATH\CodeIgniter.php(366): CodeIgniter\CodeIgniter->handleRequest(null, Object(Config\Cache), false)
 9 FCPATH\index.php(67): CodeIgniter\CodeIgniter->run()
10 SYSTEMPATH\Commands\Server\rewrite.php(47): require_once('D:\\laragon\\www\\sim\\public\\index.php')
INFO - 2023-10-19 08:13:56 --> Session: Class initialized using 'CodeIgniter\Session\Handlers\FileHandler' driver.
INFO - 2023-10-19 08:14:12 --> Session: Class initialized using 'CodeIgniter\Session\Handlers\FileHandler' driver.
ERROR - 2023-10-19 08:14:12 --> mysqli_sql_exception: You have an error in your SQL syntax; check the manual that corresponds to your MySQL server version for the right syntax to use near ':sub_kelas:, 'ROMBEL ...', '2023')' at line 1 in D:\laragon\www\sim\system\Database\MySQLi\Connection.php:295
Stack trace:
#0 D:\laragon\www\sim\system\Database\MySQLi\Connection.php(295): mysqli->query('INSERT INTO tb_...', 0)
#1 D:\laragon\www\sim\system\Database\BaseConnection.php(692): CodeIgniter\Database\MySQLi\Connection->execute('INSERT INTO tb_...')
#2 D:\laragon\www\sim\system\Database\BaseConnection.php(606): CodeIgniter\Database\BaseConnection->simpleQuery('INSERT INTO tb_...')
#3 D:\laragon\www\sim\app\Models\M_sekolah.php(171): CodeIgniter\Database\BaseConnection->query('INSERT INTO tb_...', Array)
#4 D:\laragon\www\sim\app\Controllers\Admin.php(1148): App\Models\M_sekolah->tambah_rombel_sekolah('2f3bd0be-5929-1...', '10', '-', 'ROMBEL ...', '2023')
#5 D:\laragon\www\sim\system\CodeIgniter.php(932): App\Controllers\Admin->simpan_rombel()
#6 D:\laragon\www\sim\system\CodeIgniter.php(497): CodeIgniter\CodeIgniter->runController(Object(App\Controllers\Admin))
#7 D:\laragon\www\sim\system\CodeIgniter.php(366): CodeIgniter\CodeIgniter->handleRequest(NULL, Object(Config\Cache), false)
#8 D:\laragon\www\sim\public\index.php(67): CodeIgniter\CodeIgniter->run()
#9 D:\laragon\www\sim\system\Commands\Server\rewrite.php(47): require_once('D:\\laragon\\www\\...')
#10 {main}
CRITICAL - 2023-10-19 08:14:12 --> You have an error in your SQL syntax; check the manual that corresponds to your MySQL server version for the right syntax to use near ':sub_kelas:, 'ROMBEL ...', '2023')' at line 1
in SYSTEMPATH\Database\MySQLi\Connection.php on line 295.
 1 SYSTEMPATH\Database\MySQLi\Connection.php(295): mysqli->query('INSERT INTO tb_rombel (id_sekolah,kelas,sub_kelas,nama_rombel,tahun_mulai) VALUES (\'2f3bd0be-5929-11ee-ac1f-00ffe2cd5f16\', \'10\', :sub_kelas:, \'ROMBEL ...\', \'2023\')', 0)
 2 SYSTEMPATH\Database\BaseConnection.php(692): CodeIgniter\Database\MySQLi\Connection->execute('INSERT INTO tb_rombel (id_sekolah,kelas,sub_kelas,nama_rombel,tahun_mulai) VALUES (\'2f3bd0be-5929-11ee-ac1f-00ffe2cd5f16\', \'10\', :sub_kelas:, \'ROMBEL ...\', \'2023\')')
 3 SYSTEMPATH\Database\BaseConnection.php(606): CodeIgniter\Database\BaseConnection->simpleQuery('INSERT INTO tb_rombel (id_sekolah,kelas,sub_kelas,nama_rombel,tahun_mulai) VALUES (\'2f3bd0be-5929-11ee-ac1f-00ffe2cd5f16\', \'10\', :sub_kelas:, \'ROMBEL ...\', \'2023\')')
 4 APPPATH\Models\M_sekolah.php(171): CodeIgniter\Database\BaseConnection->query('INSERT INTO tb_rombel (id_sekolah,kelas,sub_kelas,nama_rombel,tahun_mulai) VALUES (:id_sekolah:, :kelas:, :sub_kelas:, :rombel:, :tahun_mulai:)', [...])
 5 APPPATH\Controllers\Admin.php(1148): App\Models\M_sekolah->tambah_rombel_sekolah('2f3bd0be-5929-11ee-ac1f-00ffe2cd5f16', '10', '-', 'ROMBEL ...', '2023')
 6 SYSTEMPATH\CodeIgniter.php(932): App\Controllers\Admin->simpan_rombel()
 7 SYSTEMPATH\CodeIgniter.php(497): CodeIgniter\CodeIgniter->runController(Object(App\Controllers\Admin))
 8 SYSTEMPATH\CodeIgniter.php(366): CodeIgniter\CodeIgniter->handleRequest(null, Object(Config\Cache), false)
 9 FCPATH\index.php(67): CodeIgniter\CodeIgniter->run()
10 SYSTEMPATH\Commands\Server\rewrite.php(47): require_once('D:\\laragon\\www\\sim\\public\\index.php')
INFO - 2023-10-19 08:14:12 --> Session: Class initialized using 'CodeIgniter\Session\Handlers\FileHandler' driver.
INFO - 2023-10-19 08:14:41 --> Session: Class initialized using 'CodeIgniter\Session\Handlers\FileHandler' driver.
INFO - 2023-10-19 08:14:51 --> Session: Class initialized using 'CodeIgniter\Session\Handlers\FileHandler' driver.
ERROR - 2023-10-19 08:14:51 --> mysqli_sql_exception: You have an error in your SQL syntax; check the manual that corresponds to your MySQL server version for the right syntax to use near ':sub_kelas:, 'ROMBEL ...', '2023')' at line 1 in D:\laragon\www\sim\system\Database\MySQLi\Connection.php:295
Stack trace:
#0 D:\laragon\www\sim\system\Database\MySQLi\Connection.php(295): mysqli->query('INSERT INTO tb_...', 0)
#1 D:\laragon\www\sim\system\Database\BaseConnection.php(692): CodeIgniter\Database\MySQLi\Connection->execute('INSERT INTO tb_...')
#2 D:\laragon\www\sim\system\Database\BaseConnection.php(606): CodeIgniter\Database\BaseConnection->simpleQuery('INSERT INTO tb_...')
#3 D:\laragon\www\sim\app\Models\M_sekolah.php(171): CodeIgniter\Database\BaseConnection->query('INSERT INTO tb_...', Array)
#4 D:\laragon\www\sim\app\Controllers\Admin.php(1148): App\Models\M_sekolah->tambah_rombel_sekolah('2f3bd0be-5929-1...', '10', '-', 'ROMBEL ...', '2023')
#5 D:\laragon\www\sim\system\CodeIgniter.php(932): App\Controllers\Admin->simpan_rombel()
#6 D:\laragon\www\sim\system\CodeIgniter.php(497): CodeIgniter\CodeIgniter->runController(Object(App\Controllers\Admin))
#7 D:\laragon\www\sim\system\CodeIgniter.php(366): CodeIgniter\CodeIgniter->handleRequest(NULL, Object(Config\Cache), false)
#8 D:\laragon\www\sim\public\index.php(67): CodeIgniter\CodeIgniter->run()
#9 D:\laragon\www\sim\system\Commands\Server\rewrite.php(47): require_once('D:\\laragon\\www\\...')
#10 {main}
CRITICAL - 2023-10-19 08:14:51 --> You have an error in your SQL syntax; check the manual that corresponds to your MySQL server version for the right syntax to use near ':sub_kelas:, 'ROMBEL ...', '2023')' at line 1
in SYSTEMPATH\Database\MySQLi\Connection.php on line 295.
 1 SYSTEMPATH\Database\MySQLi\Connection.php(295): mysqli->query('INSERT INTO tb_rombel (id_sekolah,kelas,sub_kelas,nama_rombel,tahun_mulai) VALUES (\'2f3bd0be-5929-11ee-ac1f-00ffe2cd5f16\', \'10\', :sub_kelas:, \'ROMBEL ...\', \'2023\')', 0)
 2 SYSTEMPATH\Database\BaseConnection.php(692): CodeIgniter\Database\MySQLi\Connection->execute('INSERT INTO tb_rombel (id_sekolah,kelas,sub_kelas,nama_rombel,tahun_mulai) VALUES (\'2f3bd0be-5929-11ee-ac1f-00ffe2cd5f16\', \'10\', :sub_kelas:, \'ROMBEL ...\', \'2023\')')
 3 SYSTEMPATH\Database\BaseConnection.php(606): CodeIgniter\Database\BaseConnection->simpleQuery('INSERT INTO tb_rombel (id_sekolah,kelas,sub_kelas,nama_rombel,tahun_mulai) VALUES (\'2f3bd0be-5929-11ee-ac1f-00ffe2cd5f16\', \'10\', :sub_kelas:, \'ROMBEL ...\', \'2023\')')
 4 APPPATH\Models\M_sekolah.php(171): CodeIgniter\Database\BaseConnection->query('INSERT INTO tb_rombel (id_sekolah,kelas,sub_kelas,nama_rombel,tahun_mulai) VALUES (:id_sekolah:, :kelas:, :sub_kelas:, :rombel:, :tahun_mulai:)', [...])
 5 APPPATH\Controllers\Admin.php(1148): App\Models\M_sekolah->tambah_rombel_sekolah('2f3bd0be-5929-11ee-ac1f-00ffe2cd5f16', '10', '-', 'ROMBEL ...', '2023')
 6 SYSTEMPATH\CodeIgniter.php(932): App\Controllers\Admin->simpan_rombel()
 7 SYSTEMPATH\CodeIgniter.php(497): CodeIgniter\CodeIgniter->runController(Object(App\Controllers\Admin))
 8 SYSTEMPATH\CodeIgniter.php(366): CodeIgniter\CodeIgniter->handleRequest(null, Object(Config\Cache), false)
 9 FCPATH\index.php(67): CodeIgniter\CodeIgniter->run()
10 SYSTEMPATH\Commands\Server\rewrite.php(47): require_once('D:\\laragon\\www\\sim\\public\\index.php')
INFO - 2023-10-19 08:14:59 --> Session: Class initialized using 'CodeIgniter\Session\Handlers\FileHandler' driver.
CRITICAL - 2023-10-19 08:14:59 --> Trying to access array offset on value of type null
in APPPATH\Controllers\Admin.php on line 1145.
 1 APPPATH\Controllers\Admin.php(1145): CodeIgniter\Debug\Exceptions->errorHandler(2, 'Trying to access array offset on value of type null', 'D:\\laragon\\www\\sim\\app\\Controllers\\Admin.php', 1145)
 2 SYSTEMPATH\CodeIgniter.php(932): App\Controllers\Admin->simpan_rombel()
 3 SYSTEMPATH\CodeIgniter.php(497): CodeIgniter\CodeIgniter->runController(Object(App\Controllers\Admin))
 4 SYSTEMPATH\CodeIgniter.php(366): CodeIgniter\CodeIgniter->handleRequest(null, Object(Config\Cache), false)
 5 FCPATH\index.php(67): CodeIgniter\CodeIgniter->run()
 6 SYSTEMPATH\Commands\Server\rewrite.php(47): require_once('D:\\laragon\\www\\sim\\public\\index.php')
INFO - 2023-10-19 08:17:14 --> Session: Class initialized using 'CodeIgniter\Session\Handlers\FileHandler' driver.
INFO - 2023-10-19 08:17:33 --> Session: Class initialized using 'CodeIgniter\Session\Handlers\FileHandler' driver.
ERROR - 2023-10-19 08:17:33 --> mysqli_sql_exception: You have an error in your SQL syntax; check the manual that corresponds to your MySQL server version for the right syntax to use near ':sub_kelas:, 'X-6', '2023')' at line 1 in D:\laragon\www\sim\system\Database\MySQLi\Connection.php:295
Stack trace:
#0 D:\laragon\www\sim\system\Database\MySQLi\Connection.php(295): mysqli->query('INSERT INTO tb_...', 0)
#1 D:\laragon\www\sim\system\Database\BaseConnection.php(692): CodeIgniter\Database\MySQLi\Connection->execute('INSERT INTO tb_...')
#2 D:\laragon\www\sim\system\Database\BaseConnection.php(606): CodeIgniter\Database\BaseConnection->simpleQuery('INSERT INTO tb_...')
#3 D:\laragon\www\sim\app\Models\M_sekolah.php(171): CodeIgniter\Database\BaseConnection->query('INSERT INTO tb_...', Array)
#4 D:\laragon\www\sim\app\Controllers\Admin.php(1148): App\Models\M_sekolah->tambah_rombel_sekolah('2f3bd0be-5929-1...', '10', '-', 'X-6', '2023')
#5 D:\laragon\www\sim\system\CodeIgniter.php(932): App\Controllers\Admin->simpan_rombel()
#6 D:\laragon\www\sim\system\CodeIgniter.php(497): CodeIgniter\CodeIgniter->runController(Object(App\Controllers\Admin))
#7 D:\laragon\www\sim\system\CodeIgniter.php(366): CodeIgniter\CodeIgniter->handleRequest(NULL, Object(Config\Cache), false)
#8 D:\laragon\www\sim\public\index.php(67): CodeIgniter\CodeIgniter->run()
#9 D:\laragon\www\sim\system\Commands\Server\rewrite.php(47): require_once('D:\\laragon\\www\\...')
#10 {main}
CRITICAL - 2023-10-19 08:17:33 --> You have an error in your SQL syntax; check the manual that corresponds to your MySQL server version for the right syntax to use near ':sub_kelas:, 'X-6', '2023')' at line 1
in SYSTEMPATH\Database\MySQLi\Connection.php on line 295.
 1 SYSTEMPATH\Database\MySQLi\Connection.php(295): mysqli->query('INSERT INTO tb_rombel (id_sekolah,kelas,sub_kelas,nama_rombel,tahun_mulai) VALUES (\'2f3bd0be-5929-11ee-ac1f-00ffe2cd5f16\', \'10\', :sub_kelas:, \'X-6\', \'2023\')', 0)
 2 SYSTEMPATH\Database\BaseConnection.php(692): CodeIgniter\Database\MySQLi\Connection->execute('INSERT INTO tb_rombel (id_sekolah,kelas,sub_kelas,nama_rombel,tahun_mulai) VALUES (\'2f3bd0be-5929-11ee-ac1f-00ffe2cd5f16\', \'10\', :sub_kelas:, \'X-6\', \'2023\')')
 3 SYSTEMPATH\Database\BaseConnection.php(606): CodeIgniter\Database\BaseConnection->simpleQuery('INSERT INTO tb_rombel (id_sekolah,kelas,sub_kelas,nama_rombel,tahun_mulai) VALUES (\'2f3bd0be-5929-11ee-ac1f-00ffe2cd5f16\', \'10\', :sub_kelas:, \'X-6\', \'2023\')')
 4 APPPATH\Models\M_sekolah.php(171): CodeIgniter\Database\BaseConnection->query('INSERT INTO tb_rombel (id_sekolah,kelas,sub_kelas,nama_rombel,tahun_mulai) VALUES (:id_sekolah:, :kelas:, :sub_kelas:, :rombel:, :tahun_mulai:)', [...])
 5 APPPATH\Controllers\Admin.php(1148): App\Models\M_sekolah->tambah_rombel_sekolah('2f3bd0be-5929-11ee-ac1f-00ffe2cd5f16', '10', '-', 'X-6', '2023')
 6 SYSTEMPATH\CodeIgniter.php(932): App\Controllers\Admin->simpan_rombel()
 7 SYSTEMPATH\CodeIgniter.php(497): CodeIgniter\CodeIgniter->runController(Object(App\Controllers\Admin))
 8 SYSTEMPATH\CodeIgniter.php(366): CodeIgniter\CodeIgniter->handleRequest(null, Object(Config\Cache), false)
 9 FCPATH\index.php(67): CodeIgniter\CodeIgniter->run()
10 SYSTEMPATH\Commands\Server\rewrite.php(47): require_once('D:\\laragon\\www\\sim\\public\\index.php')
INFO - 2023-10-19 08:20:37 --> Session: Class initialized using 'CodeIgniter\Session\Handlers\FileHandler' driver.
INFO - 2023-10-19 08:20:52 --> Session: Class initialized using 'CodeIgniter\Session\Handlers\FileHandler' driver.
INFO - 2023-10-19 08:21:00 --> Session: Class initialized using 'CodeIgniter\Session\Handlers\FileHandler' driver.
ERROR - 2023-10-19 08:21:00 --> mysqli_sql_exception: You have an error in your SQL syntax; check the manual that corresponds to your MySQL server version for the right syntax to use near ':sub_kelas:, 'X-6', '2023')' at line 1 in D:\laragon\www\sim\system\Database\MySQLi\Connection.php:295
Stack trace:
#0 D:\laragon\www\sim\system\Database\MySQLi\Connection.php(295): mysqli->query('INSERT INTO tb_...', 0)
#1 D:\laragon\www\sim\system\Database\BaseConnection.php(692): CodeIgniter\Database\MySQLi\Connection->execute('INSERT INTO tb_...')
#2 D:\laragon\www\sim\system\Database\BaseConnection.php(606): CodeIgniter\Database\BaseConnection->simpleQuery('INSERT INTO tb_...')
#3 D:\laragon\www\sim\app\Models\M_sekolah.php(171): CodeIgniter\Database\BaseConnection->query('INSERT INTO tb_...', Array)
#4 D:\laragon\www\sim\app\Controllers\Admin.php(1148): App\Models\M_sekolah->tambah_rombel_sekolah('2f3bd0be-5929-1...', '10', 'A', 'X-6', '2023')
#5 D:\laragon\www\sim\system\CodeIgniter.php(932): App\Controllers\Admin->simpan_rombel()
#6 D:\laragon\www\sim\system\CodeIgniter.php(497): CodeIgniter\CodeIgniter->runController(Object(App\Controllers\Admin))
#7 D:\laragon\www\sim\system\CodeIgniter.php(366): CodeIgniter\CodeIgniter->handleRequest(NULL, Object(Config\Cache), false)
#8 D:\laragon\www\sim\public\index.php(67): CodeIgniter\CodeIgniter->run()
#9 D:\laragon\www\sim\system\Commands\Server\rewrite.php(47): require_once('D:\\laragon\\www\\...')
#10 {main}
CRITICAL - 2023-10-19 08:21:00 --> You have an error in your SQL syntax; check the manual that corresponds to your MySQL server version for the right syntax to use near ':sub_kelas:, 'X-6', '2023')' at line 1
in SYSTEMPATH\Database\MySQLi\Connection.php on line 295.
 1 SYSTEMPATH\Database\MySQLi\Connection.php(295): mysqli->query('INSERT INTO tb_rombel (id_sekolah,kelas,sub_kelas,nama_rombel,tahun_mulai) VALUES (\'2f3bd0be-5929-11ee-ac1f-00ffe2cd5f16\', \'10\', :sub_kelas:, \'X-6\', \'2023\')', 0)
 2 SYSTEMPATH\Database\BaseConnection.php(692): CodeIgniter\Database\MySQLi\Connection->execute('INSERT INTO tb_rombel (id_sekolah,kelas,sub_kelas,nama_rombel,tahun_mulai) VALUES (\'2f3bd0be-5929-11ee-ac1f-00ffe2cd5f16\', \'10\', :sub_kelas:, \'X-6\', \'2023\')')
 3 SYSTEMPATH\Database\BaseConnection.php(606): CodeIgniter\Database\BaseConnection->simpleQuery('INSERT INTO tb_rombel (id_sekolah,kelas,sub_kelas,nama_rombel,tahun_mulai) VALUES (\'2f3bd0be-5929-11ee-ac1f-00ffe2cd5f16\', \'10\', :sub_kelas:, \'X-6\', \'2023\')')
 4 APPPATH\Models\M_sekolah.php(171): CodeIgniter\Database\BaseConnection->query('INSERT INTO tb_rombel (id_sekolah,kelas,sub_kelas,nama_rombel,tahun_mulai) VALUES (:id_sekolah:, :kelas:, :sub_kelas:, :rombel:, :tahun_mulai:)', [...])
 5 APPPATH\Controllers\Admin.php(1148): App\Models\M_sekolah->tambah_rombel_sekolah('2f3bd0be-5929-11ee-ac1f-00ffe2cd5f16', '10', 'A', 'X-6', '2023')
 6 SYSTEMPATH\CodeIgniter.php(932): App\Controllers\Admin->simpan_rombel()
 7 SYSTEMPATH\CodeIgniter.php(497): CodeIgniter\CodeIgniter->runController(Object(App\Controllers\Admin))
 8 SYSTEMPATH\CodeIgniter.php(366): CodeIgniter\CodeIgniter->handleRequest(null, Object(Config\Cache), false)
 9 FCPATH\index.php(67): CodeIgniter\CodeIgniter->run()
10 SYSTEMPATH\Commands\Server\rewrite.php(47): require_once('D:\\laragon\\www\\sim\\public\\index.php')
INFO - 2023-10-19 08:42:37 --> Session: Class initialized using 'CodeIgniter\Session\Handlers\FileHandler' driver.
INFO - 2023-10-19 08:42:43 --> Session: Class initialized using 'CodeIgniter\Session\Handlers\FileHandler' driver.
ERROR - 2023-10-19 08:42:43 --> mysqli_sql_exception: You have an error in your SQL syntax; check the manual that corresponds to your MySQL server version for the right syntax to use near ':sub_kelas:, 'ROMBEL ...', '2023')' at line 1 in D:\laragon\www\sim\system\Database\MySQLi\Connection.php:295
Stack trace:
#0 D:\laragon\www\sim\system\Database\MySQLi\Connection.php(295): mysqli->query('INSERT INTO tb_...', 0)
#1 D:\laragon\www\sim\system\Database\BaseConnection.php(692): CodeIgniter\Database\MySQLi\Connection->execute('INSERT INTO tb_...')
#2 D:\laragon\www\sim\system\Database\BaseConnection.php(606): CodeIgniter\Database\BaseConnection->simpleQuery('INSERT INTO tb_...')
#3 D:\laragon\www\sim\app\Models\M_sekolah.php(171): CodeIgniter\Database\BaseConnection->query('INSERT INTO tb_...', Array)
#4 D:\laragon\www\sim\app\Controllers\Admin.php(1148): App\Models\M_sekolah->tambah_rombel_sekolah('2f3bd0be-5929-1...', '10', 'A', 'ROMBEL ...', '2023')
#5 D:\laragon\www\sim\system\CodeIgniter.php(932): App\Controllers\Admin->simpan_rombel()
#6 D:\laragon\www\sim\system\CodeIgniter.php(497): CodeIgniter\CodeIgniter->runController(Object(App\Controllers\Admin))
#7 D:\laragon\www\sim\system\CodeIgniter.php(366): CodeIgniter\CodeIgniter->handleRequest(NULL, Object(Config\Cache), false)
#8 D:\laragon\www\sim\public\index.php(67): CodeIgniter\CodeIgniter->run()
#9 D:\laragon\www\sim\system\Commands\Server\rewrite.php(47): require_once('D:\\laragon\\www\\...')
#10 {main}
CRITICAL - 2023-10-19 08:42:43 --> You have an error in your SQL syntax; check the manual that corresponds to your MySQL server version for the right syntax to use near ':sub_kelas:, 'ROMBEL ...', '2023')' at line 1
in SYSTEMPATH\Database\MySQLi\Connection.php on line 295.
 1 SYSTEMPATH\Database\MySQLi\Connection.php(295): mysqli->query('INSERT INTO tb_rombel (id_sekolah,kelas,sub_kelas,nama_rombel,tahun_mulai) VALUES (\'2f3bd0be-5929-11ee-ac1f-00ffe2cd5f16\', \'10\', :sub_kelas:, \'ROMBEL ...\', \'2023\')', 0)
 2 SYSTEMPATH\Database\BaseConnection.php(692): CodeIgniter\Database\MySQLi\Connection->execute('INSERT INTO tb_rombel (id_sekolah,kelas,sub_kelas,nama_rombel,tahun_mulai) VALUES (\'2f3bd0be-5929-11ee-ac1f-00ffe2cd5f16\', \'10\', :sub_kelas:, \'ROMBEL ...\', \'2023\')')
 3 SYSTEMPATH\Database\BaseConnection.php(606): CodeIgniter\Database\BaseConnection->simpleQuery('INSERT INTO tb_rombel (id_sekolah,kelas,sub_kelas,nama_rombel,tahun_mulai) VALUES (\'2f3bd0be-5929-11ee-ac1f-00ffe2cd5f16\', \'10\', :sub_kelas:, \'ROMBEL ...\', \'2023\')')
 4 APPPATH\Models\M_sekolah.php(171): CodeIgniter\Database\BaseConnection->query('INSERT INTO tb_rombel (id_sekolah,kelas,sub_kelas,nama_rombel,tahun_mulai) VALUES (:id_sekolah:, :kelas:, :sub_kelas:, :rombel:, :tahun_mulai:)', [...])
 5 APPPATH\Controllers\Admin.php(1148): App\Models\M_sekolah->tambah_rombel_sekolah('2f3bd0be-5929-11ee-ac1f-00ffe2cd5f16', '10', 'A', 'ROMBEL ...', '2023')
 6 SYSTEMPATH\CodeIgniter.php(932): App\Controllers\Admin->simpan_rombel()
 7 SYSTEMPATH\CodeIgniter.php(497): CodeIgniter\CodeIgniter->runController(Object(App\Controllers\Admin))
 8 SYSTEMPATH\CodeIgniter.php(366): CodeIgniter\CodeIgniter->handleRequest(null, Object(Config\Cache), false)
 9 FCPATH\index.php(67): CodeIgniter\CodeIgniter->run()
10 SYSTEMPATH\Commands\Server\rewrite.php(47): require_once('D:\\laragon\\www\\sim\\public\\index.php')
INFO - 2023-10-19 08:44:47 --> Session: Class initialized using 'CodeIgniter\Session\Handlers\FileHandler' driver.
INFO - 2023-10-19 08:44:52 --> Session: Class initialized using 'CodeIgniter\Session\Handlers\FileHandler' driver.
INFO - 2023-10-19 08:45:53 --> Session: Class initialized using 'CodeIgniter\Session\Handlers\FileHandler' driver.
INFO - 2023-10-19 08:46:03 --> Session: Class initialized using 'CodeIgniter\Session\Handlers\FileHandler' driver.
INFO - 2023-10-19 08:48:00 --> Session: Class initialized using 'CodeIgniter\Session\Handlers\FileHandler' driver.
INFO - 2023-10-19 08:48:12 --> Session: Class initialized using 'CodeIgniter\Session\Handlers\FileHandler' driver.
INFO - 2023-10-19 08:48:17 --> Session: Class initialized using 'CodeIgniter\Session\Handlers\FileHandler' driver.
INFO - 2023-10-19 08:49:44 --> Session: Class initialized using 'CodeIgniter\Session\Handlers\FileHandler' driver.
INFO - 2023-10-19 08:49:48 --> Session: Class initialized using 'CodeIgniter\Session\Handlers\FileHandler' driver.
INFO - 2023-10-19 08:49:49 --> Session: Class initialized using 'CodeIgniter\Session\Handlers\FileHandler' driver.
INFO - 2023-10-19 08:49:57 --> Session: Class initialized using 'CodeIgniter\Session\Handlers\FileHandler' driver.
INFO - 2023-10-19 08:49:57 --> Session: Class initialized using 'CodeIgniter\Session\Handlers\FileHandler' driver.
INFO - 2023-10-19 08:50:02 --> Session: Class initialized using 'CodeIgniter\Session\Handlers\FileHandler' driver.
INFO - 2023-10-19 08:50:02 --> Session: Class initialized using 'CodeIgniter\Session\Handlers\FileHandler' driver.
INFO - 2023-10-19 08:51:12 --> Session: Class initialized using 'CodeIgniter\Session\Handlers\FileHandler' driver.
INFO - 2023-10-19 08:52:15 --> Session: Class initialized using 'CodeIgniter\Session\Handlers\FileHandler' driver.
INFO - 2023-10-19 08:59:12 --> Session: Class initialized using 'CodeIgniter\Session\Handlers\FileHandler' driver.
INFO - 2023-10-19 08:59:22 --> Session: Class initialized using 'CodeIgniter\Session\Handlers\FileHandler' driver.
INFO - 2023-10-19 08:59:27 --> Session: Class initialized using 'CodeIgniter\Session\Handlers\FileHandler' driver.
INFO - 2023-10-19 08:59:27 --> Session: Class initialized using 'CodeIgniter\Session\Handlers\FileHandler' driver.
INFO - 2023-10-19 09:03:22 --> Session: Class initialized using 'CodeIgniter\Session\Handlers\FileHandler' driver.
INFO - 2023-10-19 09:03:54 --> Session: Class initialized using 'CodeIgniter\Session\Handlers\FileHandler' driver.
INFO - 2023-10-19 09:04:20 --> Session: Class initialized using 'CodeIgniter\Session\Handlers\FileHandler' driver.
INFO - 2023-10-19 09:05:04 --> Session: Class initialized using 'CodeIgniter\Session\Handlers\FileHandler' driver.
INFO - 2023-10-19 09:06:03 --> Session: Class initialized using 'CodeIgniter\Session\Handlers\FileHandler' driver.
INFO - 2023-10-19 09:06:16 --> Session: Class initialized using 'CodeIgniter\Session\Handlers\FileHandler' driver.
INFO - 2023-10-19 09:08:04 --> Session: Class initialized using 'CodeIgniter\Session\Handlers\FileHandler' driver.
INFO - 2023-10-19 09:35:33 --> Session: Class initialized using 'CodeIgniter\Session\Handlers\FileHandler' driver.
INFO - 2023-10-19 09:35:54 --> Session: Class initialized using 'CodeIgniter\Session\Handlers\FileHandler' driver.
INFO - 2023-10-19 09:37:16 --> Session: Class initialized using 'CodeIgniter\Session\Handlers\FileHandler' driver.
INFO - 2023-10-19 09:37:16 --> Session: Class initialized using 'CodeIgniter\Session\Handlers\FileHandler' driver.
INFO - 2023-10-19 09:37:26 --> Session: Class initialized using 'CodeIgniter\Session\Handlers\FileHandler' driver.
INFO - 2023-10-19 09:37:26 --> Session: Class initialized using 'CodeIgniter\Session\Handlers\FileHandler' driver.
INFO - 2023-10-19 15:55:21 --> Session: Class initialized using 'CodeIgniter\Session\Handlers\FileHandler' driver.
INFO - 2023-10-19 15:55:22 --> Session: Class initialized using 'CodeIgniter\Session\Handlers\FileHandler' driver.
INFO - 2023-10-19 15:55:24 --> Session: Class initialized using 'CodeIgniter\Session\Handlers\FileHandler' driver.
INFO - 2023-10-19 15:55:25 --> Session: Class initialized using 'CodeIgniter\Session\Handlers\FileHandler' driver.
INFO - 2023-10-19 15:57:07 --> Session: Class initialized using 'CodeIgniter\Session\Handlers\FileHandler' driver.
INFO - 2023-10-19 15:57:22 --> Session: Class initialized using 'CodeIgniter\Session\Handlers\FileHandler' driver.
INFO - 2023-10-19 15:57:23 --> Session: Class initialized using 'CodeIgniter\Session\Handlers\FileHandler' driver.
INFO - 2023-10-19 16:26:48 --> Session: Class initialized using 'CodeIgniter\Session\Handlers\FileHandler' driver.
INFO - 2023-10-19 16:26:48 --> Session: Class initialized using 'CodeIgniter\Session\Handlers\FileHandler' driver.
INFO - 2023-10-19 16:26:52 --> Session: Class initialized using 'CodeIgniter\Session\Handlers\FileHandler' driver.
INFO - 2023-10-19 16:26:53 --> Session: Class initialized using 'CodeIgniter\Session\Handlers\FileHandler' driver.
INFO - 2023-10-19 16:26:56 --> Session: Class initialized using 'CodeIgniter\Session\Handlers\FileHandler' driver.
INFO - 2023-10-19 16:26:59 --> Session: Class initialized using 'CodeIgniter\Session\Handlers\FileHandler' driver.
INFO - 2023-10-19 16:27:04 --> Session: Class initialized using 'CodeIgniter\Session\Handlers\FileHandler' driver.
INFO - 2023-10-19 16:27:04 --> Session: Class initialized using 'CodeIgniter\Session\Handlers\FileHandler' driver.
INFO - 2023-10-19 16:29:36 --> Session: Class initialized using 'CodeIgniter\Session\Handlers\FileHandler' driver.
INFO - 2023-10-19 16:34:49 --> Session: Class initialized using 'CodeIgniter\Session\Handlers\FileHandler' driver.
INFO - 2023-10-19 16:35:53 --> Session: Class initialized using 'CodeIgniter\Session\Handlers\FileHandler' driver.
INFO - 2023-10-19 16:36:03 --> Session: Class initialized using 'CodeIgniter\Session\Handlers\FileHandler' driver.
INFO - 2023-10-19 16:36:27 --> Session: Class initialized using 'CodeIgniter\Session\Handlers\FileHandler' driver.
INFO - 2023-10-19 16:39:11 --> Session: Class initialized using 'CodeIgniter\Session\Handlers\FileHandler' driver.
INFO - 2023-10-19 16:39:29 --> Session: Class initialized using 'CodeIgniter\Session\Handlers\FileHandler' driver.
INFO - 2023-10-19 16:40:33 --> Session: Class initialized using 'CodeIgniter\Session\Handlers\FileHandler' driver.
INFO - 2023-10-19 16:41:31 --> Session: Class initialized using 'CodeIgniter\Session\Handlers\FileHandler' driver.
INFO - 2023-10-19 16:42:05 --> Session: Class initialized using 'CodeIgniter\Session\Handlers\FileHandler' driver.
INFO - 2023-10-19 16:42:40 --> Session: Class initialized using 'CodeIgniter\Session\Handlers\FileHandler' driver.
INFO - 2023-10-19 16:42:52 --> Session: Class initialized using 'CodeIgniter\Session\Handlers\FileHandler' driver.
INFO - 2023-10-19 16:42:52 --> Session: Class initialized using 'CodeIgniter\Session\Handlers\FileHandler' driver.
INFO - 2023-10-19 16:42:59 --> Session: Class initialized using 'CodeIgniter\Session\Handlers\FileHandler' driver.
INFO - 2023-10-19 16:43:03 --> Session: Class initialized using 'CodeIgniter\Session\Handlers\FileHandler' driver.
INFO - 2023-10-19 16:43:27 --> Session: Class initialized using 'CodeIgniter\Session\Handlers\FileHandler' driver.
INFO - 2023-10-19 16:43:34 --> Session: Class initialized using 'CodeIgniter\Session\Handlers\FileHandler' driver.
INFO - 2023-10-19 16:43:46 --> Session: Class initialized using 'CodeIgniter\Session\Handlers\FileHandler' driver.
INFO - 2023-10-19 16:44:28 --> Session: Class initialized using 'CodeIgniter\Session\Handlers\FileHandler' driver.
INFO - 2023-10-19 16:47:04 --> Session: Class initialized using 'CodeIgniter\Session\Handlers\FileHandler' driver.
INFO - 2023-10-19 16:48:42 --> Session: Class initialized using 'CodeIgniter\Session\Handlers\FileHandler' driver.
INFO - 2023-10-19 16:48:48 --> Session: Class initialized using 'CodeIgniter\Session\Handlers\FileHandler' driver.
INFO - 2023-10-19 16:48:48 --> Session: Class initialized using 'CodeIgniter\Session\Handlers\FileHandler' driver.
INFO - 2023-10-19 16:48:55 --> Session: Class initialized using 'CodeIgniter\Session\Handlers\FileHandler' driver.
INFO - 2023-10-19 16:49:49 --> Session: Class initialized using 'CodeIgniter\Session\Handlers\FileHandler' driver.
INFO - 2023-10-19 16:53:30 --> Session: Class initialized using 'CodeIgniter\Session\Handlers\FileHandler' driver.
INFO - 2023-10-19 17:19:03 --> Session: Class initialized using 'CodeIgniter\Session\Handlers\FileHandler' driver.
INFO - 2023-10-19 17:19:05 --> Session: Class initialized using 'CodeIgniter\Session\Handlers\FileHandler' driver.
INFO - 2023-10-19 17:22:29 --> Session: Class initialized using 'CodeIgniter\Session\Handlers\FileHandler' driver.
INFO - 2023-10-19 17:22:33 --> Session: Class initialized using 'CodeIgniter\Session\Handlers\FileHandler' driver.
INFO - 2023-10-19 17:22:45 --> Session: Class initialized using 'CodeIgniter\Session\Handlers\FileHandler' driver.
INFO - 2023-10-19 17:22:54 --> Session: Class initialized using 'CodeIgniter\Session\Handlers\FileHandler' driver.
INFO - 2023-10-19 17:23:06 --> Session: Class initialized using 'CodeIgniter\Session\Handlers\FileHandler' driver.
INFO - 2023-10-19 17:23:26 --> Session: Class initialized using 'CodeIgniter\Session\Handlers\FileHandler' driver.
INFO - 2023-10-19 17:31:02 --> Session: Class initialized using 'CodeIgniter\Session\Handlers\FileHandler' driver.
INFO - 2023-10-19 17:37:56 --> Session: Class initialized using 'CodeIgniter\Session\Handlers\FileHandler' driver.
INFO - 2023-10-19 17:38:53 --> Session: Class initialized using 'CodeIgniter\Session\Handlers\FileHandler' driver.
INFO - 2023-10-19 17:40:30 --> Session: Class initialized using 'CodeIgniter\Session\Handlers\FileHandler' driver.
INFO - 2023-10-19 17:42:00 --> Session: Class initialized using 'CodeIgniter\Session\Handlers\FileHandler' driver.
INFO - 2023-10-19 17:49:04 --> Session: Class initialized using 'CodeIgniter\Session\Handlers\FileHandler' driver.
INFO - 2023-10-19 17:49:16 --> Session: Class initialized using 'CodeIgniter\Session\Handlers\FileHandler' driver.
INFO - 2023-10-19 20:43:20 --> Session: Class initialized using 'CodeIgniter\Session\Handlers\FileHandler' driver.
INFO - 2023-10-19 20:43:21 --> Session: Class initialized using 'CodeIgniter\Session\Handlers\FileHandler' driver.
INFO - 2023-10-19 20:43:24 --> Session: Class initialized using 'CodeIgniter\Session\Handlers\FileHandler' driver.
INFO - 2023-10-19 20:43:24 --> Session: Class initialized using 'CodeIgniter\Session\Handlers\FileHandler' driver.
INFO - 2023-10-19 20:43:47 --> Session: Class initialized using 'CodeIgniter\Session\Handlers\FileHandler' driver.
CRITICAL - 2023-10-19 20:43:47 --> You must set the database table to be used with your query.
in SYSTEMPATH\Database\BaseConnection.php on line 883.
 1 SYSTEMPATH\Model.php(642): CodeIgniter\Database\BaseConnection->table(null)
 2 SYSTEMPATH\Model.php(828): CodeIgniter\Model->builder()
 3 APPPATH\Controllers\Admin.php(1622): CodeIgniter\Model->__call('get_daftar_rombel', [...])
 4 SYSTEMPATH\CodeIgniter.php(932): App\Controllers\Admin->guru_kelas()
 5 SYSTEMPATH\CodeIgniter.php(497): CodeIgniter\CodeIgniter->runController(Object(App\Controllers\Admin))
 6 SYSTEMPATH\CodeIgniter.php(366): CodeIgniter\CodeIgniter->handleRequest(null, Object(Config\Cache), false)
 7 FCPATH\index.php(67): CodeIgniter\CodeIgniter->run()
 8 SYSTEMPATH\Commands\Server\rewrite.php(47): require_once('D:\\laragon\\www\\sim\\public\\index.php')
INFO - 2023-10-19 20:46:53 --> Session: Class initialized using 'CodeIgniter\Session\Handlers\FileHandler' driver.
CRITICAL - 2023-10-19 20:46:53 --> Undefined variable $daftar_kelas
in APPPATH\Views\v_admin_guru_kelas.php on line 178.
 1 APPPATH\Views\v_admin_guru_kelas.php(178): CodeIgniter\Debug\Exceptions->errorHandler(2, 'Undefined variable $daftar_kelas', 'D:\\laragon\\www\\sim\\app\\Views\\v_admin_guru_kelas.php', 178)
 2 SYSTEMPATH\View\View.php(224): include('D:\\laragon\\www\\sim\\app\\Views\\v_admin_guru_kelas.php')
 3 SYSTEMPATH\View\View.php(227): CodeIgniter\View\View->CodeIgniter\View\{closure}()
 4 SYSTEMPATH\Common.php(1176): CodeIgniter\View\View->render('v_admin_guru_kelas', [], true)
 5 APPPATH\Controllers\Admin.php(1630): view('v_admin_guru_kelas', [...])
 6 SYSTEMPATH\CodeIgniter.php(932): App\Controllers\Admin->guru_kelas()
 7 SYSTEMPATH\CodeIgniter.php(497): CodeIgniter\CodeIgniter->runController(Object(App\Controllers\Admin))
 8 SYSTEMPATH\CodeIgniter.php(366): CodeIgniter\CodeIgniter->handleRequest(null, Object(Config\Cache), false)
 9 FCPATH\index.php(67): CodeIgniter\CodeIgniter->run()
10 SYSTEMPATH\Commands\Server\rewrite.php(47): require_once('D:\\laragon\\www\\sim\\public\\index.php')
INFO - 2023-10-19 20:57:53 --> Session: Class initialized using 'CodeIgniter\Session\Handlers\FileHandler' driver.
INFO - 2023-10-19 20:58:14 --> Session: Class initialized using 'CodeIgniter\Session\Handlers\FileHandler' driver.
