INFO - 2024-04-27 20:21:34 --> Session: Class initialized using 'CodeIgniter\Session\Handlers\FileHandler' driver.
INFO - 2024-04-27 20:21:50 --> Session: Class initialized using 'CodeIgniter\Session\Handlers\FileHandler' driver.
INFO - 2024-04-27 20:21:51 --> Session: Class initialized using 'CodeIgniter\Session\Handlers\FileHandler' driver.
INFO - 2024-04-27 20:22:05 --> Session: Class initialized using 'CodeIgniter\Session\Handlers\FileHandler' driver.
INFO - 2024-04-27 20:22:14 --> Session: Class initialized using 'CodeIgniter\Session\Handlers\FileHandler' driver.
INFO - 2024-04-27 20:22:14 --> Session: Class initialized using 'CodeIgniter\Session\Handlers\FileHandler' driver.
INFO - 2024-04-27 20:22:28 --> Session: Class initialized using 'CodeIgniter\Session\Handlers\FileHandler' driver.
INFO - 2024-04-27 20:22:36 --> Session: Class initialized using 'CodeIgniter\Session\Handlers\FileHandler' driver.
INFO - 2024-04-27 20:22:38 --> Session: Class initialized using 'CodeIgniter\Session\Handlers\FileHandler' driver.
INFO - 2024-04-27 20:22:54 --> Session: Class initialized using 'CodeIgniter\Session\Handlers\FileHandler' driver.
INFO - 2024-04-27 20:22:55 --> Session: Class initialized using 'CodeIgniter\Session\Handlers\FileHandler' driver.
INFO - 2024-04-27 20:23:16 --> Session: Class initialized using 'CodeIgniter\Session\Handlers\FileHandler' driver.
INFO - 2024-04-27 20:24:54 --> Session: Class initialized using 'CodeIgniter\Session\Handlers\FileHandler' driver.
INFO - 2024-04-27 20:36:12 --> Session: Class initialized using 'CodeIgniter\Session\Handlers\FileHandler' driver.
INFO - 2024-04-27 20:37:29 --> Session: Class initialized using 'CodeIgniter\Session\Handlers\FileHandler' driver.
INFO - 2024-04-27 20:39:20 --> Session: Class initialized using 'CodeIgniter\Session\Handlers\FileHandler' driver.
ERROR - 2024-04-27 20:39:20 --> mysqli_sql_exception: Column 'id_sekolah' in where clause is ambiguous in D:\laragon\www\sim\system\Database\MySQLi\Connection.php:295
Stack trace:
#0 D:\laragon\www\sim\system\Database\MySQLi\Connection.php(295): mysqli->query('SELECT * FROM t...', 0)
#1 D:\laragon\www\sim\system\Database\BaseConnection.php(692): CodeIgniter\Database\MySQLi\Connection->execute('SELECT * FROM t...')
#2 D:\laragon\www\sim\system\Database\BaseConnection.php(606): CodeIgniter\Database\BaseConnection->simpleQuery('SELECT * FROM t...')
#3 D:\laragon\www\sim\app\Models\M_user.php(563): CodeIgniter\Database\BaseConnection->query('SELECT * FROM t...', Array)
#4 D:\laragon\www\sim\app\Controllers\User.php(60): App\Models\M_user->getDaftarsiswaBelumEkskul('2d7433d1-b060-4...', 2023, '203', '10', 'X-1')
#5 D:\laragon\www\sim\system\CodeIgniter.php(932): App\Controllers\User->peserta_ekskul()
#6 D:\laragon\www\sim\system\CodeIgniter.php(497): CodeIgniter\CodeIgniter->runController(Object(App\Controllers\User))
#7 D:\laragon\www\sim\system\CodeIgniter.php(366): CodeIgniter\CodeIgniter->handleRequest(NULL, Object(Config\Cache), false)
#8 D:\laragon\www\sim\public\index.php(67): CodeIgniter\CodeIgniter->run()
#9 D:\laragon\www\sim\system\Commands\Server\rewrite.php(47): require_once('D:\\laragon\\www\\...')
#10 {main}
CRITICAL - 2024-04-27 20:39:20 --> Column 'id_sekolah' in where clause is ambiguous
in SYSTEMPATH\Database\MySQLi\Connection.php on line 295.
 1 SYSTEMPATH\Database\MySQLi\Connection.php(295): mysqli->query('SELECT * FROM tb_siswa_sekolah gs
                LEFT JOIN tb_siswa g ON g.nisn = gs.nisn
                LEFT JOIN tb_ekskul_siswa es ON es.nisn = gs.nisn AND es.id_ekskul = \'203\' 
                WHERE id_sekolah = \'2d7433d1-b060-4656-8fd4-5802b49ee54b\' AND kelas = \'10\' AND nama_rombel = \'X-1\' AND tahun_ajaran = 2023
                AND NOT EXISTS (
                    SELECT 1
                    FROM tb_ekskul_siswa
                    WHERE nisn = es.nisn
                )
                ORDER BY kelas, nis', 0)
 2 SYSTEMPATH\Database\BaseConnection.php(692): CodeIgniter\Database\MySQLi\Connection->execute('SELECT * FROM tb_siswa_sekolah gs
                LEFT JOIN tb_siswa g ON g.nisn = gs.nisn
                LEFT JOIN tb_ekskul_siswa es ON es.nisn = gs.nisn AND es.id_ekskul = \'203\' 
                WHERE id_sekolah = \'2d7433d1-b060-4656-8fd4-5802b49ee54b\' AND kelas = \'10\' AND nama_rombel = \'X-1\' AND tahun_ajaran = 2023
                AND NOT EXISTS (
                    SELECT 1
                    FROM tb_ekskul_siswa
                    WHERE nisn = es.nisn
                )
                ORDER BY kelas, nis')
 3 SYSTEMPATH\Database\BaseConnection.php(606): CodeIgniter\Database\BaseConnection->simpleQuery('SELECT * FROM tb_siswa_sekolah gs
                LEFT JOIN tb_siswa g ON g.nisn = gs.nisn
                LEFT JOIN tb_ekskul_siswa es ON es.nisn = gs.nisn AND es.id_ekskul = \'203\' 
                WHERE id_sekolah = \'2d7433d1-b060-4656-8fd4-5802b49ee54b\' AND kelas = \'10\' AND nama_rombel = \'X-1\' AND tahun_ajaran = 2023
                AND NOT EXISTS (
                    SELECT 1
                    FROM tb_ekskul_siswa
                    WHERE nisn = es.nisn
                )
                ORDER BY kelas, nis')
 4 APPPATH\Models\M_user.php(563): CodeIgniter\Database\BaseConnection->query('SELECT * FROM tb_siswa_sekolah gs
                LEFT JOIN tb_siswa g ON g.nisn = gs.nisn
                LEFT JOIN tb_ekskul_siswa es ON es.nisn = gs.nisn AND es.id_ekskul = :id_ekskul: 
                WHERE id_sekolah = :id_sekolah: AND kelas = :kelas: AND nama_rombel = :rombel: AND tahun_ajaran = :tahun_ajaran:
                AND NOT EXISTS (
                    SELECT 1
                    FROM tb_ekskul_siswa
                    WHERE nisn = es.nisn
                )
                ORDER BY kelas, nis', [...])
 5 APPPATH\Controllers\User.php(60): App\Models\M_user->getDaftarsiswaBelumEkskul('2d7433d1-b060-4656-8fd4-5802b49ee54b', 2023, '203', '10', 'X-1')
 6 SYSTEMPATH\CodeIgniter.php(932): App\Controllers\User->peserta_ekskul()
 7 SYSTEMPATH\CodeIgniter.php(497): CodeIgniter\CodeIgniter->runController(Object(App\Controllers\User))
 8 SYSTEMPATH\CodeIgniter.php(366): CodeIgniter\CodeIgniter->handleRequest(null, Object(Config\Cache), false)
 9 FCPATH\index.php(67): CodeIgniter\CodeIgniter->run()
10 SYSTEMPATH\Commands\Server\rewrite.php(47): require_once('D:\\laragon\\www\\sim\\public\\index.php')
INFO - 2024-04-27 20:40:01 --> Session: Class initialized using 'CodeIgniter\Session\Handlers\FileHandler' driver.
INFO - 2024-04-27 20:40:10 --> Session: Class initialized using 'CodeIgniter\Session\Handlers\FileHandler' driver.
INFO - 2024-04-27 20:40:10 --> Session: Class initialized using 'CodeIgniter\Session\Handlers\FileHandler' driver.
INFO - 2024-04-27 20:40:15 --> Session: Class initialized using 'CodeIgniter\Session\Handlers\FileHandler' driver.
INFO - 2024-04-27 20:40:23 --> Session: Class initialized using 'CodeIgniter\Session\Handlers\FileHandler' driver.
INFO - 2024-04-27 20:40:23 --> Session: Class initialized using 'CodeIgniter\Session\Handlers\FileHandler' driver.
INFO - 2024-04-27 20:40:26 --> Session: Class initialized using 'CodeIgniter\Session\Handlers\FileHandler' driver.
INFO - 2024-04-27 20:40:37 --> Session: Class initialized using 'CodeIgniter\Session\Handlers\FileHandler' driver.
INFO - 2024-04-27 20:40:37 --> Session: Class initialized using 'CodeIgniter\Session\Handlers\FileHandler' driver.
INFO - 2024-04-27 20:43:01 --> Session: Class initialized using 'CodeIgniter\Session\Handlers\FileHandler' driver.
INFO - 2024-04-27 20:43:55 --> Session: Class initialized using 'CodeIgniter\Session\Handlers\FileHandler' driver.
INFO - 2024-04-27 20:45:10 --> Session: Class initialized using 'CodeIgniter\Session\Handlers\FileHandler' driver.
INFO - 2024-04-27 20:45:56 --> Session: Class initialized using 'CodeIgniter\Session\Handlers\FileHandler' driver.
INFO - 2024-04-27 20:46:45 --> Session: Class initialized using 'CodeIgniter\Session\Handlers\FileHandler' driver.
INFO - 2024-04-27 20:47:56 --> Session: Class initialized using 'CodeIgniter\Session\Handlers\FileHandler' driver.
ERROR - 2024-04-27 20:47:56 --> mysqli_sql_exception: You have an error in your SQL syntax; check the manual that corresponds to your MariaDB server version for the right syntax to use near '* FROM tb_siswa_sekolah gs
                LEFT JOIN tb_siswa g ON g.nisn = g...' at line 1 in D:\laragon\www\sim\system\Database\MySQLi\Connection.php:295
Stack trace:
#0 D:\laragon\www\sim\system\Database\MySQLi\Connection.php(295): mysqli->query('SELECT gs.nisn ...', 0)
#1 D:\laragon\www\sim\system\Database\BaseConnection.php(692): CodeIgniter\Database\MySQLi\Connection->execute('SELECT gs.nisn ...')
#2 D:\laragon\www\sim\system\Database\BaseConnection.php(606): CodeIgniter\Database\BaseConnection->simpleQuery('SELECT gs.nisn ...')
#3 D:\laragon\www\sim\app\Models\M_user.php(563): CodeIgniter\Database\BaseConnection->query('SELECT gs.nisn ...', Array)
#4 D:\laragon\www\sim\app\Controllers\User.php(60): App\Models\M_user->getDaftarsiswaBelumEkskul('2d7433d1-b060-4...', 2023, '203', '10', 'X-1')
#5 D:\laragon\www\sim\system\CodeIgniter.php(932): App\Controllers\User->peserta_ekskul()
#6 D:\laragon\www\sim\system\CodeIgniter.php(497): CodeIgniter\CodeIgniter->runController(Object(App\Controllers\User))
#7 D:\laragon\www\sim\system\CodeIgniter.php(366): CodeIgniter\CodeIgniter->handleRequest(NULL, Object(Config\Cache), false)
#8 D:\laragon\www\sim\public\index.php(67): CodeIgniter\CodeIgniter->run()
#9 D:\laragon\www\sim\system\Commands\Server\rewrite.php(47): require_once('D:\\laragon\\www\\...')
#10 {main}
CRITICAL - 2024-04-27 20:47:56 --> You have an error in your SQL syntax; check the manual that corresponds to your MariaDB server version for the right syntax to use near '* FROM tb_siswa_sekolah gs
                LEFT JOIN tb_siswa g ON g.nisn = g...' at line 1
in SYSTEMPATH\Database\MySQLi\Connection.php on line 295.
 1 SYSTEMPATH\Database\MySQLi\Connection.php(295): mysqli->query('SELECT gs.nisn as nisn,* FROM tb_siswa_sekolah gs
                LEFT JOIN tb_siswa g ON g.nisn = gs.nisn
                LEFT JOIN tb_ekskul_siswa es ON es.nisn = gs.nisn AND es.id_ekskul = \'203\' 
                WHERE gs.id_sekolah = \'2d7433d1-b060-4656-8fd4-5802b49ee54b\' AND kelas = \'10\' AND nama_rombel = \'X-1\' AND tahun_ajaran = 2023
                AND NOT EXISTS (
                    SELECT 1
                    FROM tb_ekskul_siswa
                    WHERE nisn = es.nisn
                )
                ORDER BY kelas, nis', 0)
 2 SYSTEMPATH\Database\BaseConnection.php(692): CodeIgniter\Database\MySQLi\Connection->execute('SELECT gs.nisn as nisn,* FROM tb_siswa_sekolah gs
                LEFT JOIN tb_siswa g ON g.nisn = gs.nisn
                LEFT JOIN tb_ekskul_siswa es ON es.nisn = gs.nisn AND es.id_ekskul = \'203\' 
                WHERE gs.id_sekolah = \'2d7433d1-b060-4656-8fd4-5802b49ee54b\' AND kelas = \'10\' AND nama_rombel = \'X-1\' AND tahun_ajaran = 2023
                AND NOT EXISTS (
                    SELECT 1
                    FROM tb_ekskul_siswa
                    WHERE nisn = es.nisn
                )
                ORDER BY kelas, nis')
 3 SYSTEMPATH\Database\BaseConnection.php(606): CodeIgniter\Database\BaseConnection->simpleQuery('SELECT gs.nisn as nisn,* FROM tb_siswa_sekolah gs
                LEFT JOIN tb_siswa g ON g.nisn = gs.nisn
                LEFT JOIN tb_ekskul_siswa es ON es.nisn = gs.nisn AND es.id_ekskul = \'203\' 
                WHERE gs.id_sekolah = \'2d7433d1-b060-4656-8fd4-5802b49ee54b\' AND kelas = \'10\' AND nama_rombel = \'X-1\' AND tahun_ajaran = 2023
                AND NOT EXISTS (
                    SELECT 1
                    FROM tb_ekskul_siswa
                    WHERE nisn = es.nisn
                )
                ORDER BY kelas, nis')
 4 APPPATH\Models\M_user.php(563): CodeIgniter\Database\BaseConnection->query('SELECT gs.nisn as nisn,* FROM tb_siswa_sekolah gs
                LEFT JOIN tb_siswa g ON g.nisn = gs.nisn
                LEFT JOIN tb_ekskul_siswa es ON es.nisn = gs.nisn AND es.id_ekskul = :id_ekskul: 
                WHERE gs.id_sekolah = :id_sekolah: AND kelas = :kelas: AND nama_rombel = :rombel: AND tahun_ajaran = :tahun_ajaran:
                AND NOT EXISTS (
                    SELECT 1
                    FROM tb_ekskul_siswa
                    WHERE nisn = es.nisn
                )
                ORDER BY kelas, nis', [...])
 5 APPPATH\Controllers\User.php(60): App\Models\M_user->getDaftarsiswaBelumEkskul('2d7433d1-b060-4656-8fd4-5802b49ee54b', 2023, '203', '10', 'X-1')
 6 SYSTEMPATH\CodeIgniter.php(932): App\Controllers\User->peserta_ekskul()
 7 SYSTEMPATH\CodeIgniter.php(497): CodeIgniter\CodeIgniter->runController(Object(App\Controllers\User))
 8 SYSTEMPATH\CodeIgniter.php(366): CodeIgniter\CodeIgniter->handleRequest(null, Object(Config\Cache), false)
 9 FCPATH\index.php(67): CodeIgniter\CodeIgniter->run()
10 SYSTEMPATH\Commands\Server\rewrite.php(47): require_once('D:\\laragon\\www\\sim\\public\\index.php')
INFO - 2024-04-27 20:48:14 --> Session: Class initialized using 'CodeIgniter\Session\Handlers\FileHandler' driver.
ERROR - 2024-04-27 20:48:14 --> mysqli_sql_exception: You have an error in your SQL syntax; check the manual that corresponds to your MariaDB server version for the right syntax to use near '* FROM tb_siswa_sekolah gs
                LEFT JOIN tb_siswa g ON g.nisn = g...' at line 1 in D:\laragon\www\sim\system\Database\MySQLi\Connection.php:295
Stack trace:
#0 D:\laragon\www\sim\system\Database\MySQLi\Connection.php(295): mysqli->query('SELECT gs.nisn ...', 0)
#1 D:\laragon\www\sim\system\Database\BaseConnection.php(692): CodeIgniter\Database\MySQLi\Connection->execute('SELECT gs.nisn ...')
#2 D:\laragon\www\sim\system\Database\BaseConnection.php(606): CodeIgniter\Database\BaseConnection->simpleQuery('SELECT gs.nisn ...')
#3 D:\laragon\www\sim\app\Models\M_user.php(563): CodeIgniter\Database\BaseConnection->query('SELECT gs.nisn ...', Array)
#4 D:\laragon\www\sim\app\Controllers\User.php(60): App\Models\M_user->getDaftarsiswaBelumEkskul('2d7433d1-b060-4...', 2023, '203', '10', 'X-1')
#5 D:\laragon\www\sim\system\CodeIgniter.php(932): App\Controllers\User->peserta_ekskul()
#6 D:\laragon\www\sim\system\CodeIgniter.php(497): CodeIgniter\CodeIgniter->runController(Object(App\Controllers\User))
#7 D:\laragon\www\sim\system\CodeIgniter.php(366): CodeIgniter\CodeIgniter->handleRequest(NULL, Object(Config\Cache), false)
#8 D:\laragon\www\sim\public\index.php(67): CodeIgniter\CodeIgniter->run()
#9 D:\laragon\www\sim\system\Commands\Server\rewrite.php(47): require_once('D:\\laragon\\www\\...')
#10 {main}
CRITICAL - 2024-04-27 20:48:14 --> You have an error in your SQL syntax; check the manual that corresponds to your MariaDB server version for the right syntax to use near '* FROM tb_siswa_sekolah gs
                LEFT JOIN tb_siswa g ON g.nisn = g...' at line 1
in SYSTEMPATH\Database\MySQLi\Connection.php on line 295.
 1 SYSTEMPATH\Database\MySQLi\Connection.php(295): mysqli->query('SELECT gs.nisn as nisn,* FROM tb_siswa_sekolah gs
                LEFT JOIN tb_siswa g ON g.nisn = gs.nisn
                LEFT JOIN tb_ekskul_siswa es ON es.nisn = gs.nisn AND es.id_ekskul = \'203\' 
                WHERE gs.id_sekolah = \'2d7433d1-b060-4656-8fd4-5802b49ee54b\' AND kelas = \'10\' AND nama_rombel = \'X-1\' AND tahun_ajaran = 2023
                AND NOT EXISTS (
                    SELECT 1
                    FROM tb_ekskul_siswa
                    WHERE nisn = es.nisn
                )
                ORDER BY kelas, nis', 0)
 2 SYSTEMPATH\Database\BaseConnection.php(692): CodeIgniter\Database\MySQLi\Connection->execute('SELECT gs.nisn as nisn,* FROM tb_siswa_sekolah gs
                LEFT JOIN tb_siswa g ON g.nisn = gs.nisn
                LEFT JOIN tb_ekskul_siswa es ON es.nisn = gs.nisn AND es.id_ekskul = \'203\' 
                WHERE gs.id_sekolah = \'2d7433d1-b060-4656-8fd4-5802b49ee54b\' AND kelas = \'10\' AND nama_rombel = \'X-1\' AND tahun_ajaran = 2023
                AND NOT EXISTS (
                    SELECT 1
                    FROM tb_ekskul_siswa
                    WHERE nisn = es.nisn
                )
                ORDER BY kelas, nis')
 3 SYSTEMPATH\Database\BaseConnection.php(606): CodeIgniter\Database\BaseConnection->simpleQuery('SELECT gs.nisn as nisn,* FROM tb_siswa_sekolah gs
                LEFT JOIN tb_siswa g ON g.nisn = gs.nisn
                LEFT JOIN tb_ekskul_siswa es ON es.nisn = gs.nisn AND es.id_ekskul = \'203\' 
                WHERE gs.id_sekolah = \'2d7433d1-b060-4656-8fd4-5802b49ee54b\' AND kelas = \'10\' AND nama_rombel = \'X-1\' AND tahun_ajaran = 2023
                AND NOT EXISTS (
                    SELECT 1
                    FROM tb_ekskul_siswa
                    WHERE nisn = es.nisn
                )
                ORDER BY kelas, nis')
 4 APPPATH\Models\M_user.php(563): CodeIgniter\Database\BaseConnection->query('SELECT gs.nisn as nisn,* FROM tb_siswa_sekolah gs
                LEFT JOIN tb_siswa g ON g.nisn = gs.nisn
                LEFT JOIN tb_ekskul_siswa es ON es.nisn = gs.nisn AND es.id_ekskul = :id_ekskul: 
                WHERE gs.id_sekolah = :id_sekolah: AND kelas = :kelas: AND nama_rombel = :rombel: AND tahun_ajaran = :tahun_ajaran:
                AND NOT EXISTS (
                    SELECT 1
                    FROM tb_ekskul_siswa
                    WHERE nisn = es.nisn
                )
                ORDER BY kelas, nis', [...])
 5 APPPATH\Controllers\User.php(60): App\Models\M_user->getDaftarsiswaBelumEkskul('2d7433d1-b060-4656-8fd4-5802b49ee54b', 2023, '203', '10', 'X-1')
 6 SYSTEMPATH\CodeIgniter.php(932): App\Controllers\User->peserta_ekskul()
 7 SYSTEMPATH\CodeIgniter.php(497): CodeIgniter\CodeIgniter->runController(Object(App\Controllers\User))
 8 SYSTEMPATH\CodeIgniter.php(366): CodeIgniter\CodeIgniter->handleRequest(null, Object(Config\Cache), false)
 9 FCPATH\index.php(67): CodeIgniter\CodeIgniter->run()
10 SYSTEMPATH\Commands\Server\rewrite.php(47): require_once('D:\\laragon\\www\\sim\\public\\index.php')
INFO - 2024-04-27 20:48:33 --> Session: Class initialized using 'CodeIgniter\Session\Handlers\FileHandler' driver.
CRITICAL - 2024-04-27 20:48:33 --> Undefined array key "nama"
in APPPATH\Views\v_peserta_ekskul.php on line 271.
 1 APPPATH\Views\v_peserta_ekskul.php(271): CodeIgniter\Debug\Exceptions->errorHandler(2, 'Undefined array key "nama"', 'D:\\laragon\\www\\sim\\app\\Views\\v_peserta_ekskul.php', 271)
 2 SYSTEMPATH\View\View.php(224): include('D:\\laragon\\www\\sim\\app\\Views\\v_peserta_ekskul.php')
 3 SYSTEMPATH\View\View.php(227): CodeIgniter\View\View->CodeIgniter\View\{closure}()
 4 SYSTEMPATH\Common.php(1176): CodeIgniter\View\View->render('v_peserta_ekskul', [], true)
 5 APPPATH\Controllers\User.php(84): view('v_peserta_ekskul', [...])
 6 SYSTEMPATH\CodeIgniter.php(932): App\Controllers\User->peserta_ekskul()
 7 SYSTEMPATH\CodeIgniter.php(497): CodeIgniter\CodeIgniter->runController(Object(App\Controllers\User))
 8 SYSTEMPATH\CodeIgniter.php(366): CodeIgniter\CodeIgniter->handleRequest(null, Object(Config\Cache), false)
 9 FCPATH\index.php(67): CodeIgniter\CodeIgniter->run()
10 SYSTEMPATH\Commands\Server\rewrite.php(47): require_once('D:\\laragon\\www\\sim\\public\\index.php')
INFO - 2024-04-27 20:48:48 --> Session: Class initialized using 'CodeIgniter\Session\Handlers\FileHandler' driver.
CRITICAL - 2024-04-27 20:48:48 --> Undefined array key "status_pindah"
in APPPATH\Views\v_peserta_ekskul.php on line 266.
 1 APPPATH\Views\v_peserta_ekskul.php(266): CodeIgniter\Debug\Exceptions->errorHandler(2, 'Undefined array key "status_pindah"', 'D:\\laragon\\www\\sim\\app\\Views\\v_peserta_ekskul.php', 266)
 2 SYSTEMPATH\View\View.php(224): include('D:\\laragon\\www\\sim\\app\\Views\\v_peserta_ekskul.php')
 3 SYSTEMPATH\View\View.php(227): CodeIgniter\View\View->CodeIgniter\View\{closure}()
 4 SYSTEMPATH\Common.php(1176): CodeIgniter\View\View->render('v_peserta_ekskul', [], true)
 5 APPPATH\Controllers\User.php(84): view('v_peserta_ekskul', [...])
 6 SYSTEMPATH\CodeIgniter.php(932): App\Controllers\User->peserta_ekskul()
 7 SYSTEMPATH\CodeIgniter.php(497): CodeIgniter\CodeIgniter->runController(Object(App\Controllers\User))
 8 SYSTEMPATH\CodeIgniter.php(366): CodeIgniter\CodeIgniter->handleRequest(null, Object(Config\Cache), false)
 9 FCPATH\index.php(67): CodeIgniter\CodeIgniter->run()
10 SYSTEMPATH\Commands\Server\rewrite.php(47): require_once('D:\\laragon\\www\\sim\\public\\index.php')
INFO - 2024-04-27 20:49:00 --> Session: Class initialized using 'CodeIgniter\Session\Handlers\FileHandler' driver.
CRITICAL - 2024-04-27 20:49:00 --> Undefined array key "status_pindah"
in APPPATH\Views\v_peserta_ekskul.php on line 266.
 1 APPPATH\Views\v_peserta_ekskul.php(266): CodeIgniter\Debug\Exceptions->errorHandler(2, 'Undefined array key "status_pindah"', 'D:\\laragon\\www\\sim\\app\\Views\\v_peserta_ekskul.php', 266)
 2 SYSTEMPATH\View\View.php(224): include('D:\\laragon\\www\\sim\\app\\Views\\v_peserta_ekskul.php')
 3 SYSTEMPATH\View\View.php(227): CodeIgniter\View\View->CodeIgniter\View\{closure}()
 4 SYSTEMPATH\Common.php(1176): CodeIgniter\View\View->render('v_peserta_ekskul', [], true)
 5 APPPATH\Controllers\User.php(84): view('v_peserta_ekskul', [...])
 6 SYSTEMPATH\CodeIgniter.php(932): App\Controllers\User->peserta_ekskul()
 7 SYSTEMPATH\CodeIgniter.php(497): CodeIgniter\CodeIgniter->runController(Object(App\Controllers\User))
 8 SYSTEMPATH\CodeIgniter.php(366): CodeIgniter\CodeIgniter->handleRequest(null, Object(Config\Cache), false)
 9 FCPATH\index.php(67): CodeIgniter\CodeIgniter->run()
10 SYSTEMPATH\Commands\Server\rewrite.php(47): require_once('D:\\laragon\\www\\sim\\public\\index.php')
INFO - 2024-04-27 20:53:12 --> Session: Class initialized using 'CodeIgniter\Session\Handlers\FileHandler' driver.
CRITICAL - 2024-04-27 20:53:12 --> Undefined array key "nis"
in APPPATH\Views\v_peserta_ekskul.php on line 268.
 1 APPPATH\Views\v_peserta_ekskul.php(268): CodeIgniter\Debug\Exceptions->errorHandler(2, 'Undefined array key "nis"', 'D:\\laragon\\www\\sim\\app\\Views\\v_peserta_ekskul.php', 268)
 2 SYSTEMPATH\View\View.php(224): include('D:\\laragon\\www\\sim\\app\\Views\\v_peserta_ekskul.php')
 3 SYSTEMPATH\View\View.php(227): CodeIgniter\View\View->CodeIgniter\View\{closure}()
 4 SYSTEMPATH\Common.php(1176): CodeIgniter\View\View->render('v_peserta_ekskul', [], true)
 5 APPPATH\Controllers\User.php(84): view('v_peserta_ekskul', [...])
 6 SYSTEMPATH\CodeIgniter.php(932): App\Controllers\User->peserta_ekskul()
 7 SYSTEMPATH\CodeIgniter.php(497): CodeIgniter\CodeIgniter->runController(Object(App\Controllers\User))
 8 SYSTEMPATH\CodeIgniter.php(366): CodeIgniter\CodeIgniter->handleRequest(null, Object(Config\Cache), false)
 9 FCPATH\index.php(67): CodeIgniter\CodeIgniter->run()
10 SYSTEMPATH\Commands\Server\rewrite.php(47): require_once('D:\\laragon\\www\\sim\\public\\index.php')
INFO - 2024-04-27 20:54:08 --> Session: Class initialized using 'CodeIgniter\Session\Handlers\FileHandler' driver.
CRITICAL - 2024-04-27 20:54:08 --> Undefined array key "kelas"
in APPPATH\Views\v_peserta_ekskul.php on line 270.
 1 APPPATH\Views\v_peserta_ekskul.php(270): CodeIgniter\Debug\Exceptions->errorHandler(2, 'Undefined array key "kelas"', 'D:\\laragon\\www\\sim\\app\\Views\\v_peserta_ekskul.php', 270)
 2 SYSTEMPATH\View\View.php(224): include('D:\\laragon\\www\\sim\\app\\Views\\v_peserta_ekskul.php')
 3 SYSTEMPATH\View\View.php(227): CodeIgniter\View\View->CodeIgniter\View\{closure}()
 4 SYSTEMPATH\Common.php(1176): CodeIgniter\View\View->render('v_peserta_ekskul', [], true)
 5 APPPATH\Controllers\User.php(84): view('v_peserta_ekskul', [...])
 6 SYSTEMPATH\CodeIgniter.php(932): App\Controllers\User->peserta_ekskul()
 7 SYSTEMPATH\CodeIgniter.php(497): CodeIgniter\CodeIgniter->runController(Object(App\Controllers\User))
 8 SYSTEMPATH\CodeIgniter.php(366): CodeIgniter\CodeIgniter->handleRequest(null, Object(Config\Cache), false)
 9 FCPATH\index.php(67): CodeIgniter\CodeIgniter->run()
10 SYSTEMPATH\Commands\Server\rewrite.php(47): require_once('D:\\laragon\\www\\sim\\public\\index.php')
INFO - 2024-04-27 20:54:36 --> Session: Class initialized using 'CodeIgniter\Session\Handlers\FileHandler' driver.
INFO - 2024-04-27 20:55:15 --> Session: Class initialized using 'CodeIgniter\Session\Handlers\FileHandler' driver.
INFO - 2024-04-27 20:55:22 --> Session: Class initialized using 'CodeIgniter\Session\Handlers\FileHandler' driver.
INFO - 2024-04-27 20:55:22 --> Session: Class initialized using 'CodeIgniter\Session\Handlers\FileHandler' driver.
INFO - 2024-04-27 20:56:47 --> Session: Class initialized using 'CodeIgniter\Session\Handlers\FileHandler' driver.
INFO - 2024-04-27 21:10:10 --> Session: Class initialized using 'CodeIgniter\Session\Handlers\FileHandler' driver.
INFO - 2024-04-27 21:10:16 --> Session: Class initialized using 'CodeIgniter\Session\Handlers\FileHandler' driver.
INFO - 2024-04-27 21:20:05 --> Session: Class initialized using 'CodeIgniter\Session\Handlers\FileHandler' driver.
INFO - 2024-04-27 21:20:09 --> Session: Class initialized using 'CodeIgniter\Session\Handlers\FileHandler' driver.
INFO - 2024-04-27 21:20:12 --> Session: Class initialized using 'CodeIgniter\Session\Handlers\FileHandler' driver.
INFO - 2024-04-27 21:20:57 --> Session: Class initialized using 'CodeIgniter\Session\Handlers\FileHandler' driver.
INFO - 2024-04-27 21:21:03 --> Session: Class initialized using 'CodeIgniter\Session\Handlers\FileHandler' driver.
CRITICAL - 2024-04-27 21:21:03 --> Undefined array key "idx_ekskul"
in APPPATH\Controllers\User.php on line 142.
 1 APPPATH\Controllers\User.php(142): CodeIgniter\Debug\Exceptions->errorHandler(2, 'Undefined array key "idx_ekskul"', 'D:\\laragon\\www\\sim\\app\\Controllers\\User.php', 142)
 2 SYSTEMPATH\CodeIgniter.php(932): App\Controllers\User->hapus_siswa_ekskul()
 3 SYSTEMPATH\CodeIgniter.php(497): CodeIgniter\CodeIgniter->runController(Object(App\Controllers\User))
 4 SYSTEMPATH\CodeIgniter.php(366): CodeIgniter\CodeIgniter->handleRequest(null, Object(Config\Cache), false)
 5 FCPATH\index.php(67): CodeIgniter\CodeIgniter->run()
 6 SYSTEMPATH\Commands\Server\rewrite.php(47): require_once('D:\\laragon\\www\\sim\\public\\index.php')
INFO - 2024-04-27 21:21:03 --> Session: Class initialized using 'CodeIgniter\Session\Handlers\FileHandler' driver.
INFO - 2024-04-27 21:21:38 --> Session: Class initialized using 'CodeIgniter\Session\Handlers\FileHandler' driver.
INFO - 2024-04-27 21:21:44 --> Session: Class initialized using 'CodeIgniter\Session\Handlers\FileHandler' driver.
CRITICAL - 2024-04-27 21:21:44 --> Undefined array key "idx_ekskul"
in APPPATH\Controllers\User.php on line 142.
 1 APPPATH\Controllers\User.php(142): CodeIgniter\Debug\Exceptions->errorHandler(2, 'Undefined array key "idx_ekskul"', 'D:\\laragon\\www\\sim\\app\\Controllers\\User.php', 142)
 2 SYSTEMPATH\CodeIgniter.php(932): App\Controllers\User->hapus_siswa_ekskul()
 3 SYSTEMPATH\CodeIgniter.php(497): CodeIgniter\CodeIgniter->runController(Object(App\Controllers\User))
 4 SYSTEMPATH\CodeIgniter.php(366): CodeIgniter\CodeIgniter->handleRequest(null, Object(Config\Cache), false)
 5 FCPATH\index.php(67): CodeIgniter\CodeIgniter->run()
 6 SYSTEMPATH\Commands\Server\rewrite.php(47): require_once('D:\\laragon\\www\\sim\\public\\index.php')
INFO - 2024-04-27 21:24:19 --> Session: Class initialized using 'CodeIgniter\Session\Handlers\FileHandler' driver.
INFO - 2024-04-27 21:24:22 --> Session: Class initialized using 'CodeIgniter\Session\Handlers\FileHandler' driver.
INFO - 2024-04-27 21:24:22 --> Session: Class initialized using 'CodeIgniter\Session\Handlers\FileHandler' driver.
INFO - 2024-04-27 21:24:25 --> Session: Class initialized using 'CodeIgniter\Session\Handlers\FileHandler' driver.
INFO - 2024-04-27 21:24:29 --> Session: Class initialized using 'CodeIgniter\Session\Handlers\FileHandler' driver.
INFO - 2024-04-27 21:24:29 --> Session: Class initialized using 'CodeIgniter\Session\Handlers\FileHandler' driver.
INFO - 2024-04-27 21:24:43 --> Session: Class initialized using 'CodeIgniter\Session\Handlers\FileHandler' driver.
INFO - 2024-04-27 21:24:43 --> Session: Class initialized using 'CodeIgniter\Session\Handlers\FileHandler' driver.
INFO - 2024-04-27 21:25:08 --> Session: Class initialized using 'CodeIgniter\Session\Handlers\FileHandler' driver.
INFO - 2024-04-27 21:25:11 --> Session: Class initialized using 'CodeIgniter\Session\Handlers\FileHandler' driver.
INFO - 2024-04-27 21:26:25 --> Session: Class initialized using 'CodeIgniter\Session\Handlers\FileHandler' driver.
INFO - 2024-04-27 21:26:39 --> Session: Class initialized using 'CodeIgniter\Session\Handlers\FileHandler' driver.
INFO - 2024-04-27 21:26:43 --> Session: Class initialized using 'CodeIgniter\Session\Handlers\FileHandler' driver.
INFO - 2024-04-27 21:26:44 --> Session: Class initialized using 'CodeIgniter\Session\Handlers\FileHandler' driver.
INFO - 2024-04-27 21:27:08 --> Session: Class initialized using 'CodeIgniter\Session\Handlers\FileHandler' driver.
INFO - 2024-04-27 21:27:08 --> Session: Class initialized using 'CodeIgniter\Session\Handlers\FileHandler' driver.
INFO - 2024-04-27 21:27:13 --> Session: Class initialized using 'CodeIgniter\Session\Handlers\FileHandler' driver.
INFO - 2024-04-27 21:27:13 --> Session: Class initialized using 'CodeIgniter\Session\Handlers\FileHandler' driver.
INFO - 2024-04-27 21:27:19 --> Session: Class initialized using 'CodeIgniter\Session\Handlers\FileHandler' driver.
INFO - 2024-04-27 21:27:49 --> Session: Class initialized using 'CodeIgniter\Session\Handlers\FileHandler' driver.
INFO - 2024-04-27 21:27:52 --> Session: Class initialized using 'CodeIgniter\Session\Handlers\FileHandler' driver.
INFO - 2024-04-27 21:27:54 --> Session: Class initialized using 'CodeIgniter\Session\Handlers\FileHandler' driver.
INFO - 2024-04-27 21:27:56 --> Session: Class initialized using 'CodeIgniter\Session\Handlers\FileHandler' driver.
INFO - 2024-04-27 21:27:58 --> Session: Class initialized using 'CodeIgniter\Session\Handlers\FileHandler' driver.
INFO - 2024-04-27 21:28:04 --> Session: Class initialized using 'CodeIgniter\Session\Handlers\FileHandler' driver.
INFO - 2024-04-27 21:28:07 --> Session: Class initialized using 'CodeIgniter\Session\Handlers\FileHandler' driver.
INFO - 2024-04-27 21:28:14 --> Session: Class initialized using 'CodeIgniter\Session\Handlers\FileHandler' driver.
INFO - 2024-04-27 21:28:16 --> Session: Class initialized using 'CodeIgniter\Session\Handlers\FileHandler' driver.
INFO - 2024-04-27 21:28:26 --> Session: Class initialized using 'CodeIgniter\Session\Handlers\FileHandler' driver.
INFO - 2024-04-27 21:28:27 --> Session: Class initialized using 'CodeIgniter\Session\Handlers\FileHandler' driver.
INFO - 2024-04-27 21:31:50 --> Session: Class initialized using 'CodeIgniter\Session\Handlers\FileHandler' driver.
INFO - 2024-04-27 21:31:52 --> Session: Class initialized using 'CodeIgniter\Session\Handlers\FileHandler' driver.
CRITICAL - 2024-04-27 21:31:52 --> Undefined variable $ikon
in APPPATH\Views\v_peserta_ekskul.php on line 186.
 1 APPPATH\Views\v_peserta_ekskul.php(186): CodeIgniter\Debug\Exceptions->errorHandler(2, 'Undefined variable $ikon', 'D:\\laragon\\www\\sim\\app\\Views\\v_peserta_ekskul.php', 186)
 2 SYSTEMPATH\View\View.php(224): include('D:\\laragon\\www\\sim\\app\\Views\\v_peserta_ekskul.php')
 3 SYSTEMPATH\View\View.php(227): CodeIgniter\View\View->CodeIgniter\View\{closure}()
 4 SYSTEMPATH\Common.php(1176): CodeIgniter\View\View->render('v_peserta_ekskul', [], true)
 5 APPPATH\Controllers\User.php(84): view('v_peserta_ekskul', [...])
 6 SYSTEMPATH\CodeIgniter.php(932): App\Controllers\User->peserta_ekskul()
 7 SYSTEMPATH\CodeIgniter.php(497): CodeIgniter\CodeIgniter->runController(Object(App\Controllers\User))
 8 SYSTEMPATH\CodeIgniter.php(366): CodeIgniter\CodeIgniter->handleRequest(null, Object(Config\Cache), false)
 9 FCPATH\index.php(67): CodeIgniter\CodeIgniter->run()
10 SYSTEMPATH\Commands\Server\rewrite.php(47): require_once('D:\\laragon\\www\\sim\\public\\index.php')
INFO - 2024-04-27 21:32:12 --> Session: Class initialized using 'CodeIgniter\Session\Handlers\FileHandler' driver.
INFO - 2024-04-27 21:32:34 --> Session: Class initialized using 'CodeIgniter\Session\Handlers\FileHandler' driver.
INFO - 2024-04-27 21:33:10 --> Session: Class initialized using 'CodeIgniter\Session\Handlers\FileHandler' driver.
INFO - 2024-04-27 21:33:13 --> Session: Class initialized using 'CodeIgniter\Session\Handlers\FileHandler' driver.
INFO - 2024-04-27 21:33:16 --> Session: Class initialized using 'CodeIgniter\Session\Handlers\FileHandler' driver.
INFO - 2024-04-27 21:33:19 --> Session: Class initialized using 'CodeIgniter\Session\Handlers\FileHandler' driver.
INFO - 2024-04-27 21:33:20 --> Session: Class initialized using 'CodeIgniter\Session\Handlers\FileHandler' driver.
INFO - 2024-04-27 21:33:29 --> Session: Class initialized using 'CodeIgniter\Session\Handlers\FileHandler' driver.
INFO - 2024-04-27 21:33:32 --> Session: Class initialized using 'CodeIgniter\Session\Handlers\FileHandler' driver.
INFO - 2024-04-27 21:34:28 --> Session: Class initialized using 'CodeIgniter\Session\Handlers\FileHandler' driver.
INFO - 2024-04-27 21:34:28 --> Session: Class initialized using 'CodeIgniter\Session\Handlers\FileHandler' driver.
INFO - 2024-04-27 21:34:31 --> Session: Class initialized using 'CodeIgniter\Session\Handlers\FileHandler' driver.
INFO - 2024-04-27 21:34:31 --> Session: Class initialized using 'CodeIgniter\Session\Handlers\FileHandler' driver.
INFO - 2024-04-27 21:34:58 --> Session: Class initialized using 'CodeIgniter\Session\Handlers\FileHandler' driver.
INFO - 2024-04-27 21:35:02 --> Session: Class initialized using 'CodeIgniter\Session\Handlers\FileHandler' driver.
INFO - 2024-04-27 21:35:08 --> Session: Class initialized using 'CodeIgniter\Session\Handlers\FileHandler' driver.
INFO - 2024-04-27 21:35:10 --> Session: Class initialized using 'CodeIgniter\Session\Handlers\FileHandler' driver.
INFO - 2024-04-27 21:35:10 --> Session: Class initialized using 'CodeIgniter\Session\Handlers\FileHandler' driver.
ERROR - 2024-04-27 21:46:28 --> mysqli_sql_exception: Unknown column 'nis' in 'field list' in D:\laragon\www\sim\system\Database\MySQLi\Connection.php:295
Stack trace:
#0 D:\laragon\www\sim\system\Database\MySQLi\Connection.php(295): mysqli->query('SELECT nis, nam...', 0)
#1 D:\laragon\www\sim\system\Database\BaseConnection.php(692): CodeIgniter\Database\MySQLi\Connection->execute('SELECT nis, nam...')
#2 D:\laragon\www\sim\system\Database\BaseConnection.php(606): CodeIgniter\Database\BaseConnection->simpleQuery('SELECT nis, nam...')
#3 D:\laragon\www\sim\app\Models\M_user.php(751): CodeIgniter\Database\BaseConnection->query('SELECT nis, nam...', Array)
#4 D:\laragon\www\sim\app\Controllers\Nilai.php(157): App\Models\M_user->getDaftarNilaiEks('2d7433d1-b060-4...', 2023, '10', 'X-1', '202', 1)
#5 D:\laragon\www\sim\system\CodeIgniter.php(932): App\Controllers\Nilai->index()
#6 D:\laragon\www\sim\system\CodeIgniter.php(497): CodeIgniter\CodeIgniter->runController(Object(App\Controllers\Nilai))
#7 D:\laragon\www\sim\system\CodeIgniter.php(366): CodeIgniter\CodeIgniter->handleRequest(NULL, Object(Config\Cache), false)
#8 D:\laragon\www\sim\public\index.php(67): CodeIgniter\CodeIgniter->run()
#9 D:\laragon\www\sim\system\Commands\Server\rewrite.php(47): require_once('D:\\laragon\\www\\...')
#10 {main}
CRITICAL - 2024-04-27 21:46:28 --> Unknown column 'nis' in 'field list'
in SYSTEMPATH\Database\MySQLi\Connection.php on line 295.
 1 SYSTEMPATH\Database\MySQLi\Connection.php(295): mysqli->query('SELECT nis, nama, jenis_kelamin, alamat, telp, dp.tujuan_pembelajaran, COALESCE(p.nilai_ganjil, 0) as nilai
                FROM tb_ekskul_siswa gs
                CROSS JOIN tb_tujuan_pembelajaran_ekskul dp
                LEFT JOIN tb_siswa s ON s.nisn = gs.nisn 
                LEFT JOIN tb_nilai_eks p ON p.nisn = gs.nisn AND p.id_tp_eks = dp.id
                WHERE gs.id_sekolah = \'2d7433d1-b060-4656-8fd4-5802b49ee54b\' 
                    AND gs.kelas = \'10\' 
                    AND nama_rombel = \'X-1\' 
                    AND gs.tahun_ajaran = 2023
                    AND dp.id_ekskul = \'202\' AND dp.kelas = \'10\'
                ORDER BY gs.nisn, dp.id', 0)
 2 SYSTEMPATH\Database\BaseConnection.php(692): CodeIgniter\Database\MySQLi\Connection->execute('SELECT nis, nama, jenis_kelamin, alamat, telp, dp.tujuan_pembelajaran, COALESCE(p.nilai_ganjil, 0) as nilai
                FROM tb_ekskul_siswa gs
                CROSS JOIN tb_tujuan_pembelajaran_ekskul dp
                LEFT JOIN tb_siswa s ON s.nisn = gs.nisn 
                LEFT JOIN tb_nilai_eks p ON p.nisn = gs.nisn AND p.id_tp_eks = dp.id
                WHERE gs.id_sekolah = \'2d7433d1-b060-4656-8fd4-5802b49ee54b\' 
                    AND gs.kelas = \'10\' 
                    AND nama_rombel = \'X-1\' 
                    AND gs.tahun_ajaran = 2023
                    AND dp.id_ekskul = \'202\' AND dp.kelas = \'10\'
                ORDER BY gs.nisn, dp.id')
 3 SYSTEMPATH\Database\BaseConnection.php(606): CodeIgniter\Database\BaseConnection->simpleQuery('SELECT nis, nama, jenis_kelamin, alamat, telp, dp.tujuan_pembelajaran, COALESCE(p.nilai_ganjil, 0) as nilai
                FROM tb_ekskul_siswa gs
                CROSS JOIN tb_tujuan_pembelajaran_ekskul dp
                LEFT JOIN tb_siswa s ON s.nisn = gs.nisn 
                LEFT JOIN tb_nilai_eks p ON p.nisn = gs.nisn AND p.id_tp_eks = dp.id
                WHERE gs.id_sekolah = \'2d7433d1-b060-4656-8fd4-5802b49ee54b\' 
                    AND gs.kelas = \'10\' 
                    AND nama_rombel = \'X-1\' 
                    AND gs.tahun_ajaran = 2023
                    AND dp.id_ekskul = \'202\' AND dp.kelas = \'10\'
                ORDER BY gs.nisn, dp.id')
 4 APPPATH\Models\M_user.php(751): CodeIgniter\Database\BaseConnection->query('SELECT nis, nama, jenis_kelamin, alamat, telp, dp.tujuan_pembelajaran, COALESCE(p.nilai_ganjil, 0) as nilai
                FROM tb_ekskul_siswa gs
                CROSS JOIN tb_tujuan_pembelajaran_ekskul dp
                LEFT JOIN tb_siswa s ON s.nisn = gs.nisn 
                LEFT JOIN tb_nilai_eks p ON p.nisn = gs.nisn AND p.id_tp_eks = dp.id
                WHERE gs.id_sekolah = :id_sekolah: 
                    AND gs.kelas = :kelas: 
                    AND nama_rombel = :rombel: 
                    AND gs.tahun_ajaran = :tahun_ajaran:
                    AND dp.id_ekskul = :id_ekskul: AND dp.kelas = :kelas:
                ORDER BY gs.nisn, dp.id', [...])
 5 APPPATH\Controllers\Nilai.php(157): App\Models\M_user->getDaftarNilaiEks('2d7433d1-b060-4656-8fd4-5802b49ee54b', 2023, '10', 'X-1', '202', 1)
 6 SYSTEMPATH\CodeIgniter.php(932): App\Controllers\Nilai->index()
 7 SYSTEMPATH\CodeIgniter.php(497): CodeIgniter\CodeIgniter->runController(Object(App\Controllers\Nilai))
 8 SYSTEMPATH\CodeIgniter.php(366): CodeIgniter\CodeIgniter->handleRequest(null, Object(Config\Cache), false)
 9 FCPATH\index.php(67): CodeIgniter\CodeIgniter->run()
10 SYSTEMPATH\Commands\Server\rewrite.php(47): require_once('D:\\laragon\\www\\sim\\public\\index.php')
