CRITICAL - 2023-11-09 05:50:45 --> Attempt to read property "nuptk" on null
in APPPATH\Controllers\Presensi.php on line 24.
 1 APPPATH\Controllers\Presensi.php(24): CodeIgniter\Debug\Exceptions->errorHandler(2, 'Attempt to read property "nuptk" on null', 'D:\\laragon\\www\\sim\\app\\Controllers\\Presensi.php', 24)
 2 SYSTEMPATH\CodeIgniter.php(932): App\Controllers\Presensi->index()
 3 SYSTEMPATH\CodeIgniter.php(497): CodeIgniter\CodeIgniter->runController(Object(App\Controllers\Presensi))
 4 SYSTEMPATH\CodeIgniter.php(366): CodeIgniter\CodeIgniter->handleRequest(null, Object(Config\Cache), false)
 5 FCPATH\index.php(67): CodeIgniter\CodeIgniter->run()
 6 SYSTEMPATH\Commands\Server\rewrite.php(47): require_once('D:\\laragon\\www\\sim\\public\\index.php')
CRITICAL - 2023-11-09 05:51:00 --> Attempt to read property "nuptk" on null
in APPPATH\Controllers\Presensi.php on line 24.
 1 APPPATH\Controllers\Presensi.php(24): CodeIgniter\Debug\Exceptions->errorHandler(2, 'Attempt to read property "nuptk" on null', 'D:\\laragon\\www\\sim\\app\\Controllers\\Presensi.php', 24)
 2 SYSTEMPATH\CodeIgniter.php(932): App\Controllers\Presensi->index()
 3 SYSTEMPATH\CodeIgniter.php(497): CodeIgniter\CodeIgniter->runController(Object(App\Controllers\Presensi))
 4 SYSTEMPATH\CodeIgniter.php(366): CodeIgniter\CodeIgniter->handleRequest(null, Object(Config\Cache), false)
 5 FCPATH\index.php(67): CodeIgniter\CodeIgniter->run()
 6 SYSTEMPATH\Commands\Server\rewrite.php(47): require_once('D:\\laragon\\www\\sim\\public\\index.php')
CRITICAL - 2023-11-09 05:52:12 --> App\Controllers\Presensi::index(): Return value must be of type string, CodeIgniter\HTTP\RedirectResponse returned
in APPPATH\Controllers\Presensi.php on line 19.
 1 SYSTEMPATH\CodeIgniter.php(932): App\Controllers\Presensi->index()
 2 SYSTEMPATH\CodeIgniter.php(497): CodeIgniter\CodeIgniter->runController(Object(App\Controllers\Presensi))
 3 SYSTEMPATH\CodeIgniter.php(366): CodeIgniter\CodeIgniter->handleRequest(null, Object(Config\Cache), false)
 4 FCPATH\index.php(67): CodeIgniter\CodeIgniter->run()
 5 SYSTEMPATH\Commands\Server\rewrite.php(47): require_once('D:\\laragon\\www\\sim\\public\\index.php')
INFO - 2023-11-09 05:52:27 --> Session: Class initialized using 'CodeIgniter\Session\Handlers\FileHandler' driver.
CRITICAL - 2023-11-09 05:52:27 --> App\Controllers\Presensi::index(): Return value must be of type string, CodeIgniter\HTTP\RedirectResponse returned
in APPPATH\Controllers\Presensi.php on line 19.
 1 SYSTEMPATH\CodeIgniter.php(932): App\Controllers\Presensi->index()
 2 SYSTEMPATH\CodeIgniter.php(497): CodeIgniter\CodeIgniter->runController(Object(App\Controllers\Presensi))
 3 SYSTEMPATH\CodeIgniter.php(366): CodeIgniter\CodeIgniter->handleRequest(null, Object(Config\Cache), false)
 4 FCPATH\index.php(67): CodeIgniter\CodeIgniter->run()
 5 SYSTEMPATH\Commands\Server\rewrite.php(47): require_once('D:\\laragon\\www\\sim\\public\\index.php')
INFO - 2023-11-09 05:52:58 --> Session: Class initialized using 'CodeIgniter\Session\Handlers\FileHandler' driver.
INFO - 2023-11-09 05:52:58 --> Session: Class initialized using 'CodeIgniter\Session\Handlers\FileHandler' driver.
CRITICAL - 2023-11-09 05:58:38 --> Array callback must have exactly two elements
in APPPATH\Controllers\Presensi.php on line 59.
 1 SYSTEMPATH\CodeIgniter.php(932): App\Controllers\Presensi->get_data_presensi()
 2 SYSTEMPATH\CodeIgniter.php(497): CodeIgniter\CodeIgniter->runController(Object(App\Controllers\Presensi))
 3 SYSTEMPATH\CodeIgniter.php(366): CodeIgniter\CodeIgniter->handleRequest(null, Object(Config\Cache), false)
 4 FCPATH\index.php(67): CodeIgniter\CodeIgniter->run()
 5 SYSTEMPATH\Commands\Server\rewrite.php(47): require_once('D:\\laragon\\www\\sim\\public\\index.php')
CRITICAL - 2023-11-09 05:58:40 --> Array callback must have exactly two elements
in APPPATH\Controllers\Presensi.php on line 59.
 1 SYSTEMPATH\CodeIgniter.php(932): App\Controllers\Presensi->get_data_presensi()
 2 SYSTEMPATH\CodeIgniter.php(497): CodeIgniter\CodeIgniter->runController(Object(App\Controllers\Presensi))
 3 SYSTEMPATH\CodeIgniter.php(366): CodeIgniter\CodeIgniter->handleRequest(null, Object(Config\Cache), false)
 4 FCPATH\index.php(67): CodeIgniter\CodeIgniter->run()
 5 SYSTEMPATH\Commands\Server\rewrite.php(47): require_once('D:\\laragon\\www\\sim\\public\\index.php')
CRITICAL - 2023-11-09 05:58:41 --> Array callback must have exactly two elements
in APPPATH\Controllers\Presensi.php on line 59.
 1 SYSTEMPATH\CodeIgniter.php(932): App\Controllers\Presensi->get_data_presensi()
 2 SYSTEMPATH\CodeIgniter.php(497): CodeIgniter\CodeIgniter->runController(Object(App\Controllers\Presensi))
 3 SYSTEMPATH\CodeIgniter.php(366): CodeIgniter\CodeIgniter->handleRequest(null, Object(Config\Cache), false)
 4 FCPATH\index.php(67): CodeIgniter\CodeIgniter->run()
 5 SYSTEMPATH\Commands\Server\rewrite.php(47): require_once('D:\\laragon\\www\\sim\\public\\index.php')
CRITICAL - 2023-11-09 05:58:42 --> Array callback must have exactly two elements
in APPPATH\Controllers\Presensi.php on line 59.
 1 SYSTEMPATH\CodeIgniter.php(932): App\Controllers\Presensi->get_data_presensi()
 2 SYSTEMPATH\CodeIgniter.php(497): CodeIgniter\CodeIgniter->runController(Object(App\Controllers\Presensi))
 3 SYSTEMPATH\CodeIgniter.php(366): CodeIgniter\CodeIgniter->handleRequest(null, Object(Config\Cache), false)
 4 FCPATH\index.php(67): CodeIgniter\CodeIgniter->run()
 5 SYSTEMPATH\Commands\Server\rewrite.php(47): require_once('D:\\laragon\\www\\sim\\public\\index.php')
CRITICAL - 2023-11-09 05:58:43 --> Array callback must have exactly two elements
in APPPATH\Controllers\Presensi.php on line 59.
 1 SYSTEMPATH\CodeIgniter.php(932): App\Controllers\Presensi->get_data_presensi()
 2 SYSTEMPATH\CodeIgniter.php(497): CodeIgniter\CodeIgniter->runController(Object(App\Controllers\Presensi))
 3 SYSTEMPATH\CodeIgniter.php(366): CodeIgniter\CodeIgniter->handleRequest(null, Object(Config\Cache), false)
 4 FCPATH\index.php(67): CodeIgniter\CodeIgniter->run()
 5 SYSTEMPATH\Commands\Server\rewrite.php(47): require_once('D:\\laragon\\www\\sim\\public\\index.php')
CRITICAL - 2023-11-09 05:58:54 --> Array callback must have exactly two elements
in APPPATH\Controllers\Presensi.php on line 59.
 1 SYSTEMPATH\CodeIgniter.php(932): App\Controllers\Presensi->get_data_presensi()
 2 SYSTEMPATH\CodeIgniter.php(497): CodeIgniter\CodeIgniter->runController(Object(App\Controllers\Presensi))
 3 SYSTEMPATH\CodeIgniter.php(366): CodeIgniter\CodeIgniter->handleRequest(null, Object(Config\Cache), false)
 4 FCPATH\index.php(67): CodeIgniter\CodeIgniter->run()
 5 SYSTEMPATH\Commands\Server\rewrite.php(47): require_once('D:\\laragon\\www\\sim\\public\\index.php')
CRITICAL - 2023-11-09 05:59:36 --> Array callback must have exactly two elements
in APPPATH\Controllers\Presensi.php on line 59.
 1 SYSTEMPATH\CodeIgniter.php(932): App\Controllers\Presensi->get_data_presensi()
 2 SYSTEMPATH\CodeIgniter.php(497): CodeIgniter\CodeIgniter->runController(Object(App\Controllers\Presensi))
 3 SYSTEMPATH\CodeIgniter.php(366): CodeIgniter\CodeIgniter->handleRequest(null, Object(Config\Cache), false)
 4 FCPATH\index.php(67): CodeIgniter\CodeIgniter->run()
 5 SYSTEMPATH\Commands\Server\rewrite.php(47): require_once('D:\\laragon\\www\\sim\\public\\index.php')
CRITICAL - 2023-11-09 05:59:42 --> Array callback must have exactly two elements
in APPPATH\Controllers\Presensi.php on line 59.
 1 SYSTEMPATH\CodeIgniter.php(932): App\Controllers\Presensi->get_data_presensi()
 2 SYSTEMPATH\CodeIgniter.php(497): CodeIgniter\CodeIgniter->runController(Object(App\Controllers\Presensi))
 3 SYSTEMPATH\CodeIgniter.php(366): CodeIgniter\CodeIgniter->handleRequest(null, Object(Config\Cache), false)
 4 FCPATH\index.php(67): CodeIgniter\CodeIgniter->run()
 5 SYSTEMPATH\Commands\Server\rewrite.php(47): require_once('D:\\laragon\\www\\sim\\public\\index.php')
CRITICAL - 2023-11-09 06:00:05 --> Array callback must have exactly two elements
in APPPATH\Controllers\Presensi.php on line 59.
 1 SYSTEMPATH\CodeIgniter.php(932): App\Controllers\Presensi->get_data_presensi()
 2 SYSTEMPATH\CodeIgniter.php(497): CodeIgniter\CodeIgniter->runController(Object(App\Controllers\Presensi))
 3 SYSTEMPATH\CodeIgniter.php(366): CodeIgniter\CodeIgniter->handleRequest(null, Object(Config\Cache), false)
 4 FCPATH\index.php(67): CodeIgniter\CodeIgniter->run()
 5 SYSTEMPATH\Commands\Server\rewrite.php(47): require_once('D:\\laragon\\www\\sim\\public\\index.php')
INFO - 2023-11-09 06:01:16 --> Session: Class initialized using 'CodeIgniter\Session\Handlers\FileHandler' driver.
INFO - 2023-11-09 06:01:30 --> Session: Class initialized using 'CodeIgniter\Session\Handlers\FileHandler' driver.
INFO - 2023-11-09 06:01:34 --> Session: Class initialized using 'CodeIgniter\Session\Handlers\FileHandler' driver.
INFO - 2023-11-09 06:01:36 --> Session: Class initialized using 'CodeIgniter\Session\Handlers\FileHandler' driver.
INFO - 2023-11-09 06:01:37 --> Session: Class initialized using 'CodeIgniter\Session\Handlers\FileHandler' driver.
INFO - 2023-11-09 06:01:38 --> Session: Class initialized using 'CodeIgniter\Session\Handlers\FileHandler' driver.
INFO - 2023-11-09 06:01:40 --> Session: Class initialized using 'CodeIgniter\Session\Handlers\FileHandler' driver.
INFO - 2023-11-09 06:01:42 --> Session: Class initialized using 'CodeIgniter\Session\Handlers\FileHandler' driver.
INFO - 2023-11-09 06:01:52 --> Session: Class initialized using 'CodeIgniter\Session\Handlers\FileHandler' driver.
INFO - 2023-11-09 06:01:55 --> Session: Class initialized using 'CodeIgniter\Session\Handlers\FileHandler' driver.
INFO - 2023-11-09 06:04:14 --> Session: Class initialized using 'CodeIgniter\Session\Handlers\FileHandler' driver.
INFO - 2023-11-09 06:04:23 --> Session: Class initialized using 'CodeIgniter\Session\Handlers\FileHandler' driver.
INFO - 2023-11-09 06:04:27 --> Session: Class initialized using 'CodeIgniter\Session\Handlers\FileHandler' driver.
INFO - 2023-11-09 06:06:48 --> Session: Class initialized using 'CodeIgniter\Session\Handlers\FileHandler' driver.
INFO - 2023-11-09 06:06:50 --> Session: Class initialized using 'CodeIgniter\Session\Handlers\FileHandler' driver.
INFO - 2023-11-09 06:11:40 --> Session: Class initialized using 'CodeIgniter\Session\Handlers\FileHandler' driver.
INFO - 2023-11-09 06:11:41 --> Session: Class initialized using 'CodeIgniter\Session\Handlers\FileHandler' driver.
INFO - 2023-11-09 06:11:43 --> Session: Class initialized using 'CodeIgniter\Session\Handlers\FileHandler' driver.
INFO - 2023-11-09 06:12:44 --> Session: Class initialized using 'CodeIgniter\Session\Handlers\FileHandler' driver.
INFO - 2023-11-09 06:12:46 --> Session: Class initialized using 'CodeIgniter\Session\Handlers\FileHandler' driver.
CRITICAL - 2023-11-09 10:54:35 --> Array to string conversion
in APPPATH\Views\v_presensi.php on line 224.
 1 APPPATH\Views\v_presensi.php(224): CodeIgniter\Debug\Exceptions->errorHandler(2, 'Array to string conversion', 'D:\\laragon\\www\\sim\\app\\Views\\v_presensi.php', 224)
 2 SYSTEMPATH\View\View.php(224): include('D:\\laragon\\www\\sim\\app\\Views\\v_presensi.php')
 3 SYSTEMPATH\View\View.php(227): CodeIgniter\View\View->CodeIgniter\View\{closure}()
 4 SYSTEMPATH\Common.php(1176): CodeIgniter\View\View->render('v_presensi', [], true)
 5 APPPATH\Controllers\Presensi.php(50): view('v_presensi', [...])
 6 SYSTEMPATH\CodeIgniter.php(932): App\Controllers\Presensi->index()
 7 SYSTEMPATH\CodeIgniter.php(497): CodeIgniter\CodeIgniter->runController(Object(App\Controllers\Presensi))
 8 SYSTEMPATH\CodeIgniter.php(366): CodeIgniter\CodeIgniter->handleRequest(null, Object(Config\Cache), false)
 9 FCPATH\index.php(67): CodeIgniter\CodeIgniter->run()
10 SYSTEMPATH\Commands\Server\rewrite.php(47): require_once('D:\\laragon\\www\\sim\\public\\index.php')
INFO - 2023-11-09 10:54:55 --> Session: Class initialized using 'CodeIgniter\Session\Handlers\FileHandler' driver.
CRITICAL - 2023-11-09 10:54:55 --> Array to string conversion
in APPPATH\Views\v_presensi.php on line 224.
 1 APPPATH\Views\v_presensi.php(224): CodeIgniter\Debug\Exceptions->errorHandler(2, 'Array to string conversion', 'D:\\laragon\\www\\sim\\app\\Views\\v_presensi.php', 224)
 2 SYSTEMPATH\View\View.php(224): include('D:\\laragon\\www\\sim\\app\\Views\\v_presensi.php')
 3 SYSTEMPATH\View\View.php(227): CodeIgniter\View\View->CodeIgniter\View\{closure}()
 4 SYSTEMPATH\Common.php(1176): CodeIgniter\View\View->render('v_presensi', [], true)
 5 APPPATH\Controllers\Presensi.php(50): view('v_presensi', [...])
 6 SYSTEMPATH\CodeIgniter.php(932): App\Controllers\Presensi->index()
 7 SYSTEMPATH\CodeIgniter.php(497): CodeIgniter\CodeIgniter->runController(Object(App\Controllers\Presensi))
 8 SYSTEMPATH\CodeIgniter.php(366): CodeIgniter\CodeIgniter->handleRequest(null, Object(Config\Cache), false)
 9 FCPATH\index.php(67): CodeIgniter\CodeIgniter->run()
10 SYSTEMPATH\Commands\Server\rewrite.php(47): require_once('D:\\laragon\\www\\sim\\public\\index.php')
CRITICAL - 2023-11-09 10:55:44 --> Array to string conversion
in APPPATH\Views\v_presensi.php on line 224.
 1 APPPATH\Views\v_presensi.php(224): CodeIgniter\Debug\Exceptions->errorHandler(2, 'Array to string conversion', 'D:\\laragon\\www\\sim\\app\\Views\\v_presensi.php', 224)
 2 SYSTEMPATH\View\View.php(224): include('D:\\laragon\\www\\sim\\app\\Views\\v_presensi.php')
 3 SYSTEMPATH\View\View.php(227): CodeIgniter\View\View->CodeIgniter\View\{closure}()
 4 SYSTEMPATH\Common.php(1176): CodeIgniter\View\View->render('v_presensi', [], true)
 5 APPPATH\Controllers\Presensi.php(50): view('v_presensi', [...])
 6 SYSTEMPATH\CodeIgniter.php(932): App\Controllers\Presensi->index()
 7 SYSTEMPATH\CodeIgniter.php(497): CodeIgniter\CodeIgniter->runController(Object(App\Controllers\Presensi))
 8 SYSTEMPATH\CodeIgniter.php(366): CodeIgniter\CodeIgniter->handleRequest(null, Object(Config\Cache), false)
 9 FCPATH\index.php(67): CodeIgniter\CodeIgniter->run()
10 SYSTEMPATH\Commands\Server\rewrite.php(47): require_once('D:\\laragon\\www\\sim\\public\\index.php')
CRITICAL - 2023-11-09 14:50:49 --> Undefined array key "NIS"
in APPPATH\Controllers\Presensi.php on line 89.
 1 APPPATH\Controllers\Presensi.php(89): CodeIgniter\Debug\Exceptions->errorHandler(2, 'Undefined array key "NIS"', 'D:\\laragon\\www\\sim\\app\\Controllers\\Presensi.php', 89)
 2 SYSTEMPATH\CodeIgniter.php(932): App\Controllers\Presensi->simpan_presensi()
 3 SYSTEMPATH\CodeIgniter.php(497): CodeIgniter\CodeIgniter->runController(Object(App\Controllers\Presensi))
 4 SYSTEMPATH\CodeIgniter.php(366): CodeIgniter\CodeIgniter->handleRequest(null, Object(Config\Cache), false)
 5 FCPATH\index.php(67): CodeIgniter\CodeIgniter->run()
 6 SYSTEMPATH\Commands\Server\rewrite.php(47): require_once('D:\\laragon\\www\\sim\\public\\index.php')
CRITICAL - 2023-11-09 14:52:13 --> Undefined array key "NIS"
in APPPATH\Controllers\Presensi.php on line 89.
 1 APPPATH\Controllers\Presensi.php(89): CodeIgniter\Debug\Exceptions->errorHandler(2, 'Undefined array key "NIS"', 'D:\\laragon\\www\\sim\\app\\Controllers\\Presensi.php', 89)
 2 SYSTEMPATH\CodeIgniter.php(932): App\Controllers\Presensi->simpan_presensi()
 3 SYSTEMPATH\CodeIgniter.php(497): CodeIgniter\CodeIgniter->runController(Object(App\Controllers\Presensi))
 4 SYSTEMPATH\CodeIgniter.php(366): CodeIgniter\CodeIgniter->handleRequest(null, Object(Config\Cache), false)
 5 FCPATH\index.php(67): CodeIgniter\CodeIgniter->run()
 6 SYSTEMPATH\Commands\Server\rewrite.php(47): require_once('D:\\laragon\\www\\sim\\public\\index.php')
CRITICAL - 2023-11-09 14:53:30 --> Undefined array key "NIS"
in APPPATH\Controllers\Presensi.php on line 89.
 1 APPPATH\Controllers\Presensi.php(89): CodeIgniter\Debug\Exceptions->errorHandler(2, 'Undefined array key "NIS"', 'D:\\laragon\\www\\sim\\app\\Controllers\\Presensi.php', 89)
 2 SYSTEMPATH\CodeIgniter.php(932): App\Controllers\Presensi->simpan_presensi()
 3 SYSTEMPATH\CodeIgniter.php(497): CodeIgniter\CodeIgniter->runController(Object(App\Controllers\Presensi))
 4 SYSTEMPATH\CodeIgniter.php(366): CodeIgniter\CodeIgniter->handleRequest(null, Object(Config\Cache), false)
 5 FCPATH\index.php(67): CodeIgniter\CodeIgniter->run()
 6 SYSTEMPATH\Commands\Server\rewrite.php(47): require_once('D:\\laragon\\www\\sim\\public\\index.php')
CRITICAL - 2023-11-09 14:56:07 --> Undefined array key "NIS"
in APPPATH\Controllers\Presensi.php on line 89.
 1 APPPATH\Controllers\Presensi.php(89): CodeIgniter\Debug\Exceptions->errorHandler(2, 'Undefined array key "NIS"', 'D:\\laragon\\www\\sim\\app\\Controllers\\Presensi.php', 89)
 2 SYSTEMPATH\CodeIgniter.php(932): App\Controllers\Presensi->simpan_presensi()
 3 SYSTEMPATH\CodeIgniter.php(497): CodeIgniter\CodeIgniter->runController(Object(App\Controllers\Presensi))
 4 SYSTEMPATH\CodeIgniter.php(366): CodeIgniter\CodeIgniter->handleRequest(null, Object(Config\Cache), false)
 5 FCPATH\index.php(67): CodeIgniter\CodeIgniter->run()
 6 SYSTEMPATH\Commands\Server\rewrite.php(47): require_once('D:\\laragon\\www\\sim\\public\\index.php')
CRITICAL - 2023-11-09 14:56:13 --> Undefined array key "NIS"
in APPPATH\Controllers\Presensi.php on line 89.
 1 APPPATH\Controllers\Presensi.php(89): CodeIgniter\Debug\Exceptions->errorHandler(2, 'Undefined array key "NIS"', 'D:\\laragon\\www\\sim\\app\\Controllers\\Presensi.php', 89)
 2 SYSTEMPATH\CodeIgniter.php(932): App\Controllers\Presensi->simpan_presensi()
 3 SYSTEMPATH\CodeIgniter.php(497): CodeIgniter\CodeIgniter->runController(Object(App\Controllers\Presensi))
 4 SYSTEMPATH\CodeIgniter.php(366): CodeIgniter\CodeIgniter->handleRequest(null, Object(Config\Cache), false)
 5 FCPATH\index.php(67): CodeIgniter\CodeIgniter->run()
 6 SYSTEMPATH\Commands\Server\rewrite.php(47): require_once('D:\\laragon\\www\\sim\\public\\index.php')
CRITICAL - 2023-11-09 14:56:34 --> Undefined array key "NIS"
in APPPATH\Controllers\Presensi.php on line 89.
 1 APPPATH\Controllers\Presensi.php(89): CodeIgniter\Debug\Exceptions->errorHandler(2, 'Undefined array key "NIS"', 'D:\\laragon\\www\\sim\\app\\Controllers\\Presensi.php', 89)
 2 SYSTEMPATH\CodeIgniter.php(932): App\Controllers\Presensi->simpan_presensi()
 3 SYSTEMPATH\CodeIgniter.php(497): CodeIgniter\CodeIgniter->runController(Object(App\Controllers\Presensi))
 4 SYSTEMPATH\CodeIgniter.php(366): CodeIgniter\CodeIgniter->handleRequest(null, Object(Config\Cache), false)
 5 FCPATH\index.php(67): CodeIgniter\CodeIgniter->run()
 6 SYSTEMPATH\Commands\Server\rewrite.php(47): require_once('D:\\laragon\\www\\sim\\public\\index.php')
CRITICAL - 2023-11-09 14:57:01 --> Undefined array key "NIS"
in APPPATH\Controllers\Presensi.php on line 89.
 1 APPPATH\Controllers\Presensi.php(89): CodeIgniter\Debug\Exceptions->errorHandler(2, 'Undefined array key "NIS"', 'D:\\laragon\\www\\sim\\app\\Controllers\\Presensi.php', 89)
 2 SYSTEMPATH\CodeIgniter.php(932): App\Controllers\Presensi->simpan_presensi()
 3 SYSTEMPATH\CodeIgniter.php(497): CodeIgniter\CodeIgniter->runController(Object(App\Controllers\Presensi))
 4 SYSTEMPATH\CodeIgniter.php(366): CodeIgniter\CodeIgniter->handleRequest(null, Object(Config\Cache), false)
 5 FCPATH\index.php(67): CodeIgniter\CodeIgniter->run()
 6 SYSTEMPATH\Commands\Server\rewrite.php(47): require_once('D:\\laragon\\www\\sim\\public\\index.php')
CRITICAL - 2023-11-09 14:57:49 --> Undefined array key "NIS"
in APPPATH\Controllers\Presensi.php on line 89.
 1 APPPATH\Controllers\Presensi.php(89): CodeIgniter\Debug\Exceptions->errorHandler(2, 'Undefined array key "NIS"', 'D:\\laragon\\www\\sim\\app\\Controllers\\Presensi.php', 89)
 2 SYSTEMPATH\CodeIgniter.php(932): App\Controllers\Presensi->simpan_presensi()
 3 SYSTEMPATH\CodeIgniter.php(497): CodeIgniter\CodeIgniter->runController(Object(App\Controllers\Presensi))
 4 SYSTEMPATH\CodeIgniter.php(366): CodeIgniter\CodeIgniter->handleRequest(null, Object(Config\Cache), false)
 5 FCPATH\index.php(67): CodeIgniter\CodeIgniter->run()
 6 SYSTEMPATH\Commands\Server\rewrite.php(47): require_once('D:\\laragon\\www\\sim\\public\\index.php')
CRITICAL - 2023-11-09 15:05:35 --> Trying to access array offset on value of type null
in APPPATH\Controllers\Presensi.php on line 88.
 1 APPPATH\Controllers\Presensi.php(88): CodeIgniter\Debug\Exceptions->errorHandler(2, 'Trying to access array offset on value of type null', 'D:\\laragon\\www\\sim\\app\\Controllers\\Presensi.php', 88)
 2 SYSTEMPATH\CodeIgniter.php(932): App\Controllers\Presensi->simpan_presensi()
 3 SYSTEMPATH\CodeIgniter.php(497): CodeIgniter\CodeIgniter->runController(Object(App\Controllers\Presensi))
 4 SYSTEMPATH\CodeIgniter.php(366): CodeIgniter\CodeIgniter->handleRequest(null, Object(Config\Cache), false)
 5 FCPATH\index.php(67): CodeIgniter\CodeIgniter->run()
 6 SYSTEMPATH\Commands\Server\rewrite.php(47): require_once('D:\\laragon\\www\\sim\\public\\index.php')
CRITICAL - 2023-11-09 15:09:11 --> Cannot access offset of type string on string
in APPPATH\Controllers\Presensi.php on line 107.
 1 SYSTEMPATH\CodeIgniter.php(932): App\Controllers\Presensi->simpan_presensi()
 2 SYSTEMPATH\CodeIgniter.php(497): CodeIgniter\CodeIgniter->runController(Object(App\Controllers\Presensi))
 3 SYSTEMPATH\CodeIgniter.php(366): CodeIgniter\CodeIgniter->handleRequest(null, Object(Config\Cache), false)
 4 FCPATH\index.php(67): CodeIgniter\CodeIgniter->run()
 5 SYSTEMPATH\Commands\Server\rewrite.php(47): require_once('D:\\laragon\\www\\sim\\public\\index.php')
INFO - 2023-11-09 15:09:25 --> Session: Class initialized using 'CodeIgniter\Session\Handlers\FileHandler' driver.
CRITICAL - 2023-11-09 15:09:25 --> Cannot access offset of type string on string
in APPPATH\Controllers\Presensi.php on line 107.
 1 SYSTEMPATH\CodeIgniter.php(932): App\Controllers\Presensi->simpan_presensi()
 2 SYSTEMPATH\CodeIgniter.php(497): CodeIgniter\CodeIgniter->runController(Object(App\Controllers\Presensi))
 3 SYSTEMPATH\CodeIgniter.php(366): CodeIgniter\CodeIgniter->handleRequest(null, Object(Config\Cache), false)
 4 FCPATH\index.php(67): CodeIgniter\CodeIgniter->run()
 5 SYSTEMPATH\Commands\Server\rewrite.php(47): require_once('D:\\laragon\\www\\sim\\public\\index.php')
INFO - 2023-11-09 15:10:52 --> Session: Class initialized using 'CodeIgniter\Session\Handlers\FileHandler' driver.
INFO - 2023-11-09 15:11:45 --> Session: Class initialized using 'CodeIgniter\Session\Handlers\FileHandler' driver.
INFO - 2023-11-09 15:11:47 --> Session: Class initialized using 'CodeIgniter\Session\Handlers\FileHandler' driver.
INFO - 2023-11-09 15:11:51 --> Session: Class initialized using 'CodeIgniter\Session\Handlers\FileHandler' driver.
INFO - 2023-11-09 15:11:53 --> Session: Class initialized using 'CodeIgniter\Session\Handlers\FileHandler' driver.
CRITICAL - 2023-11-09 15:12:15 --> Undefined array key "NIS"
in APPPATH\Controllers\Presensi.php on line 85.
 1 APPPATH\Controllers\Presensi.php(85): CodeIgniter\Debug\Exceptions->errorHandler(2, 'Undefined array key "NIS"', 'D:\\laragon\\www\\sim\\app\\Controllers\\Presensi.php', 85)
 2 SYSTEMPATH\CodeIgniter.php(932): App\Controllers\Presensi->simpan_presensi()
 3 SYSTEMPATH\CodeIgniter.php(497): CodeIgniter\CodeIgniter->runController(Object(App\Controllers\Presensi))
 4 SYSTEMPATH\CodeIgniter.php(366): CodeIgniter\CodeIgniter->handleRequest(null, Object(Config\Cache), false)
 5 FCPATH\index.php(67): CodeIgniter\CodeIgniter->run()
 6 SYSTEMPATH\Commands\Server\rewrite.php(47): require_once('D:\\laragon\\www\\sim\\public\\index.php')
CRITICAL - 2023-11-09 15:12:40 --> Undefined array key "NIS"
in APPPATH\Controllers\Presensi.php on line 85.
 1 APPPATH\Controllers\Presensi.php(85): CodeIgniter\Debug\Exceptions->errorHandler(2, 'Undefined array key "NIS"', 'D:\\laragon\\www\\sim\\app\\Controllers\\Presensi.php', 85)
 2 SYSTEMPATH\CodeIgniter.php(932): App\Controllers\Presensi->simpan_presensi()
 3 SYSTEMPATH\CodeIgniter.php(497): CodeIgniter\CodeIgniter->runController(Object(App\Controllers\Presensi))
 4 SYSTEMPATH\CodeIgniter.php(366): CodeIgniter\CodeIgniter->handleRequest(null, Object(Config\Cache), false)
 5 FCPATH\index.php(67): CodeIgniter\CodeIgniter->run()
 6 SYSTEMPATH\Commands\Server\rewrite.php(47): require_once('D:\\laragon\\www\\sim\\public\\index.php')
CRITICAL - 2023-11-09 15:12:41 --> Undefined array key "NIS"
in APPPATH\Controllers\Presensi.php on line 85.
 1 APPPATH\Controllers\Presensi.php(85): CodeIgniter\Debug\Exceptions->errorHandler(2, 'Undefined array key "NIS"', 'D:\\laragon\\www\\sim\\app\\Controllers\\Presensi.php', 85)
 2 SYSTEMPATH\CodeIgniter.php(932): App\Controllers\Presensi->simpan_presensi()
 3 SYSTEMPATH\CodeIgniter.php(497): CodeIgniter\CodeIgniter->runController(Object(App\Controllers\Presensi))
 4 SYSTEMPATH\CodeIgniter.php(366): CodeIgniter\CodeIgniter->handleRequest(null, Object(Config\Cache), false)
 5 FCPATH\index.php(67): CodeIgniter\CodeIgniter->run()
 6 SYSTEMPATH\Commands\Server\rewrite.php(47): require_once('D:\\laragon\\www\\sim\\public\\index.php')
CRITICAL - 2023-11-09 15:13:39 --> Undefined array key "NIS"
in APPPATH\Controllers\Presensi.php on line 85.
 1 APPPATH\Controllers\Presensi.php(85): CodeIgniter\Debug\Exceptions->errorHandler(2, 'Undefined array key "NIS"', 'D:\\laragon\\www\\sim\\app\\Controllers\\Presensi.php', 85)
 2 SYSTEMPATH\CodeIgniter.php(932): App\Controllers\Presensi->simpan_presensi()
 3 SYSTEMPATH\CodeIgniter.php(497): CodeIgniter\CodeIgniter->runController(Object(App\Controllers\Presensi))
 4 SYSTEMPATH\CodeIgniter.php(366): CodeIgniter\CodeIgniter->handleRequest(null, Object(Config\Cache), false)
 5 FCPATH\index.php(67): CodeIgniter\CodeIgniter->run()
 6 SYSTEMPATH\Commands\Server\rewrite.php(47): require_once('D:\\laragon\\www\\sim\\public\\index.php')
CRITICAL - 2023-11-09 15:14:07 --> Undefined array key "NIS"
in APPPATH\Controllers\Presensi.php on line 85.
 1 APPPATH\Controllers\Presensi.php(85): CodeIgniter\Debug\Exceptions->errorHandler(2, 'Undefined array key "NIS"', 'D:\\laragon\\www\\sim\\app\\Controllers\\Presensi.php', 85)
 2 SYSTEMPATH\CodeIgniter.php(932): App\Controllers\Presensi->simpan_presensi()
 3 SYSTEMPATH\CodeIgniter.php(497): CodeIgniter\CodeIgniter->runController(Object(App\Controllers\Presensi))
 4 SYSTEMPATH\CodeIgniter.php(366): CodeIgniter\CodeIgniter->handleRequest(null, Object(Config\Cache), false)
 5 FCPATH\index.php(67): CodeIgniter\CodeIgniter->run()
 6 SYSTEMPATH\Commands\Server\rewrite.php(47): require_once('D:\\laragon\\www\\sim\\public\\index.php')
ERROR - 2023-11-09 15:15:09 --> mysqli_sql_exception: Unknown column 'NIS' in 'field list' in D:\laragon\www\sim\system\Database\MySQLi\Connection.php:295
Stack trace:
#0 D:\laragon\www\sim\system\Database\MySQLi\Connection.php(295): mysqli->query('INSERT INTO `tb...', 0)
#1 D:\laragon\www\sim\system\Database\BaseConnection.php(692): CodeIgniter\Database\MySQLi\Connection->execute('INSERT INTO `tb...')
#2 D:\laragon\www\sim\system\Database\BaseConnection.php(606): CodeIgniter\Database\BaseConnection->simpleQuery('INSERT INTO `tb...')
#3 D:\laragon\www\sim\system\Database\BaseBuilder.php(2309): CodeIgniter\Database\BaseConnection->query('INSERT INTO `tb...', Array, false)
#4 D:\laragon\www\sim\app\Models\M_user.php(459): CodeIgniter\Database\BaseBuilder->insert(Array)
#5 D:\laragon\www\sim\app\Controllers\Presensi.php(99): App\Models\M_user->simpan_presensi(Array)
#6 D:\laragon\www\sim\system\CodeIgniter.php(932): App\Controllers\Presensi->simpan_presensi()
#7 D:\laragon\www\sim\system\CodeIgniter.php(497): CodeIgniter\CodeIgniter->runController(Object(App\Controllers\Presensi))
#8 D:\laragon\www\sim\system\CodeIgniter.php(366): CodeIgniter\CodeIgniter->handleRequest(NULL, Object(Config\Cache), false)
#9 D:\laragon\www\sim\public\index.php(67): CodeIgniter\CodeIgniter->run()
#10 D:\laragon\www\sim\system\Commands\Server\rewrite.php(47): require_once('D:\\laragon\\www\\...')
#11 {main}
CRITICAL - 2023-11-09 15:15:09 --> Unknown column 'NIS' in 'field list'
in SYSTEMPATH\Database\MySQLi\Connection.php on line 295.
 1 SYSTEMPATH\Database\MySQLi\Connection.php(295): mysqli->query('INSERT INTO `tb_presensi` (`NIS`, `keterangan`, `tanggal`, `id_sekolah`, `nisn`, `status`) VALUES (\'5022\', \'A\', \'2023/10/9\', \'5d784c9e-f35a-4654-9851-b94d22be6f1e\', \'2001000031\', \'A\')', 0)
 2 SYSTEMPATH\Database\BaseConnection.php(692): CodeIgniter\Database\MySQLi\Connection->execute('INSERT INTO `tb_presensi` (`NIS`, `keterangan`, `tanggal`, `id_sekolah`, `nisn`, `status`) VALUES (\'5022\', \'A\', \'2023/10/9\', \'5d784c9e-f35a-4654-9851-b94d22be6f1e\', \'2001000031\', \'A\')')
 3 SYSTEMPATH\Database\BaseConnection.php(606): CodeIgniter\Database\BaseConnection->simpleQuery('INSERT INTO `tb_presensi` (`NIS`, `keterangan`, `tanggal`, `id_sekolah`, `nisn`, `status`) VALUES (\'5022\', \'A\', \'2023/10/9\', \'5d784c9e-f35a-4654-9851-b94d22be6f1e\', \'2001000031\', \'A\')')
 4 SYSTEMPATH\Database\BaseBuilder.php(2309): CodeIgniter\Database\BaseConnection->query('INSERT INTO `tb_presensi` (`NIS`, `keterangan`, `tanggal`, `id_sekolah`, `nisn`, `status`) VALUES (:NIS:, :keterangan:, :tanggal:, :id_sekolah:, :nisn:, :status:)', [...], false)
 5 APPPATH\Models\M_user.php(459): CodeIgniter\Database\BaseBuilder->insert([...])
 6 APPPATH\Controllers\Presensi.php(99): App\Models\M_user->simpan_presensi([...])
 7 SYSTEMPATH\CodeIgniter.php(932): App\Controllers\Presensi->simpan_presensi()
 8 SYSTEMPATH\CodeIgniter.php(497): CodeIgniter\CodeIgniter->runController(Object(App\Controllers\Presensi))
 9 SYSTEMPATH\CodeIgniter.php(366): CodeIgniter\CodeIgniter->handleRequest(null, Object(Config\Cache), false)
10 FCPATH\index.php(67): CodeIgniter\CodeIgniter->run()
11 SYSTEMPATH\Commands\Server\rewrite.php(47): require_once('D:\\laragon\\www\\sim\\public\\index.php')
ERROR - 2023-11-09 15:15:22 --> mysqli_sql_exception: Unknown column 'NIS' in 'field list' in D:\laragon\www\sim\system\Database\MySQLi\Connection.php:295
Stack trace:
#0 D:\laragon\www\sim\system\Database\MySQLi\Connection.php(295): mysqli->query('INSERT INTO `tb...', 0)
#1 D:\laragon\www\sim\system\Database\BaseConnection.php(692): CodeIgniter\Database\MySQLi\Connection->execute('INSERT INTO `tb...')
#2 D:\laragon\www\sim\system\Database\BaseConnection.php(606): CodeIgniter\Database\BaseConnection->simpleQuery('INSERT INTO `tb...')
#3 D:\laragon\www\sim\system\Database\BaseBuilder.php(2309): CodeIgniter\Database\BaseConnection->query('INSERT INTO `tb...', Array, false)
#4 D:\laragon\www\sim\app\Models\M_user.php(459): CodeIgniter\Database\BaseBuilder->insert(Array)
#5 D:\laragon\www\sim\app\Controllers\Presensi.php(99): App\Models\M_user->simpan_presensi(Array)
#6 D:\laragon\www\sim\system\CodeIgniter.php(932): App\Controllers\Presensi->simpan_presensi()
#7 D:\laragon\www\sim\system\CodeIgniter.php(497): CodeIgniter\CodeIgniter->runController(Object(App\Controllers\Presensi))
#8 D:\laragon\www\sim\system\CodeIgniter.php(366): CodeIgniter\CodeIgniter->handleRequest(NULL, Object(Config\Cache), false)
#9 D:\laragon\www\sim\public\index.php(67): CodeIgniter\CodeIgniter->run()
#10 D:\laragon\www\sim\system\Commands\Server\rewrite.php(47): require_once('D:\\laragon\\www\\...')
#11 {main}
CRITICAL - 2023-11-09 15:15:22 --> Unknown column 'NIS' in 'field list'
in SYSTEMPATH\Database\MySQLi\Connection.php on line 295.
 1 SYSTEMPATH\Database\MySQLi\Connection.php(295): mysqli->query('INSERT INTO `tb_presensi` (`NIS`, `keterangan`, `tanggal`, `id_sekolah`, `nisn`, `status`) VALUES (\'5022\', \'I\', \'2023/10/8\', \'5d784c9e-f35a-4654-9851-b94d22be6f1e\', \'2001000031\', \'I\')', 0)
 2 SYSTEMPATH\Database\BaseConnection.php(692): CodeIgniter\Database\MySQLi\Connection->execute('INSERT INTO `tb_presensi` (`NIS`, `keterangan`, `tanggal`, `id_sekolah`, `nisn`, `status`) VALUES (\'5022\', \'I\', \'2023/10/8\', \'5d784c9e-f35a-4654-9851-b94d22be6f1e\', \'2001000031\', \'I\')')
 3 SYSTEMPATH\Database\BaseConnection.php(606): CodeIgniter\Database\BaseConnection->simpleQuery('INSERT INTO `tb_presensi` (`NIS`, `keterangan`, `tanggal`, `id_sekolah`, `nisn`, `status`) VALUES (\'5022\', \'I\', \'2023/10/8\', \'5d784c9e-f35a-4654-9851-b94d22be6f1e\', \'2001000031\', \'I\')')
 4 SYSTEMPATH\Database\BaseBuilder.php(2309): CodeIgniter\Database\BaseConnection->query('INSERT INTO `tb_presensi` (`NIS`, `keterangan`, `tanggal`, `id_sekolah`, `nisn`, `status`) VALUES (:NIS:, :keterangan:, :tanggal:, :id_sekolah:, :nisn:, :status:)', [...], false)
 5 APPPATH\Models\M_user.php(459): CodeIgniter\Database\BaseBuilder->insert([...])
 6 APPPATH\Controllers\Presensi.php(99): App\Models\M_user->simpan_presensi([...])
 7 SYSTEMPATH\CodeIgniter.php(932): App\Controllers\Presensi->simpan_presensi()
 8 SYSTEMPATH\CodeIgniter.php(497): CodeIgniter\CodeIgniter->runController(Object(App\Controllers\Presensi))
 9 SYSTEMPATH\CodeIgniter.php(366): CodeIgniter\CodeIgniter->handleRequest(null, Object(Config\Cache), false)
10 FCPATH\index.php(67): CodeIgniter\CodeIgniter->run()
11 SYSTEMPATH\Commands\Server\rewrite.php(47): require_once('D:\\laragon\\www\\sim\\public\\index.php')
ERROR - 2023-11-09 15:15:25 --> mysqli_sql_exception: Unknown column 'NIS' in 'field list' in D:\laragon\www\sim\system\Database\MySQLi\Connection.php:295
Stack trace:
#0 D:\laragon\www\sim\system\Database\MySQLi\Connection.php(295): mysqli->query('INSERT INTO `tb...', 0)
#1 D:\laragon\www\sim\system\Database\BaseConnection.php(692): CodeIgniter\Database\MySQLi\Connection->execute('INSERT INTO `tb...')
#2 D:\laragon\www\sim\system\Database\BaseConnection.php(606): CodeIgniter\Database\BaseConnection->simpleQuery('INSERT INTO `tb...')
#3 D:\laragon\www\sim\system\Database\BaseBuilder.php(2309): CodeIgniter\Database\BaseConnection->query('INSERT INTO `tb...', Array, false)
#4 D:\laragon\www\sim\app\Models\M_user.php(459): CodeIgniter\Database\BaseBuilder->insert(Array)
#5 D:\laragon\www\sim\app\Controllers\Presensi.php(99): App\Models\M_user->simpan_presensi(Array)
#6 D:\laragon\www\sim\system\CodeIgniter.php(932): App\Controllers\Presensi->simpan_presensi()
#7 D:\laragon\www\sim\system\CodeIgniter.php(497): CodeIgniter\CodeIgniter->runController(Object(App\Controllers\Presensi))
#8 D:\laragon\www\sim\system\CodeIgniter.php(366): CodeIgniter\CodeIgniter->handleRequest(NULL, Object(Config\Cache), false)
#9 D:\laragon\www\sim\public\index.php(67): CodeIgniter\CodeIgniter->run()
#10 D:\laragon\www\sim\system\Commands\Server\rewrite.php(47): require_once('D:\\laragon\\www\\...')
#11 {main}
CRITICAL - 2023-11-09 15:15:25 --> Unknown column 'NIS' in 'field list'
in SYSTEMPATH\Database\MySQLi\Connection.php on line 295.
 1 SYSTEMPATH\Database\MySQLi\Connection.php(295): mysqli->query('INSERT INTO `tb_presensi` (`NIS`, `keterangan`, `tanggal`, `id_sekolah`, `nisn`, `status`) VALUES (\'5022\', \'H\', \'2023/10/8\', \'5d784c9e-f35a-4654-9851-b94d22be6f1e\', \'2001000031\', \'H\')', 0)
 2 SYSTEMPATH\Database\BaseConnection.php(692): CodeIgniter\Database\MySQLi\Connection->execute('INSERT INTO `tb_presensi` (`NIS`, `keterangan`, `tanggal`, `id_sekolah`, `nisn`, `status`) VALUES (\'5022\', \'H\', \'2023/10/8\', \'5d784c9e-f35a-4654-9851-b94d22be6f1e\', \'2001000031\', \'H\')')
 3 SYSTEMPATH\Database\BaseConnection.php(606): CodeIgniter\Database\BaseConnection->simpleQuery('INSERT INTO `tb_presensi` (`NIS`, `keterangan`, `tanggal`, `id_sekolah`, `nisn`, `status`) VALUES (\'5022\', \'H\', \'2023/10/8\', \'5d784c9e-f35a-4654-9851-b94d22be6f1e\', \'2001000031\', \'H\')')
 4 SYSTEMPATH\Database\BaseBuilder.php(2309): CodeIgniter\Database\BaseConnection->query('INSERT INTO `tb_presensi` (`NIS`, `keterangan`, `tanggal`, `id_sekolah`, `nisn`, `status`) VALUES (:NIS:, :keterangan:, :tanggal:, :id_sekolah:, :nisn:, :status:)', [...], false)
 5 APPPATH\Models\M_user.php(459): CodeIgniter\Database\BaseBuilder->insert([...])
 6 APPPATH\Controllers\Presensi.php(99): App\Models\M_user->simpan_presensi([...])
 7 SYSTEMPATH\CodeIgniter.php(932): App\Controllers\Presensi->simpan_presensi()
 8 SYSTEMPATH\CodeIgniter.php(497): CodeIgniter\CodeIgniter->runController(Object(App\Controllers\Presensi))
 9 SYSTEMPATH\CodeIgniter.php(366): CodeIgniter\CodeIgniter->handleRequest(null, Object(Config\Cache), false)
10 FCPATH\index.php(67): CodeIgniter\CodeIgniter->run()
11 SYSTEMPATH\Commands\Server\rewrite.php(47): require_once('D:\\laragon\\www\\sim\\public\\index.php')
ERROR - 2023-11-09 15:16:45 --> mysqli_sql_exception: Unknown column 'NIS' in 'field list' in D:\laragon\www\sim\system\Database\MySQLi\Connection.php:295
Stack trace:
#0 D:\laragon\www\sim\system\Database\MySQLi\Connection.php(295): mysqli->query('INSERT INTO `tb...', 0)
#1 D:\laragon\www\sim\system\Database\BaseConnection.php(692): CodeIgniter\Database\MySQLi\Connection->execute('INSERT INTO `tb...')
#2 D:\laragon\www\sim\system\Database\BaseConnection.php(606): CodeIgniter\Database\BaseConnection->simpleQuery('INSERT INTO `tb...')
#3 D:\laragon\www\sim\system\Database\BaseBuilder.php(2309): CodeIgniter\Database\BaseConnection->query('INSERT INTO `tb...', Array, false)
#4 D:\laragon\www\sim\app\Models\M_user.php(459): CodeIgniter\Database\BaseBuilder->insert(Array)
#5 D:\laragon\www\sim\app\Controllers\Presensi.php(101): App\Models\M_user->simpan_presensi(Array)
#6 D:\laragon\www\sim\system\CodeIgniter.php(932): App\Controllers\Presensi->simpan_presensi()
#7 D:\laragon\www\sim\system\CodeIgniter.php(497): CodeIgniter\CodeIgniter->runController(Object(App\Controllers\Presensi))
#8 D:\laragon\www\sim\system\CodeIgniter.php(366): CodeIgniter\CodeIgniter->handleRequest(NULL, Object(Config\Cache), false)
#9 D:\laragon\www\sim\public\index.php(67): CodeIgniter\CodeIgniter->run()
#10 D:\laragon\www\sim\system\Commands\Server\rewrite.php(47): require_once('D:\\laragon\\www\\...')
#11 {main}
CRITICAL - 2023-11-09 15:16:45 --> Unknown column 'NIS' in 'field list'
in SYSTEMPATH\Database\MySQLi\Connection.php on line 295.
 1 SYSTEMPATH\Database\MySQLi\Connection.php(295): mysqli->query('INSERT INTO `tb_presensi` (`NIS`, `keterangan`, `tanggal`, `id_sekolah`, `nisn`, `status`) VALUES (\'5022\', \'I\', \'2023/10/9\', \'5d784c9e-f35a-4654-9851-b94d22be6f1e\', \'2001000031\', \'I\')', 0)
 2 SYSTEMPATH\Database\BaseConnection.php(692): CodeIgniter\Database\MySQLi\Connection->execute('INSERT INTO `tb_presensi` (`NIS`, `keterangan`, `tanggal`, `id_sekolah`, `nisn`, `status`) VALUES (\'5022\', \'I\', \'2023/10/9\', \'5d784c9e-f35a-4654-9851-b94d22be6f1e\', \'2001000031\', \'I\')')
 3 SYSTEMPATH\Database\BaseConnection.php(606): CodeIgniter\Database\BaseConnection->simpleQuery('INSERT INTO `tb_presensi` (`NIS`, `keterangan`, `tanggal`, `id_sekolah`, `nisn`, `status`) VALUES (\'5022\', \'I\', \'2023/10/9\', \'5d784c9e-f35a-4654-9851-b94d22be6f1e\', \'2001000031\', \'I\')')
 4 SYSTEMPATH\Database\BaseBuilder.php(2309): CodeIgniter\Database\BaseConnection->query('INSERT INTO `tb_presensi` (`NIS`, `keterangan`, `tanggal`, `id_sekolah`, `nisn`, `status`) VALUES (:NIS:, :keterangan:, :tanggal:, :id_sekolah:, :nisn:, :status:)', [...], false)
 5 APPPATH\Models\M_user.php(459): CodeIgniter\Database\BaseBuilder->insert([...])
 6 APPPATH\Controllers\Presensi.php(101): App\Models\M_user->simpan_presensi([...])
 7 SYSTEMPATH\CodeIgniter.php(932): App\Controllers\Presensi->simpan_presensi()
 8 SYSTEMPATH\CodeIgniter.php(497): CodeIgniter\CodeIgniter->runController(Object(App\Controllers\Presensi))
 9 SYSTEMPATH\CodeIgniter.php(366): CodeIgniter\CodeIgniter->handleRequest(null, Object(Config\Cache), false)
10 FCPATH\index.php(67): CodeIgniter\CodeIgniter->run()
11 SYSTEMPATH\Commands\Server\rewrite.php(47): require_once('D:\\laragon\\www\\sim\\public\\index.php')
CRITICAL - 2023-11-09 15:58:31 --> Unsupported operand types: string + string
in APPPATH\Controllers\Presensi.php on line 93.
 1 SYSTEMPATH\CodeIgniter.php(932): App\Controllers\Presensi->simpan_presensi()
 2 SYSTEMPATH\CodeIgniter.php(497): CodeIgniter\CodeIgniter->runController(Object(App\Controllers\Presensi))
 3 SYSTEMPATH\CodeIgniter.php(366): CodeIgniter\CodeIgniter->handleRequest(null, Object(Config\Cache), false)
 4 FCPATH\index.php(67): CodeIgniter\CodeIgniter->run()
 5 SYSTEMPATH\Commands\Server\rewrite.php(47): require_once('D:\\laragon\\www\\sim\\public\\index.php')
CRITICAL - 2023-11-09 16:02:03 --> Unsupported operand types: string + string
in APPPATH\Controllers\Presensi.php on line 93.
 1 SYSTEMPATH\CodeIgniter.php(932): App\Controllers\Presensi->simpan_presensi()
 2 SYSTEMPATH\CodeIgniter.php(497): CodeIgniter\CodeIgniter->runController(Object(App\Controllers\Presensi))
 3 SYSTEMPATH\CodeIgniter.php(366): CodeIgniter\CodeIgniter->handleRequest(null, Object(Config\Cache), false)
 4 FCPATH\index.php(67): CodeIgniter\CodeIgniter->run()
 5 SYSTEMPATH\Commands\Server\rewrite.php(47): require_once('D:\\laragon\\www\\sim\\public\\index.php')
ERROR - 2023-11-09 16:32:43 --> mysqli_sql_exception: Unknown column 'NIS' in 'field list' in D:\laragon\www\sim\system\Database\MySQLi\Connection.php:295
Stack trace:
#0 D:\laragon\www\sim\system\Database\MySQLi\Connection.php(295): mysqli->query('INSERT INTO `tb...', 0)
#1 D:\laragon\www\sim\system\Database\BaseConnection.php(692): CodeIgniter\Database\MySQLi\Connection->execute('INSERT INTO `tb...')
#2 D:\laragon\www\sim\system\Database\BaseConnection.php(606): CodeIgniter\Database\BaseConnection->simpleQuery('INSERT INTO `tb...')
#3 D:\laragon\www\sim\system\Database\BaseBuilder.php(2309): CodeIgniter\Database\BaseConnection->query('INSERT INTO `tb...', Array, false)
#4 D:\laragon\www\sim\app\Models\M_user.php(459): CodeIgniter\Database\BaseBuilder->insert(Array)
#5 D:\laragon\www\sim\app\Controllers\Presensi.php(100): App\Models\M_user->simpan_presensi(Array)
#6 D:\laragon\www\sim\system\CodeIgniter.php(932): App\Controllers\Presensi->simpan_presensi()
#7 D:\laragon\www\sim\system\CodeIgniter.php(497): CodeIgniter\CodeIgniter->runController(Object(App\Controllers\Presensi))
#8 D:\laragon\www\sim\system\CodeIgniter.php(366): CodeIgniter\CodeIgniter->handleRequest(NULL, Object(Config\Cache), false)
#9 D:\laragon\www\sim\public\index.php(67): CodeIgniter\CodeIgniter->run()
#10 D:\laragon\www\sim\system\Commands\Server\rewrite.php(47): require_once('D:\\laragon\\www\\...')
#11 {main}
CRITICAL - 2023-11-09 16:32:43 --> Unknown column 'NIS' in 'field list'
in SYSTEMPATH\Database\MySQLi\Connection.php on line 295.
 1 SYSTEMPATH\Database\MySQLi\Connection.php(295): mysqli->query('INSERT INTO `tb_presensi` (`NIS`, `keterangan`, `tanggal`, `id_sekolah`, `nisn`, `status`) VALUES (\'5022\', \'ABS\', \'2023/11/9\', \'5d784c9e-f35a-4654-9851-b94d22be6f1e\', \'2001000031\', \'ABS\')', 0)
 2 SYSTEMPATH\Database\BaseConnection.php(692): CodeIgniter\Database\MySQLi\Connection->execute('INSERT INTO `tb_presensi` (`NIS`, `keterangan`, `tanggal`, `id_sekolah`, `nisn`, `status`) VALUES (\'5022\', \'ABS\', \'2023/11/9\', \'5d784c9e-f35a-4654-9851-b94d22be6f1e\', \'2001000031\', \'ABS\')')
 3 SYSTEMPATH\Database\BaseConnection.php(606): CodeIgniter\Database\BaseConnection->simpleQuery('INSERT INTO `tb_presensi` (`NIS`, `keterangan`, `tanggal`, `id_sekolah`, `nisn`, `status`) VALUES (\'5022\', \'ABS\', \'2023/11/9\', \'5d784c9e-f35a-4654-9851-b94d22be6f1e\', \'2001000031\', \'ABS\')')
 4 SYSTEMPATH\Database\BaseBuilder.php(2309): CodeIgniter\Database\BaseConnection->query('INSERT INTO `tb_presensi` (`NIS`, `keterangan`, `tanggal`, `id_sekolah`, `nisn`, `status`) VALUES (:NIS:, :keterangan:, :tanggal:, :id_sekolah:, :nisn:, :status:)', [...], false)
 5 APPPATH\Models\M_user.php(459): CodeIgniter\Database\BaseBuilder->insert([...])
 6 APPPATH\Controllers\Presensi.php(100): App\Models\M_user->simpan_presensi([...])
 7 SYSTEMPATH\CodeIgniter.php(932): App\Controllers\Presensi->simpan_presensi()
 8 SYSTEMPATH\CodeIgniter.php(497): CodeIgniter\CodeIgniter->runController(Object(App\Controllers\Presensi))
 9 SYSTEMPATH\CodeIgniter.php(366): CodeIgniter\CodeIgniter->handleRequest(null, Object(Config\Cache), false)
10 FCPATH\index.php(67): CodeIgniter\CodeIgniter->run()
11 SYSTEMPATH\Commands\Server\rewrite.php(47): require_once('D:\\laragon\\www\\sim\\public\\index.php')
