CRITICAL - 2023-09-18 01:27:11 --> Class "TCPDF\TCPDF" not found
in APPPATH\Controllers\Modul.php on line 59.
 1 APPPATH\Controllers\Modul.php(45): App\Controllers\Modul->extractThumbnail('D:\\laragon\\www\\sim\\writable\\uploads/1695000431_228b4b812436ebc38e5e.pdf')
 2 SYSTEMPATH\CodeIgniter.php(932): App\Controllers\Modul->uploadPdf()
 3 SYSTEMPATH\CodeIgniter.php(497): CodeIgniter\CodeIgniter->runController(Object(App\Controllers\Modul))
 4 SYSTEMPATH\CodeIgniter.php(366): CodeIgniter\CodeIgniter->handleRequest(null, Object(Config\Cache), false)
 5 FCPATH\index.php(67): CodeIgniter\CodeIgniter->run()
 6 SYSTEMPATH\Commands\Server\rewrite.php(47): require_once('D:\\laragon\\www\\sim\\public\\index.php')
CRITICAL - 2023-09-18 01:27:37 --> Class "TCPDF" not found
in APPPATH\Controllers\Modul.php on line 59.
 1 APPPATH\Controllers\Modul.php(45): App\Controllers\Modul->extractThumbnail('D:\\laragon\\www\\sim\\writable\\uploads/1695000457_260865ecaf4fab6efd77.pdf')
 2 SYSTEMPATH\CodeIgniter.php(932): App\Controllers\Modul->uploadPdf()
 3 SYSTEMPATH\CodeIgniter.php(497): CodeIgniter\CodeIgniter->runController(Object(App\Controllers\Modul))
 4 SYSTEMPATH\CodeIgniter.php(366): CodeIgniter\CodeIgniter->handleRequest(null, Object(Config\Cache), false)
 5 FCPATH\index.php(67): CodeIgniter\CodeIgniter->run()
 6 SYSTEMPATH\Commands\Server\rewrite.php(47): require_once('D:\\laragon\\www\\sim\\public\\index.php')
CRITICAL - 2023-09-18 01:29:33 --> Class "TCPDF" not found
in APPPATH\Controllers\Modul.php on line 59.
 1 APPPATH\Controllers\Modul.php(45): App\Controllers\Modul->extractThumbnail('D:\\laragon\\www\\sim\\writable\\uploads/1695000573_78b1a027bc070c5cef4e.pdf')
 2 SYSTEMPATH\CodeIgniter.php(932): App\Controllers\Modul->uploadPdf()
 3 SYSTEMPATH\CodeIgniter.php(497): CodeIgniter\CodeIgniter->runController(Object(App\Controllers\Modul))
 4 SYSTEMPATH\CodeIgniter.php(366): CodeIgniter\CodeIgniter->handleRequest(null, Object(Config\Cache), false)
 5 FCPATH\index.php(67): CodeIgniter\CodeIgniter->run()
 6 SYSTEMPATH\Commands\Server\rewrite.php(47): require_once('D:\\laragon\\www\\sim\\public\\index.php')
CRITICAL - 2023-09-18 01:29:38 --> Class "TCPDF" not found
in APPPATH\Controllers\Modul.php on line 59.
 1 APPPATH\Controllers\Modul.php(45): App\Controllers\Modul->extractThumbnail('D:\\laragon\\www\\sim\\writable\\uploads/1695000578_420c4938a3bf58253423.pdf')
 2 SYSTEMPATH\CodeIgniter.php(932): App\Controllers\Modul->uploadPdf()
 3 SYSTEMPATH\CodeIgniter.php(497): CodeIgniter\CodeIgniter->runController(Object(App\Controllers\Modul))
 4 SYSTEMPATH\CodeIgniter.php(366): CodeIgniter\CodeIgniter->handleRequest(null, Object(Config\Cache), false)
 5 FCPATH\index.php(67): CodeIgniter\CodeIgniter->run()
 6 SYSTEMPATH\Commands\Server\rewrite.php(47): require_once('D:\\laragon\\www\\sim\\public\\index.php')
CRITICAL - 2023-09-18 01:31:21 --> Class "Com\Tecnick\Pdf\ClassObjects" not found
in APPPATH\ThirdParty\tcpdf\Tcpdf.php on line 34.
 1 SYSTEMPATH\Autoloader\Autoloader.php(314): include_once()
 2 SYSTEMPATH\Autoloader\Autoloader.php(291): CodeIgniter\Autoloader\Autoloader->includeFile('D:\\laragon\\www\\sim\\app/ThirdParty/tcpdf\\Tcpdf.php')
 3 SYSTEMPATH\Autoloader\Autoloader.php(269): CodeIgniter\Autoloader\Autoloader->loadInNamespace('TCPDF\\Tcpdf')
 4 APPPATH\Controllers\Modul.php(59): CodeIgniter\Autoloader\Autoloader->loadClass('TCPDF\\Tcpdf')
 5 APPPATH\Controllers\Modul.php(45): App\Controllers\Modul->extractThumbnail('D:\\laragon\\www\\sim\\writable\\uploads/1695000681_a0c03373cf67037d2fa3.pdf')
 6 SYSTEMPATH\CodeIgniter.php(932): App\Controllers\Modul->uploadPdf()
 7 SYSTEMPATH\CodeIgniter.php(497): CodeIgniter\CodeIgniter->runController(Object(App\Controllers\Modul))
 8 SYSTEMPATH\CodeIgniter.php(366): CodeIgniter\CodeIgniter->handleRequest(null, Object(Config\Cache), false)
 9 FCPATH\index.php(67): CodeIgniter\CodeIgniter->run()
10 SYSTEMPATH\Commands\Server\rewrite.php(47): require_once('D:\\laragon\\www\\sim\\public\\index.php')
CRITICAL - 2023-09-18 01:33:14 --> Class "Com\Tecnick\Pdf\ClassObjects" not found
in APPPATH\ThirdParty\tcpdf\Tcpdf.php on line 34.
 1 SYSTEMPATH\Autoloader\Autoloader.php(314): include_once()
 2 SYSTEMPATH\Autoloader\Autoloader.php(291): CodeIgniter\Autoloader\Autoloader->includeFile('D:\\laragon\\www\\sim\\app/ThirdParty/tcpdf\\TCPDF.php')
 3 SYSTEMPATH\Autoloader\Autoloader.php(269): CodeIgniter\Autoloader\Autoloader->loadInNamespace('TCPDF\\TCPDF')
 4 APPPATH\Controllers\Modul.php(59): CodeIgniter\Autoloader\Autoloader->loadClass('TCPDF\\TCPDF')
 5 APPPATH\Controllers\Modul.php(45): App\Controllers\Modul->extractThumbnail('D:\\laragon\\www\\sim\\writable\\uploads/1695000794_276237b8e91cdccb8c38.pdf')
 6 SYSTEMPATH\CodeIgniter.php(932): App\Controllers\Modul->uploadPdf()
 7 SYSTEMPATH\CodeIgniter.php(497): CodeIgniter\CodeIgniter->runController(Object(App\Controllers\Modul))
 8 SYSTEMPATH\CodeIgniter.php(366): CodeIgniter\CodeIgniter->handleRequest(null, Object(Config\Cache), false)
 9 FCPATH\index.php(67): CodeIgniter\CodeIgniter->run()
10 SYSTEMPATH\Commands\Server\rewrite.php(47): require_once('D:\\laragon\\www\\sim\\public\\index.php')
CRITICAL - 2023-09-18 01:35:28 --> Class "Com\Tecnick\Pdf\ClassObjects" not found
in APPPATH\ThirdParty\tcpdf\Tcpdf.php on line 34.
 1 SYSTEMPATH\Autoloader\Autoloader.php(314): include_once()
 2 SYSTEMPATH\Autoloader\Autoloader.php(291): CodeIgniter\Autoloader\Autoloader->includeFile('D:\\laragon\\www\\sim\\app/ThirdParty/tcpdf\\TCPDF.php')
 3 SYSTEMPATH\Autoloader\Autoloader.php(269): CodeIgniter\Autoloader\Autoloader->loadInNamespace('TCPDF\\TCPDF')
 4 APPPATH\Controllers\Modul.php(59): CodeIgniter\Autoloader\Autoloader->loadClass('TCPDF\\TCPDF')
 5 APPPATH\Controllers\Modul.php(45): App\Controllers\Modul->extractThumbnail('D:\\laragon\\www\\sim\\writable\\uploads/1695000928_73028f5489dbe72b2f9d.pdf')
 6 SYSTEMPATH\CodeIgniter.php(932): App\Controllers\Modul->uploadPdf()
 7 SYSTEMPATH\CodeIgniter.php(497): CodeIgniter\CodeIgniter->runController(Object(App\Controllers\Modul))
 8 SYSTEMPATH\CodeIgniter.php(366): CodeIgniter\CodeIgniter->handleRequest(null, Object(Config\Cache), false)
 9 FCPATH\index.php(67): CodeIgniter\CodeIgniter->run()
10 SYSTEMPATH\Commands\Server\rewrite.php(47): require_once('D:\\laragon\\www\\sim\\public\\index.php')
CRITICAL - 2023-09-18 01:46:14 --> Class "Com\Tecnick\Pdf\ClassObjects" not found
in APPPATH\ThirdParty\tcpdf\Tcpdf.php on line 34.
 1 SYSTEMPATH\Autoloader\Autoloader.php(314): include_once()
 2 SYSTEMPATH\Autoloader\Autoloader.php(291): CodeIgniter\Autoloader\Autoloader->includeFile('D:\\laragon\\www\\sim\\app/ThirdParty/tcpdf\\TCPDF.php')
 3 SYSTEMPATH\Autoloader\Autoloader.php(269): CodeIgniter\Autoloader\Autoloader->loadInNamespace('TCPDF\\TCPDF')
 4 APPPATH\Controllers\Modul.php(13): CodeIgniter\Autoloader\Autoloader->loadClass('TCPDF\\TCPDF')
 5 SYSTEMPATH\CodeIgniter.php(904): App\Controllers\Modul->__construct()
 6 SYSTEMPATH\CodeIgniter.php(488): CodeIgniter\CodeIgniter->createController()
 7 SYSTEMPATH\CodeIgniter.php(366): CodeIgniter\CodeIgniter->handleRequest(null, Object(Config\Cache), false)
 8 FCPATH\index.php(67): CodeIgniter\CodeIgniter->run()
 9 SYSTEMPATH\Commands\Server\rewrite.php(47): require_once('D:\\laragon\\www\\sim\\public\\index.php')
CRITICAL - 2023-09-18 01:46:46 --> Class "Com\Tecnick\Pdf\ClassObjects" not found
in APPPATH\Libraries\tcpdf\Tcpdf.php on line 34.
 1 SYSTEMPATH\Autoloader\Autoloader.php(314): include_once()
 2 SYSTEMPATH\Autoloader\Autoloader.php(291): CodeIgniter\Autoloader\Autoloader->includeFile('D:\\laragon\\www\\sim\\app/Libraries/tcpdf\\TCPDF.php')
 3 SYSTEMPATH\Autoloader\Autoloader.php(269): CodeIgniter\Autoloader\Autoloader->loadInNamespace('TCPDF\\TCPDF')
 4 APPPATH\Controllers\Modul.php(13): CodeIgniter\Autoloader\Autoloader->loadClass('TCPDF\\TCPDF')
 5 SYSTEMPATH\CodeIgniter.php(904): App\Controllers\Modul->__construct()
 6 SYSTEMPATH\CodeIgniter.php(488): CodeIgniter\CodeIgniter->createController()
 7 SYSTEMPATH\CodeIgniter.php(366): CodeIgniter\CodeIgniter->handleRequest(null, Object(Config\Cache), false)
 8 FCPATH\index.php(67): CodeIgniter\CodeIgniter->run()
 9 SYSTEMPATH\Commands\Server\rewrite.php(47): require_once('D:\\laragon\\www\\sim\\public\\index.php')
CRITICAL - 2023-09-18 01:51:02 --> Class "Com\Tecnick\Pdf\ClassObjects" not found
in APPPATH\Libraries\tcpdf\Tcpdf.php on line 34.
 1 SYSTEMPATH\Autoloader\Autoloader.php(314): include_once()
 2 SYSTEMPATH\Autoloader\Autoloader.php(291): CodeIgniter\Autoloader\Autoloader->includeFile('D:\\laragon\\www\\sim\\app/Libraries/tcpdf\\TCPDF.php')
 3 SYSTEMPATH\Autoloader\Autoloader.php(269): CodeIgniter\Autoloader\Autoloader->loadInNamespace('TCPDF\\TCPDF')
 4 APPPATH\Controllers\Modul.php(60): CodeIgniter\Autoloader\Autoloader->loadClass('TCPDF\\TCPDF')
 5 APPPATH\Controllers\Modul.php(46): App\Controllers\Modul->extractThumbnail('D:\\laragon\\www\\sim\\writable\\uploads/1695001862_f393e7cab5022ded1351.pdf')
 6 SYSTEMPATH\CodeIgniter.php(932): App\Controllers\Modul->uploadPdf()
 7 SYSTEMPATH\CodeIgniter.php(497): CodeIgniter\CodeIgniter->runController(Object(App\Controllers\Modul))
 8 SYSTEMPATH\CodeIgniter.php(366): CodeIgniter\CodeIgniter->handleRequest(null, Object(Config\Cache), false)
 9 FCPATH\index.php(67): CodeIgniter\CodeIgniter->run()
10 SYSTEMPATH\Commands\Server\rewrite.php(47): require_once('D:\\laragon\\www\\sim\\public\\index.php')
CRITICAL - 2023-09-18 01:52:05 --> Class "Com\Tecnick\Pdf\ClassObjects" not found
in APPPATH\Libraries\tcpdf\Tcpdf.php on line 34.
 1 SYSTEMPATH\Autoloader\Autoloader.php(314): include_once()
 2 SYSTEMPATH\Autoloader\Autoloader.php(291): CodeIgniter\Autoloader\Autoloader->includeFile('D:\\laragon\\www\\sim\\app/Libraries/tcpdf\\tcpdf.php')
 3 SYSTEMPATH\Autoloader\Autoloader.php(269): CodeIgniter\Autoloader\Autoloader->loadInNamespace('TCPDF\\tcpdf')
 4 APPPATH\Controllers\Modul.php(60): CodeIgniter\Autoloader\Autoloader->loadClass('TCPDF\\tcpdf')
 5 APPPATH\Controllers\Modul.php(46): App\Controllers\Modul->extractThumbnail('D:\\laragon\\www\\sim\\writable\\uploads/1695001925_e2ca5267bc950b1ba9c2.pdf')
 6 SYSTEMPATH\CodeIgniter.php(932): App\Controllers\Modul->uploadPdf()
 7 SYSTEMPATH\CodeIgniter.php(497): CodeIgniter\CodeIgniter->runController(Object(App\Controllers\Modul))
 8 SYSTEMPATH\CodeIgniter.php(366): CodeIgniter\CodeIgniter->handleRequest(null, Object(Config\Cache), false)
 9 FCPATH\index.php(67): CodeIgniter\CodeIgniter->run()
10 SYSTEMPATH\Commands\Server\rewrite.php(47): require_once('D:\\laragon\\www\\sim\\public\\index.php')
CRITICAL - 2023-09-18 01:52:11 --> Class "Com\Tecnick\Pdf\ClassObjects" not found
in APPPATH\Libraries\tcpdf\Tcpdf.php on line 34.
 1 SYSTEMPATH\Autoloader\Autoloader.php(314): include_once()
 2 SYSTEMPATH\Autoloader\Autoloader.php(291): CodeIgniter\Autoloader\Autoloader->includeFile('D:\\laragon\\www\\sim\\app/Libraries/tcpdf\\Tcpdf.php')
 3 SYSTEMPATH\Autoloader\Autoloader.php(269): CodeIgniter\Autoloader\Autoloader->loadInNamespace('TCPDF\\Tcpdf')
 4 APPPATH\Controllers\Modul.php(60): CodeIgniter\Autoloader\Autoloader->loadClass('TCPDF\\Tcpdf')
 5 APPPATH\Controllers\Modul.php(46): App\Controllers\Modul->extractThumbnail('D:\\laragon\\www\\sim\\writable\\uploads/1695001931_f2191e4c86c1b1b011b3.pdf')
 6 SYSTEMPATH\CodeIgniter.php(932): App\Controllers\Modul->uploadPdf()
 7 SYSTEMPATH\CodeIgniter.php(497): CodeIgniter\CodeIgniter->runController(Object(App\Controllers\Modul))
 8 SYSTEMPATH\CodeIgniter.php(366): CodeIgniter\CodeIgniter->handleRequest(null, Object(Config\Cache), false)
 9 FCPATH\index.php(67): CodeIgniter\CodeIgniter->run()
10 SYSTEMPATH\Commands\Server\rewrite.php(47): require_once('D:\\laragon\\www\\sim\\public\\index.php')
CRITICAL - 2023-09-18 01:54:39 --> Class "Com\Tecnick\Pdf\ClassObjects" not found
in APPPATH\Libraries\tcpdf\Tcpdf.php on line 34.
 1 SYSTEMPATH\Autoloader\Autoloader.php(314): include_once()
 2 SYSTEMPATH\Autoloader\Autoloader.php(291): CodeIgniter\Autoloader\Autoloader->includeFile('D:\\laragon\\www\\sim\\app/Libraries/tcpdf\\Tcpdf.php')
 3 SYSTEMPATH\Autoloader\Autoloader.php(269): CodeIgniter\Autoloader\Autoloader->loadInNamespace('TCPDF\\Tcpdf')
 4 APPPATH\Controllers\Modul.php(84): CodeIgniter\Autoloader\Autoloader->loadClass('TCPDF\\Tcpdf')
 5 SYSTEMPATH\CodeIgniter.php(932): App\Controllers\Modul->generatePdf()
 6 SYSTEMPATH\CodeIgniter.php(497): CodeIgniter\CodeIgniter->runController(Object(App\Controllers\Modul))
 7 SYSTEMPATH\CodeIgniter.php(366): CodeIgniter\CodeIgniter->handleRequest(null, Object(Config\Cache), false)
 8 FCPATH\index.php(67): CodeIgniter\CodeIgniter->run()
 9 SYSTEMPATH\Commands\Server\rewrite.php(47): require_once('D:\\laragon\\www\\sim\\public\\index.php')
CRITICAL - 2023-09-18 01:58:11 --> Class "TCPDF\TCPDF" not found
in APPPATH\Controllers\Modul.php on line 84.
 1 SYSTEMPATH\CodeIgniter.php(932): App\Controllers\Modul->generatePdf()
 2 SYSTEMPATH\CodeIgniter.php(497): CodeIgniter\CodeIgniter->runController(Object(App\Controllers\Modul))
 3 SYSTEMPATH\CodeIgniter.php(366): CodeIgniter\CodeIgniter->handleRequest(null, Object(Config\Cache), false)
 4 FCPATH\index.php(67): CodeIgniter\CodeIgniter->run()
 5 SYSTEMPATH\Commands\Server\rewrite.php(47): require_once('D:\\laragon\\www\\sim\\public\\index.php')
CRITICAL - 2023-09-18 02:10:47 --> Call to undefined method TCPDF::setSourceFile()
in APPPATH\Controllers\Modul.php on line 64.
 1 APPPATH\Controllers\Modul.php(46): App\Controllers\Modul->extractThumbnail('D:\\laragon\\www\\sim\\writable\\uploads/1695003047_3363e5e07f7c0c1df8d2.pdf')
 2 SYSTEMPATH\CodeIgniter.php(932): App\Controllers\Modul->uploadPdf()
 3 SYSTEMPATH\CodeIgniter.php(497): CodeIgniter\CodeIgniter->runController(Object(App\Controllers\Modul))
 4 SYSTEMPATH\CodeIgniter.php(366): CodeIgniter\CodeIgniter->handleRequest(null, Object(Config\Cache), false)
 5 FCPATH\index.php(67): CodeIgniter\CodeIgniter->run()
 6 SYSTEMPATH\Commands\Server\rewrite.php(47): require_once('D:\\laragon\\www\\sim\\public\\index.php')
CRITICAL - 2023-09-18 02:19:40 --> Invalid file: "upload_form.php"
in SYSTEMPATH\Exceptions\FrameworkException.php on line 33.
 1 SYSTEMPATH\View\View.php(212): CodeIgniter\Exceptions\FrameworkException::forInvalidFile('upload_form.php')
 2 SYSTEMPATH\Common.php(1176): CodeIgniter\View\View->render('upload_form', [], true)
 3 APPPATH\Controllers\Modul.php(33): view('upload_form')
 4 SYSTEMPATH\CodeIgniter.php(932): App\Controllers\Modul->uploadForm()
 5 SYSTEMPATH\CodeIgniter.php(497): CodeIgniter\CodeIgniter->runController(Object(App\Controllers\Modul))
 6 SYSTEMPATH\CodeIgniter.php(366): CodeIgniter\CodeIgniter->handleRequest(null, Object(Config\Cache), false)
 7 FCPATH\index.php(67): CodeIgniter\CodeIgniter->run()
 8 SYSTEMPATH\Commands\Server\rewrite.php(47): require_once('D:\\laragon\\www\\sim\\public\\index.php')
CRITICAL - 2023-09-18 02:19:53 --> Call to undefined method TCPDF::setSourceFile()
in APPPATH\Controllers\Modul.php on line 64.
 1 APPPATH\Controllers\Modul.php(46): App\Controllers\Modul->extractThumbnail('D:\\laragon\\www\\sim\\writable\\uploads/1695003593_a6cc86371a5064fba28d.pdf')
 2 SYSTEMPATH\CodeIgniter.php(932): App\Controllers\Modul->uploadPdf()
 3 SYSTEMPATH\CodeIgniter.php(497): CodeIgniter\CodeIgniter->runController(Object(App\Controllers\Modul))
 4 SYSTEMPATH\CodeIgniter.php(366): CodeIgniter\CodeIgniter->handleRequest(null, Object(Config\Cache), false)
 5 FCPATH\index.php(67): CodeIgniter\CodeIgniter->run()
 6 SYSTEMPATH\Commands\Server\rewrite.php(47): require_once('D:\\laragon\\www\\sim\\public\\index.php')
CRITICAL - 2023-09-18 02:39:56 --> Call to undefined method TCPDF::setSourceFile()
in APPPATH\Controllers\Modul.php on line 64.
 1 APPPATH\Controllers\Modul.php(46): App\Controllers\Modul->extractThumbnail('D:\\laragon\\www\\sim\\writable\\uploads/1695004796_59630487dd3bebc7711e.pdf')
 2 SYSTEMPATH\CodeIgniter.php(932): App\Controllers\Modul->uploadPdf()
 3 SYSTEMPATH\CodeIgniter.php(497): CodeIgniter\CodeIgniter->runController(Object(App\Controllers\Modul))
 4 SYSTEMPATH\CodeIgniter.php(366): CodeIgniter\CodeIgniter->handleRequest(null, Object(Config\Cache), false)
 5 FCPATH\index.php(67): CodeIgniter\CodeIgniter->run()
 6 SYSTEMPATH\Commands\Server\rewrite.php(47): require_once('D:\\laragon\\www\\sim\\public\\index.php')
CRITICAL - 2023-09-18 02:42:52 --> Class "Fpdi" not found
in APPPATH\Controllers\Modul.php on line 61.
 1 APPPATH\Controllers\Modul.php(47): App\Controllers\Modul->extractThumbnail('D:\\laragon\\www\\sim\\writable\\uploads/1695004972_6a52a54cf3cadb35afe1.pdf')
 2 SYSTEMPATH\CodeIgniter.php(932): App\Controllers\Modul->uploadPdf()
 3 SYSTEMPATH\CodeIgniter.php(497): CodeIgniter\CodeIgniter->runController(Object(App\Controllers\Modul))
 4 SYSTEMPATH\CodeIgniter.php(366): CodeIgniter\CodeIgniter->handleRequest(null, Object(Config\Cache), false)
 5 FCPATH\index.php(67): CodeIgniter\CodeIgniter->run()
 6 SYSTEMPATH\Commands\Server\rewrite.php(47): require_once('D:\\laragon\\www\\sim\\public\\index.php')
CRITICAL - 2023-09-18 02:43:19 --> Class "FPDF" not found
in VENDORPATH\setasign\fpdi\src\FpdfTpl.php on line 18.
 1 SYSTEMPATH\Autoloader\Autoloader.php(314): include_once()
 2 SYSTEMPATH\Autoloader\Autoloader.php(250): CodeIgniter\Autoloader\Autoloader->includeFile('D:\\laragon\\www\\sim\\vendor\\composer/../setasign/fpdi/src/FpdfTpl.php')
 3 VENDORPATH\setasign\fpdi\src\Fpdi.php(23): CodeIgniter\Autoloader\Autoloader->loadClassmap('setasign\\Fpdi\\FpdfTpl')
 4 SYSTEMPATH\Autoloader\Autoloader.php(314): include_once('D:\\laragon\\www\\sim\\vendor\\setasign\\fpdi\\src\\Fpdi.php')
 5 SYSTEMPATH\Autoloader\Autoloader.php(250): CodeIgniter\Autoloader\Autoloader->includeFile('D:\\laragon\\www\\sim\\vendor\\composer/../setasign/fpdi/src/Fpdi.php')
 6 APPPATH\Controllers\Modul.php(61): CodeIgniter\Autoloader\Autoloader->loadClassmap('setasign\\Fpdi\\Fpdi')
 7 APPPATH\Controllers\Modul.php(47): App\Controllers\Modul->extractThumbnail('D:\\laragon\\www\\sim\\writable\\uploads/1695004999_5eb982f29c39e1b97f38.pdf')
 8 SYSTEMPATH\CodeIgniter.php(932): App\Controllers\Modul->uploadPdf()
 9 SYSTEMPATH\CodeIgniter.php(497): CodeIgniter\CodeIgniter->runController(Object(App\Controllers\Modul))
10 SYSTEMPATH\CodeIgniter.php(366): CodeIgniter\CodeIgniter->handleRequest(null, Object(Config\Cache), false)
11 FCPATH\index.php(67): CodeIgniter\CodeIgniter->run()
12 SYSTEMPATH\Commands\Server\rewrite.php(47): require_once('D:\\laragon\\www\\sim\\public\\index.php')
CRITICAL - 2023-09-18 02:44:03 --> Class "FPDF" not found
in VENDORPATH\setasign\fpdi\src\FpdfTpl.php on line 18.
 1 SYSTEMPATH\Autoloader\Autoloader.php(314): include_once()
 2 SYSTEMPATH\Autoloader\Autoloader.php(250): CodeIgniter\Autoloader\Autoloader->includeFile('D:\\laragon\\www\\sim\\vendor\\composer/../setasign/fpdi/src/FpdfTpl.php')
 3 VENDORPATH\setasign\fpdi\src\Fpdi.php(23): CodeIgniter\Autoloader\Autoloader->loadClassmap('setasign\\Fpdi\\FpdfTpl')
 4 SYSTEMPATH\Autoloader\Autoloader.php(314): include_once('D:\\laragon\\www\\sim\\vendor\\setasign\\fpdi\\src\\Fpdi.php')
 5 SYSTEMPATH\Autoloader\Autoloader.php(250): CodeIgniter\Autoloader\Autoloader->includeFile('D:\\laragon\\www\\sim\\vendor\\composer/../setasign/fpdi/src/Fpdi.php')
 6 APPPATH\Controllers\Modul.php(61): CodeIgniter\Autoloader\Autoloader->loadClassmap('setasign\\Fpdi\\Fpdi')
 7 APPPATH\Controllers\Modul.php(47): App\Controllers\Modul->extractThumbnail('D:\\laragon\\www\\sim\\writable\\uploads/1695005043_186a48902da622d86ff6.pdf')
 8 SYSTEMPATH\CodeIgniter.php(932): App\Controllers\Modul->uploadPdf()
 9 SYSTEMPATH\CodeIgniter.php(497): CodeIgniter\CodeIgniter->runController(Object(App\Controllers\Modul))
10 SYSTEMPATH\CodeIgniter.php(366): CodeIgniter\CodeIgniter->handleRequest(null, Object(Config\Cache), false)
11 FCPATH\index.php(67): CodeIgniter\CodeIgniter->run()
12 SYSTEMPATH\Commands\Server\rewrite.php(47): require_once('D:\\laragon\\www\\sim\\public\\index.php')
CRITICAL - 2023-09-18 02:46:51 --> Call to undefined method TCPDF::setSourceFile()
in APPPATH\Controllers\Modul.php on line 65.
 1 APPPATH\Controllers\Modul.php(47): App\Controllers\Modul->extractThumbnail('D:\\laragon\\www\\sim\\writable\\uploads/1695005211_184069324e2f1c5f318d.pdf')
 2 SYSTEMPATH\CodeIgniter.php(932): App\Controllers\Modul->uploadPdf()
 3 SYSTEMPATH\CodeIgniter.php(497): CodeIgniter\CodeIgniter->runController(Object(App\Controllers\Modul))
 4 SYSTEMPATH\CodeIgniter.php(366): CodeIgniter\CodeIgniter->handleRequest(null, Object(Config\Cache), false)
 5 FCPATH\index.php(67): CodeIgniter\CodeIgniter->run()
 6 SYSTEMPATH\Commands\Server\rewrite.php(47): require_once('D:\\laragon\\www\\sim\\public\\index.php')
CRITICAL - 2023-09-18 02:54:13 --> Call to undefined method TCPDF::setSourceFile()
in APPPATH\Controllers\Modul.php on line 65.
 1 APPPATH\Controllers\Modul.php(47): App\Controllers\Modul->extractThumbnail('D:\\laragon\\www\\sim\\writable\\uploads/1695005653_39d0eb341ed7e0648d59.pdf')
 2 SYSTEMPATH\CodeIgniter.php(932): App\Controllers\Modul->uploadPdf()
 3 SYSTEMPATH\CodeIgniter.php(497): CodeIgniter\CodeIgniter->runController(Object(App\Controllers\Modul))
 4 SYSTEMPATH\CodeIgniter.php(366): CodeIgniter\CodeIgniter->handleRequest(null, Object(Config\Cache), false)
 5 FCPATH\index.php(67): CodeIgniter\CodeIgniter->run()
 6 SYSTEMPATH\Commands\Server\rewrite.php(47): require_once('D:\\laragon\\www\\sim\\public\\index.php')
CRITICAL - 2023-09-18 02:54:47 --> fopen(D:\laragon\www\sim\writable\uploads/1695005687_a38abcae4a1fc7c81f1d.pdf): Failed to open stream: Permission denied
in VENDORPATH\setasign\fpdi\src\PdfParser\StreamReader.php on line 42.
 1 [internal function]: CodeIgniter\Debug\Exceptions->errorHandler(2, 'fopen(D:\\laragon\\www\\sim\\writable\\uploads/1695005687_a38abcae4a1fc7c81f1d.pdf): Failed to open stream: Permission denied', 'D:\\laragon\\www\\sim\\vendor\\setasign\\fpdi\\src\\PdfParser\\StreamReader.php', 42)
 2 VENDORPATH\setasign\fpdi\src\PdfParser\StreamReader.php(42): fopen('D:\\laragon\\www\\sim\\writable\\uploads/1695005687_a38abcae4a1fc7c81f1d.pdf', 'rb')
 3 VENDORPATH\setasign\fpdi\src\FpdiTrait.php(177): setasign\Fpdi\PdfParser\StreamReader::createByFile('D:\\laragon\\www\\sim\\writable\\uploads/1695005687_a38abcae4a1fc7c81f1d.pdf')
 4 VENDORPATH\setasign\fpdi\src\FpdiTrait.php(233): setasign\Fpdi\Fpdi->getPdfReaderId('D:\\laragon\\www\\sim\\writable\\uploads/1695005687_a38abcae4a1fc7c81f1d.pdf', [])
 5 VENDORPATH\setasign\fpdi\src\FpdiTrait.php(216): setasign\Fpdi\Fpdi->setSourceFileWithParserParams('D:\\laragon\\www\\sim\\writable\\uploads/1695005687_a38abcae4a1fc7c81f1d.pdf')
 6 APPPATH\Controllers\Modul.php(66): setasign\Fpdi\Fpdi->setSourceFile('D:\\laragon\\www\\sim\\writable\\uploads/1695005687_a38abcae4a1fc7c81f1d.pdf')
 7 APPPATH\Controllers\Modul.php(48): App\Controllers\Modul->extractThumbnail('D:\\laragon\\www\\sim\\writable\\uploads/1695005687_a38abcae4a1fc7c81f1d.pdf')
 8 SYSTEMPATH\CodeIgniter.php(932): App\Controllers\Modul->uploadPdf()
 9 SYSTEMPATH\CodeIgniter.php(497): CodeIgniter\CodeIgniter->runController(Object(App\Controllers\Modul))
10 SYSTEMPATH\CodeIgniter.php(366): CodeIgniter\CodeIgniter->handleRequest(null, Object(Config\Cache), false)
11 FCPATH\index.php(67): CodeIgniter\CodeIgniter->run()
12 SYSTEMPATH\Commands\Server\rewrite.php(47): require_once('D:\\laragon\\www\\sim\\public\\index.php')
CRITICAL - 2023-09-18 02:57:52 --> fopen(D:\laragon\www\sim\writable\uploads/1695005872_aab233557321073a7629.pdf): Failed to open stream: Permission denied
in VENDORPATH\setasign\fpdi\src\PdfParser\StreamReader.php on line 42.
 1 [internal function]: CodeIgniter\Debug\Exceptions->errorHandler(2, 'fopen(D:\\laragon\\www\\sim\\writable\\uploads/1695005872_aab233557321073a7629.pdf): Failed to open stream: Permission denied', 'D:\\laragon\\www\\sim\\vendor\\setasign\\fpdi\\src\\PdfParser\\StreamReader.php', 42)
 2 VENDORPATH\setasign\fpdi\src\PdfParser\StreamReader.php(42): fopen('D:\\laragon\\www\\sim\\writable\\uploads/1695005872_aab233557321073a7629.pdf', 'rb')
 3 VENDORPATH\setasign\fpdi\src\FpdiTrait.php(177): setasign\Fpdi\PdfParser\StreamReader::createByFile('D:\\laragon\\www\\sim\\writable\\uploads/1695005872_aab233557321073a7629.pdf')
 4 VENDORPATH\setasign\fpdi\src\FpdiTrait.php(233): setasign\Fpdi\Fpdi->getPdfReaderId('D:\\laragon\\www\\sim\\writable\\uploads/1695005872_aab233557321073a7629.pdf', [])
 5 VENDORPATH\setasign\fpdi\src\FpdiTrait.php(216): setasign\Fpdi\Fpdi->setSourceFileWithParserParams('D:\\laragon\\www\\sim\\writable\\uploads/1695005872_aab233557321073a7629.pdf')
 6 APPPATH\Controllers\Modul.php(66): setasign\Fpdi\Fpdi->setSourceFile('D:\\laragon\\www\\sim\\writable\\uploads/1695005872_aab233557321073a7629.pdf')
 7 APPPATH\Controllers\Modul.php(48): App\Controllers\Modul->extractThumbnail('D:\\laragon\\www\\sim\\writable\\uploads/1695005872_aab233557321073a7629.pdf')
 8 SYSTEMPATH\CodeIgniter.php(932): App\Controllers\Modul->uploadPdf()
 9 SYSTEMPATH\CodeIgniter.php(497): CodeIgniter\CodeIgniter->runController(Object(App\Controllers\Modul))
10 SYSTEMPATH\CodeIgniter.php(366): CodeIgniter\CodeIgniter->handleRequest(null, Object(Config\Cache), false)
11 FCPATH\index.php(67): CodeIgniter\CodeIgniter->run()
12 SYSTEMPATH\Commands\Server\rewrite.php(47): require_once('D:\\laragon\\www\\sim\\public\\index.php')
CRITICAL - 2023-09-18 03:00:14 --> fopen(D:\laragon\www\sim\writable\uploads/1695006014_86a7c0ec4e17b286e0ee.pdf): Failed to open stream: Permission denied
in VENDORPATH\setasign\fpdi\src\PdfParser\StreamReader.php on line 42.
 1 [internal function]: CodeIgniter\Debug\Exceptions->errorHandler(2, 'fopen(D:\\laragon\\www\\sim\\writable\\uploads/1695006014_86a7c0ec4e17b286e0ee.pdf): Failed to open stream: Permission denied', 'D:\\laragon\\www\\sim\\vendor\\setasign\\fpdi\\src\\PdfParser\\StreamReader.php', 42)
 2 VENDORPATH\setasign\fpdi\src\PdfParser\StreamReader.php(42): fopen('D:\\laragon\\www\\sim\\writable\\uploads/1695006014_86a7c0ec4e17b286e0ee.pdf', 'rb')
 3 VENDORPATH\setasign\fpdi\src\FpdiTrait.php(177): setasign\Fpdi\PdfParser\StreamReader::createByFile('D:\\laragon\\www\\sim\\writable\\uploads/1695006014_86a7c0ec4e17b286e0ee.pdf')
 4 VENDORPATH\setasign\fpdi\src\FpdiTrait.php(233): setasign\Fpdi\Fpdi->getPdfReaderId('D:\\laragon\\www\\sim\\writable\\uploads/1695006014_86a7c0ec4e17b286e0ee.pdf', [])
 5 VENDORPATH\setasign\fpdi\src\FpdiTrait.php(216): setasign\Fpdi\Fpdi->setSourceFileWithParserParams('D:\\laragon\\www\\sim\\writable\\uploads/1695006014_86a7c0ec4e17b286e0ee.pdf')
 6 APPPATH\Controllers\Modul.php(66): setasign\Fpdi\Fpdi->setSourceFile('D:\\laragon\\www\\sim\\writable\\uploads/1695006014_86a7c0ec4e17b286e0ee.pdf')
 7 APPPATH\Controllers\Modul.php(48): App\Controllers\Modul->extractThumbnail('D:\\laragon\\www\\sim\\writable\\uploads/1695006014_86a7c0ec4e17b286e0ee.pdf')
 8 SYSTEMPATH\CodeIgniter.php(932): App\Controllers\Modul->uploadPdf()
 9 SYSTEMPATH\CodeIgniter.php(497): CodeIgniter\CodeIgniter->runController(Object(App\Controllers\Modul))
10 SYSTEMPATH\CodeIgniter.php(366): CodeIgniter\CodeIgniter->handleRequest(null, Object(Config\Cache), false)
11 FCPATH\index.php(67): CodeIgniter\CodeIgniter->run()
12 SYSTEMPATH\Commands\Server\rewrite.php(47): require_once('D:\\laragon\\www\\sim\\public\\index.php')
CRITICAL - 2023-09-18 03:04:09 --> fopen(/uploads/1695006249_7ccc1f404ed7fd1466e4.pdf): Failed to open stream: Permission denied
in VENDORPATH\setasign\fpdi\src\PdfParser\StreamReader.php on line 42.
 1 [internal function]: CodeIgniter\Debug\Exceptions->errorHandler(2, 'fopen(/uploads/1695006249_7ccc1f404ed7fd1466e4.pdf): Failed to open stream: Permission denied', 'D:\\laragon\\www\\sim\\vendor\\setasign\\fpdi\\src\\PdfParser\\StreamReader.php', 42)
 2 VENDORPATH\setasign\fpdi\src\PdfParser\StreamReader.php(42): fopen('/uploads/1695006249_7ccc1f404ed7fd1466e4.pdf', 'rb')
 3 VENDORPATH\setasign\fpdi\src\FpdiTrait.php(177): setasign\Fpdi\PdfParser\StreamReader::createByFile('/uploads/1695006249_7ccc1f404ed7fd1466e4.pdf')
 4 VENDORPATH\setasign\fpdi\src\FpdiTrait.php(233): setasign\Fpdi\Fpdi->getPdfReaderId('/uploads/1695006249_7ccc1f404ed7fd1466e4.pdf', [])
 5 VENDORPATH\setasign\fpdi\src\FpdiTrait.php(216): setasign\Fpdi\Fpdi->setSourceFileWithParserParams('/uploads/1695006249_7ccc1f404ed7fd1466e4.pdf')
 6 APPPATH\Controllers\Modul.php(66): setasign\Fpdi\Fpdi->setSourceFile('/uploads/1695006249_7ccc1f404ed7fd1466e4.pdf')
 7 APPPATH\Controllers\Modul.php(48): App\Controllers\Modul->extractThumbnail('/uploads/1695006249_7ccc1f404ed7fd1466e4.pdf')
 8 SYSTEMPATH\CodeIgniter.php(932): App\Controllers\Modul->uploadPdf()
 9 SYSTEMPATH\CodeIgniter.php(497): CodeIgniter\CodeIgniter->runController(Object(App\Controllers\Modul))
10 SYSTEMPATH\CodeIgniter.php(366): CodeIgniter\CodeIgniter->handleRequest(null, Object(Config\Cache), false)
11 FCPATH\index.php(67): CodeIgniter\CodeIgniter->run()
12 SYSTEMPATH\Commands\Server\rewrite.php(47): require_once('D:\\laragon\\www\\sim\\public\\index.php')
CRITICAL - 2023-09-18 03:04:36 --> fopen(/uploads/1695006276_8801e21062e5c63a846a.pdf): Failed to open stream: Permission denied
in VENDORPATH\setasign\fpdi\src\PdfParser\StreamReader.php on line 42.
 1 [internal function]: CodeIgniter\Debug\Exceptions->errorHandler(2, 'fopen(/uploads/1695006276_8801e21062e5c63a846a.pdf): Failed to open stream: Permission denied', 'D:\\laragon\\www\\sim\\vendor\\setasign\\fpdi\\src\\PdfParser\\StreamReader.php', 42)
 2 VENDORPATH\setasign\fpdi\src\PdfParser\StreamReader.php(42): fopen('/uploads/1695006276_8801e21062e5c63a846a.pdf', 'rb')
 3 VENDORPATH\setasign\fpdi\src\FpdiTrait.php(177): setasign\Fpdi\PdfParser\StreamReader::createByFile('/uploads/1695006276_8801e21062e5c63a846a.pdf')
 4 VENDORPATH\setasign\fpdi\src\FpdiTrait.php(233): setasign\Fpdi\Fpdi->getPdfReaderId('/uploads/1695006276_8801e21062e5c63a846a.pdf', [])
 5 VENDORPATH\setasign\fpdi\src\FpdiTrait.php(216): setasign\Fpdi\Fpdi->setSourceFileWithParserParams('/uploads/1695006276_8801e21062e5c63a846a.pdf')
 6 APPPATH\Controllers\Modul.php(66): setasign\Fpdi\Fpdi->setSourceFile('/uploads/1695006276_8801e21062e5c63a846a.pdf')
 7 APPPATH\Controllers\Modul.php(48): App\Controllers\Modul->extractThumbnail('/uploads/1695006276_8801e21062e5c63a846a.pdf')
 8 SYSTEMPATH\CodeIgniter.php(932): App\Controllers\Modul->uploadPdf()
 9 SYSTEMPATH\CodeIgniter.php(497): CodeIgniter\CodeIgniter->runController(Object(App\Controllers\Modul))
10 SYSTEMPATH\CodeIgniter.php(366): CodeIgniter\CodeIgniter->handleRequest(null, Object(Config\Cache), false)
11 FCPATH\index.php(67): CodeIgniter\CodeIgniter->run()
12 SYSTEMPATH\Commands\Server\rewrite.php(47): require_once('D:\\laragon\\www\\sim\\public\\index.php')
CRITICAL - 2023-09-18 03:05:28 --> fopen(D:\laragon\www\sim\writable\uploads/1695006328_1acd1e08d7b61154b971.pdf): Failed to open stream: Permission denied
in VENDORPATH\setasign\fpdi\src\PdfParser\StreamReader.php on line 42.
 1 [internal function]: CodeIgniter\Debug\Exceptions->errorHandler(2, 'fopen(D:\\laragon\\www\\sim\\writable\\uploads/1695006328_1acd1e08d7b61154b971.pdf): Failed to open stream: Permission denied', 'D:\\laragon\\www\\sim\\vendor\\setasign\\fpdi\\src\\PdfParser\\StreamReader.php', 42)
 2 VENDORPATH\setasign\fpdi\src\PdfParser\StreamReader.php(42): fopen('D:\\laragon\\www\\sim\\writable\\uploads/1695006328_1acd1e08d7b61154b971.pdf', 'rb')
 3 VENDORPATH\setasign\fpdi\src\FpdiTrait.php(177): setasign\Fpdi\PdfParser\StreamReader::createByFile('D:\\laragon\\www\\sim\\writable\\uploads/1695006328_1acd1e08d7b61154b971.pdf')
 4 VENDORPATH\setasign\fpdi\src\FpdiTrait.php(233): setasign\Fpdi\Fpdi->getPdfReaderId('D:\\laragon\\www\\sim\\writable\\uploads/1695006328_1acd1e08d7b61154b971.pdf', [])
 5 VENDORPATH\setasign\fpdi\src\FpdiTrait.php(216): setasign\Fpdi\Fpdi->setSourceFileWithParserParams('D:\\laragon\\www\\sim\\writable\\uploads/1695006328_1acd1e08d7b61154b971.pdf')
 6 APPPATH\Controllers\Modul.php(66): setasign\Fpdi\Fpdi->setSourceFile('D:\\laragon\\www\\sim\\writable\\uploads/1695006328_1acd1e08d7b61154b971.pdf')
 7 APPPATH\Controllers\Modul.php(48): App\Controllers\Modul->extractThumbnail('D:\\laragon\\www\\sim\\writable\\uploads/1695006328_1acd1e08d7b61154b971.pdf')
 8 SYSTEMPATH\CodeIgniter.php(932): App\Controllers\Modul->uploadPdf()
 9 SYSTEMPATH\CodeIgniter.php(497): CodeIgniter\CodeIgniter->runController(Object(App\Controllers\Modul))
10 SYSTEMPATH\CodeIgniter.php(366): CodeIgniter\CodeIgniter->handleRequest(null, Object(Config\Cache), false)
11 FCPATH\index.php(67): CodeIgniter\CodeIgniter->run()
12 SYSTEMPATH\Commands\Server\rewrite.php(47): require_once('D:\\laragon\\www\\sim\\public\\index.php')
CRITICAL - 2023-09-18 03:07:42 --> fopen(D:\laragon\www\sim\writable\uploads/): Failed to open stream: No such file or directory
in VENDORPATH\setasign\fpdi\src\PdfParser\StreamReader.php on line 42.
 1 [internal function]: CodeIgniter\Debug\Exceptions->errorHandler(2, 'fopen(D:\\laragon\\www\\sim\\writable\\uploads/): Failed to open stream: No such file or directory', 'D:\\laragon\\www\\sim\\vendor\\setasign\\fpdi\\src\\PdfParser\\StreamReader.php', 42)
 2 VENDORPATH\setasign\fpdi\src\PdfParser\StreamReader.php(42): fopen('D:\\laragon\\www\\sim\\writable\\uploads/', 'rb')
 3 VENDORPATH\setasign\fpdi\src\FpdiTrait.php(177): setasign\Fpdi\PdfParser\StreamReader::createByFile('D:\\laragon\\www\\sim\\writable\\uploads/')
 4 VENDORPATH\setasign\fpdi\src\FpdiTrait.php(233): setasign\Fpdi\Fpdi->getPdfReaderId('D:\\laragon\\www\\sim\\writable\\uploads/', [])
 5 VENDORPATH\setasign\fpdi\src\FpdiTrait.php(216): setasign\Fpdi\Fpdi->setSourceFileWithParserParams('D:\\laragon\\www\\sim\\writable\\uploads/')
 6 APPPATH\Controllers\Modul.php(66): setasign\Fpdi\Fpdi->setSourceFile('D:\\laragon\\www\\sim\\writable\\uploads/')
 7 APPPATH\Controllers\Modul.php(48): App\Controllers\Modul->extractThumbnail('D:\\laragon\\www\\sim\\writable\\uploads/')
 8 SYSTEMPATH\CodeIgniter.php(932): App\Controllers\Modul->uploadPdf()
 9 SYSTEMPATH\CodeIgniter.php(497): CodeIgniter\CodeIgniter->runController(Object(App\Controllers\Modul))
10 SYSTEMPATH\CodeIgniter.php(366): CodeIgniter\CodeIgniter->handleRequest(null, Object(Config\Cache), false)
11 FCPATH\index.php(67): CodeIgniter\CodeIgniter->run()
12 SYSTEMPATH\Commands\Server\rewrite.php(47): require_once('D:\\laragon\\www\\sim\\public\\index.php')
CRITICAL - 2023-09-18 03:08:02 --> fopen(D:\laragon\www\sim\writable\uploads/): Failed to open stream: No such file or directory
in VENDORPATH\setasign\fpdi\src\PdfParser\StreamReader.php on line 42.
 1 [internal function]: CodeIgniter\Debug\Exceptions->errorHandler(2, 'fopen(D:\\laragon\\www\\sim\\writable\\uploads/): Failed to open stream: No such file or directory', 'D:\\laragon\\www\\sim\\vendor\\setasign\\fpdi\\src\\PdfParser\\StreamReader.php', 42)
 2 VENDORPATH\setasign\fpdi\src\PdfParser\StreamReader.php(42): fopen('D:\\laragon\\www\\sim\\writable\\uploads/', 'rb')
 3 VENDORPATH\setasign\fpdi\src\FpdiTrait.php(177): setasign\Fpdi\PdfParser\StreamReader::createByFile('D:\\laragon\\www\\sim\\writable\\uploads/')
 4 VENDORPATH\setasign\fpdi\src\FpdiTrait.php(233): setasign\Fpdi\Fpdi->getPdfReaderId('D:\\laragon\\www\\sim\\writable\\uploads/', [])
 5 VENDORPATH\setasign\fpdi\src\FpdiTrait.php(216): setasign\Fpdi\Fpdi->setSourceFileWithParserParams('D:\\laragon\\www\\sim\\writable\\uploads/')
 6 APPPATH\Controllers\Modul.php(66): setasign\Fpdi\Fpdi->setSourceFile('D:\\laragon\\www\\sim\\writable\\uploads/')
 7 APPPATH\Controllers\Modul.php(48): App\Controllers\Modul->extractThumbnail('D:\\laragon\\www\\sim\\writable\\uploads/')
 8 SYSTEMPATH\CodeIgniter.php(932): App\Controllers\Modul->uploadPdf()
 9 SYSTEMPATH\CodeIgniter.php(497): CodeIgniter\CodeIgniter->runController(Object(App\Controllers\Modul))
10 SYSTEMPATH\CodeIgniter.php(366): CodeIgniter\CodeIgniter->handleRequest(null, Object(Config\Cache), false)
11 FCPATH\index.php(67): CodeIgniter\CodeIgniter->run()
12 SYSTEMPATH\Commands\Server\rewrite.php(47): require_once('D:\\laragon\\www\\sim\\public\\index.php')
CRITICAL - 2023-09-18 03:09:17 --> getimagesize(D:\laragon\www\sim\writable\thumbnails/thumbnail.jpg): Failed to open stream: No such file or directory
in VENDORPATH\setasign\fpdf\fpdf.php on line 1255.
 1 [internal function]: CodeIgniter\Debug\Exceptions->errorHandler(2, 'getimagesize(D:\\laragon\\www\\sim\\writable\\thumbnails/thumbnail.jpg): Failed to open stream: No such file or directory', 'D:\\laragon\\www\\sim\\vendor\\setasign\\fpdf\\fpdf.php', 1255)
 2 VENDORPATH\setasign\fpdf\fpdf.php(1255): getimagesize('D:\\laragon\\www\\sim\\writable\\thumbnails/thumbnail.jpg')
 3 VENDORPATH\setasign\fpdf\fpdf.php(890): FPDF->_parsejpg('D:\\laragon\\www\\sim\\writable\\thumbnails/thumbnail.jpg')
 4 APPPATH\Controllers\Modul.php(78): FPDF->Image('D:\\laragon\\www\\sim\\writable\\thumbnails/thumbnail.jpg', 0, 0, 100, 0, 'jpg')
 5 APPPATH\Controllers\Modul.php(48): App\Controllers\Modul->extractThumbnail('D:\\laragon\\www\\sim\\writable\\uploads/')
 6 SYSTEMPATH\CodeIgniter.php(932): App\Controllers\Modul->uploadPdf()
 7 SYSTEMPATH\CodeIgniter.php(497): CodeIgniter\CodeIgniter->runController(Object(App\Controllers\Modul))
 8 SYSTEMPATH\CodeIgniter.php(366): CodeIgniter\CodeIgniter->handleRequest(null, Object(Config\Cache), false)
 9 FCPATH\index.php(67): CodeIgniter\CodeIgniter->run()
10 SYSTEMPATH\Commands\Server\rewrite.php(47): require_once('D:\\laragon\\www\\sim\\public\\index.php')
CRITICAL - 2023-09-18 03:10:24 --> getimagesize(D:\laragon\www\sim\writable\thumbnails/thumbnail.jpg): Failed to open stream: No such file or directory
in VENDORPATH\setasign\fpdf\fpdf.php on line 1255.
 1 [internal function]: CodeIgniter\Debug\Exceptions->errorHandler(2, 'getimagesize(D:\\laragon\\www\\sim\\writable\\thumbnails/thumbnail.jpg): Failed to open stream: No such file or directory', 'D:\\laragon\\www\\sim\\vendor\\setasign\\fpdf\\fpdf.php', 1255)
 2 VENDORPATH\setasign\fpdf\fpdf.php(1255): getimagesize('D:\\laragon\\www\\sim\\writable\\thumbnails/thumbnail.jpg')
 3 VENDORPATH\setasign\fpdf\fpdf.php(890): FPDF->_parsejpg('D:\\laragon\\www\\sim\\writable\\thumbnails/thumbnail.jpg')
 4 APPPATH\Controllers\Modul.php(78): FPDF->Image('D:\\laragon\\www\\sim\\writable\\thumbnails/thumbnail.jpg', 0, 0, 100, 0, 'jpg')
 5 APPPATH\Controllers\Modul.php(48): App\Controllers\Modul->extractThumbnail('D:\\laragon\\www\\sim\\writable\\uploads/')
 6 SYSTEMPATH\CodeIgniter.php(932): App\Controllers\Modul->uploadPdf()
 7 SYSTEMPATH\CodeIgniter.php(497): CodeIgniter\CodeIgniter->runController(Object(App\Controllers\Modul))
 8 SYSTEMPATH\CodeIgniter.php(366): CodeIgniter\CodeIgniter->handleRequest(null, Object(Config\Cache), false)
 9 FCPATH\index.php(67): CodeIgniter\CodeIgniter->run()
10 SYSTEMPATH\Commands\Server\rewrite.php(47): require_once('D:\\laragon\\www\\sim\\public\\index.php')
CRITICAL - 2023-09-18 03:12:12 --> getimagesize(D:\laragon\www\sim\writable\thumbnails/thumbnail.jpg): Failed to open stream: No such file or directory
in VENDORPATH\setasign\fpdf\fpdf.php on line 1255.
 1 [internal function]: CodeIgniter\Debug\Exceptions->errorHandler(2, 'getimagesize(D:\\laragon\\www\\sim\\writable\\thumbnails/thumbnail.jpg): Failed to open stream: No such file or directory', 'D:\\laragon\\www\\sim\\vendor\\setasign\\fpdf\\fpdf.php', 1255)
 2 VENDORPATH\setasign\fpdf\fpdf.php(1255): getimagesize('D:\\laragon\\www\\sim\\writable\\thumbnails/thumbnail.jpg')
 3 VENDORPATH\setasign\fpdf\fpdf.php(890): FPDF->_parsejpg('D:\\laragon\\www\\sim\\writable\\thumbnails/thumbnail.jpg')
 4 APPPATH\Controllers\Modul.php(78): FPDF->Image('D:\\laragon\\www\\sim\\writable\\thumbnails/thumbnail.jpg', 0, 0, 100, 0, 'jpg')
 5 APPPATH\Controllers\Modul.php(48): App\Controllers\Modul->extractThumbnail('D:\\laragon\\www\\sim\\writable\\uploads/')
 6 SYSTEMPATH\CodeIgniter.php(932): App\Controllers\Modul->uploadPdf()
 7 SYSTEMPATH\CodeIgniter.php(497): CodeIgniter\CodeIgniter->runController(Object(App\Controllers\Modul))
 8 SYSTEMPATH\CodeIgniter.php(366): CodeIgniter\CodeIgniter->handleRequest(null, Object(Config\Cache), false)
 9 FCPATH\index.php(67): CodeIgniter\CodeIgniter->run()
10 SYSTEMPATH\Commands\Server\rewrite.php(47): require_once('D:\\laragon\\www\\sim\\public\\index.php')
CRITICAL - 2023-09-18 03:31:14 --> Invalid file: "v_dafmodul.php"
in SYSTEMPATH\Exceptions\FrameworkException.php on line 33.
 1 SYSTEMPATH\View\View.php(212): CodeIgniter\Exceptions\FrameworkException::forInvalidFile('v_dafmodul.php')
 2 SYSTEMPATH\Common.php(1176): CodeIgniter\View\View->render('v_dafmodul', [], true)
 3 APPPATH\Controllers\Modul.php(121): view('v_dafmodul', [...])
 4 SYSTEMPATH\CodeIgniter.php(932): App\Controllers\Modul->daftarmodul()
 5 SYSTEMPATH\CodeIgniter.php(497): CodeIgniter\CodeIgniter->runController(Object(App\Controllers\Modul))
 6 SYSTEMPATH\CodeIgniter.php(366): CodeIgniter\CodeIgniter->handleRequest(null, Object(Config\Cache), false)
 7 FCPATH\index.php(67): CodeIgniter\CodeIgniter->run()
 8 SYSTEMPATH\Commands\Server\rewrite.php(47): require_once('D:\\laragon\\www\\sim\\public\\index.php')
