INFO - 2023-12-08 08:36:29 --> Session: Class initialized using 'CodeIgniter\Session\Handlers\FileHandler' driver.
INFO - 2023-12-08 08:36:29 --> Session: Class initialized using 'CodeIgniter\Session\Handlers\FileHandler' driver.
INFO - 2023-12-08 08:36:37 --> Session: Class initialized using 'CodeIgniter\Session\Handlers\FileHandler' driver.
INFO - 2023-12-08 08:36:38 --> Session: Class initialized using 'CodeIgniter\Session\Handlers\FileHandler' driver.
INFO - 2023-12-08 08:37:35 --> Session: Class initialized using 'CodeIgniter\Session\Handlers\FileHandler' driver.
INFO - 2023-12-08 08:37:39 --> Session: Class initialized using 'CodeIgniter\Session\Handlers\FileHandler' driver.
INFO - 2023-12-08 08:37:41 --> Session: Class initialized using 'CodeIgniter\Session\Handlers\FileHandler' driver.
INFO - 2023-12-08 08:39:30 --> Session: Class initialized using 'CodeIgniter\Session\Handlers\FileHandler' driver.
INFO - 2023-12-08 08:39:31 --> Session: Class initialized using 'CodeIgniter\Session\Handlers\FileHandler' driver.
INFO - 2023-12-08 08:39:37 --> Session: Class initialized using 'CodeIgniter\Session\Handlers\FileHandler' driver.
INFO - 2023-12-08 08:39:43 --> Session: Class initialized using 'CodeIgniter\Session\Handlers\FileHandler' driver.
INFO - 2023-12-08 08:39:47 --> Session: Class initialized using 'CodeIgniter\Session\Handlers\FileHandler' driver.
INFO - 2023-12-08 08:39:50 --> Session: Class initialized using 'CodeIgniter\Session\Handlers\FileHandler' driver.
INFO - 2023-12-08 08:39:56 --> Session: Class initialized using 'CodeIgniter\Session\Handlers\FileHandler' driver.
INFO - 2023-12-08 08:41:00 --> Session: Class initialized using 'CodeIgniter\Session\Handlers\FileHandler' driver.
INFO - 2023-12-08 08:41:05 --> Session: Class initialized using 'CodeIgniter\Session\Handlers\FileHandler' driver.
INFO - 2023-12-08 08:41:18 --> Session: Class initialized using 'CodeIgniter\Session\Handlers\FileHandler' driver.
INFO - 2023-12-08 08:41:21 --> Session: Class initialized using 'CodeIgniter\Session\Handlers\FileHandler' driver.
INFO - 2023-12-08 08:41:29 --> Session: Class initialized using 'CodeIgniter\Session\Handlers\FileHandler' driver.
INFO - 2023-12-08 08:42:03 --> Session: Class initialized using 'CodeIgniter\Session\Handlers\FileHandler' driver.
INFO - 2023-12-08 08:42:09 --> Session: Class initialized using 'CodeIgniter\Session\Handlers\FileHandler' driver.
INFO - 2023-12-08 08:54:15 --> Session: Class initialized using 'CodeIgniter\Session\Handlers\FileHandler' driver.
INFO - 2023-12-08 08:54:20 --> Session: Class initialized using 'CodeIgniter\Session\Handlers\FileHandler' driver.
INFO - 2023-12-08 08:54:24 --> Session: Class initialized using 'CodeIgniter\Session\Handlers\FileHandler' driver.
INFO - 2023-12-08 08:54:25 --> Session: Class initialized using 'CodeIgniter\Session\Handlers\FileHandler' driver.
INFO - 2023-12-08 08:55:57 --> Session: Class initialized using 'CodeIgniter\Session\Handlers\FileHandler' driver.
INFO - 2023-12-08 08:55:59 --> Session: Class initialized using 'CodeIgniter\Session\Handlers\FileHandler' driver.
INFO - 2023-12-08 09:05:34 --> Session: Class initialized using 'CodeIgniter\Session\Handlers\FileHandler' driver.
INFO - 2023-12-08 09:05:36 --> Session: Class initialized using 'CodeIgniter\Session\Handlers\FileHandler' driver.
INFO - 2023-12-08 09:06:34 --> Session: Class initialized using 'CodeIgniter\Session\Handlers\FileHandler' driver.
INFO - 2023-12-08 09:06:54 --> Session: Class initialized using 'CodeIgniter\Session\Handlers\FileHandler' driver.
INFO - 2023-12-08 09:07:01 --> Session: Class initialized using 'CodeIgniter\Session\Handlers\FileHandler' driver.
INFO - 2023-12-08 09:07:06 --> Session: Class initialized using 'CodeIgniter\Session\Handlers\FileHandler' driver.
INFO - 2023-12-08 09:19:28 --> Session: Class initialized using 'CodeIgniter\Session\Handlers\FileHandler' driver.
INFO - 2023-12-08 09:28:10 --> Session: Class initialized using 'CodeIgniter\Session\Handlers\FileHandler' driver.
INFO - 2023-12-08 09:28:54 --> Session: Class initialized using 'CodeIgniter\Session\Handlers\FileHandler' driver.
INFO - 2023-12-08 09:28:58 --> Session: Class initialized using 'CodeIgniter\Session\Handlers\FileHandler' driver.
ERROR - 2023-12-08 09:28:59 --> mysqli_sql_exception: Unknown column 'id_guru_mapel' in 'where clause' in D:\laragon\www\sim\system\Database\MySQLi\Connection.php:295
Stack trace:
#0 D:\laragon\www\sim\system\Database\MySQLi\Connection.php(295): mysqli->query('DELETE FROM `tb...', 0)
#1 D:\laragon\www\sim\system\Database\BaseConnection.php(692): CodeIgniter\Database\MySQLi\Connection->execute('DELETE FROM `tb...')
#2 D:\laragon\www\sim\system\Database\BaseConnection.php(606): CodeIgniter\Database\BaseConnection->simpleQuery('DELETE FROM `tb...')
#3 D:\laragon\www\sim\system\Database\BaseBuilder.php(2791): CodeIgniter\Database\BaseConnection->query('DELETE FROM `tb...', Array, false)
#4 D:\laragon\www\sim\app\Models\M_sekolah.php(1256): CodeIgniter\Database\BaseBuilder->delete()
#5 D:\laragon\www\sim\app\Controllers\Tugas.php(111): App\Models\M_sekolah->hapus_tugas(Array)
#6 D:\laragon\www\sim\system\CodeIgniter.php(932): App\Controllers\Tugas->hapus_tugas()
#7 D:\laragon\www\sim\system\CodeIgniter.php(497): CodeIgniter\CodeIgniter->runController(Object(App\Controllers\Tugas))
#8 D:\laragon\www\sim\system\CodeIgniter.php(366): CodeIgniter\CodeIgniter->handleRequest(NULL, Object(Config\Cache), false)
#9 D:\laragon\www\sim\public\index.php(67): CodeIgniter\CodeIgniter->run()
#10 D:\laragon\www\sim\system\Commands\Server\rewrite.php(47): require_once('D:\\laragon\\www\\...')
#11 {main}
CRITICAL - 2023-12-08 09:28:59 --> Unknown column 'id_guru_mapel' in 'where clause'
in SYSTEMPATH\Database\MySQLi\Connection.php on line 295.
 1 SYSTEMPATH\Database\MySQLi\Connection.php(295): mysqli->query('DELETE FROM `tb_tugas_tp`
WHERE `id` = 17
AND `id_guru_mapel` = \'32\'', 0)
 2 SYSTEMPATH\Database\BaseConnection.php(692): CodeIgniter\Database\MySQLi\Connection->execute('DELETE FROM `tb_tugas_tp`
WHERE `id` = 17
AND `id_guru_mapel` = \'32\'')
 3 SYSTEMPATH\Database\BaseConnection.php(606): CodeIgniter\Database\BaseConnection->simpleQuery('DELETE FROM `tb_tugas_tp`
WHERE `id` = 17
AND `id_guru_mapel` = \'32\'')
 4 SYSTEMPATH\Database\BaseBuilder.php(2791): CodeIgniter\Database\BaseConnection->query('DELETE FROM `tb_tugas_tp`
WHERE `id` = :id:
AND `id_guru_mapel` = :id_guru_mapel:', [...], false)
 5 APPPATH\Models\M_sekolah.php(1256): CodeIgniter\Database\BaseBuilder->delete()
 6 APPPATH\Controllers\Tugas.php(111): App\Models\M_sekolah->hapus_tugas([...])
 7 SYSTEMPATH\CodeIgniter.php(932): App\Controllers\Tugas->hapus_tugas()
 8 SYSTEMPATH\CodeIgniter.php(497): CodeIgniter\CodeIgniter->runController(Object(App\Controllers\Tugas))
 9 SYSTEMPATH\CodeIgniter.php(366): CodeIgniter\CodeIgniter->handleRequest(null, Object(Config\Cache), false)
10 FCPATH\index.php(67): CodeIgniter\CodeIgniter->run()
11 SYSTEMPATH\Commands\Server\rewrite.php(47): require_once('D:\\laragon\\www\\sim\\public\\index.php')
INFO - 2023-12-08 09:29:04 --> Session: Class initialized using 'CodeIgniter\Session\Handlers\FileHandler' driver.
INFO - 2023-12-08 09:30:14 --> Session: Class initialized using 'CodeIgniter\Session\Handlers\FileHandler' driver.
INFO - 2023-12-08 09:30:17 --> Session: Class initialized using 'CodeIgniter\Session\Handlers\FileHandler' driver.
INFO - 2023-12-08 09:32:03 --> Session: Class initialized using 'CodeIgniter\Session\Handlers\FileHandler' driver.
INFO - 2023-12-08 09:32:06 --> Session: Class initialized using 'CodeIgniter\Session\Handlers\FileHandler' driver.
INFO - 2023-12-08 09:32:08 --> Session: Class initialized using 'CodeIgniter\Session\Handlers\FileHandler' driver.
INFO - 2023-12-08 09:32:17 --> Session: Class initialized using 'CodeIgniter\Session\Handlers\FileHandler' driver.
INFO - 2023-12-08 09:32:20 --> Session: Class initialized using 'CodeIgniter\Session\Handlers\FileHandler' driver.
INFO - 2023-12-08 09:38:53 --> Session: Class initialized using 'CodeIgniter\Session\Handlers\FileHandler' driver.
INFO - 2023-12-08 09:42:57 --> Session: Class initialized using 'CodeIgniter\Session\Handlers\FileHandler' driver.
INFO - 2023-12-08 09:43:26 --> Session: Class initialized using 'CodeIgniter\Session\Handlers\FileHandler' driver.
INFO - 2023-12-08 09:43:43 --> Session: Class initialized using 'CodeIgniter\Session\Handlers\FileHandler' driver.
INFO - 2023-12-08 09:45:01 --> Session: Class initialized using 'CodeIgniter\Session\Handlers\FileHandler' driver.
INFO - 2023-12-08 09:45:31 --> Session: Class initialized using 'CodeIgniter\Session\Handlers\FileHandler' driver.
INFO - 2023-12-08 09:46:03 --> Session: Class initialized using 'CodeIgniter\Session\Handlers\FileHandler' driver.
INFO - 2023-12-08 09:46:32 --> Session: Class initialized using 'CodeIgniter\Session\Handlers\FileHandler' driver.
INFO - 2023-12-08 09:47:17 --> Session: Class initialized using 'CodeIgniter\Session\Handlers\FileHandler' driver.
INFO - 2023-12-08 09:48:50 --> Session: Class initialized using 'CodeIgniter\Session\Handlers\FileHandler' driver.
INFO - 2023-12-08 09:49:00 --> Session: Class initialized using 'CodeIgniter\Session\Handlers\FileHandler' driver.
INFO - 2023-12-08 09:49:02 --> Session: Class initialized using 'CodeIgniter\Session\Handlers\FileHandler' driver.
INFO - 2023-12-08 10:25:41 --> Session: Class initialized using 'CodeIgniter\Session\Handlers\FileHandler' driver.
INFO - 2023-12-08 10:25:51 --> Session: Class initialized using 'CodeIgniter\Session\Handlers\FileHandler' driver.
INFO - 2023-12-08 11:02:08 --> Session: Class initialized using 'CodeIgniter\Session\Handlers\FileHandler' driver.
INFO - 2023-12-08 11:02:37 --> Session: Class initialized using 'CodeIgniter\Session\Handlers\FileHandler' driver.
INFO - 2023-12-08 11:03:11 --> Session: Class initialized using 'CodeIgniter\Session\Handlers\FileHandler' driver.
INFO - 2023-12-08 11:04:57 --> Session: Class initialized using 'CodeIgniter\Session\Handlers\FileHandler' driver.
INFO - 2023-12-08 11:06:01 --> Session: Class initialized using 'CodeIgniter\Session\Handlers\FileHandler' driver.
INFO - 2023-12-08 11:11:34 --> Session: Class initialized using 'CodeIgniter\Session\Handlers\FileHandler' driver.
INFO - 2023-12-08 11:17:24 --> Session: Class initialized using 'CodeIgniter\Session\Handlers\FileHandler' driver.
INFO - 2023-12-08 11:18:41 --> Session: Class initialized using 'CodeIgniter\Session\Handlers\FileHandler' driver.
INFO - 2023-12-08 11:18:54 --> Session: Class initialized using 'CodeIgniter\Session\Handlers\FileHandler' driver.
INFO - 2023-12-08 11:20:01 --> Session: Class initialized using 'CodeIgniter\Session\Handlers\FileHandler' driver.
INFO - 2023-12-08 11:21:09 --> Session: Class initialized using 'CodeIgniter\Session\Handlers\FileHandler' driver.
INFO - 2023-12-08 14:05:17 --> Session: Class initialized using 'CodeIgniter\Session\Handlers\FileHandler' driver.
INFO - 2023-12-08 14:05:17 --> Session: Class initialized using 'CodeIgniter\Session\Handlers\FileHandler' driver.
INFO - 2023-12-08 14:05:21 --> Session: Class initialized using 'CodeIgniter\Session\Handlers\FileHandler' driver.
INFO - 2023-12-08 14:05:22 --> Session: Class initialized using 'CodeIgniter\Session\Handlers\FileHandler' driver.
INFO - 2023-12-08 14:05:25 --> Session: Class initialized using 'CodeIgniter\Session\Handlers\FileHandler' driver.
INFO - 2023-12-08 14:05:39 --> Session: Class initialized using 'CodeIgniter\Session\Handlers\FileHandler' driver.
INFO - 2023-12-08 14:08:09 --> Session: Class initialized using 'CodeIgniter\Session\Handlers\FileHandler' driver.
INFO - 2023-12-08 14:12:56 --> Session: Class initialized using 'CodeIgniter\Session\Handlers\FileHandler' driver.
INFO - 2023-12-08 14:13:07 --> Session: Class initialized using 'CodeIgniter\Session\Handlers\FileHandler' driver.
INFO - 2023-12-08 14:22:47 --> Session: Class initialized using 'CodeIgniter\Session\Handlers\FileHandler' driver.
INFO - 2023-12-08 14:23:14 --> Session: Class initialized using 'CodeIgniter\Session\Handlers\FileHandler' driver.
INFO - 2023-12-08 14:23:15 --> Session: Class initialized using 'CodeIgniter\Session\Handlers\FileHandler' driver.
INFO - 2023-12-08 14:25:45 --> Session: Class initialized using 'CodeIgniter\Session\Handlers\FileHandler' driver.
INFO - 2023-12-08 14:28:10 --> Session: Class initialized using 'CodeIgniter\Session\Handlers\FileHandler' driver.
INFO - 2023-12-08 14:28:42 --> Session: Class initialized using 'CodeIgniter\Session\Handlers\FileHandler' driver.
INFO - 2023-12-08 14:30:10 --> Session: Class initialized using 'CodeIgniter\Session\Handlers\FileHandler' driver.
INFO - 2023-12-08 14:30:10 --> Session: Class initialized using 'CodeIgniter\Session\Handlers\FileHandler' driver.
INFO - 2023-12-08 14:41:59 --> Session: Class initialized using 'CodeIgniter\Session\Handlers\FileHandler' driver.
INFO - 2023-12-08 14:44:47 --> Session: Class initialized using 'CodeIgniter\Session\Handlers\FileHandler' driver.
INFO - 2023-12-08 14:46:29 --> Session: Class initialized using 'CodeIgniter\Session\Handlers\FileHandler' driver.
INFO - 2023-12-08 14:47:00 --> Session: Class initialized using 'CodeIgniter\Session\Handlers\FileHandler' driver.
INFO - 2023-12-08 14:47:04 --> Session: Class initialized using 'CodeIgniter\Session\Handlers\FileHandler' driver.
INFO - 2023-12-08 14:47:07 --> Session: Class initialized using 'CodeIgniter\Session\Handlers\FileHandler' driver.
INFO - 2023-12-08 14:47:29 --> Session: Class initialized using 'CodeIgniter\Session\Handlers\FileHandler' driver.
INFO - 2023-12-08 14:47:29 --> Session: Class initialized using 'CodeIgniter\Session\Handlers\FileHandler' driver.
INFO - 2023-12-08 14:48:31 --> Session: Class initialized using 'CodeIgniter\Session\Handlers\FileHandler' driver.
INFO - 2023-12-08 14:57:24 --> Session: Class initialized using 'CodeIgniter\Session\Handlers\FileHandler' driver.
INFO - 2023-12-08 14:58:28 --> Session: Class initialized using 'CodeIgniter\Session\Handlers\FileHandler' driver.
INFO - 2023-12-08 14:59:25 --> Session: Class initialized using 'CodeIgniter\Session\Handlers\FileHandler' driver.
INFO - 2023-12-08 14:59:59 --> Session: Class initialized using 'CodeIgniter\Session\Handlers\FileHandler' driver.
INFO - 2023-12-08 15:01:55 --> Session: Class initialized using 'CodeIgniter\Session\Handlers\FileHandler' driver.
INFO - 2023-12-08 15:02:41 --> Session: Class initialized using 'CodeIgniter\Session\Handlers\FileHandler' driver.
INFO - 2023-12-08 15:03:40 --> Session: Class initialized using 'CodeIgniter\Session\Handlers\FileHandler' driver.
INFO - 2023-12-08 15:04:09 --> Session: Class initialized using 'CodeIgniter\Session\Handlers\FileHandler' driver.
INFO - 2023-12-08 15:06:02 --> Session: Class initialized using 'CodeIgniter\Session\Handlers\FileHandler' driver.
INFO - 2023-12-08 15:06:21 --> Session: Class initialized using 'CodeIgniter\Session\Handlers\FileHandler' driver.
INFO - 2023-12-08 15:06:21 --> Session: Class initialized using 'CodeIgniter\Session\Handlers\FileHandler' driver.
INFO - 2023-12-08 15:07:14 --> Session: Class initialized using 'CodeIgniter\Session\Handlers\FileHandler' driver.
INFO - 2023-12-08 15:09:06 --> Session: Class initialized using 'CodeIgniter\Session\Handlers\FileHandler' driver.
INFO - 2023-12-08 15:13:22 --> Session: Class initialized using 'CodeIgniter\Session\Handlers\FileHandler' driver.
INFO - 2023-12-08 15:14:30 --> Session: Class initialized using 'CodeIgniter\Session\Handlers\FileHandler' driver.
INFO - 2023-12-08 15:15:25 --> Session: Class initialized using 'CodeIgniter\Session\Handlers\FileHandler' driver.
INFO - 2023-12-08 15:15:26 --> Session: Class initialized using 'CodeIgniter\Session\Handlers\FileHandler' driver.
INFO - 2023-12-08 15:15:31 --> Session: Class initialized using 'CodeIgniter\Session\Handlers\FileHandler' driver.
INFO - 2023-12-08 15:15:34 --> Session: Class initialized using 'CodeIgniter\Session\Handlers\FileHandler' driver.
INFO - 2023-12-08 15:15:39 --> Session: Class initialized using 'CodeIgniter\Session\Handlers\FileHandler' driver.
INFO - 2023-12-08 15:15:42 --> Session: Class initialized using 'CodeIgniter\Session\Handlers\FileHandler' driver.
INFO - 2023-12-08 15:15:45 --> Session: Class initialized using 'CodeIgniter\Session\Handlers\FileHandler' driver.
CRITICAL - 2023-12-08 15:15:45 --> Too few arguments to function App\Models\M_user::cekajarkelas(), 1 passed in D:\laragon\www\sim\app\Controllers\Nilai.php on line 35 and exactly 2 expected
in APPPATH\Models\M_user.php on line 333.
 1 APPPATH\Controllers\Nilai.php(35): App\Models\M_user->cekajarkelas('1000000010000002')
 2 SYSTEMPATH\CodeIgniter.php(932): App\Controllers\Nilai->index()
 3 SYSTEMPATH\CodeIgniter.php(497): CodeIgniter\CodeIgniter->runController(Object(App\Controllers\Nilai))
 4 SYSTEMPATH\CodeIgniter.php(366): CodeIgniter\CodeIgniter->handleRequest(null, Object(Config\Cache), false)
 5 FCPATH\index.php(67): CodeIgniter\CodeIgniter->run()
 6 SYSTEMPATH\Commands\Server\rewrite.php(47): require_once('D:\\laragon\\www\\sim\\public\\index.php')
INFO - 2023-12-08 15:45:31 --> Session: Class initialized using 'CodeIgniter\Session\Handlers\FileHandler' driver.
INFO - 2023-12-08 15:45:42 --> Session: Class initialized using 'CodeIgniter\Session\Handlers\FileHandler' driver.
INFO - 2023-12-08 15:45:52 --> Session: Class initialized using 'CodeIgniter\Session\Handlers\FileHandler' driver.
INFO - 2023-12-08 15:45:59 --> Session: Class initialized using 'CodeIgniter\Session\Handlers\FileHandler' driver.
INFO - 2023-12-08 15:46:07 --> Session: Class initialized using 'CodeIgniter\Session\Handlers\FileHandler' driver.
INFO - 2023-12-08 15:46:17 --> Session: Class initialized using 'CodeIgniter\Session\Handlers\FileHandler' driver.
INFO - 2023-12-08 15:46:19 --> Session: Class initialized using 'CodeIgniter\Session\Handlers\FileHandler' driver.
INFO - 2023-12-08 15:46:20 --> Session: Class initialized using 'CodeIgniter\Session\Handlers\FileHandler' driver.
INFO - 2023-12-08 15:49:10 --> Session: Class initialized using 'CodeIgniter\Session\Handlers\FileHandler' driver.
INFO - 2023-12-08 15:49:14 --> Session: Class initialized using 'CodeIgniter\Session\Handlers\FileHandler' driver.
INFO - 2023-12-08 15:49:45 --> Session: Class initialized using 'CodeIgniter\Session\Handlers\FileHandler' driver.
INFO - 2023-12-08 15:49:45 --> Session: Class initialized using 'CodeIgniter\Session\Handlers\FileHandler' driver.
INFO - 2023-12-08 15:49:49 --> Session: Class initialized using 'CodeIgniter\Session\Handlers\FileHandler' driver.
INFO - 2023-12-08 15:49:51 --> Session: Class initialized using 'CodeIgniter\Session\Handlers\FileHandler' driver.
INFO - 2023-12-08 15:49:54 --> Session: Class initialized using 'CodeIgniter\Session\Handlers\FileHandler' driver.
INFO - 2023-12-08 15:49:57 --> Session: Class initialized using 'CodeIgniter\Session\Handlers\FileHandler' driver.
INFO - 2023-12-08 15:50:04 --> Session: Class initialized using 'CodeIgniter\Session\Handlers\FileHandler' driver.
INFO - 2023-12-08 15:50:14 --> Session: Class initialized using 'CodeIgniter\Session\Handlers\FileHandler' driver.
INFO - 2023-12-08 15:50:48 --> Session: Class initialized using 'CodeIgniter\Session\Handlers\FileHandler' driver.
INFO - 2023-12-08 15:50:52 --> Session: Class initialized using 'CodeIgniter\Session\Handlers\FileHandler' driver.
INFO - 2023-12-08 15:51:05 --> Session: Class initialized using 'CodeIgniter\Session\Handlers\FileHandler' driver.
INFO - 2023-12-08 15:51:06 --> Session: Class initialized using 'CodeIgniter\Session\Handlers\FileHandler' driver.
INFO - 2023-12-08 15:51:08 --> Session: Class initialized using 'CodeIgniter\Session\Handlers\FileHandler' driver.
INFO - 2023-12-08 15:51:10 --> Session: Class initialized using 'CodeIgniter\Session\Handlers\FileHandler' driver.
ERROR - 2023-12-08 21:00:45 --> mysqli_sql_exception: Unknown column 'p.nilai' in 'field list' in D:\laragon\www\sim\system\Database\MySQLi\Connection.php:295
Stack trace:
#0 D:\laragon\www\sim\system\Database\MySQLi\Connection.php(295): mysqli->query('SELECT nis, nam...', 0)
#1 D:\laragon\www\sim\system\Database\BaseConnection.php(692): CodeIgniter\Database\MySQLi\Connection->execute('SELECT nis, nam...')
#2 D:\laragon\www\sim\system\Database\BaseConnection.php(606): CodeIgniter\Database\BaseConnection->simpleQuery('SELECT nis, nam...')
#3 D:\laragon\www\sim\app\Models\M_user.php(697): CodeIgniter\Database\BaseConnection->query('SELECT nis, nam...', Array)
#4 D:\laragon\www\sim\app\Controllers\Nilai.php(105): App\Models\M_user->getDaftarNilaiEks('38844e05-e8d8-4...', '2023', '10', '223', '202')
#5 D:\laragon\www\sim\system\CodeIgniter.php(932): App\Controllers\Nilai->index()
#6 D:\laragon\www\sim\system\CodeIgniter.php(497): CodeIgniter\CodeIgniter->runController(Object(App\Controllers\Nilai))
#7 D:\laragon\www\sim\system\CodeIgniter.php(366): CodeIgniter\CodeIgniter->handleRequest(NULL, Object(Config\Cache), false)
#8 D:\laragon\www\sim\public\index.php(67): CodeIgniter\CodeIgniter->run()
#9 D:\laragon\www\sim\system\Commands\Server\rewrite.php(47): require_once('D:\\laragon\\www\\...')
#10 {main}
CRITICAL - 2023-12-08 21:00:45 --> Unknown column 'p.nilai' in 'field list'
in SYSTEMPATH\Database\MySQLi\Connection.php on line 295.
 1 SYSTEMPATH\Database\MySQLi\Connection.php(295): mysqli->query('SELECT nis, nama, jenis_kelamin, alamat, telp, dp.tujuan_pembelajaran, COALESCE(p.nilai, 0) as nilai
                FROM tb_siswa_sekolah gs
                CROSS JOIN tb_tujuan_pembelajaran_ekskul dp
                LEFT JOIN tb_siswa s ON s.nisn = gs.nisn 
                LEFT JOIN tb_nilai_eks p ON p.nisn = gs.nisn AND p.id_tp_eks = dp.id
                WHERE gs.id_sekolah = \'38844e05-e8d8-40af-998e-0d54c50a6aa5\' 
                    AND gs.kelas = \'10\' 
                    AND nama_rombel = \'223\' 
                    AND gs.tahun_ajaran = \'2023\'
                    AND dp.id_ekskul = \'202\' AND dp.kelas = \'10\'
                ORDER BY gs.nisn, dp.id', 0)
 2 SYSTEMPATH\Database\BaseConnection.php(692): CodeIgniter\Database\MySQLi\Connection->execute('SELECT nis, nama, jenis_kelamin, alamat, telp, dp.tujuan_pembelajaran, COALESCE(p.nilai, 0) as nilai
                FROM tb_siswa_sekolah gs
                CROSS JOIN tb_tujuan_pembelajaran_ekskul dp
                LEFT JOIN tb_siswa s ON s.nisn = gs.nisn 
                LEFT JOIN tb_nilai_eks p ON p.nisn = gs.nisn AND p.id_tp_eks = dp.id
                WHERE gs.id_sekolah = \'38844e05-e8d8-40af-998e-0d54c50a6aa5\' 
                    AND gs.kelas = \'10\' 
                    AND nama_rombel = \'223\' 
                    AND gs.tahun_ajaran = \'2023\'
                    AND dp.id_ekskul = \'202\' AND dp.kelas = \'10\'
                ORDER BY gs.nisn, dp.id')
 3 SYSTEMPATH\Database\BaseConnection.php(606): CodeIgniter\Database\BaseConnection->simpleQuery('SELECT nis, nama, jenis_kelamin, alamat, telp, dp.tujuan_pembelajaran, COALESCE(p.nilai, 0) as nilai
                FROM tb_siswa_sekolah gs
                CROSS JOIN tb_tujuan_pembelajaran_ekskul dp
                LEFT JOIN tb_siswa s ON s.nisn = gs.nisn 
                LEFT JOIN tb_nilai_eks p ON p.nisn = gs.nisn AND p.id_tp_eks = dp.id
                WHERE gs.id_sekolah = \'38844e05-e8d8-40af-998e-0d54c50a6aa5\' 
                    AND gs.kelas = \'10\' 
                    AND nama_rombel = \'223\' 
                    AND gs.tahun_ajaran = \'2023\'
                    AND dp.id_ekskul = \'202\' AND dp.kelas = \'10\'
                ORDER BY gs.nisn, dp.id')
 4 APPPATH\Models\M_user.php(697): CodeIgniter\Database\BaseConnection->query('SELECT nis, nama, jenis_kelamin, alamat, telp, dp.tujuan_pembelajaran, COALESCE(p.nilai, 0) as nilai
                FROM tb_siswa_sekolah gs
                CROSS JOIN tb_tujuan_pembelajaran_ekskul dp
                LEFT JOIN tb_siswa s ON s.nisn = gs.nisn 
                LEFT JOIN tb_nilai_eks p ON p.nisn = gs.nisn AND p.id_tp_eks = dp.id
                WHERE gs.id_sekolah = :id_sekolah: 
                    AND gs.kelas = :kelas: 
                    AND nama_rombel = :rombel: 
                    AND gs.tahun_ajaran = :tahun_ajaran:
                    AND dp.id_ekskul = :id_ekskul: AND dp.kelas = :kelas:
                ORDER BY gs.nisn, dp.id', [...])
 5 APPPATH\Controllers\Nilai.php(105): App\Models\M_user->getDaftarNilaiEks('38844e05-e8d8-40af-998e-0d54c50a6aa5', '2023', '10', '223', '202')
 6 SYSTEMPATH\CodeIgniter.php(932): App\Controllers\Nilai->index()
 7 SYSTEMPATH\CodeIgniter.php(497): CodeIgniter\CodeIgniter->runController(Object(App\Controllers\Nilai))
 8 SYSTEMPATH\CodeIgniter.php(366): CodeIgniter\CodeIgniter->handleRequest(null, Object(Config\Cache), false)
 9 FCPATH\index.php(67): CodeIgniter\CodeIgniter->run()
10 SYSTEMPATH\Commands\Server\rewrite.php(47): require_once('D:\\laragon\\www\\sim\\public\\index.php')
ERROR - 2023-12-08 21:01:00 --> mysqli_sql_exception: Unknown column 'p.nilai' in 'field list' in D:\laragon\www\sim\system\Database\MySQLi\Connection.php:295
Stack trace:
#0 D:\laragon\www\sim\system\Database\MySQLi\Connection.php(295): mysqli->query('SELECT nis, nam...', 0)
#1 D:\laragon\www\sim\system\Database\BaseConnection.php(692): CodeIgniter\Database\MySQLi\Connection->execute('SELECT nis, nam...')
#2 D:\laragon\www\sim\system\Database\BaseConnection.php(606): CodeIgniter\Database\BaseConnection->simpleQuery('SELECT nis, nam...')
#3 D:\laragon\www\sim\app\Models\M_user.php(697): CodeIgniter\Database\BaseConnection->query('SELECT nis, nam...', Array)
#4 D:\laragon\www\sim\app\Controllers\Nilai.php(105): App\Models\M_user->getDaftarNilaiEks('38844e05-e8d8-4...', '2023', '10', '223', '202')
#5 D:\laragon\www\sim\system\CodeIgniter.php(932): App\Controllers\Nilai->index()
#6 D:\laragon\www\sim\system\CodeIgniter.php(497): CodeIgniter\CodeIgniter->runController(Object(App\Controllers\Nilai))
#7 D:\laragon\www\sim\system\CodeIgniter.php(366): CodeIgniter\CodeIgniter->handleRequest(NULL, Object(Config\Cache), false)
#8 D:\laragon\www\sim\public\index.php(67): CodeIgniter\CodeIgniter->run()
#9 D:\laragon\www\sim\system\Commands\Server\rewrite.php(47): require_once('D:\\laragon\\www\\...')
#10 {main}
CRITICAL - 2023-12-08 21:01:00 --> Unknown column 'p.nilai' in 'field list'
in SYSTEMPATH\Database\MySQLi\Connection.php on line 295.
 1 SYSTEMPATH\Database\MySQLi\Connection.php(295): mysqli->query('SELECT nis, nama, jenis_kelamin, alamat, telp, dp.tujuan_pembelajaran, COALESCE(p.nilai, 0) as nilai
                FROM tb_siswa_sekolah gs
                CROSS JOIN tb_tujuan_pembelajaran_ekskul dp
                LEFT JOIN tb_siswa s ON s.nisn = gs.nisn 
                LEFT JOIN tb_nilai_eks p ON p.nisn = gs.nisn AND p.id_tp_eks = dp.id
                WHERE gs.id_sekolah = \'38844e05-e8d8-40af-998e-0d54c50a6aa5\' 
                    AND gs.kelas = \'10\' 
                    AND nama_rombel = \'223\' 
                    AND gs.tahun_ajaran = \'2023\'
                    AND dp.id_ekskul = \'202\' AND dp.kelas = \'10\'
                ORDER BY gs.nisn, dp.id', 0)
 2 SYSTEMPATH\Database\BaseConnection.php(692): CodeIgniter\Database\MySQLi\Connection->execute('SELECT nis, nama, jenis_kelamin, alamat, telp, dp.tujuan_pembelajaran, COALESCE(p.nilai, 0) as nilai
                FROM tb_siswa_sekolah gs
                CROSS JOIN tb_tujuan_pembelajaran_ekskul dp
                LEFT JOIN tb_siswa s ON s.nisn = gs.nisn 
                LEFT JOIN tb_nilai_eks p ON p.nisn = gs.nisn AND p.id_tp_eks = dp.id
                WHERE gs.id_sekolah = \'38844e05-e8d8-40af-998e-0d54c50a6aa5\' 
                    AND gs.kelas = \'10\' 
                    AND nama_rombel = \'223\' 
                    AND gs.tahun_ajaran = \'2023\'
                    AND dp.id_ekskul = \'202\' AND dp.kelas = \'10\'
                ORDER BY gs.nisn, dp.id')
 3 SYSTEMPATH\Database\BaseConnection.php(606): CodeIgniter\Database\BaseConnection->simpleQuery('SELECT nis, nama, jenis_kelamin, alamat, telp, dp.tujuan_pembelajaran, COALESCE(p.nilai, 0) as nilai
                FROM tb_siswa_sekolah gs
                CROSS JOIN tb_tujuan_pembelajaran_ekskul dp
                LEFT JOIN tb_siswa s ON s.nisn = gs.nisn 
                LEFT JOIN tb_nilai_eks p ON p.nisn = gs.nisn AND p.id_tp_eks = dp.id
                WHERE gs.id_sekolah = \'38844e05-e8d8-40af-998e-0d54c50a6aa5\' 
                    AND gs.kelas = \'10\' 
                    AND nama_rombel = \'223\' 
                    AND gs.tahun_ajaran = \'2023\'
                    AND dp.id_ekskul = \'202\' AND dp.kelas = \'10\'
                ORDER BY gs.nisn, dp.id')
 4 APPPATH\Models\M_user.php(697): CodeIgniter\Database\BaseConnection->query('SELECT nis, nama, jenis_kelamin, alamat, telp, dp.tujuan_pembelajaran, COALESCE(p.nilai, 0) as nilai
                FROM tb_siswa_sekolah gs
                CROSS JOIN tb_tujuan_pembelajaran_ekskul dp
                LEFT JOIN tb_siswa s ON s.nisn = gs.nisn 
                LEFT JOIN tb_nilai_eks p ON p.nisn = gs.nisn AND p.id_tp_eks = dp.id
                WHERE gs.id_sekolah = :id_sekolah: 
                    AND gs.kelas = :kelas: 
                    AND nama_rombel = :rombel: 
                    AND gs.tahun_ajaran = :tahun_ajaran:
                    AND dp.id_ekskul = :id_ekskul: AND dp.kelas = :kelas:
                ORDER BY gs.nisn, dp.id', [...])
 5 APPPATH\Controllers\Nilai.php(105): App\Models\M_user->getDaftarNilaiEks('38844e05-e8d8-40af-998e-0d54c50a6aa5', '2023', '10', '223', '202')
 6 SYSTEMPATH\CodeIgniter.php(932): App\Controllers\Nilai->index()
 7 SYSTEMPATH\CodeIgniter.php(497): CodeIgniter\CodeIgniter->runController(Object(App\Controllers\Nilai))
 8 SYSTEMPATH\CodeIgniter.php(366): CodeIgniter\CodeIgniter->handleRequest(null, Object(Config\Cache), false)
 9 FCPATH\index.php(67): CodeIgniter\CodeIgniter->run()
10 SYSTEMPATH\Commands\Server\rewrite.php(47): require_once('D:\\laragon\\www\\sim\\public\\index.php')
INFO - 2023-12-08 21:01:39 --> Session: Class initialized using 'CodeIgniter\Session\Handlers\FileHandler' driver.
ERROR - 2023-12-08 21:01:39 --> mysqli_sql_exception: Unknown column 'p.nilai' in 'field list' in D:\laragon\www\sim\system\Database\MySQLi\Connection.php:295
Stack trace:
#0 D:\laragon\www\sim\system\Database\MySQLi\Connection.php(295): mysqli->query('SELECT nis, nam...', 0)
#1 D:\laragon\www\sim\system\Database\BaseConnection.php(692): CodeIgniter\Database\MySQLi\Connection->execute('SELECT nis, nam...')
#2 D:\laragon\www\sim\system\Database\BaseConnection.php(606): CodeIgniter\Database\BaseConnection->simpleQuery('SELECT nis, nam...')
#3 D:\laragon\www\sim\app\Models\M_user.php(697): CodeIgniter\Database\BaseConnection->query('SELECT nis, nam...', Array)
#4 D:\laragon\www\sim\app\Controllers\Nilai.php(105): App\Models\M_user->getDaftarNilaiEks('38844e05-e8d8-4...', '2023', '10', '223', '202')
#5 D:\laragon\www\sim\system\CodeIgniter.php(932): App\Controllers\Nilai->index()
#6 D:\laragon\www\sim\system\CodeIgniter.php(497): CodeIgniter\CodeIgniter->runController(Object(App\Controllers\Nilai))
#7 D:\laragon\www\sim\system\CodeIgniter.php(366): CodeIgniter\CodeIgniter->handleRequest(NULL, Object(Config\Cache), false)
#8 D:\laragon\www\sim\public\index.php(67): CodeIgniter\CodeIgniter->run()
#9 D:\laragon\www\sim\system\Commands\Server\rewrite.php(47): require_once('D:\\laragon\\www\\...')
#10 {main}
CRITICAL - 2023-12-08 21:01:39 --> Unknown column 'p.nilai' in 'field list'
in SYSTEMPATH\Database\MySQLi\Connection.php on line 295.
 1 SYSTEMPATH\Database\MySQLi\Connection.php(295): mysqli->query('SELECT nis, nama, jenis_kelamin, alamat, telp, dp.tujuan_pembelajaran, COALESCE(p.nilai, 0) as nilai
                FROM tb_siswa_sekolah gs
                CROSS JOIN tb_tujuan_pembelajaran_ekskul dp
                LEFT JOIN tb_siswa s ON s.nisn = gs.nisn 
                LEFT JOIN tb_nilai_eks p ON p.nisn = gs.nisn AND p.id_tp_eks = dp.id
                WHERE gs.id_sekolah = \'38844e05-e8d8-40af-998e-0d54c50a6aa5\' 
                    AND gs.kelas = \'10\' 
                    AND nama_rombel = \'223\' 
                    AND gs.tahun_ajaran = \'2023\'
                    AND dp.id_ekskul = \'202\' AND dp.kelas = \'10\'
                ORDER BY gs.nisn, dp.id', 0)
 2 SYSTEMPATH\Database\BaseConnection.php(692): CodeIgniter\Database\MySQLi\Connection->execute('SELECT nis, nama, jenis_kelamin, alamat, telp, dp.tujuan_pembelajaran, COALESCE(p.nilai, 0) as nilai
                FROM tb_siswa_sekolah gs
                CROSS JOIN tb_tujuan_pembelajaran_ekskul dp
                LEFT JOIN tb_siswa s ON s.nisn = gs.nisn 
                LEFT JOIN tb_nilai_eks p ON p.nisn = gs.nisn AND p.id_tp_eks = dp.id
                WHERE gs.id_sekolah = \'38844e05-e8d8-40af-998e-0d54c50a6aa5\' 
                    AND gs.kelas = \'10\' 
                    AND nama_rombel = \'223\' 
                    AND gs.tahun_ajaran = \'2023\'
                    AND dp.id_ekskul = \'202\' AND dp.kelas = \'10\'
                ORDER BY gs.nisn, dp.id')
 3 SYSTEMPATH\Database\BaseConnection.php(606): CodeIgniter\Database\BaseConnection->simpleQuery('SELECT nis, nama, jenis_kelamin, alamat, telp, dp.tujuan_pembelajaran, COALESCE(p.nilai, 0) as nilai
                FROM tb_siswa_sekolah gs
                CROSS JOIN tb_tujuan_pembelajaran_ekskul dp
                LEFT JOIN tb_siswa s ON s.nisn = gs.nisn 
                LEFT JOIN tb_nilai_eks p ON p.nisn = gs.nisn AND p.id_tp_eks = dp.id
                WHERE gs.id_sekolah = \'38844e05-e8d8-40af-998e-0d54c50a6aa5\' 
                    AND gs.kelas = \'10\' 
                    AND nama_rombel = \'223\' 
                    AND gs.tahun_ajaran = \'2023\'
                    AND dp.id_ekskul = \'202\' AND dp.kelas = \'10\'
                ORDER BY gs.nisn, dp.id')
 4 APPPATH\Models\M_user.php(697): CodeIgniter\Database\BaseConnection->query('SELECT nis, nama, jenis_kelamin, alamat, telp, dp.tujuan_pembelajaran, COALESCE(p.nilai, 0) as nilai
                FROM tb_siswa_sekolah gs
                CROSS JOIN tb_tujuan_pembelajaran_ekskul dp
                LEFT JOIN tb_siswa s ON s.nisn = gs.nisn 
                LEFT JOIN tb_nilai_eks p ON p.nisn = gs.nisn AND p.id_tp_eks = dp.id
                WHERE gs.id_sekolah = :id_sekolah: 
                    AND gs.kelas = :kelas: 
                    AND nama_rombel = :rombel: 
                    AND gs.tahun_ajaran = :tahun_ajaran:
                    AND dp.id_ekskul = :id_ekskul: AND dp.kelas = :kelas:
                ORDER BY gs.nisn, dp.id', [...])
 5 APPPATH\Controllers\Nilai.php(105): App\Models\M_user->getDaftarNilaiEks('38844e05-e8d8-40af-998e-0d54c50a6aa5', '2023', '10', '223', '202')
 6 SYSTEMPATH\CodeIgniter.php(932): App\Controllers\Nilai->index()
 7 SYSTEMPATH\CodeIgniter.php(497): CodeIgniter\CodeIgniter->runController(Object(App\Controllers\Nilai))
 8 SYSTEMPATH\CodeIgniter.php(366): CodeIgniter\CodeIgniter->handleRequest(null, Object(Config\Cache), false)
 9 FCPATH\index.php(67): CodeIgniter\CodeIgniter->run()
10 SYSTEMPATH\Commands\Server\rewrite.php(47): require_once('D:\\laragon\\www\\sim\\public\\index.php')
INFO - 2023-12-08 21:05:04 --> Session: Class initialized using 'CodeIgniter\Session\Handlers\FileHandler' driver.
CRITICAL - 2023-12-08 21:05:04 --> Too few arguments to function App\Models\M_user::getDaftarNilaiEks(), 5 passed in D:\laragon\www\sim\app\Controllers\Nilai.php on line 105 and exactly 6 expected
in APPPATH\Models\M_user.php on line 678.
 1 APPPATH\Controllers\Nilai.php(105): App\Models\M_user->getDaftarNilaiEks('38844e05-e8d8-40af-998e-0d54c50a6aa5', '2023', '10', '223', '202')
 2 SYSTEMPATH\CodeIgniter.php(932): App\Controllers\Nilai->index()
 3 SYSTEMPATH\CodeIgniter.php(497): CodeIgniter\CodeIgniter->runController(Object(App\Controllers\Nilai))
 4 SYSTEMPATH\CodeIgniter.php(366): CodeIgniter\CodeIgniter->handleRequest(null, Object(Config\Cache), false)
 5 FCPATH\index.php(67): CodeIgniter\CodeIgniter->run()
 6 SYSTEMPATH\Commands\Server\rewrite.php(47): require_once('D:\\laragon\\www\\sim\\public\\index.php')
INFO - 2023-12-08 21:08:31 --> Session: Class initialized using 'CodeIgniter\Session\Handlers\FileHandler' driver.
CRITICAL - 2023-12-08 21:08:31 --> Undefined variable $semester
in APPPATH\Controllers\Nilai.php on line 105.
 1 APPPATH\Controllers\Nilai.php(105): CodeIgniter\Debug\Exceptions->errorHandler(2, 'Undefined variable $semester', 'D:\\laragon\\www\\sim\\app\\Controllers\\Nilai.php', 105)
 2 SYSTEMPATH\CodeIgniter.php(932): App\Controllers\Nilai->index()
 3 SYSTEMPATH\CodeIgniter.php(497): CodeIgniter\CodeIgniter->runController(Object(App\Controllers\Nilai))
 4 SYSTEMPATH\CodeIgniter.php(366): CodeIgniter\CodeIgniter->handleRequest(null, Object(Config\Cache), false)
 5 FCPATH\index.php(67): CodeIgniter\CodeIgniter->run()
 6 SYSTEMPATH\Commands\Server\rewrite.php(47): require_once('D:\\laragon\\www\\sim\\public\\index.php')
INFO - 2023-12-08 21:09:39 --> Session: Class initialized using 'CodeIgniter\Session\Handlers\FileHandler' driver.
INFO - 2023-12-08 21:09:41 --> Session: Class initialized using 'CodeIgniter\Session\Handlers\FileHandler' driver.
CRITICAL - 2023-12-08 21:09:41 --> Undefined variable $semester
in APPPATH\Controllers\Nilai.php on line 413.
 1 APPPATH\Controllers\Nilai.php(413): CodeIgniter\Debug\Exceptions->errorHandler(2, 'Undefined variable $semester', 'D:\\laragon\\www\\sim\\app\\Controllers\\Nilai.php', 413)
 2 SYSTEMPATH\CodeIgniter.php(932): App\Controllers\Nilai->get_daftar_nilai_eks()
 3 SYSTEMPATH\CodeIgniter.php(497): CodeIgniter\CodeIgniter->runController(Object(App\Controllers\Nilai))
 4 SYSTEMPATH\CodeIgniter.php(366): CodeIgniter\CodeIgniter->handleRequest(null, Object(Config\Cache), false)
 5 FCPATH\index.php(67): CodeIgniter\CodeIgniter->run()
 6 SYSTEMPATH\Commands\Server\rewrite.php(47): require_once('D:\\laragon\\www\\sim\\public\\index.php')
INFO - 2023-12-08 21:11:27 --> Session: Class initialized using 'CodeIgniter\Session\Handlers\FileHandler' driver.
INFO - 2023-12-08 21:11:28 --> Session: Class initialized using 'CodeIgniter\Session\Handlers\FileHandler' driver.
CRITICAL - 2023-12-08 21:11:28 --> Undefined variable $semester
in APPPATH\Controllers\Nilai.php on line 413.
 1 APPPATH\Controllers\Nilai.php(413): CodeIgniter\Debug\Exceptions->errorHandler(2, 'Undefined variable $semester', 'D:\\laragon\\www\\sim\\app\\Controllers\\Nilai.php', 413)
 2 SYSTEMPATH\CodeIgniter.php(932): App\Controllers\Nilai->get_daftar_nilai_eks()
 3 SYSTEMPATH\CodeIgniter.php(497): CodeIgniter\CodeIgniter->runController(Object(App\Controllers\Nilai))
 4 SYSTEMPATH\CodeIgniter.php(366): CodeIgniter\CodeIgniter->handleRequest(null, Object(Config\Cache), false)
 5 FCPATH\index.php(67): CodeIgniter\CodeIgniter->run()
 6 SYSTEMPATH\Commands\Server\rewrite.php(47): require_once('D:\\laragon\\www\\sim\\public\\index.php')
INFO - 2023-12-08 21:12:33 --> Session: Class initialized using 'CodeIgniter\Session\Handlers\FileHandler' driver.
INFO - 2023-12-08 21:12:34 --> Session: Class initialized using 'CodeIgniter\Session\Handlers\FileHandler' driver.
CRITICAL - 2023-12-08 21:12:34 --> Undefined variable $semester
in APPPATH\Controllers\Nilai.php on line 413.
 1 APPPATH\Controllers\Nilai.php(413): CodeIgniter\Debug\Exceptions->errorHandler(2, 'Undefined variable $semester', 'D:\\laragon\\www\\sim\\app\\Controllers\\Nilai.php', 413)
 2 SYSTEMPATH\CodeIgniter.php(932): App\Controllers\Nilai->get_daftar_nilai_eks()
 3 SYSTEMPATH\CodeIgniter.php(497): CodeIgniter\CodeIgniter->runController(Object(App\Controllers\Nilai))
 4 SYSTEMPATH\CodeIgniter.php(366): CodeIgniter\CodeIgniter->handleRequest(null, Object(Config\Cache), false)
 5 FCPATH\index.php(67): CodeIgniter\CodeIgniter->run()
 6 SYSTEMPATH\Commands\Server\rewrite.php(47): require_once('D:\\laragon\\www\\sim\\public\\index.php')
INFO - 2023-12-08 21:18:14 --> Session: Class initialized using 'CodeIgniter\Session\Handlers\FileHandler' driver.
INFO - 2023-12-08 21:18:16 --> Session: Class initialized using 'CodeIgniter\Session\Handlers\FileHandler' driver.
CRITICAL - 2023-12-08 21:18:16 --> Undefined variable $semester
in APPPATH\Controllers\Nilai.php on line 413.
 1 APPPATH\Controllers\Nilai.php(413): CodeIgniter\Debug\Exceptions->errorHandler(2, 'Undefined variable $semester', 'D:\\laragon\\www\\sim\\app\\Controllers\\Nilai.php', 413)
 2 SYSTEMPATH\CodeIgniter.php(932): App\Controllers\Nilai->get_daftar_nilai_eks()
 3 SYSTEMPATH\CodeIgniter.php(497): CodeIgniter\CodeIgniter->runController(Object(App\Controllers\Nilai))
 4 SYSTEMPATH\CodeIgniter.php(366): CodeIgniter\CodeIgniter->handleRequest(null, Object(Config\Cache), false)
 5 FCPATH\index.php(67): CodeIgniter\CodeIgniter->run()
 6 SYSTEMPATH\Commands\Server\rewrite.php(47): require_once('D:\\laragon\\www\\sim\\public\\index.php')
INFO - 2023-12-08 21:19:21 --> Session: Class initialized using 'CodeIgniter\Session\Handlers\FileHandler' driver.
INFO - 2023-12-08 21:19:22 --> Session: Class initialized using 'CodeIgniter\Session\Handlers\FileHandler' driver.
CRITICAL - 2023-12-08 21:19:22 --> Undefined variable $semester
in APPPATH\Controllers\Nilai.php on line 413.
 1 APPPATH\Controllers\Nilai.php(413): CodeIgniter\Debug\Exceptions->errorHandler(2, 'Undefined variable $semester', 'D:\\laragon\\www\\sim\\app\\Controllers\\Nilai.php', 413)
 2 SYSTEMPATH\CodeIgniter.php(932): App\Controllers\Nilai->get_daftar_nilai_eks()
 3 SYSTEMPATH\CodeIgniter.php(497): CodeIgniter\CodeIgniter->runController(Object(App\Controllers\Nilai))
 4 SYSTEMPATH\CodeIgniter.php(366): CodeIgniter\CodeIgniter->handleRequest(null, Object(Config\Cache), false)
 5 FCPATH\index.php(67): CodeIgniter\CodeIgniter->run()
 6 SYSTEMPATH\Commands\Server\rewrite.php(47): require_once('D:\\laragon\\www\\sim\\public\\index.php')
INFO - 2023-12-08 21:20:51 --> Session: Class initialized using 'CodeIgniter\Session\Handlers\FileHandler' driver.
INFO - 2023-12-08 21:20:52 --> Session: Class initialized using 'CodeIgniter\Session\Handlers\FileHandler' driver.
CRITICAL - 2023-12-08 21:20:53 --> Trying to access array offset on value of type null
in APPPATH\Controllers\Nilai.php on line 411.
 1 APPPATH\Controllers\Nilai.php(411): CodeIgniter\Debug\Exceptions->errorHandler(2, 'Trying to access array offset on value of type null', 'D:\\laragon\\www\\sim\\app\\Controllers\\Nilai.php', 411)
 2 SYSTEMPATH\CodeIgniter.php(932): App\Controllers\Nilai->get_daftar_nilai_eks()
 3 SYSTEMPATH\CodeIgniter.php(497): CodeIgniter\CodeIgniter->runController(Object(App\Controllers\Nilai))
 4 SYSTEMPATH\CodeIgniter.php(366): CodeIgniter\CodeIgniter->handleRequest(null, Object(Config\Cache), false)
 5 FCPATH\index.php(67): CodeIgniter\CodeIgniter->run()
 6 SYSTEMPATH\Commands\Server\rewrite.php(47): require_once('D:\\laragon\\www\\sim\\public\\index.php')
INFO - 2023-12-08 21:21:20 --> Session: Class initialized using 'CodeIgniter\Session\Handlers\FileHandler' driver.
INFO - 2023-12-08 21:21:21 --> Session: Class initialized using 'CodeIgniter\Session\Handlers\FileHandler' driver.
CRITICAL - 2023-12-08 21:21:21 --> Trying to access array offset on value of type null
in APPPATH\Controllers\Nilai.php on line 411.
 1 APPPATH\Controllers\Nilai.php(411): CodeIgniter\Debug\Exceptions->errorHandler(2, 'Trying to access array offset on value of type null', 'D:\\laragon\\www\\sim\\app\\Controllers\\Nilai.php', 411)
 2 SYSTEMPATH\CodeIgniter.php(932): App\Controllers\Nilai->get_daftar_nilai_eks()
 3 SYSTEMPATH\CodeIgniter.php(497): CodeIgniter\CodeIgniter->runController(Object(App\Controllers\Nilai))
 4 SYSTEMPATH\CodeIgniter.php(366): CodeIgniter\CodeIgniter->handleRequest(null, Object(Config\Cache), false)
 5 FCPATH\index.php(67): CodeIgniter\CodeIgniter->run()
 6 SYSTEMPATH\Commands\Server\rewrite.php(47): require_once('D:\\laragon\\www\\sim\\public\\index.php')
INFO - 2023-12-08 21:21:48 --> Session: Class initialized using 'CodeIgniter\Session\Handlers\FileHandler' driver.
INFO - 2023-12-08 21:21:50 --> Session: Class initialized using 'CodeIgniter\Session\Handlers\FileHandler' driver.
CRITICAL - 2023-12-08 21:21:50 --> Trying to access array offset on value of type null
in APPPATH\Controllers\Nilai.php on line 410.
 1 APPPATH\Controllers\Nilai.php(410): CodeIgniter\Debug\Exceptions->errorHandler(2, 'Trying to access array offset on value of type null', 'D:\\laragon\\www\\sim\\app\\Controllers\\Nilai.php', 410)
 2 SYSTEMPATH\CodeIgniter.php(932): App\Controllers\Nilai->get_daftar_nilai_eks()
 3 SYSTEMPATH\CodeIgniter.php(497): CodeIgniter\CodeIgniter->runController(Object(App\Controllers\Nilai))
 4 SYSTEMPATH\CodeIgniter.php(366): CodeIgniter\CodeIgniter->handleRequest(null, Object(Config\Cache), false)
 5 FCPATH\index.php(67): CodeIgniter\CodeIgniter->run()
 6 SYSTEMPATH\Commands\Server\rewrite.php(47): require_once('D:\\laragon\\www\\sim\\public\\index.php')
INFO - 2023-12-08 21:21:58 --> Session: Class initialized using 'CodeIgniter\Session\Handlers\FileHandler' driver.
INFO - 2023-12-08 21:21:59 --> Session: Class initialized using 'CodeIgniter\Session\Handlers\FileHandler' driver.
CRITICAL - 2023-12-08 21:21:59 --> Trying to access array offset on value of type null
in APPPATH\Controllers\Nilai.php on line 410.
 1 APPPATH\Controllers\Nilai.php(410): CodeIgniter\Debug\Exceptions->errorHandler(2, 'Trying to access array offset on value of type null', 'D:\\laragon\\www\\sim\\app\\Controllers\\Nilai.php', 410)
 2 SYSTEMPATH\CodeIgniter.php(932): App\Controllers\Nilai->get_daftar_nilai_eks()
 3 SYSTEMPATH\CodeIgniter.php(497): CodeIgniter\CodeIgniter->runController(Object(App\Controllers\Nilai))
 4 SYSTEMPATH\CodeIgniter.php(366): CodeIgniter\CodeIgniter->handleRequest(null, Object(Config\Cache), false)
 5 FCPATH\index.php(67): CodeIgniter\CodeIgniter->run()
 6 SYSTEMPATH\Commands\Server\rewrite.php(47): require_once('D:\\laragon\\www\\sim\\public\\index.php')
CRITICAL - 2023-12-08 21:22:16 --> Trying to access array offset on value of type null
in APPPATH\Controllers\Nilai.php on line 410.
 1 APPPATH\Controllers\Nilai.php(410): CodeIgniter\Debug\Exceptions->errorHandler(2, 'Trying to access array offset on value of type null', 'D:\\laragon\\www\\sim\\app\\Controllers\\Nilai.php', 410)
 2 SYSTEMPATH\CodeIgniter.php(932): App\Controllers\Nilai->get_daftar_nilai_eks()
 3 SYSTEMPATH\CodeIgniter.php(497): CodeIgniter\CodeIgniter->runController(Object(App\Controllers\Nilai))
 4 SYSTEMPATH\CodeIgniter.php(366): CodeIgniter\CodeIgniter->handleRequest(null, Object(Config\Cache), false)
 5 FCPATH\index.php(67): CodeIgniter\CodeIgniter->run()
 6 SYSTEMPATH\Commands\Server\rewrite.php(47): require_once('D:\\laragon\\www\\sim\\public\\index.php')
CRITICAL - 2023-12-08 21:23:11 --> Trying to access array offset on value of type null
in APPPATH\Controllers\Nilai.php on line 410.
 1 APPPATH\Controllers\Nilai.php(410): CodeIgniter\Debug\Exceptions->errorHandler(2, 'Trying to access array offset on value of type null', 'D:\\laragon\\www\\sim\\app\\Controllers\\Nilai.php', 410)
 2 SYSTEMPATH\CodeIgniter.php(932): App\Controllers\Nilai->get_daftar_nilai_eks()
 3 SYSTEMPATH\CodeIgniter.php(497): CodeIgniter\CodeIgniter->runController(Object(App\Controllers\Nilai))
 4 SYSTEMPATH\CodeIgniter.php(366): CodeIgniter\CodeIgniter->handleRequest(null, Object(Config\Cache), false)
 5 FCPATH\index.php(67): CodeIgniter\CodeIgniter->run()
 6 SYSTEMPATH\Commands\Server\rewrite.php(47): require_once('D:\\laragon\\www\\sim\\public\\index.php')
CRITICAL - 2023-12-08 21:24:19 --> Trying to access array offset on value of type null
in APPPATH\Controllers\Nilai.php on line 410.
 1 APPPATH\Controllers\Nilai.php(410): CodeIgniter\Debug\Exceptions->errorHandler(2, 'Trying to access array offset on value of type null', 'D:\\laragon\\www\\sim\\app\\Controllers\\Nilai.php', 410)
 2 SYSTEMPATH\CodeIgniter.php(932): App\Controllers\Nilai->get_daftar_nilai_eks()
 3 SYSTEMPATH\CodeIgniter.php(497): CodeIgniter\CodeIgniter->runController(Object(App\Controllers\Nilai))
 4 SYSTEMPATH\CodeIgniter.php(366): CodeIgniter\CodeIgniter->handleRequest(null, Object(Config\Cache), false)
 5 FCPATH\index.php(67): CodeIgniter\CodeIgniter->run()
 6 SYSTEMPATH\Commands\Server\rewrite.php(47): require_once('D:\\laragon\\www\\sim\\public\\index.php')
CRITICAL - 2023-12-08 21:24:39 --> Undefined variable $semester
in APPPATH\Controllers\Nilai.php on line 412.
 1 APPPATH\Controllers\Nilai.php(412): CodeIgniter\Debug\Exceptions->errorHandler(2, 'Undefined variable $semester', 'D:\\laragon\\www\\sim\\app\\Controllers\\Nilai.php', 412)
 2 SYSTEMPATH\CodeIgniter.php(932): App\Controllers\Nilai->get_daftar_nilai_eks()
 3 SYSTEMPATH\CodeIgniter.php(497): CodeIgniter\CodeIgniter->runController(Object(App\Controllers\Nilai))
 4 SYSTEMPATH\CodeIgniter.php(366): CodeIgniter\CodeIgniter->handleRequest(null, Object(Config\Cache), false)
 5 FCPATH\index.php(67): CodeIgniter\CodeIgniter->run()
 6 SYSTEMPATH\Commands\Server\rewrite.php(47): require_once('D:\\laragon\\www\\sim\\public\\index.php')
INFO - 2023-12-08 21:25:47 --> Session: Class initialized using 'CodeIgniter\Session\Handlers\FileHandler' driver.
CRITICAL - 2023-12-08 21:25:47 --> Undefined variable $semester
in APPPATH\Controllers\Nilai.php on line 412.
 1 APPPATH\Controllers\Nilai.php(412): CodeIgniter\Debug\Exceptions->errorHandler(2, 'Undefined variable $semester', 'D:\\laragon\\www\\sim\\app\\Controllers\\Nilai.php', 412)
 2 SYSTEMPATH\CodeIgniter.php(932): App\Controllers\Nilai->get_daftar_nilai_eks()
 3 SYSTEMPATH\CodeIgniter.php(497): CodeIgniter\CodeIgniter->runController(Object(App\Controllers\Nilai))
 4 SYSTEMPATH\CodeIgniter.php(366): CodeIgniter\CodeIgniter->handleRequest(null, Object(Config\Cache), false)
 5 FCPATH\index.php(67): CodeIgniter\CodeIgniter->run()
 6 SYSTEMPATH\Commands\Server\rewrite.php(47): require_once('D:\\laragon\\www\\sim\\public\\index.php')
INFO - 2023-12-08 21:26:04 --> Session: Class initialized using 'CodeIgniter\Session\Handlers\FileHandler' driver.
CRITICAL - 2023-12-08 21:26:04 --> Trying to access array offset on value of type null
in APPPATH\Controllers\Nilai.php on line 410.
 1 APPPATH\Controllers\Nilai.php(410): CodeIgniter\Debug\Exceptions->errorHandler(2, 'Trying to access array offset on value of type null', 'D:\\laragon\\www\\sim\\app\\Controllers\\Nilai.php', 410)
 2 SYSTEMPATH\CodeIgniter.php(932): App\Controllers\Nilai->get_daftar_nilai_eks()
 3 SYSTEMPATH\CodeIgniter.php(497): CodeIgniter\CodeIgniter->runController(Object(App\Controllers\Nilai))
 4 SYSTEMPATH\CodeIgniter.php(366): CodeIgniter\CodeIgniter->handleRequest(null, Object(Config\Cache), false)
 5 FCPATH\index.php(67): CodeIgniter\CodeIgniter->run()
 6 SYSTEMPATH\Commands\Server\rewrite.php(47): require_once('D:\\laragon\\www\\sim\\public\\index.php')
INFO - 2023-12-08 21:26:27 --> Session: Class initialized using 'CodeIgniter\Session\Handlers\FileHandler' driver.
CRITICAL - 2023-12-08 21:26:27 --> Undefined variable $semester
in APPPATH\Controllers\Nilai.php on line 412.
 1 APPPATH\Controllers\Nilai.php(412): CodeIgniter\Debug\Exceptions->errorHandler(2, 'Undefined variable $semester', 'D:\\laragon\\www\\sim\\app\\Controllers\\Nilai.php', 412)
 2 SYSTEMPATH\CodeIgniter.php(932): App\Controllers\Nilai->get_daftar_nilai_eks()
 3 SYSTEMPATH\CodeIgniter.php(497): CodeIgniter\CodeIgniter->runController(Object(App\Controllers\Nilai))
 4 SYSTEMPATH\CodeIgniter.php(366): CodeIgniter\CodeIgniter->handleRequest(null, Object(Config\Cache), false)
 5 FCPATH\index.php(67): CodeIgniter\CodeIgniter->run()
 6 SYSTEMPATH\Commands\Server\rewrite.php(47): require_once('D:\\laragon\\www\\sim\\public\\index.php')
INFO - 2023-12-08 21:29:46 --> Session: Class initialized using 'CodeIgniter\Session\Handlers\FileHandler' driver.
CRITICAL - 2023-12-08 21:29:46 --> Undefined variable $semester
in APPPATH\Controllers\Nilai.php on line 413.
 1 APPPATH\Controllers\Nilai.php(413): CodeIgniter\Debug\Exceptions->errorHandler(2, 'Undefined variable $semester', 'D:\\laragon\\www\\sim\\app\\Controllers\\Nilai.php', 413)
 2 SYSTEMPATH\CodeIgniter.php(932): App\Controllers\Nilai->get_daftar_nilai_eks()
 3 SYSTEMPATH\CodeIgniter.php(497): CodeIgniter\CodeIgniter->runController(Object(App\Controllers\Nilai))
 4 SYSTEMPATH\CodeIgniter.php(366): CodeIgniter\CodeIgniter->handleRequest(null, Object(Config\Cache), false)
 5 FCPATH\index.php(67): CodeIgniter\CodeIgniter->run()
 6 SYSTEMPATH\Commands\Server\rewrite.php(47): require_once('D:\\laragon\\www\\sim\\public\\index.php')
INFO - 2023-12-08 21:30:34 --> Session: Class initialized using 'CodeIgniter\Session\Handlers\FileHandler' driver.
INFO - 2023-12-08 21:30:40 --> Session: Class initialized using 'CodeIgniter\Session\Handlers\FileHandler' driver.
INFO - 2023-12-08 21:30:41 --> Session: Class initialized using 'CodeIgniter\Session\Handlers\FileHandler' driver.
CRITICAL - 2023-12-08 21:36:28 --> Undefined array key "semester"
in APPPATH\Controllers\Nilai.php on line 443.
 1 APPPATH\Controllers\Nilai.php(443): CodeIgniter\Debug\Exceptions->errorHandler(2, 'Undefined array key "semester"', 'D:\\laragon\\www\\sim\\app\\Controllers\\Nilai.php', 443)
 2 SYSTEMPATH\CodeIgniter.php(932): App\Controllers\Nilai->simpan_nilai_eks()
 3 SYSTEMPATH\CodeIgniter.php(497): CodeIgniter\CodeIgniter->runController(Object(App\Controllers\Nilai))
 4 SYSTEMPATH\CodeIgniter.php(366): CodeIgniter\CodeIgniter->handleRequest(null, Object(Config\Cache), false)
 5 FCPATH\index.php(67): CodeIgniter\CodeIgniter->run()
 6 SYSTEMPATH\Commands\Server\rewrite.php(47): require_once('D:\\laragon\\www\\sim\\public\\index.php')
CRITICAL - 2023-12-08 21:37:08 --> Undefined array key "semester"
in APPPATH\Controllers\Nilai.php on line 443.
 1 APPPATH\Controllers\Nilai.php(443): CodeIgniter\Debug\Exceptions->errorHandler(2, 'Undefined array key "semester"', 'D:\\laragon\\www\\sim\\app\\Controllers\\Nilai.php', 443)
 2 SYSTEMPATH\CodeIgniter.php(932): App\Controllers\Nilai->simpan_nilai_eks()
 3 SYSTEMPATH\CodeIgniter.php(497): CodeIgniter\CodeIgniter->runController(Object(App\Controllers\Nilai))
 4 SYSTEMPATH\CodeIgniter.php(366): CodeIgniter\CodeIgniter->handleRequest(null, Object(Config\Cache), false)
 5 FCPATH\index.php(67): CodeIgniter\CodeIgniter->run()
 6 SYSTEMPATH\Commands\Server\rewrite.php(47): require_once('D:\\laragon\\www\\sim\\public\\index.php')
CRITICAL - 2023-12-08 21:39:14 --> Undefined array key "semester"
in APPPATH\Controllers\Nilai.php on line 443.
 1 APPPATH\Controllers\Nilai.php(443): CodeIgniter\Debug\Exceptions->errorHandler(2, 'Undefined array key "semester"', 'D:\\laragon\\www\\sim\\app\\Controllers\\Nilai.php', 443)
 2 SYSTEMPATH\CodeIgniter.php(932): App\Controllers\Nilai->simpan_nilai_eks()
 3 SYSTEMPATH\CodeIgniter.php(497): CodeIgniter\CodeIgniter->runController(Object(App\Controllers\Nilai))
 4 SYSTEMPATH\CodeIgniter.php(366): CodeIgniter\CodeIgniter->handleRequest(null, Object(Config\Cache), false)
 5 FCPATH\index.php(67): CodeIgniter\CodeIgniter->run()
 6 SYSTEMPATH\Commands\Server\rewrite.php(47): require_once('D:\\laragon\\www\\sim\\public\\index.php')
