INFO - 2023-12-01 08:13:07 --> Session: Class initialized using 'CodeIgniter\Session\Handlers\FileHandler' driver.
INFO - 2023-12-01 08:13:07 --> Session: Class initialized using 'CodeIgniter\Session\Handlers\FileHandler' driver.
INFO - 2023-12-01 08:13:19 --> Session: Class initialized using 'CodeIgniter\Session\Handlers\FileHandler' driver.
INFO - 2023-12-01 08:13:19 --> Session: Class initialized using 'CodeIgniter\Session\Handlers\FileHandler' driver.
INFO - 2023-12-01 08:13:23 --> Session: Class initialized using 'CodeIgniter\Session\Handlers\FileHandler' driver.
INFO - 2023-12-01 08:39:29 --> Session: Class initialized using 'CodeIgniter\Session\Handlers\FileHandler' driver.
INFO - 2023-12-01 08:42:11 --> Session: Class initialized using 'CodeIgniter\Session\Handlers\FileHandler' driver.
INFO - 2023-12-01 08:42:38 --> Session: Class initialized using 'CodeIgniter\Session\Handlers\FileHandler' driver.
INFO - 2023-12-01 08:43:06 --> Session: Class initialized using 'CodeIgniter\Session\Handlers\FileHandler' driver.
INFO - 2023-12-01 08:43:14 --> Session: Class initialized using 'CodeIgniter\Session\Handlers\FileHandler' driver.
INFO - 2023-12-01 08:43:58 --> Session: Class initialized using 'CodeIgniter\Session\Handlers\FileHandler' driver.
INFO - 2023-12-01 08:44:36 --> Session: Class initialized using 'CodeIgniter\Session\Handlers\FileHandler' driver.
INFO - 2023-12-01 08:44:46 --> Session: Class initialized using 'CodeIgniter\Session\Handlers\FileHandler' driver.
INFO - 2023-12-01 08:45:16 --> Session: Class initialized using 'CodeIgniter\Session\Handlers\FileHandler' driver.
INFO - 2023-12-01 08:46:43 --> Session: Class initialized using 'CodeIgniter\Session\Handlers\FileHandler' driver.
INFO - 2023-12-01 08:47:32 --> Session: Class initialized using 'CodeIgniter\Session\Handlers\FileHandler' driver.
INFO - 2023-12-01 08:48:06 --> Session: Class initialized using 'CodeIgniter\Session\Handlers\FileHandler' driver.
INFO - 2023-12-01 08:48:10 --> Session: Class initialized using 'CodeIgniter\Session\Handlers\FileHandler' driver.
INFO - 2023-12-01 08:50:32 --> Session: Class initialized using 'CodeIgniter\Session\Handlers\FileHandler' driver.
INFO - 2023-12-01 08:51:03 --> Session: Class initialized using 'CodeIgniter\Session\Handlers\FileHandler' driver.
INFO - 2023-12-01 08:51:13 --> Session: Class initialized using 'CodeIgniter\Session\Handlers\FileHandler' driver.
INFO - 2023-12-01 08:51:54 --> Session: Class initialized using 'CodeIgniter\Session\Handlers\FileHandler' driver.
INFO - 2023-12-01 08:53:03 --> Session: Class initialized using 'CodeIgniter\Session\Handlers\FileHandler' driver.
INFO - 2023-12-01 08:53:19 --> Session: Class initialized using 'CodeIgniter\Session\Handlers\FileHandler' driver.
INFO - 2023-12-01 08:53:30 --> Session: Class initialized using 'CodeIgniter\Session\Handlers\FileHandler' driver.
INFO - 2023-12-01 08:53:46 --> Session: Class initialized using 'CodeIgniter\Session\Handlers\FileHandler' driver.
INFO - 2023-12-01 08:55:34 --> Session: Class initialized using 'CodeIgniter\Session\Handlers\FileHandler' driver.
INFO - 2023-12-01 08:55:37 --> Session: Class initialized using 'CodeIgniter\Session\Handlers\FileHandler' driver.
INFO - 2023-12-01 08:56:00 --> Session: Class initialized using 'CodeIgniter\Session\Handlers\FileHandler' driver.
INFO - 2023-12-01 08:56:37 --> Session: Class initialized using 'CodeIgniter\Session\Handlers\FileHandler' driver.
INFO - 2023-12-01 08:56:44 --> Session: Class initialized using 'CodeIgniter\Session\Handlers\FileHandler' driver.
INFO - 2023-12-01 08:57:16 --> Session: Class initialized using 'CodeIgniter\Session\Handlers\FileHandler' driver.
INFO - 2023-12-01 08:57:54 --> Session: Class initialized using 'CodeIgniter\Session\Handlers\FileHandler' driver.
INFO - 2023-12-01 08:58:32 --> Session: Class initialized using 'CodeIgniter\Session\Handlers\FileHandler' driver.
INFO - 2023-12-01 09:00:59 --> Session: Class initialized using 'CodeIgniter\Session\Handlers\FileHandler' driver.
INFO - 2023-12-01 09:01:04 --> Session: Class initialized using 'CodeIgniter\Session\Handlers\FileHandler' driver.
INFO - 2023-12-01 09:01:17 --> Session: Class initialized using 'CodeIgniter\Session\Handlers\FileHandler' driver.
INFO - 2023-12-01 09:01:23 --> Session: Class initialized using 'CodeIgniter\Session\Handlers\FileHandler' driver.
INFO - 2023-12-01 09:01:29 --> Session: Class initialized using 'CodeIgniter\Session\Handlers\FileHandler' driver.
INFO - 2023-12-01 09:08:09 --> Session: Class initialized using 'CodeIgniter\Session\Handlers\FileHandler' driver.
INFO - 2023-12-01 09:09:53 --> Session: Class initialized using 'CodeIgniter\Session\Handlers\FileHandler' driver.
INFO - 2023-12-01 09:10:14 --> Session: Class initialized using 'CodeIgniter\Session\Handlers\FileHandler' driver.
INFO - 2023-12-01 09:16:14 --> Session: Class initialized using 'CodeIgniter\Session\Handlers\FileHandler' driver.
INFO - 2023-12-01 09:16:30 --> Session: Class initialized using 'CodeIgniter\Session\Handlers\FileHandler' driver.
INFO - 2023-12-01 09:16:50 --> Session: Class initialized using 'CodeIgniter\Session\Handlers\FileHandler' driver.
INFO - 2023-12-01 09:17:38 --> Session: Class initialized using 'CodeIgniter\Session\Handlers\FileHandler' driver.
INFO - 2023-12-01 09:18:06 --> Session: Class initialized using 'CodeIgniter\Session\Handlers\FileHandler' driver.
INFO - 2023-12-01 09:18:16 --> Session: Class initialized using 'CodeIgniter\Session\Handlers\FileHandler' driver.
INFO - 2023-12-01 09:18:46 --> Session: Class initialized using 'CodeIgniter\Session\Handlers\FileHandler' driver.
INFO - 2023-12-01 09:19:11 --> Session: Class initialized using 'CodeIgniter\Session\Handlers\FileHandler' driver.
INFO - 2023-12-01 09:19:47 --> Session: Class initialized using 'CodeIgniter\Session\Handlers\FileHandler' driver.
INFO - 2023-12-01 09:20:19 --> Session: Class initialized using 'CodeIgniter\Session\Handlers\FileHandler' driver.
INFO - 2023-12-01 09:20:28 --> Session: Class initialized using 'CodeIgniter\Session\Handlers\FileHandler' driver.
INFO - 2023-12-01 09:20:49 --> Session: Class initialized using 'CodeIgniter\Session\Handlers\FileHandler' driver.
INFO - 2023-12-01 09:20:59 --> Session: Class initialized using 'CodeIgniter\Session\Handlers\FileHandler' driver.
INFO - 2023-12-01 09:21:05 --> Session: Class initialized using 'CodeIgniter\Session\Handlers\FileHandler' driver.
INFO - 2023-12-01 09:21:14 --> Session: Class initialized using 'CodeIgniter\Session\Handlers\FileHandler' driver.
INFO - 2023-12-01 09:21:23 --> Session: Class initialized using 'CodeIgniter\Session\Handlers\FileHandler' driver.
INFO - 2023-12-01 09:21:28 --> Session: Class initialized using 'CodeIgniter\Session\Handlers\FileHandler' driver.
INFO - 2023-12-01 09:22:05 --> Session: Class initialized using 'CodeIgniter\Session\Handlers\FileHandler' driver.
INFO - 2023-12-01 09:22:18 --> Session: Class initialized using 'CodeIgniter\Session\Handlers\FileHandler' driver.
INFO - 2023-12-01 09:22:32 --> Session: Class initialized using 'CodeIgniter\Session\Handlers\FileHandler' driver.
INFO - 2023-12-01 09:22:40 --> Session: Class initialized using 'CodeIgniter\Session\Handlers\FileHandler' driver.
INFO - 2023-12-01 09:23:15 --> Session: Class initialized using 'CodeIgniter\Session\Handlers\FileHandler' driver.
INFO - 2023-12-01 09:23:38 --> Session: Class initialized using 'CodeIgniter\Session\Handlers\FileHandler' driver.
INFO - 2023-12-01 09:28:39 --> Session: Class initialized using 'CodeIgniter\Session\Handlers\FileHandler' driver.
INFO - 2023-12-01 09:30:53 --> Session: Class initialized using 'CodeIgniter\Session\Handlers\FileHandler' driver.
INFO - 2023-12-01 09:32:03 --> Session: Class initialized using 'CodeIgniter\Session\Handlers\FileHandler' driver.
ERROR - 2023-12-01 09:32:03 --> mysqli_sql_exception: Unknown column 'm.id_mapel' in 'order clause' in D:\laragon\www\sim\system\Database\MySQLi\Connection.php:295
Stack trace:
#0 D:\laragon\www\sim\system\Database\MySQLi\Connection.php(295): mysqli->query('SELECT \n       ...', 0)
#1 D:\laragon\www\sim\system\Database\BaseConnection.php(692): CodeIgniter\Database\MySQLi\Connection->execute('SELECT \n       ...')
#2 D:\laragon\www\sim\system\Database\BaseConnection.php(606): CodeIgniter\Database\BaseConnection->simpleQuery('SELECT \n       ...')
#3 D:\laragon\www\sim\app\Models\M_user.php(1020): CodeIgniter\Database\BaseConnection->query('SELECT \n       ...', Array)
#4 D:\laragon\www\sim\app\Controllers\Nilai.php(133): App\Models\M_user->rapor_nilai('5d784c9e-f35a-4...', '10', '-', '2001000032', 5)
#5 D:\laragon\www\sim\system\CodeIgniter.php(932): App\Controllers\Nilai->index()
#6 D:\laragon\www\sim\system\CodeIgniter.php(497): CodeIgniter\CodeIgniter->runController(Object(App\Controllers\Nilai))
#7 D:\laragon\www\sim\system\CodeIgniter.php(366): CodeIgniter\CodeIgniter->handleRequest(NULL, Object(Config\Cache), false)
#8 D:\laragon\www\sim\public\index.php(67): CodeIgniter\CodeIgniter->run()
#9 D:\laragon\www\sim\system\Commands\Server\rewrite.php(47): require_once('D:\\laragon\\www\\...')
#10 {main}
CRITICAL - 2023-12-01 09:32:03 --> Unknown column 'm.id_mapel' in 'order clause'
in SYSTEMPATH\Database\MySQLi\Connection.php on line 295.
 1 SYSTEMPATH\Database\MySQLi\Connection.php(295): mysqli->query('SELECT 
                    m.nama_mapel,
                    MAX(CASE WHEN task_number = 1 THEN nilai END) AS tugas_1,MAX(CASE WHEN task_number = 2 THEN nilai END) AS tugas_2,MAX(CASE WHEN task_number = 3 THEN nilai END) AS tugas_3,MAX(CASE WHEN task_number = 4 THEN nilai END) AS tugas_4,MAX(CASE WHEN task_number = 5 THEN nilai END) AS tugas_5 
                FROM (
                    SELECT 
                        ns.id_mapel,
                        ns.id_tugas,
                        ns.nilai,
                        @row_number := IF(@current_mapel = ns.id_mapel, @row_number + 1, 1) AS task_number,
                        @current_mapel := ns.id_mapel AS dummy
                    FROM tb_nilai_siswa ns
                    WHERE ns.nisn = \'2001000032\' AND ns.id_sekolah = \'5d784c9e-f35a-4654-9851-b94d22be6f1e\'
                    ORDER BY ns.id_mapel, ns.id_tugas
                ) AS tasks
                RIGHT JOIN tb_mapel m ON m.id = tasks.id_mapel
                WHERE m.kelas = \'10\' AND (m.sub_kelas = \'-\' OR m.sub_kelas = \'-\')
                GROUP BY tasks.id_mapel, m.nama_mapel
                ORDER BY m.id_mapel', 0)
 2 SYSTEMPATH\Database\BaseConnection.php(692): CodeIgniter\Database\MySQLi\Connection->execute('SELECT 
                    m.nama_mapel,
                    MAX(CASE WHEN task_number = 1 THEN nilai END) AS tugas_1,MAX(CASE WHEN task_number = 2 THEN nilai END) AS tugas_2,MAX(CASE WHEN task_number = 3 THEN nilai END) AS tugas_3,MAX(CASE WHEN task_number = 4 THEN nilai END) AS tugas_4,MAX(CASE WHEN task_number = 5 THEN nilai END) AS tugas_5 
                FROM (
                    SELECT 
                        ns.id_mapel,
                        ns.id_tugas,
                        ns.nilai,
                        @row_number := IF(@current_mapel = ns.id_mapel, @row_number + 1, 1) AS task_number,
                        @current_mapel := ns.id_mapel AS dummy
                    FROM tb_nilai_siswa ns
                    WHERE ns.nisn = \'2001000032\' AND ns.id_sekolah = \'5d784c9e-f35a-4654-9851-b94d22be6f1e\'
                    ORDER BY ns.id_mapel, ns.id_tugas
                ) AS tasks
                RIGHT JOIN tb_mapel m ON m.id = tasks.id_mapel
                WHERE m.kelas = \'10\' AND (m.sub_kelas = \'-\' OR m.sub_kelas = \'-\')
                GROUP BY tasks.id_mapel, m.nama_mapel
                ORDER BY m.id_mapel')
 3 SYSTEMPATH\Database\BaseConnection.php(606): CodeIgniter\Database\BaseConnection->simpleQuery('SELECT 
                    m.nama_mapel,
                    MAX(CASE WHEN task_number = 1 THEN nilai END) AS tugas_1,MAX(CASE WHEN task_number = 2 THEN nilai END) AS tugas_2,MAX(CASE WHEN task_number = 3 THEN nilai END) AS tugas_3,MAX(CASE WHEN task_number = 4 THEN nilai END) AS tugas_4,MAX(CASE WHEN task_number = 5 THEN nilai END) AS tugas_5 
                FROM (
                    SELECT 
                        ns.id_mapel,
                        ns.id_tugas,
                        ns.nilai,
                        @row_number := IF(@current_mapel = ns.id_mapel, @row_number + 1, 1) AS task_number,
                        @current_mapel := ns.id_mapel AS dummy
                    FROM tb_nilai_siswa ns
                    WHERE ns.nisn = \'2001000032\' AND ns.id_sekolah = \'5d784c9e-f35a-4654-9851-b94d22be6f1e\'
                    ORDER BY ns.id_mapel, ns.id_tugas
                ) AS tasks
                RIGHT JOIN tb_mapel m ON m.id = tasks.id_mapel
                WHERE m.kelas = \'10\' AND (m.sub_kelas = \'-\' OR m.sub_kelas = \'-\')
                GROUP BY tasks.id_mapel, m.nama_mapel
                ORDER BY m.id_mapel')
 4 APPPATH\Models\M_user.php(1020): CodeIgniter\Database\BaseConnection->query('SELECT 
                    m.nama_mapel,
                    MAX(CASE WHEN task_number = 1 THEN nilai END) AS tugas_1,MAX(CASE WHEN task_number = 2 THEN nilai END) AS tugas_2,MAX(CASE WHEN task_number = 3 THEN nilai END) AS tugas_3,MAX(CASE WHEN task_number = 4 THEN nilai END) AS tugas_4,MAX(CASE WHEN task_number = 5 THEN nilai END) AS tugas_5 
                FROM (
                    SELECT 
                        ns.id_mapel,
                        ns.id_tugas,
                        ns.nilai,
                        @row_number := IF(@current_mapel = ns.id_mapel, @row_number + 1, 1) AS task_number,
                        @current_mapel := ns.id_mapel AS dummy
                    FROM tb_nilai_siswa ns
                    WHERE ns.nisn = :nisn: AND ns.id_sekolah = :id_sekolah:
                    ORDER BY ns.id_mapel, ns.id_tugas
                ) AS tasks
                RIGHT JOIN tb_mapel m ON m.id = tasks.id_mapel
                WHERE m.kelas = :kelas: AND (m.sub_kelas = \'-\' OR m.sub_kelas = :sub_kelas:)
                GROUP BY tasks.id_mapel, m.nama_mapel
                ORDER BY m.id_mapel', [...])
 5 APPPATH\Controllers\Nilai.php(133): App\Models\M_user->rapor_nilai('5d784c9e-f35a-4654-9851-b94d22be6f1e', '10', '-', '2001000032', 5)
 6 SYSTEMPATH\CodeIgniter.php(932): App\Controllers\Nilai->index()
 7 SYSTEMPATH\CodeIgniter.php(497): CodeIgniter\CodeIgniter->runController(Object(App\Controllers\Nilai))
 8 SYSTEMPATH\CodeIgniter.php(366): CodeIgniter\CodeIgniter->handleRequest(null, Object(Config\Cache), false)
 9 FCPATH\index.php(67): CodeIgniter\CodeIgniter->run()
10 SYSTEMPATH\Commands\Server\rewrite.php(47): require_once('D:\\laragon\\www\\sim\\public\\index.php')
INFO - 2023-12-01 09:32:24 --> Session: Class initialized using 'CodeIgniter\Session\Handlers\FileHandler' driver.
INFO - 2023-12-01 09:48:43 --> Session: Class initialized using 'CodeIgniter\Session\Handlers\FileHandler' driver.
CRITICAL - 2023-12-01 09:48:43 --> syntax error, unexpected end of file
in APPPATH\Views\v_nilai_rapor.php on line 322.
 1 SYSTEMPATH\View\View.php(227): CodeIgniter\View\View->CodeIgniter\View\{closure}()
 2 SYSTEMPATH\Common.php(1176): CodeIgniter\View\View->render('v_nilai_rapor', [], true)
 3 APPPATH\Controllers\Nilai.php(167): view('v_nilai_rapor', [...])
 4 SYSTEMPATH\CodeIgniter.php(932): App\Controllers\Nilai->index()
 5 SYSTEMPATH\CodeIgniter.php(497): CodeIgniter\CodeIgniter->runController(Object(App\Controllers\Nilai))
 6 SYSTEMPATH\CodeIgniter.php(366): CodeIgniter\CodeIgniter->handleRequest(null, Object(Config\Cache), false)
 7 FCPATH\index.php(67): CodeIgniter\CodeIgniter->run()
 8 SYSTEMPATH\Commands\Server\rewrite.php(47): require_once('D:\\laragon\\www\\sim\\public\\index.php')
INFO - 2023-12-01 09:56:35 --> Session: Class initialized using 'CodeIgniter\Session\Handlers\FileHandler' driver.
CRITICAL - 2023-12-01 09:56:35 --> syntax error, unexpected end of file
in APPPATH\Views\v_nilai_rapor.php on line 341.
 1 SYSTEMPATH\View\View.php(227): CodeIgniter\View\View->CodeIgniter\View\{closure}()
 2 SYSTEMPATH\Common.php(1176): CodeIgniter\View\View->render('v_nilai_rapor', [], true)
 3 APPPATH\Controllers\Nilai.php(167): view('v_nilai_rapor', [...])
 4 SYSTEMPATH\CodeIgniter.php(932): App\Controllers\Nilai->index()
 5 SYSTEMPATH\CodeIgniter.php(497): CodeIgniter\CodeIgniter->runController(Object(App\Controllers\Nilai))
 6 SYSTEMPATH\CodeIgniter.php(366): CodeIgniter\CodeIgniter->handleRequest(null, Object(Config\Cache), false)
 7 FCPATH\index.php(67): CodeIgniter\CodeIgniter->run()
 8 SYSTEMPATH\Commands\Server\rewrite.php(47): require_once('D:\\laragon\\www\\sim\\public\\index.php')
INFO - 2023-12-01 09:57:00 --> Session: Class initialized using 'CodeIgniter\Session\Handlers\FileHandler' driver.
INFO - 2023-12-01 09:57:35 --> Session: Class initialized using 'CodeIgniter\Session\Handlers\FileHandler' driver.
INFO - 2023-12-01 09:58:15 --> Session: Class initialized using 'CodeIgniter\Session\Handlers\FileHandler' driver.
INFO - 2023-12-01 10:12:46 --> Session: Class initialized using 'CodeIgniter\Session\Handlers\FileHandler' driver.
INFO - 2023-12-01 10:16:28 --> Session: Class initialized using 'CodeIgniter\Session\Handlers\FileHandler' driver.
ERROR - 2023-12-01 10:16:28 --> mysqli_sql_exception: Unknown column 'ns.id_tugas' in 'on clause' in D:\laragon\www\sim\system\Database\MySQLi\Connection.php:295
Stack trace:
#0 D:\laragon\www\sim\system\Database\MySQLi\Connection.php(295): mysqli->query('SELECT \n       ...', 0)
#1 D:\laragon\www\sim\system\Database\BaseConnection.php(692): CodeIgniter\Database\MySQLi\Connection->execute('SELECT \n       ...')
#2 D:\laragon\www\sim\system\Database\BaseConnection.php(606): CodeIgniter\Database\BaseConnection->simpleQuery('SELECT \n       ...')
#3 D:\laragon\www\sim\app\Models\M_user.php(1022): CodeIgniter\Database\BaseConnection->query('SELECT \n       ...', Array)
#4 D:\laragon\www\sim\app\Controllers\Nilai.php(133): App\Models\M_user->rapor_nilai('5d784c9e-f35a-4...', '10', '-', '2001000032', 5, '2023')
#5 D:\laragon\www\sim\system\CodeIgniter.php(932): App\Controllers\Nilai->index()
#6 D:\laragon\www\sim\system\CodeIgniter.php(497): CodeIgniter\CodeIgniter->runController(Object(App\Controllers\Nilai))
#7 D:\laragon\www\sim\system\CodeIgniter.php(366): CodeIgniter\CodeIgniter->handleRequest(NULL, Object(Config\Cache), false)
#8 D:\laragon\www\sim\public\index.php(67): CodeIgniter\CodeIgniter->run()
#9 D:\laragon\www\sim\system\Commands\Server\rewrite.php(47): require_once('D:\\laragon\\www\\...')
#10 {main}
CRITICAL - 2023-12-01 10:16:28 --> Unknown column 'ns.id_tugas' in 'on clause'
in SYSTEMPATH\Database\MySQLi\Connection.php on line 295.
 1 SYSTEMPATH\Database\MySQLi\Connection.php(295): mysqli->query('SELECT 
                    m.nama_mapel,m.jenis,
                    MAX(CASE WHEN task_number = 1 THEN nilai END) AS tugas_1,MAX(CASE WHEN task_number = 2 THEN nilai END) AS tugas_2,MAX(CASE WHEN task_number = 3 THEN nilai END) AS tugas_3,MAX(CASE WHEN task_number = 4 THEN nilai END) AS tugas_4,MAX(CASE WHEN task_number = 5 THEN nilai END) AS tugas_5 
                FROM (
                    SELECT 
                        ns.id_mapel,
                        ns.id_tugas,
                        ns.nilai,
                        @row_number := IF(@current_mapel = ns.id_mapel, @row_number + 1, 1) AS task_number,
                        @current_mapel := ns.id_mapel AS dummy
                    FROM tb_nilai_siswa ns
                    WHERE ns.nisn = \'2001000032\' AND ns.id_sekolah = \'5d784c9e-f35a-4654-9851-b94d22be6f1e\'
                    ORDER BY ns.id_mapel, ns.id_tugas
                ) AS tasks
                RIGHT JOIN tb_mapel m ON m.id = tasks.id_mapel
                INNER JOIN tb_tugas t ON t.id = ns.id_tugas
                WHERE m.kelas = \'10\' AND (m.sub_kelas = \'-\' OR m.sub_kelas = \'-\') AND t.tahun_ajaran = \'2023\' 
                GROUP BY tasks.id_mapel, m.nama_mapel
                ORDER BY m.kelas, m.jenis, m.id', 0)
 2 SYSTEMPATH\Database\BaseConnection.php(692): CodeIgniter\Database\MySQLi\Connection->execute('SELECT 
                    m.nama_mapel,m.jenis,
                    MAX(CASE WHEN task_number = 1 THEN nilai END) AS tugas_1,MAX(CASE WHEN task_number = 2 THEN nilai END) AS tugas_2,MAX(CASE WHEN task_number = 3 THEN nilai END) AS tugas_3,MAX(CASE WHEN task_number = 4 THEN nilai END) AS tugas_4,MAX(CASE WHEN task_number = 5 THEN nilai END) AS tugas_5 
                FROM (
                    SELECT 
                        ns.id_mapel,
                        ns.id_tugas,
                        ns.nilai,
                        @row_number := IF(@current_mapel = ns.id_mapel, @row_number + 1, 1) AS task_number,
                        @current_mapel := ns.id_mapel AS dummy
                    FROM tb_nilai_siswa ns
                    WHERE ns.nisn = \'2001000032\' AND ns.id_sekolah = \'5d784c9e-f35a-4654-9851-b94d22be6f1e\'
                    ORDER BY ns.id_mapel, ns.id_tugas
                ) AS tasks
                RIGHT JOIN tb_mapel m ON m.id = tasks.id_mapel
                INNER JOIN tb_tugas t ON t.id = ns.id_tugas
                WHERE m.kelas = \'10\' AND (m.sub_kelas = \'-\' OR m.sub_kelas = \'-\') AND t.tahun_ajaran = \'2023\' 
                GROUP BY tasks.id_mapel, m.nama_mapel
                ORDER BY m.kelas, m.jenis, m.id')
 3 SYSTEMPATH\Database\BaseConnection.php(606): CodeIgniter\Database\BaseConnection->simpleQuery('SELECT 
                    m.nama_mapel,m.jenis,
                    MAX(CASE WHEN task_number = 1 THEN nilai END) AS tugas_1,MAX(CASE WHEN task_number = 2 THEN nilai END) AS tugas_2,MAX(CASE WHEN task_number = 3 THEN nilai END) AS tugas_3,MAX(CASE WHEN task_number = 4 THEN nilai END) AS tugas_4,MAX(CASE WHEN task_number = 5 THEN nilai END) AS tugas_5 
                FROM (
                    SELECT 
                        ns.id_mapel,
                        ns.id_tugas,
                        ns.nilai,
                        @row_number := IF(@current_mapel = ns.id_mapel, @row_number + 1, 1) AS task_number,
                        @current_mapel := ns.id_mapel AS dummy
                    FROM tb_nilai_siswa ns
                    WHERE ns.nisn = \'2001000032\' AND ns.id_sekolah = \'5d784c9e-f35a-4654-9851-b94d22be6f1e\'
                    ORDER BY ns.id_mapel, ns.id_tugas
                ) AS tasks
                RIGHT JOIN tb_mapel m ON m.id = tasks.id_mapel
                INNER JOIN tb_tugas t ON t.id = ns.id_tugas
                WHERE m.kelas = \'10\' AND (m.sub_kelas = \'-\' OR m.sub_kelas = \'-\') AND t.tahun_ajaran = \'2023\' 
                GROUP BY tasks.id_mapel, m.nama_mapel
                ORDER BY m.kelas, m.jenis, m.id')
 4 APPPATH\Models\M_user.php(1022): CodeIgniter\Database\BaseConnection->query('SELECT 
                    m.nama_mapel,m.jenis,
                    MAX(CASE WHEN task_number = 1 THEN nilai END) AS tugas_1,MAX(CASE WHEN task_number = 2 THEN nilai END) AS tugas_2,MAX(CASE WHEN task_number = 3 THEN nilai END) AS tugas_3,MAX(CASE WHEN task_number = 4 THEN nilai END) AS tugas_4,MAX(CASE WHEN task_number = 5 THEN nilai END) AS tugas_5 
                FROM (
                    SELECT 
                        ns.id_mapel,
                        ns.id_tugas,
                        ns.nilai,
                        @row_number := IF(@current_mapel = ns.id_mapel, @row_number + 1, 1) AS task_number,
                        @current_mapel := ns.id_mapel AS dummy
                    FROM tb_nilai_siswa ns
                    WHERE ns.nisn = :nisn: AND ns.id_sekolah = :id_sekolah:
                    ORDER BY ns.id_mapel, ns.id_tugas
                ) AS tasks
                RIGHT JOIN tb_mapel m ON m.id = tasks.id_mapel
                INNER JOIN tb_tugas t ON t.id = ns.id_tugas
                WHERE m.kelas = :kelas: AND (m.sub_kelas = \'-\' OR m.sub_kelas = :sub_kelas:) AND t.tahun_ajaran = :tahun_ajaran: 
                GROUP BY tasks.id_mapel, m.nama_mapel
                ORDER BY m.kelas, m.jenis, m.id', [...])
 5 APPPATH\Controllers\Nilai.php(133): App\Models\M_user->rapor_nilai('5d784c9e-f35a-4654-9851-b94d22be6f1e', '10', '-', '2001000032', 5, '2023')
 6 SYSTEMPATH\CodeIgniter.php(932): App\Controllers\Nilai->index()
 7 SYSTEMPATH\CodeIgniter.php(497): CodeIgniter\CodeIgniter->runController(Object(App\Controllers\Nilai))
 8 SYSTEMPATH\CodeIgniter.php(366): CodeIgniter\CodeIgniter->handleRequest(null, Object(Config\Cache), false)
 9 FCPATH\index.php(67): CodeIgniter\CodeIgniter->run()
10 SYSTEMPATH\Commands\Server\rewrite.php(47): require_once('D:\\laragon\\www\\sim\\public\\index.php')
INFO - 2023-12-01 10:17:51 --> Session: Class initialized using 'CodeIgniter\Session\Handlers\FileHandler' driver.
INFO - 2023-12-01 10:23:42 --> Session: Class initialized using 'CodeIgniter\Session\Handlers\FileHandler' driver.
INFO - 2023-12-01 10:48:51 --> Session: Class initialized using 'CodeIgniter\Session\Handlers\FileHandler' driver.
INFO - 2023-12-01 10:48:51 --> Session: Class initialized using 'CodeIgniter\Session\Handlers\FileHandler' driver.
INFO - 2023-12-01 10:48:58 --> Session: Class initialized using 'CodeIgniter\Session\Handlers\FileHandler' driver.
INFO - 2023-12-01 10:48:59 --> Session: Class initialized using 'CodeIgniter\Session\Handlers\FileHandler' driver.
INFO - 2023-12-01 10:49:08 --> Session: Class initialized using 'CodeIgniter\Session\Handlers\FileHandler' driver.
INFO - 2023-12-01 10:49:49 --> Session: Class initialized using 'CodeIgniter\Session\Handlers\FileHandler' driver.
INFO - 2023-12-01 10:50:12 --> Session: Class initialized using 'CodeIgniter\Session\Handlers\FileHandler' driver.
INFO - 2023-12-01 10:50:55 --> Session: Class initialized using 'CodeIgniter\Session\Handlers\FileHandler' driver.
INFO - 2023-12-01 10:50:59 --> Session: Class initialized using 'CodeIgniter\Session\Handlers\FileHandler' driver.
INFO - 2023-12-01 10:52:35 --> Session: Class initialized using 'CodeIgniter\Session\Handlers\FileHandler' driver.
INFO - 2023-12-01 11:07:42 --> Session: Class initialized using 'CodeIgniter\Session\Handlers\FileHandler' driver.
INFO - 2023-12-01 11:08:08 --> Session: Class initialized using 'CodeIgniter\Session\Handlers\FileHandler' driver.
INFO - 2023-12-01 13:21:17 --> Session: Class initialized using 'CodeIgniter\Session\Handlers\FileHandler' driver.
INFO - 2023-12-01 13:21:18 --> Session: Class initialized using 'CodeIgniter\Session\Handlers\FileHandler' driver.
INFO - 2023-12-01 13:21:23 --> Session: Class initialized using 'CodeIgniter\Session\Handlers\FileHandler' driver.
INFO - 2023-12-01 13:21:24 --> Session: Class initialized using 'CodeIgniter\Session\Handlers\FileHandler' driver.
INFO - 2023-12-01 13:21:31 --> Session: Class initialized using 'CodeIgniter\Session\Handlers\FileHandler' driver.
ERROR - 2023-12-01 13:21:31 --> mysqli_sql_exception: Column 'tahun_ajaran' in where clause is ambiguous in D:\laragon\www\sim\system\Database\MySQLi\Connection.php:295
Stack trace:
#0 D:\laragon\www\sim\system\Database\MySQLi\Connection.php(295): mysqli->query('SELECT * FROM t...', 0)
#1 D:\laragon\www\sim\system\Database\BaseConnection.php(692): CodeIgniter\Database\MySQLi\Connection->execute('SELECT * FROM t...')
#2 D:\laragon\www\sim\system\Database\BaseConnection.php(606): CodeIgniter\Database\BaseConnection->simpleQuery('SELECT * FROM t...')
#3 D:\laragon\www\sim\app\Models\M_sekolah.php(1165): CodeIgniter\Database\BaseConnection->query('SELECT * FROM t...', Array)
#4 D:\laragon\www\sim\app\Controllers\Tugas.php(34): App\Models\M_sekolah->get_tptugas('23', '2023')
#5 D:\laragon\www\sim\system\CodeIgniter.php(932): App\Controllers\Tugas->index()
#6 D:\laragon\www\sim\system\CodeIgniter.php(497): CodeIgniter\CodeIgniter->runController(Object(App\Controllers\Tugas))
#7 D:\laragon\www\sim\system\CodeIgniter.php(366): CodeIgniter\CodeIgniter->handleRequest(NULL, Object(Config\Cache), false)
#8 D:\laragon\www\sim\public\index.php(67): CodeIgniter\CodeIgniter->run()
#9 D:\laragon\www\sim\system\Commands\Server\rewrite.php(47): require_once('D:\\laragon\\www\\...')
#10 {main}
CRITICAL - 2023-12-01 13:21:31 --> Column 'tahun_ajaran' in where clause is ambiguous
in SYSTEMPATH\Database\MySQLi\Connection.php on line 295.
 1 SYSTEMPATH\Database\MySQLi\Connection.php(295): mysqli->query('SELECT * FROM tb_tugas t
                LEFT JOIN tb_tugas_tp tp ON tp.id_tugas = t.id 
                LEFT JOIN tb_tujuan_pembelajaran p ON tp.id_tp = p.id   
                WHERE id_guru_mapel = \'23\' AND tahun_ajaran = \'2023\'', 0)
 2 SYSTEMPATH\Database\BaseConnection.php(692): CodeIgniter\Database\MySQLi\Connection->execute('SELECT * FROM tb_tugas t
                LEFT JOIN tb_tugas_tp tp ON tp.id_tugas = t.id 
                LEFT JOIN tb_tujuan_pembelajaran p ON tp.id_tp = p.id   
                WHERE id_guru_mapel = \'23\' AND tahun_ajaran = \'2023\'')
 3 SYSTEMPATH\Database\BaseConnection.php(606): CodeIgniter\Database\BaseConnection->simpleQuery('SELECT * FROM tb_tugas t
                LEFT JOIN tb_tugas_tp tp ON tp.id_tugas = t.id 
                LEFT JOIN tb_tujuan_pembelajaran p ON tp.id_tp = p.id   
                WHERE id_guru_mapel = \'23\' AND tahun_ajaran = \'2023\'')
 4 APPPATH\Models\M_sekolah.php(1165): CodeIgniter\Database\BaseConnection->query('SELECT * FROM tb_tugas t
                LEFT JOIN tb_tugas_tp tp ON tp.id_tugas = t.id 
                LEFT JOIN tb_tujuan_pembelajaran p ON tp.id_tp = p.id   
                WHERE id_guru_mapel = :id_guru_mapel: AND tahun_ajaran = :tahun_ajaran:', [...])
 5 APPPATH\Controllers\Tugas.php(34): App\Models\M_sekolah->get_tptugas('23', '2023')
 6 SYSTEMPATH\CodeIgniter.php(932): App\Controllers\Tugas->index()
 7 SYSTEMPATH\CodeIgniter.php(497): CodeIgniter\CodeIgniter->runController(Object(App\Controllers\Tugas))
 8 SYSTEMPATH\CodeIgniter.php(366): CodeIgniter\CodeIgniter->handleRequest(null, Object(Config\Cache), false)
 9 FCPATH\index.php(67): CodeIgniter\CodeIgniter->run()
10 SYSTEMPATH\Commands\Server\rewrite.php(47): require_once('D:\\laragon\\www\\sim\\public\\index.php')
INFO - 2023-12-01 13:25:35 --> Session: Class initialized using 'CodeIgniter\Session\Handlers\FileHandler' driver.
INFO - 2023-12-01 13:27:07 --> Session: Class initialized using 'CodeIgniter\Session\Handlers\FileHandler' driver.
INFO - 2023-12-01 13:27:11 --> Session: Class initialized using 'CodeIgniter\Session\Handlers\FileHandler' driver.
INFO - 2023-12-01 13:28:04 --> Session: Class initialized using 'CodeIgniter\Session\Handlers\FileHandler' driver.
INFO - 2023-12-01 13:34:35 --> Session: Class initialized using 'CodeIgniter\Session\Handlers\FileHandler' driver.
INFO - 2023-12-01 13:38:27 --> Session: Class initialized using 'CodeIgniter\Session\Handlers\FileHandler' driver.
INFO - 2023-12-01 13:38:27 --> Session: Class initialized using 'CodeIgniter\Session\Handlers\FileHandler' driver.
INFO - 2023-12-01 13:38:33 --> Session: Class initialized using 'CodeIgniter\Session\Handlers\FileHandler' driver.
INFO - 2023-12-01 13:38:34 --> Session: Class initialized using 'CodeIgniter\Session\Handlers\FileHandler' driver.
INFO - 2023-12-01 13:39:19 --> Session: Class initialized using 'CodeIgniter\Session\Handlers\FileHandler' driver.
INFO - 2023-12-01 13:39:23 --> Session: Class initialized using 'CodeIgniter\Session\Handlers\FileHandler' driver.
INFO - 2023-12-01 13:39:48 --> Session: Class initialized using 'CodeIgniter\Session\Handlers\FileHandler' driver.
INFO - 2023-12-01 13:42:01 --> Session: Class initialized using 'CodeIgniter\Session\Handlers\FileHandler' driver.
INFO - 2023-12-01 13:43:11 --> Session: Class initialized using 'CodeIgniter\Session\Handlers\FileHandler' driver.
INFO - 2023-12-01 13:43:24 --> Session: Class initialized using 'CodeIgniter\Session\Handlers\FileHandler' driver.
INFO - 2023-12-01 13:44:27 --> Session: Class initialized using 'CodeIgniter\Session\Handlers\FileHandler' driver.
INFO - 2023-12-01 13:46:30 --> Session: Class initialized using 'CodeIgniter\Session\Handlers\FileHandler' driver.
INFO - 2023-12-01 13:46:44 --> Session: Class initialized using 'CodeIgniter\Session\Handlers\FileHandler' driver.
INFO - 2023-12-01 13:47:38 --> Session: Class initialized using 'CodeIgniter\Session\Handlers\FileHandler' driver.
INFO - 2023-12-01 13:48:38 --> Session: Class initialized using 'CodeIgniter\Session\Handlers\FileHandler' driver.
INFO - 2023-12-01 13:49:04 --> Session: Class initialized using 'CodeIgniter\Session\Handlers\FileHandler' driver.
INFO - 2023-12-01 13:49:20 --> Session: Class initialized using 'CodeIgniter\Session\Handlers\FileHandler' driver.
INFO - 2023-12-01 13:49:29 --> Session: Class initialized using 'CodeIgniter\Session\Handlers\FileHandler' driver.
INFO - 2023-12-01 13:51:14 --> Session: Class initialized using 'CodeIgniter\Session\Handlers\FileHandler' driver.
INFO - 2023-12-01 13:51:48 --> Session: Class initialized using 'CodeIgniter\Session\Handlers\FileHandler' driver.
INFO - 2023-12-01 13:51:56 --> Session: Class initialized using 'CodeIgniter\Session\Handlers\FileHandler' driver.
INFO - 2023-12-01 13:52:11 --> Session: Class initialized using 'CodeIgniter\Session\Handlers\FileHandler' driver.
INFO - 2023-12-01 13:52:56 --> Session: Class initialized using 'CodeIgniter\Session\Handlers\FileHandler' driver.
INFO - 2023-12-01 13:53:29 --> Session: Class initialized using 'CodeIgniter\Session\Handlers\FileHandler' driver.
INFO - 2023-12-01 14:11:35 --> Session: Class initialized using 'CodeIgniter\Session\Handlers\FileHandler' driver.
INFO - 2023-12-01 14:11:42 --> Session: Class initialized using 'CodeIgniter\Session\Handlers\FileHandler' driver.
INFO - 2023-12-01 14:12:07 --> Session: Class initialized using 'CodeIgniter\Session\Handlers\FileHandler' driver.
INFO - 2023-12-01 14:12:21 --> Session: Class initialized using 'CodeIgniter\Session\Handlers\FileHandler' driver.
INFO - 2023-12-01 14:12:34 --> Session: Class initialized using 'CodeIgniter\Session\Handlers\FileHandler' driver.
INFO - 2023-12-01 14:12:56 --> Session: Class initialized using 'CodeIgniter\Session\Handlers\FileHandler' driver.
INFO - 2023-12-01 14:13:12 --> Session: Class initialized using 'CodeIgniter\Session\Handlers\FileHandler' driver.
INFO - 2023-12-01 14:13:50 --> Session: Class initialized using 'CodeIgniter\Session\Handlers\FileHandler' driver.
INFO - 2023-12-01 14:14:02 --> Session: Class initialized using 'CodeIgniter\Session\Handlers\FileHandler' driver.
INFO - 2023-12-01 14:14:40 --> Session: Class initialized using 'CodeIgniter\Session\Handlers\FileHandler' driver.
INFO - 2023-12-01 14:15:53 --> Session: Class initialized using 'CodeIgniter\Session\Handlers\FileHandler' driver.
INFO - 2023-12-01 14:16:03 --> Session: Class initialized using 'CodeIgniter\Session\Handlers\FileHandler' driver.
INFO - 2023-12-01 14:16:28 --> Session: Class initialized using 'CodeIgniter\Session\Handlers\FileHandler' driver.
INFO - 2023-12-01 14:17:10 --> Session: Class initialized using 'CodeIgniter\Session\Handlers\FileHandler' driver.
INFO - 2023-12-01 14:25:31 --> Session: Class initialized using 'CodeIgniter\Session\Handlers\FileHandler' driver.
INFO - 2023-12-01 14:33:24 --> Session: Class initialized using 'CodeIgniter\Session\Handlers\FileHandler' driver.
INFO - 2023-12-01 14:33:36 --> Session: Class initialized using 'CodeIgniter\Session\Handlers\FileHandler' driver.
INFO - 2023-12-01 14:33:39 --> Session: Class initialized using 'CodeIgniter\Session\Handlers\FileHandler' driver.
INFO - 2023-12-01 14:34:24 --> Session: Class initialized using 'CodeIgniter\Session\Handlers\FileHandler' driver.
INFO - 2023-12-01 14:36:16 --> Session: Class initialized using 'CodeIgniter\Session\Handlers\FileHandler' driver.
INFO - 2023-12-01 14:37:42 --> Session: Class initialized using 'CodeIgniter\Session\Handlers\FileHandler' driver.
INFO - 2023-12-01 14:39:11 --> Session: Class initialized using 'CodeIgniter\Session\Handlers\FileHandler' driver.
INFO - 2023-12-01 14:40:16 --> Session: Class initialized using 'CodeIgniter\Session\Handlers\FileHandler' driver.
INFO - 2023-12-01 14:40:55 --> Session: Class initialized using 'CodeIgniter\Session\Handlers\FileHandler' driver.
INFO - 2023-12-01 14:42:08 --> Session: Class initialized using 'CodeIgniter\Session\Handlers\FileHandler' driver.
INFO - 2023-12-01 14:42:37 --> Session: Class initialized using 'CodeIgniter\Session\Handlers\FileHandler' driver.
INFO - 2023-12-01 14:45:08 --> Session: Class initialized using 'CodeIgniter\Session\Handlers\FileHandler' driver.
INFO - 2023-12-01 14:48:00 --> Session: Class initialized using 'CodeIgniter\Session\Handlers\FileHandler' driver.
INFO - 2023-12-01 14:48:46 --> Session: Class initialized using 'CodeIgniter\Session\Handlers\FileHandler' driver.
INFO - 2023-12-01 15:08:36 --> Session: Class initialized using 'CodeIgniter\Session\Handlers\FileHandler' driver.
INFO - 2023-12-01 15:10:46 --> Session: Class initialized using 'CodeIgniter\Session\Handlers\FileHandler' driver.
INFO - 2023-12-01 15:10:50 --> Session: Class initialized using 'CodeIgniter\Session\Handlers\FileHandler' driver.
INFO - 2023-12-01 15:11:41 --> Session: Class initialized using 'CodeIgniter\Session\Handlers\FileHandler' driver.
INFO - 2023-12-01 15:12:22 --> Session: Class initialized using 'CodeIgniter\Session\Handlers\FileHandler' driver.
INFO - 2023-12-01 15:12:51 --> Session: Class initialized using 'CodeIgniter\Session\Handlers\FileHandler' driver.
INFO - 2023-12-01 15:34:17 --> Session: Class initialized using 'CodeIgniter\Session\Handlers\FileHandler' driver.
INFO - 2023-12-01 15:35:38 --> Session: Class initialized using 'CodeIgniter\Session\Handlers\FileHandler' driver.
INFO - 2023-12-01 15:35:41 --> Session: Class initialized using 'CodeIgniter\Session\Handlers\FileHandler' driver.
INFO - 2023-12-01 15:36:08 --> Session: Class initialized using 'CodeIgniter\Session\Handlers\FileHandler' driver.
INFO - 2023-12-01 15:38:15 --> Session: Class initialized using 'CodeIgniter\Session\Handlers\FileHandler' driver.
INFO - 2023-12-01 15:39:19 --> Session: Class initialized using 'CodeIgniter\Session\Handlers\FileHandler' driver.
INFO - 2023-12-01 15:40:18 --> Session: Class initialized using 'CodeIgniter\Session\Handlers\FileHandler' driver.
INFO - 2023-12-01 15:40:57 --> Session: Class initialized using 'CodeIgniter\Session\Handlers\FileHandler' driver.
INFO - 2023-12-01 15:41:45 --> Session: Class initialized using 'CodeIgniter\Session\Handlers\FileHandler' driver.
INFO - 2023-12-01 15:42:23 --> Session: Class initialized using 'CodeIgniter\Session\Handlers\FileHandler' driver.
INFO - 2023-12-01 15:43:30 --> Session: Class initialized using 'CodeIgniter\Session\Handlers\FileHandler' driver.
INFO - 2023-12-01 15:43:58 --> Session: Class initialized using 'CodeIgniter\Session\Handlers\FileHandler' driver.
INFO - 2023-12-01 15:44:01 --> Session: Class initialized using 'CodeIgniter\Session\Handlers\FileHandler' driver.
INFO - 2023-12-01 15:44:33 --> Session: Class initialized using 'CodeIgniter\Session\Handlers\FileHandler' driver.
INFO - 2023-12-01 15:44:51 --> Session: Class initialized using 'CodeIgniter\Session\Handlers\FileHandler' driver.
INFO - 2023-12-01 15:47:06 --> Session: Class initialized using 'CodeIgniter\Session\Handlers\FileHandler' driver.
INFO - 2023-12-01 15:48:09 --> Session: Class initialized using 'CodeIgniter\Session\Handlers\FileHandler' driver.
INFO - 2023-12-01 15:48:12 --> Session: Class initialized using 'CodeIgniter\Session\Handlers\FileHandler' driver.
ERROR - 2023-12-01 15:48:12 --> mysqli_sql_exception: You have an error in your SQL syntax; check the manual that corresponds to your MySQL server version for the right syntax to use near ':kop_rapor:, tgl_mid_ganjil = '2023/91/3'   
        WHERE id_sekolah = '5d784c9' at line 2 in D:\laragon\www\sim\system\Database\MySQLi\Connection.php:295
Stack trace:
#0 D:\laragon\www\sim\system\Database\MySQLi\Connection.php(295): mysqli->query('UPDATE tb_info_...', 0)
#1 D:\laragon\www\sim\system\Database\BaseConnection.php(692): CodeIgniter\Database\MySQLi\Connection->execute('UPDATE tb_info_...')
#2 D:\laragon\www\sim\system\Database\BaseConnection.php(606): CodeIgniter\Database\BaseConnection->simpleQuery('UPDATE tb_info_...')
#3 D:\laragon\www\sim\app\Models\M_sekolah.php(1295): CodeIgniter\Database\BaseConnection->query('UPDATE tb_info_...', Array)
#4 D:\laragon\www\sim\app\Controllers\Admin.php(2327): App\Models\M_sekolah->simpanTglMid('5d784c9e-f35a-4...', '2023', 0, '2023/91/3')
#5 D:\laragon\www\sim\system\CodeIgniter.php(932): App\Controllers\Admin->simpan_mid()
#6 D:\laragon\www\sim\system\CodeIgniter.php(497): CodeIgniter\CodeIgniter->runController(Object(App\Controllers\Admin))
#7 D:\laragon\www\sim\system\CodeIgniter.php(366): CodeIgniter\CodeIgniter->handleRequest(NULL, Object(Config\Cache), false)
#8 D:\laragon\www\sim\public\index.php(67): CodeIgniter\CodeIgniter->run()
#9 D:\laragon\www\sim\system\Commands\Server\rewrite.php(47): require_once('D:\\laragon\\www\\...')
#10 {main}
CRITICAL - 2023-12-01 15:48:12 --> You have an error in your SQL syntax; check the manual that corresponds to your MySQL server version for the right syntax to use near ':kop_rapor:, tgl_mid_ganjil = '2023/91/3'   
        WHERE id_sekolah = '5d784c9' at line 2
in SYSTEMPATH\Database\MySQLi\Connection.php on line 295.
 1 SYSTEMPATH\Database\MySQLi\Connection.php(295): mysqli->query('UPDATE tb_info_sekolah 
        SET kop_rapor = :kop_rapor:, tgl_mid_ganjil = \'2023/91/3\'   
        WHERE id_sekolah = \'5d784c9e-f35a-4654-9851-b94d22be6f1e\' AND tahun_ajaran = \'2023\'', 0)
 2 SYSTEMPATH\Database\BaseConnection.php(692): CodeIgniter\Database\MySQLi\Connection->execute('UPDATE tb_info_sekolah 
        SET kop_rapor = :kop_rapor:, tgl_mid_ganjil = \'2023/91/3\'   
        WHERE id_sekolah = \'5d784c9e-f35a-4654-9851-b94d22be6f1e\' AND tahun_ajaran = \'2023\'')
 3 SYSTEMPATH\Database\BaseConnection.php(606): CodeIgniter\Database\BaseConnection->simpleQuery('UPDATE tb_info_sekolah 
        SET kop_rapor = :kop_rapor:, tgl_mid_ganjil = \'2023/91/3\'   
        WHERE id_sekolah = \'5d784c9e-f35a-4654-9851-b94d22be6f1e\' AND tahun_ajaran = \'2023\'')
 4 APPPATH\Models\M_sekolah.php(1295): CodeIgniter\Database\BaseConnection->query('UPDATE tb_info_sekolah 
        SET kop_rapor = :kop_rapor:, tgl_mid_ganjil = :tgl_mid:   
        WHERE id_sekolah = :id_sekolah: AND tahun_ajaran = :tahun_ajaran:', [...])
 5 APPPATH\Controllers\Admin.php(2327): App\Models\M_sekolah->simpanTglMid('5d784c9e-f35a-4654-9851-b94d22be6f1e', '2023', 0, '2023/91/3')
 6 SYSTEMPATH\CodeIgniter.php(932): App\Controllers\Admin->simpan_mid()
 7 SYSTEMPATH\CodeIgniter.php(497): CodeIgniter\CodeIgniter->runController(Object(App\Controllers\Admin))
 8 SYSTEMPATH\CodeIgniter.php(366): CodeIgniter\CodeIgniter->handleRequest(null, Object(Config\Cache), false)
 9 FCPATH\index.php(67): CodeIgniter\CodeIgniter->run()
10 SYSTEMPATH\Commands\Server\rewrite.php(47): require_once('D:\\laragon\\www\\sim\\public\\index.php')
INFO - 2023-12-01 15:48:12 --> Session: Class initialized using 'CodeIgniter\Session\Handlers\FileHandler' driver.
INFO - 2023-12-01 15:48:37 --> Session: Class initialized using 'CodeIgniter\Session\Handlers\FileHandler' driver.
INFO - 2023-12-01 15:48:39 --> Session: Class initialized using 'CodeIgniter\Session\Handlers\FileHandler' driver.
ERROR - 2023-12-01 15:48:39 --> mysqli_sql_exception: You have an error in your SQL syntax; check the manual that corresponds to your MySQL server version for the right syntax to use near ':kop_rapor:, tgl_mid_ganjil = '2023/91/3'   
        WHERE id_sekolah = '5d784c9' at line 2 in D:\laragon\www\sim\system\Database\MySQLi\Connection.php:295
Stack trace:
#0 D:\laragon\www\sim\system\Database\MySQLi\Connection.php(295): mysqli->query('UPDATE tb_info_...', 0)
#1 D:\laragon\www\sim\system\Database\BaseConnection.php(692): CodeIgniter\Database\MySQLi\Connection->execute('UPDATE tb_info_...')
#2 D:\laragon\www\sim\system\Database\BaseConnection.php(606): CodeIgniter\Database\BaseConnection->simpleQuery('UPDATE tb_info_...')
#3 D:\laragon\www\sim\app\Models\M_sekolah.php(1295): CodeIgniter\Database\BaseConnection->query('UPDATE tb_info_...', Array)
#4 D:\laragon\www\sim\app\Controllers\Admin.php(2327): App\Models\M_sekolah->simpanTglMid('5d784c9e-f35a-4...', '2023', 0, '2023/91/3')
#5 D:\laragon\www\sim\system\CodeIgniter.php(932): App\Controllers\Admin->simpan_mid()
#6 D:\laragon\www\sim\system\CodeIgniter.php(497): CodeIgniter\CodeIgniter->runController(Object(App\Controllers\Admin))
#7 D:\laragon\www\sim\system\CodeIgniter.php(366): CodeIgniter\CodeIgniter->handleRequest(NULL, Object(Config\Cache), false)
#8 D:\laragon\www\sim\public\index.php(67): CodeIgniter\CodeIgniter->run()
#9 D:\laragon\www\sim\system\Commands\Server\rewrite.php(47): require_once('D:\\laragon\\www\\...')
#10 {main}
CRITICAL - 2023-12-01 15:48:39 --> You have an error in your SQL syntax; check the manual that corresponds to your MySQL server version for the right syntax to use near ':kop_rapor:, tgl_mid_ganjil = '2023/91/3'   
        WHERE id_sekolah = '5d784c9' at line 2
in SYSTEMPATH\Database\MySQLi\Connection.php on line 295.
 1 SYSTEMPATH\Database\MySQLi\Connection.php(295): mysqli->query('UPDATE tb_info_sekolah 
        SET kop_rapor = :kop_rapor:, tgl_mid_ganjil = \'2023/91/3\'   
        WHERE id_sekolah = \'5d784c9e-f35a-4654-9851-b94d22be6f1e\' AND tahun_ajaran = \'2023\'', 0)
 2 SYSTEMPATH\Database\BaseConnection.php(692): CodeIgniter\Database\MySQLi\Connection->execute('UPDATE tb_info_sekolah 
        SET kop_rapor = :kop_rapor:, tgl_mid_ganjil = \'2023/91/3\'   
        WHERE id_sekolah = \'5d784c9e-f35a-4654-9851-b94d22be6f1e\' AND tahun_ajaran = \'2023\'')
 3 SYSTEMPATH\Database\BaseConnection.php(606): CodeIgniter\Database\BaseConnection->simpleQuery('UPDATE tb_info_sekolah 
        SET kop_rapor = :kop_rapor:, tgl_mid_ganjil = \'2023/91/3\'   
        WHERE id_sekolah = \'5d784c9e-f35a-4654-9851-b94d22be6f1e\' AND tahun_ajaran = \'2023\'')
 4 APPPATH\Models\M_sekolah.php(1295): CodeIgniter\Database\BaseConnection->query('UPDATE tb_info_sekolah 
        SET kop_rapor = :kop_rapor:, tgl_mid_ganjil = :tgl_mid:   
        WHERE id_sekolah = :id_sekolah: AND tahun_ajaran = :tahun_ajaran:', [...])
 5 APPPATH\Controllers\Admin.php(2327): App\Models\M_sekolah->simpanTglMid('5d784c9e-f35a-4654-9851-b94d22be6f1e', '2023', 0, '2023/91/3')
 6 SYSTEMPATH\CodeIgniter.php(932): App\Controllers\Admin->simpan_mid()
 7 SYSTEMPATH\CodeIgniter.php(497): CodeIgniter\CodeIgniter->runController(Object(App\Controllers\Admin))
 8 SYSTEMPATH\CodeIgniter.php(366): CodeIgniter\CodeIgniter->handleRequest(null, Object(Config\Cache), false)
 9 FCPATH\index.php(67): CodeIgniter\CodeIgniter->run()
10 SYSTEMPATH\Commands\Server\rewrite.php(47): require_once('D:\\laragon\\www\\sim\\public\\index.php')
INFO - 2023-12-01 15:51:00 --> Session: Class initialized using 'CodeIgniter\Session\Handlers\FileHandler' driver.
INFO - 2023-12-01 15:51:03 --> Session: Class initialized using 'CodeIgniter\Session\Handlers\FileHandler' driver.
ERROR - 2023-12-01 15:51:03 --> mysqli_sql_exception: You have an error in your SQL syntax; check the manual that corresponds to your MySQL server version for the right syntax to use near ':kop_rapor:, tgl_mid_ganjil = '2023/91/3'   
        WHERE id_sekolah = '5d784c9' at line 2 in D:\laragon\www\sim\system\Database\MySQLi\Connection.php:295
Stack trace:
#0 D:\laragon\www\sim\system\Database\MySQLi\Connection.php(295): mysqli->query('UPDATE tb_info_...', 0)
#1 D:\laragon\www\sim\system\Database\BaseConnection.php(692): CodeIgniter\Database\MySQLi\Connection->execute('UPDATE tb_info_...')
#2 D:\laragon\www\sim\system\Database\BaseConnection.php(606): CodeIgniter\Database\BaseConnection->simpleQuery('UPDATE tb_info_...')
#3 D:\laragon\www\sim\app\Models\M_sekolah.php(1295): CodeIgniter\Database\BaseConnection->query('UPDATE tb_info_...', Array)
#4 D:\laragon\www\sim\app\Controllers\Admin.php(2328): App\Models\M_sekolah->simpanTglMid('5d784c9e-f35a-4...', '2023', 0, '2023/91/3')
#5 D:\laragon\www\sim\system\CodeIgniter.php(932): App\Controllers\Admin->simpan_mid()
#6 D:\laragon\www\sim\system\CodeIgniter.php(497): CodeIgniter\CodeIgniter->runController(Object(App\Controllers\Admin))
#7 D:\laragon\www\sim\system\CodeIgniter.php(366): CodeIgniter\CodeIgniter->handleRequest(NULL, Object(Config\Cache), false)
#8 D:\laragon\www\sim\public\index.php(67): CodeIgniter\CodeIgniter->run()
#9 D:\laragon\www\sim\system\Commands\Server\rewrite.php(47): require_once('D:\\laragon\\www\\...')
#10 {main}
CRITICAL - 2023-12-01 15:51:03 --> You have an error in your SQL syntax; check the manual that corresponds to your MySQL server version for the right syntax to use near ':kop_rapor:, tgl_mid_ganjil = '2023/91/3'   
        WHERE id_sekolah = '5d784c9' at line 2
in SYSTEMPATH\Database\MySQLi\Connection.php on line 295.
 1 SYSTEMPATH\Database\MySQLi\Connection.php(295): mysqli->query('UPDATE tb_info_sekolah 
        SET kop_rapor = :kop_rapor:, tgl_mid_ganjil = \'2023/91/3\'   
        WHERE id_sekolah = \'5d784c9e-f35a-4654-9851-b94d22be6f1e\' AND tahun_ajaran = \'2023\'', 0)
 2 SYSTEMPATH\Database\BaseConnection.php(692): CodeIgniter\Database\MySQLi\Connection->execute('UPDATE tb_info_sekolah 
        SET kop_rapor = :kop_rapor:, tgl_mid_ganjil = \'2023/91/3\'   
        WHERE id_sekolah = \'5d784c9e-f35a-4654-9851-b94d22be6f1e\' AND tahun_ajaran = \'2023\'')
 3 SYSTEMPATH\Database\BaseConnection.php(606): CodeIgniter\Database\BaseConnection->simpleQuery('UPDATE tb_info_sekolah 
        SET kop_rapor = :kop_rapor:, tgl_mid_ganjil = \'2023/91/3\'   
        WHERE id_sekolah = \'5d784c9e-f35a-4654-9851-b94d22be6f1e\' AND tahun_ajaran = \'2023\'')
 4 APPPATH\Models\M_sekolah.php(1295): CodeIgniter\Database\BaseConnection->query('UPDATE tb_info_sekolah 
        SET kop_rapor = :kop_rapor:, tgl_mid_ganjil = :tgl_mid:   
        WHERE id_sekolah = :id_sekolah: AND tahun_ajaran = :tahun_ajaran:', [...])
 5 APPPATH\Controllers\Admin.php(2328): App\Models\M_sekolah->simpanTglMid('5d784c9e-f35a-4654-9851-b94d22be6f1e', '2023', 0, '2023/91/3')
 6 SYSTEMPATH\CodeIgniter.php(932): App\Controllers\Admin->simpan_mid()
 7 SYSTEMPATH\CodeIgniter.php(497): CodeIgniter\CodeIgniter->runController(Object(App\Controllers\Admin))
 8 SYSTEMPATH\CodeIgniter.php(366): CodeIgniter\CodeIgniter->handleRequest(null, Object(Config\Cache), false)
 9 FCPATH\index.php(67): CodeIgniter\CodeIgniter->run()
10 SYSTEMPATH\Commands\Server\rewrite.php(47): require_once('D:\\laragon\\www\\sim\\public\\index.php')
INFO - 2023-12-01 15:52:25 --> Session: Class initialized using 'CodeIgniter\Session\Handlers\FileHandler' driver.
INFO - 2023-12-01 15:52:31 --> Session: Class initialized using 'CodeIgniter\Session\Handlers\FileHandler' driver.
INFO - 2023-12-01 15:53:23 --> Session: Class initialized using 'CodeIgniter\Session\Handlers\FileHandler' driver.
INFO - 2023-12-01 15:53:26 --> Session: Class initialized using 'CodeIgniter\Session\Handlers\FileHandler' driver.
ERROR - 2023-12-01 15:53:26 --> mysqli_sql_exception: You have an error in your SQL syntax; check the manual that corresponds to your MySQL server version for the right syntax to use near ':kop_rapor:, tgl_mid_ganjil = '2023/10/3'   
        WHERE id_sekolah = '5d784c9' at line 2 in D:\laragon\www\sim\system\Database\MySQLi\Connection.php:295
Stack trace:
#0 D:\laragon\www\sim\system\Database\MySQLi\Connection.php(295): mysqli->query('UPDATE tb_info_...', 0)
#1 D:\laragon\www\sim\system\Database\BaseConnection.php(692): CodeIgniter\Database\MySQLi\Connection->execute('UPDATE tb_info_...')
#2 D:\laragon\www\sim\system\Database\BaseConnection.php(606): CodeIgniter\Database\BaseConnection->simpleQuery('UPDATE tb_info_...')
#3 D:\laragon\www\sim\app\Models\M_sekolah.php(1295): CodeIgniter\Database\BaseConnection->query('UPDATE tb_info_...', Array)
#4 D:\laragon\www\sim\app\Controllers\Admin.php(2328): App\Models\M_sekolah->simpanTglMid('5d784c9e-f35a-4...', '2023', 0, '2023/10/3')
#5 D:\laragon\www\sim\system\CodeIgniter.php(932): App\Controllers\Admin->simpan_mid()
#6 D:\laragon\www\sim\system\CodeIgniter.php(497): CodeIgniter\CodeIgniter->runController(Object(App\Controllers\Admin))
#7 D:\laragon\www\sim\system\CodeIgniter.php(366): CodeIgniter\CodeIgniter->handleRequest(NULL, Object(Config\Cache), false)
#8 D:\laragon\www\sim\public\index.php(67): CodeIgniter\CodeIgniter->run()
#9 D:\laragon\www\sim\system\Commands\Server\rewrite.php(47): require_once('D:\\laragon\\www\\...')
#10 {main}
CRITICAL - 2023-12-01 15:53:26 --> You have an error in your SQL syntax; check the manual that corresponds to your MySQL server version for the right syntax to use near ':kop_rapor:, tgl_mid_ganjil = '2023/10/3'   
        WHERE id_sekolah = '5d784c9' at line 2
in SYSTEMPATH\Database\MySQLi\Connection.php on line 295.
 1 SYSTEMPATH\Database\MySQLi\Connection.php(295): mysqli->query('UPDATE tb_info_sekolah 
        SET kop_rapor = :kop_rapor:, tgl_mid_ganjil = \'2023/10/3\'   
        WHERE id_sekolah = \'5d784c9e-f35a-4654-9851-b94d22be6f1e\' AND tahun_ajaran = \'2023\'', 0)
 2 SYSTEMPATH\Database\BaseConnection.php(692): CodeIgniter\Database\MySQLi\Connection->execute('UPDATE tb_info_sekolah 
        SET kop_rapor = :kop_rapor:, tgl_mid_ganjil = \'2023/10/3\'   
        WHERE id_sekolah = \'5d784c9e-f35a-4654-9851-b94d22be6f1e\' AND tahun_ajaran = \'2023\'')
 3 SYSTEMPATH\Database\BaseConnection.php(606): CodeIgniter\Database\BaseConnection->simpleQuery('UPDATE tb_info_sekolah 
        SET kop_rapor = :kop_rapor:, tgl_mid_ganjil = \'2023/10/3\'   
        WHERE id_sekolah = \'5d784c9e-f35a-4654-9851-b94d22be6f1e\' AND tahun_ajaran = \'2023\'')
 4 APPPATH\Models\M_sekolah.php(1295): CodeIgniter\Database\BaseConnection->query('UPDATE tb_info_sekolah 
        SET kop_rapor = :kop_rapor:, tgl_mid_ganjil = :tgl_mid:   
        WHERE id_sekolah = :id_sekolah: AND tahun_ajaran = :tahun_ajaran:', [...])
 5 APPPATH\Controllers\Admin.php(2328): App\Models\M_sekolah->simpanTglMid('5d784c9e-f35a-4654-9851-b94d22be6f1e', '2023', 0, '2023/10/3')
 6 SYSTEMPATH\CodeIgniter.php(932): App\Controllers\Admin->simpan_mid()
 7 SYSTEMPATH\CodeIgniter.php(497): CodeIgniter\CodeIgniter->runController(Object(App\Controllers\Admin))
 8 SYSTEMPATH\CodeIgniter.php(366): CodeIgniter\CodeIgniter->handleRequest(null, Object(Config\Cache), false)
 9 FCPATH\index.php(67): CodeIgniter\CodeIgniter->run()
10 SYSTEMPATH\Commands\Server\rewrite.php(47): require_once('D:\\laragon\\www\\sim\\public\\index.php')
INFO - 2023-12-01 15:53:33 --> Session: Class initialized using 'CodeIgniter\Session\Handlers\FileHandler' driver.
INFO - 2023-12-01 15:54:13 --> Session: Class initialized using 'CodeIgniter\Session\Handlers\FileHandler' driver.
INFO - 2023-12-01 15:54:18 --> Session: Class initialized using 'CodeIgniter\Session\Handlers\FileHandler' driver.
INFO - 2023-12-01 15:54:58 --> Session: Class initialized using 'CodeIgniter\Session\Handlers\FileHandler' driver.
INFO - 2023-12-01 15:55:10 --> Session: Class initialized using 'CodeIgniter\Session\Handlers\FileHandler' driver.
INFO - 2023-12-01 15:55:39 --> Session: Class initialized using 'CodeIgniter\Session\Handlers\FileHandler' driver.
