CRITICAL - 2023-11-01 09:49:54 --> Call to a member function getResultArray() on bool
in APPPATH\Models\M_sekolah.php on line 362.
 1 APPPATH\Controllers\Admin.php(1371): App\Models\M_sekolah->impor_mapel('2f3bd0be-5929-11ee-ac1f-00ffe2cd5f16', '10')
 2 SYSTEMPATH\CodeIgniter.php(932): App\Controllers\Admin->impor_mapel_pilihan()
 3 SYSTEMPATH\CodeIgniter.php(497): CodeIgniter\CodeIgniter->runController(Object(App\Controllers\Admin))
 4 SYSTEMPATH\CodeIgniter.php(366): CodeIgniter\CodeIgniter->handleRequest(null, Object(Config\Cache), false)
 5 FCPATH\index.php(67): CodeIgniter\CodeIgniter->run()
 6 SYSTEMPATH\Commands\Server\rewrite.php(47): require_once('D:\\laragon\\www\\sim\\public\\index.php')
ERROR - 2023-11-01 10:30:15 --> mysqli_sql_exception: Unknown column 'a.id_sekolah' in 'where clause' in D:\laragon\www\sim\system\Database\MySQLi\Connection.php:295
Stack trace:
#0 D:\laragon\www\sim\system\Database\MySQLi\Connection.php(295): mysqli->query('INSERT INTO tb_...', 0)
#1 D:\laragon\www\sim\system\Database\BaseConnection.php(692): CodeIgniter\Database\MySQLi\Connection->execute('INSERT INTO tb_...')
#2 D:\laragon\www\sim\system\Database\BaseConnection.php(606): CodeIgniter\Database\BaseConnection->simpleQuery('INSERT INTO tb_...')
#3 D:\laragon\www\sim\app\Models\M_sekolah.php(366): CodeIgniter\Database\BaseConnection->query('INSERT INTO tb_...', Array)
#4 D:\laragon\www\sim\app\Controllers\Admin.php(1371): App\Models\M_sekolah->impor_mapel('2f3bd0be-5929-1...', '10')
#5 D:\laragon\www\sim\system\CodeIgniter.php(932): App\Controllers\Admin->impor_mapel_pilihan()
#6 D:\laragon\www\sim\system\CodeIgniter.php(497): CodeIgniter\CodeIgniter->runController(Object(App\Controllers\Admin))
#7 D:\laragon\www\sim\system\CodeIgniter.php(366): CodeIgniter\CodeIgniter->handleRequest(NULL, Object(Config\Cache), false)
#8 D:\laragon\www\sim\public\index.php(67): CodeIgniter\CodeIgniter->run()
#9 D:\laragon\www\sim\system\Commands\Server\rewrite.php(47): require_once('D:\\laragon\\www\\...')
#10 {main}
CRITICAL - 2023-11-01 10:30:15 --> Unknown column 'a.id_sekolah' in 'where clause'
in SYSTEMPATH\Database\MySQLi\Connection.php on line 295.
 1 SYSTEMPATH\Database\MySQLi\Connection.php(295): mysqli->query('INSERT INTO tb_mapel (id_sekolah, kelas, jenis, nama_mapel)
                SELECT \'2f3bd0be-5929-11ee-ac1f-00ffe2cd5f16\', kelas, jenis, nama_mapel
                FROM daf_mapel a
                WHERE kelas = \'10\' AND NOT EXISTS (
                SELECT 1
                FROM tb_mapel b
                WHERE b.id_sekolah = a.id_sekolah
                AND b.kelas = a.kelas
                AND b.jenis = a.jenis
                AND b.nama_mapel = a.nama_mapel
            )', 0)
 2 SYSTEMPATH\Database\BaseConnection.php(692): CodeIgniter\Database\MySQLi\Connection->execute('INSERT INTO tb_mapel (id_sekolah, kelas, jenis, nama_mapel)
                SELECT \'2f3bd0be-5929-11ee-ac1f-00ffe2cd5f16\', kelas, jenis, nama_mapel
                FROM daf_mapel a
                WHERE kelas = \'10\' AND NOT EXISTS (
                SELECT 1
                FROM tb_mapel b
                WHERE b.id_sekolah = a.id_sekolah
                AND b.kelas = a.kelas
                AND b.jenis = a.jenis
                AND b.nama_mapel = a.nama_mapel
            )')
 3 SYSTEMPATH\Database\BaseConnection.php(606): CodeIgniter\Database\BaseConnection->simpleQuery('INSERT INTO tb_mapel (id_sekolah, kelas, jenis, nama_mapel)
                SELECT \'2f3bd0be-5929-11ee-ac1f-00ffe2cd5f16\', kelas, jenis, nama_mapel
                FROM daf_mapel a
                WHERE kelas = \'10\' AND NOT EXISTS (
                SELECT 1
                FROM tb_mapel b
                WHERE b.id_sekolah = a.id_sekolah
                AND b.kelas = a.kelas
                AND b.jenis = a.jenis
                AND b.nama_mapel = a.nama_mapel
            )')
 4 APPPATH\Models\M_sekolah.php(366): CodeIgniter\Database\BaseConnection->query('INSERT INTO tb_mapel (id_sekolah, kelas, jenis, nama_mapel)
                SELECT :id_sekolah:, kelas, jenis, nama_mapel
                FROM daf_mapel a
                WHERE kelas = :kelas: AND NOT EXISTS (
                SELECT 1
                FROM tb_mapel b
                WHERE b.id_sekolah = a.id_sekolah
                AND b.kelas = a.kelas
                AND b.jenis = a.jenis
                AND b.nama_mapel = a.nama_mapel
            )', [...])
 5 APPPATH\Controllers\Admin.php(1371): App\Models\M_sekolah->impor_mapel('2f3bd0be-5929-11ee-ac1f-00ffe2cd5f16', '10')
 6 SYSTEMPATH\CodeIgniter.php(932): App\Controllers\Admin->impor_mapel_pilihan()
 7 SYSTEMPATH\CodeIgniter.php(497): CodeIgniter\CodeIgniter->runController(Object(App\Controllers\Admin))
 8 SYSTEMPATH\CodeIgniter.php(366): CodeIgniter\CodeIgniter->handleRequest(null, Object(Config\Cache), false)
 9 FCPATH\index.php(67): CodeIgniter\CodeIgniter->run()
10 SYSTEMPATH\Commands\Server\rewrite.php(47): require_once('D:\\laragon\\www\\sim\\public\\index.php')
ERROR - 2023-11-01 10:31:00 --> mysqli_sql_exception: Unknown column 'a.id_sekolah' in 'where clause' in D:\laragon\www\sim\system\Database\MySQLi\Connection.php:295
Stack trace:
#0 D:\laragon\www\sim\system\Database\MySQLi\Connection.php(295): mysqli->query('INSERT INTO tb_...', 0)
#1 D:\laragon\www\sim\system\Database\BaseConnection.php(692): CodeIgniter\Database\MySQLi\Connection->execute('INSERT INTO tb_...')
#2 D:\laragon\www\sim\system\Database\BaseConnection.php(606): CodeIgniter\Database\BaseConnection->simpleQuery('INSERT INTO tb_...')
#3 D:\laragon\www\sim\app\Models\M_sekolah.php(366): CodeIgniter\Database\BaseConnection->query('INSERT INTO tb_...', Array)
#4 D:\laragon\www\sim\app\Controllers\Admin.php(1371): App\Models\M_sekolah->impor_mapel('2f3bd0be-5929-1...', '10')
#5 D:\laragon\www\sim\system\CodeIgniter.php(932): App\Controllers\Admin->impor_mapel_pilihan()
#6 D:\laragon\www\sim\system\CodeIgniter.php(497): CodeIgniter\CodeIgniter->runController(Object(App\Controllers\Admin))
#7 D:\laragon\www\sim\system\CodeIgniter.php(366): CodeIgniter\CodeIgniter->handleRequest(NULL, Object(Config\Cache), false)
#8 D:\laragon\www\sim\public\index.php(67): CodeIgniter\CodeIgniter->run()
#9 D:\laragon\www\sim\system\Commands\Server\rewrite.php(47): require_once('D:\\laragon\\www\\...')
#10 {main}
CRITICAL - 2023-11-01 10:31:00 --> Unknown column 'a.id_sekolah' in 'where clause'
in SYSTEMPATH\Database\MySQLi\Connection.php on line 295.
 1 SYSTEMPATH\Database\MySQLi\Connection.php(295): mysqli->query('INSERT INTO tb_mapel (id_sekolah, kelas, jenis, nama_mapel)
                SELECT \'2f3bd0be-5929-11ee-ac1f-00ffe2cd5f16\', kelas, jenis, nama_mapel
                FROM daf_mapel a
                WHERE kelas = \'10\' AND NOT EXISTS (
                SELECT 1
                FROM tb_mapel b
                WHERE b.id_sekolah = a.id_sekolah
                AND b.kelas = a.kelas
                AND b.jenis = a.jenis
                AND b.nama_mapel = a.nama_mapel
            )', 0)
 2 SYSTEMPATH\Database\BaseConnection.php(692): CodeIgniter\Database\MySQLi\Connection->execute('INSERT INTO tb_mapel (id_sekolah, kelas, jenis, nama_mapel)
                SELECT \'2f3bd0be-5929-11ee-ac1f-00ffe2cd5f16\', kelas, jenis, nama_mapel
                FROM daf_mapel a
                WHERE kelas = \'10\' AND NOT EXISTS (
                SELECT 1
                FROM tb_mapel b
                WHERE b.id_sekolah = a.id_sekolah
                AND b.kelas = a.kelas
                AND b.jenis = a.jenis
                AND b.nama_mapel = a.nama_mapel
            )')
 3 SYSTEMPATH\Database\BaseConnection.php(606): CodeIgniter\Database\BaseConnection->simpleQuery('INSERT INTO tb_mapel (id_sekolah, kelas, jenis, nama_mapel)
                SELECT \'2f3bd0be-5929-11ee-ac1f-00ffe2cd5f16\', kelas, jenis, nama_mapel
                FROM daf_mapel a
                WHERE kelas = \'10\' AND NOT EXISTS (
                SELECT 1
                FROM tb_mapel b
                WHERE b.id_sekolah = a.id_sekolah
                AND b.kelas = a.kelas
                AND b.jenis = a.jenis
                AND b.nama_mapel = a.nama_mapel
            )')
 4 APPPATH\Models\M_sekolah.php(366): CodeIgniter\Database\BaseConnection->query('INSERT INTO tb_mapel (id_sekolah, kelas, jenis, nama_mapel)
                SELECT :id_sekolah:, kelas, jenis, nama_mapel
                FROM daf_mapel a
                WHERE kelas = :kelas: AND NOT EXISTS (
                SELECT 1
                FROM tb_mapel b
                WHERE b.id_sekolah = a.id_sekolah
                AND b.kelas = a.kelas
                AND b.jenis = a.jenis
                AND b.nama_mapel = a.nama_mapel
            )', [...])
 5 APPPATH\Controllers\Admin.php(1371): App\Models\M_sekolah->impor_mapel('2f3bd0be-5929-11ee-ac1f-00ffe2cd5f16', '10')
 6 SYSTEMPATH\CodeIgniter.php(932): App\Controllers\Admin->impor_mapel_pilihan()
 7 SYSTEMPATH\CodeIgniter.php(497): CodeIgniter\CodeIgniter->runController(Object(App\Controllers\Admin))
 8 SYSTEMPATH\CodeIgniter.php(366): CodeIgniter\CodeIgniter->handleRequest(null, Object(Config\Cache), false)
 9 FCPATH\index.php(67): CodeIgniter\CodeIgniter->run()
10 SYSTEMPATH\Commands\Server\rewrite.php(47): require_once('D:\\laragon\\www\\sim\\public\\index.php')
ERROR - 2023-11-01 10:32:36 --> mysqli_sql_exception: Unknown column 'a.id_sekolah' in 'where clause' in D:\laragon\www\sim\system\Database\MySQLi\Connection.php:295
Stack trace:
#0 D:\laragon\www\sim\system\Database\MySQLi\Connection.php(295): mysqli->query('INSERT INTO tb_...', 0)
#1 D:\laragon\www\sim\system\Database\BaseConnection.php(692): CodeIgniter\Database\MySQLi\Connection->execute('INSERT INTO tb_...')
#2 D:\laragon\www\sim\system\Database\BaseConnection.php(606): CodeIgniter\Database\BaseConnection->simpleQuery('INSERT INTO tb_...')
#3 D:\laragon\www\sim\app\Models\M_sekolah.php(366): CodeIgniter\Database\BaseConnection->query('INSERT INTO tb_...', Array)
#4 D:\laragon\www\sim\app\Controllers\Admin.php(1371): App\Models\M_sekolah->impor_mapel('2f3bd0be-5929-1...', '10')
#5 D:\laragon\www\sim\system\CodeIgniter.php(932): App\Controllers\Admin->impor_mapel_pilihan()
#6 D:\laragon\www\sim\system\CodeIgniter.php(497): CodeIgniter\CodeIgniter->runController(Object(App\Controllers\Admin))
#7 D:\laragon\www\sim\system\CodeIgniter.php(366): CodeIgniter\CodeIgniter->handleRequest(NULL, Object(Config\Cache), false)
#8 D:\laragon\www\sim\public\index.php(67): CodeIgniter\CodeIgniter->run()
#9 D:\laragon\www\sim\system\Commands\Server\rewrite.php(47): require_once('D:\\laragon\\www\\...')
#10 {main}
CRITICAL - 2023-11-01 10:32:36 --> Unknown column 'a.id_sekolah' in 'where clause'
in SYSTEMPATH\Database\MySQLi\Connection.php on line 295.
 1 SYSTEMPATH\Database\MySQLi\Connection.php(295): mysqli->query('INSERT INTO tb_mapel (id_sekolah, kelas, jenis, nama_mapel)
                SELECT \'2f3bd0be-5929-11ee-ac1f-00ffe2cd5f16\', kelas, jenis, nama_mapel
                FROM daf_mapel a
                WHERE kelas = \'10\' AND NOT EXISTS (
                SELECT 1
                FROM tb_mapel b
                WHERE b.id_sekolah = a.id_sekolah
                AND b.kelas = a.kelas
                AND b.jenis = a.jenis
                AND b.nama_mapel = a.nama_mapel
            )', 0)
 2 SYSTEMPATH\Database\BaseConnection.php(692): CodeIgniter\Database\MySQLi\Connection->execute('INSERT INTO tb_mapel (id_sekolah, kelas, jenis, nama_mapel)
                SELECT \'2f3bd0be-5929-11ee-ac1f-00ffe2cd5f16\', kelas, jenis, nama_mapel
                FROM daf_mapel a
                WHERE kelas = \'10\' AND NOT EXISTS (
                SELECT 1
                FROM tb_mapel b
                WHERE b.id_sekolah = a.id_sekolah
                AND b.kelas = a.kelas
                AND b.jenis = a.jenis
                AND b.nama_mapel = a.nama_mapel
            )')
 3 SYSTEMPATH\Database\BaseConnection.php(606): CodeIgniter\Database\BaseConnection->simpleQuery('INSERT INTO tb_mapel (id_sekolah, kelas, jenis, nama_mapel)
                SELECT \'2f3bd0be-5929-11ee-ac1f-00ffe2cd5f16\', kelas, jenis, nama_mapel
                FROM daf_mapel a
                WHERE kelas = \'10\' AND NOT EXISTS (
                SELECT 1
                FROM tb_mapel b
                WHERE b.id_sekolah = a.id_sekolah
                AND b.kelas = a.kelas
                AND b.jenis = a.jenis
                AND b.nama_mapel = a.nama_mapel
            )')
 4 APPPATH\Models\M_sekolah.php(366): CodeIgniter\Database\BaseConnection->query('INSERT INTO tb_mapel (id_sekolah, kelas, jenis, nama_mapel)
                SELECT :id_sekolah:, kelas, jenis, nama_mapel
                FROM daf_mapel a
                WHERE kelas = :kelas: AND NOT EXISTS (
                SELECT 1
                FROM tb_mapel b
                WHERE b.id_sekolah = a.id_sekolah
                AND b.kelas = a.kelas
                AND b.jenis = a.jenis
                AND b.nama_mapel = a.nama_mapel
            )', [...])
 5 APPPATH\Controllers\Admin.php(1371): App\Models\M_sekolah->impor_mapel('2f3bd0be-5929-11ee-ac1f-00ffe2cd5f16', '10')
 6 SYSTEMPATH\CodeIgniter.php(932): App\Controllers\Admin->impor_mapel_pilihan()
 7 SYSTEMPATH\CodeIgniter.php(497): CodeIgniter\CodeIgniter->runController(Object(App\Controllers\Admin))
 8 SYSTEMPATH\CodeIgniter.php(366): CodeIgniter\CodeIgniter->handleRequest(null, Object(Config\Cache), false)
 9 FCPATH\index.php(67): CodeIgniter\CodeIgniter->run()
10 SYSTEMPATH\Commands\Server\rewrite.php(47): require_once('D:\\laragon\\www\\sim\\public\\index.php')
ERROR - 2023-11-01 10:36:46 --> mysqli_sql_exception: Unknown column 'a.id_sekolah' in 'where clause' in D:\laragon\www\sim\system\Database\MySQLi\Connection.php:295
Stack trace:
#0 D:\laragon\www\sim\system\Database\MySQLi\Connection.php(295): mysqli->query('INSERT INTO tb_...', 0)
#1 D:\laragon\www\sim\system\Database\BaseConnection.php(692): CodeIgniter\Database\MySQLi\Connection->execute('INSERT INTO tb_...')
#2 D:\laragon\www\sim\system\Database\BaseConnection.php(606): CodeIgniter\Database\BaseConnection->simpleQuery('INSERT INTO tb_...')
#3 D:\laragon\www\sim\app\Models\M_sekolah.php(366): CodeIgniter\Database\BaseConnection->query('INSERT INTO tb_...', Array)
#4 D:\laragon\www\sim\app\Controllers\Admin.php(1371): App\Models\M_sekolah->impor_mapel('2f3bd0be-5929-1...', '10')
#5 D:\laragon\www\sim\system\CodeIgniter.php(932): App\Controllers\Admin->impor_mapel_pilihan()
#6 D:\laragon\www\sim\system\CodeIgniter.php(497): CodeIgniter\CodeIgniter->runController(Object(App\Controllers\Admin))
#7 D:\laragon\www\sim\system\CodeIgniter.php(366): CodeIgniter\CodeIgniter->handleRequest(NULL, Object(Config\Cache), false)
#8 D:\laragon\www\sim\public\index.php(67): CodeIgniter\CodeIgniter->run()
#9 D:\laragon\www\sim\system\Commands\Server\rewrite.php(47): require_once('D:\\laragon\\www\\...')
#10 {main}
CRITICAL - 2023-11-01 10:36:46 --> Unknown column 'a.id_sekolah' in 'where clause'
in SYSTEMPATH\Database\MySQLi\Connection.php on line 295.
 1 SYSTEMPATH\Database\MySQLi\Connection.php(295): mysqli->query('INSERT INTO tb_mapel (id_sekolah, kelas, jenis, nama_mapel)
                SELECT \'2f3bd0be-5929-11ee-ac1f-00ffe2cd5f16\', kelas, jenis, nama_mapel
                FROM daf_mapel a
                WHERE kelas = \'10\' AND NOT EXISTS (
                SELECT 1
                FROM tb_mapel b
                WHERE b.id_sekolah = a.id_sekolah
                AND b.kelas = a.kelas
                AND b.jenis = a.jenis
                AND b.nama_mapel = a.nama_mapel
            )', 0)
 2 SYSTEMPATH\Database\BaseConnection.php(692): CodeIgniter\Database\MySQLi\Connection->execute('INSERT INTO tb_mapel (id_sekolah, kelas, jenis, nama_mapel)
                SELECT \'2f3bd0be-5929-11ee-ac1f-00ffe2cd5f16\', kelas, jenis, nama_mapel
                FROM daf_mapel a
                WHERE kelas = \'10\' AND NOT EXISTS (
                SELECT 1
                FROM tb_mapel b
                WHERE b.id_sekolah = a.id_sekolah
                AND b.kelas = a.kelas
                AND b.jenis = a.jenis
                AND b.nama_mapel = a.nama_mapel
            )')
 3 SYSTEMPATH\Database\BaseConnection.php(606): CodeIgniter\Database\BaseConnection->simpleQuery('INSERT INTO tb_mapel (id_sekolah, kelas, jenis, nama_mapel)
                SELECT \'2f3bd0be-5929-11ee-ac1f-00ffe2cd5f16\', kelas, jenis, nama_mapel
                FROM daf_mapel a
                WHERE kelas = \'10\' AND NOT EXISTS (
                SELECT 1
                FROM tb_mapel b
                WHERE b.id_sekolah = a.id_sekolah
                AND b.kelas = a.kelas
                AND b.jenis = a.jenis
                AND b.nama_mapel = a.nama_mapel
            )')
 4 APPPATH\Models\M_sekolah.php(366): CodeIgniter\Database\BaseConnection->query('INSERT INTO tb_mapel (id_sekolah, kelas, jenis, nama_mapel)
                SELECT :id_sekolah:, kelas, jenis, nama_mapel
                FROM daf_mapel a
                WHERE kelas = :kelas: AND NOT EXISTS (
                SELECT 1
                FROM tb_mapel b
                WHERE b.id_sekolah = a.id_sekolah
                AND b.kelas = a.kelas
                AND b.jenis = a.jenis
                AND b.nama_mapel = a.nama_mapel
            )', [...])
 5 APPPATH\Controllers\Admin.php(1371): App\Models\M_sekolah->impor_mapel('2f3bd0be-5929-11ee-ac1f-00ffe2cd5f16', '10')
 6 SYSTEMPATH\CodeIgniter.php(932): App\Controllers\Admin->impor_mapel_pilihan()
 7 SYSTEMPATH\CodeIgniter.php(497): CodeIgniter\CodeIgniter->runController(Object(App\Controllers\Admin))
 8 SYSTEMPATH\CodeIgniter.php(366): CodeIgniter\CodeIgniter->handleRequest(null, Object(Config\Cache), false)
 9 FCPATH\index.php(67): CodeIgniter\CodeIgniter->run()
10 SYSTEMPATH\Commands\Server\rewrite.php(47): require_once('D:\\laragon\\www\\sim\\public\\index.php')
INFO - 2023-11-01 10:37:07 --> Session: Class initialized using 'CodeIgniter\Session\Handlers\FileHandler' driver.
ERROR - 2023-11-01 10:37:07 --> mysqli_sql_exception: Unknown column 'a.id_sekolah' in 'where clause' in D:\laragon\www\sim\system\Database\MySQLi\Connection.php:295
Stack trace:
#0 D:\laragon\www\sim\system\Database\MySQLi\Connection.php(295): mysqli->query('INSERT INTO tb_...', 0)
#1 D:\laragon\www\sim\system\Database\BaseConnection.php(692): CodeIgniter\Database\MySQLi\Connection->execute('INSERT INTO tb_...')
#2 D:\laragon\www\sim\system\Database\BaseConnection.php(606): CodeIgniter\Database\BaseConnection->simpleQuery('INSERT INTO tb_...')
#3 D:\laragon\www\sim\app\Models\M_sekolah.php(366): CodeIgniter\Database\BaseConnection->query('INSERT INTO tb_...', Array)
#4 D:\laragon\www\sim\app\Controllers\Admin.php(1371): App\Models\M_sekolah->impor_mapel('2f3bd0be-5929-1...', '10')
#5 D:\laragon\www\sim\system\CodeIgniter.php(932): App\Controllers\Admin->impor_mapel_pilihan()
#6 D:\laragon\www\sim\system\CodeIgniter.php(497): CodeIgniter\CodeIgniter->runController(Object(App\Controllers\Admin))
#7 D:\laragon\www\sim\system\CodeIgniter.php(366): CodeIgniter\CodeIgniter->handleRequest(NULL, Object(Config\Cache), false)
#8 D:\laragon\www\sim\public\index.php(67): CodeIgniter\CodeIgniter->run()
#9 D:\laragon\www\sim\system\Commands\Server\rewrite.php(47): require_once('D:\\laragon\\www\\...')
#10 {main}
CRITICAL - 2023-11-01 10:37:07 --> Unknown column 'a.id_sekolah' in 'where clause'
in SYSTEMPATH\Database\MySQLi\Connection.php on line 295.
 1 SYSTEMPATH\Database\MySQLi\Connection.php(295): mysqli->query('INSERT INTO tb_mapel (id_sekolah, kelas, jenis, nama_mapel)
                SELECT \'2f3bd0be-5929-11ee-ac1f-00ffe2cd5f16\', kelas, jenis, nama_mapel
                FROM daf_mapel a
                WHERE kelas = \'10\' AND NOT EXISTS (
                SELECT 1
                FROM tb_mapel b
                WHERE b.id_sekolah = a.id_sekolah
                AND b.kelas = a.kelas
                AND b.jenis = a.jenis
                AND b.nama_mapel = a.nama_mapel
            )', 0)
 2 SYSTEMPATH\Database\BaseConnection.php(692): CodeIgniter\Database\MySQLi\Connection->execute('INSERT INTO tb_mapel (id_sekolah, kelas, jenis, nama_mapel)
                SELECT \'2f3bd0be-5929-11ee-ac1f-00ffe2cd5f16\', kelas, jenis, nama_mapel
                FROM daf_mapel a
                WHERE kelas = \'10\' AND NOT EXISTS (
                SELECT 1
                FROM tb_mapel b
                WHERE b.id_sekolah = a.id_sekolah
                AND b.kelas = a.kelas
                AND b.jenis = a.jenis
                AND b.nama_mapel = a.nama_mapel
            )')
 3 SYSTEMPATH\Database\BaseConnection.php(606): CodeIgniter\Database\BaseConnection->simpleQuery('INSERT INTO tb_mapel (id_sekolah, kelas, jenis, nama_mapel)
                SELECT \'2f3bd0be-5929-11ee-ac1f-00ffe2cd5f16\', kelas, jenis, nama_mapel
                FROM daf_mapel a
                WHERE kelas = \'10\' AND NOT EXISTS (
                SELECT 1
                FROM tb_mapel b
                WHERE b.id_sekolah = a.id_sekolah
                AND b.kelas = a.kelas
                AND b.jenis = a.jenis
                AND b.nama_mapel = a.nama_mapel
            )')
 4 APPPATH\Models\M_sekolah.php(366): CodeIgniter\Database\BaseConnection->query('INSERT INTO tb_mapel (id_sekolah, kelas, jenis, nama_mapel)
                SELECT :id_sekolah:, kelas, jenis, nama_mapel
                FROM daf_mapel a
                WHERE kelas = :kelas: AND NOT EXISTS (
                SELECT 1
                FROM tb_mapel b
                WHERE b.id_sekolah = a.id_sekolah
                AND b.kelas = a.kelas
                AND b.jenis = a.jenis
                AND b.nama_mapel = a.nama_mapel
            )', [...])
 5 APPPATH\Controllers\Admin.php(1371): App\Models\M_sekolah->impor_mapel('2f3bd0be-5929-11ee-ac1f-00ffe2cd5f16', '10')
 6 SYSTEMPATH\CodeIgniter.php(932): App\Controllers\Admin->impor_mapel_pilihan()
 7 SYSTEMPATH\CodeIgniter.php(497): CodeIgniter\CodeIgniter->runController(Object(App\Controllers\Admin))
 8 SYSTEMPATH\CodeIgniter.php(366): CodeIgniter\CodeIgniter->handleRequest(null, Object(Config\Cache), false)
 9 FCPATH\index.php(67): CodeIgniter\CodeIgniter->run()
10 SYSTEMPATH\Commands\Server\rewrite.php(47): require_once('D:\\laragon\\www\\sim\\public\\index.php')
INFO - 2023-11-01 10:38:18 --> Session: Class initialized using 'CodeIgniter\Session\Handlers\FileHandler' driver.
ERROR - 2023-11-01 11:46:59 --> mysqli_sql_exception: Unknown column 'urutan' in 'where clause' in D:\laragon\www\sim\system\Database\MySQLi\Connection.php:295
Stack trace:
#0 D:\laragon\www\sim\system\Database\MySQLi\Connection.php(295): mysqli->query('SELECT * FROM t...', 0)
#1 D:\laragon\www\sim\system\Database\BaseConnection.php(692): CodeIgniter\Database\MySQLi\Connection->execute('SELECT * FROM t...')
#2 D:\laragon\www\sim\system\Database\BaseConnection.php(606): CodeIgniter\Database\BaseConnection->simpleQuery('SELECT * FROM t...')
#3 D:\laragon\www\sim\app\Models\M_sekolah.php(385): CodeIgniter\Database\BaseConnection->query('SELECT * FROM t...', Array)
#4 D:\laragon\www\sim\app\Controllers\Admin.php(1402): App\Models\M_sekolah->simpan_mapel(Array)
#5 D:\laragon\www\sim\system\CodeIgniter.php(932): App\Controllers\Admin->simpan_mapel()
#6 D:\laragon\www\sim\system\CodeIgniter.php(497): CodeIgniter\CodeIgniter->runController(Object(App\Controllers\Admin))
#7 D:\laragon\www\sim\system\CodeIgniter.php(366): CodeIgniter\CodeIgniter->handleRequest(NULL, Object(Config\Cache), false)
#8 D:\laragon\www\sim\public\index.php(67): CodeIgniter\CodeIgniter->run()
#9 D:\laragon\www\sim\system\Commands\Server\rewrite.php(47): require_once('D:\\laragon\\www\\...')
#10 {main}
CRITICAL - 2023-11-01 11:46:59 --> Unknown column 'urutan' in 'where clause'
in SYSTEMPATH\Database\MySQLi\Connection.php on line 295.
 1 SYSTEMPATH\Database\MySQLi\Connection.php(295): mysqli->query('SELECT * FROM tb_mapel WHERE id_sekolah=\'2f3bd0be-5929-11ee-ac1f-00ffe2cd5f16\' AND kelas=\'10\' AND jenis=1 AND sub_kelas=\'-\' AND urutan=\'21\'', 0)
 2 SYSTEMPATH\Database\BaseConnection.php(692): CodeIgniter\Database\MySQLi\Connection->execute('SELECT * FROM tb_mapel WHERE id_sekolah=\'2f3bd0be-5929-11ee-ac1f-00ffe2cd5f16\' AND kelas=\'10\' AND jenis=1 AND sub_kelas=\'-\' AND urutan=\'21\'')
 3 SYSTEMPATH\Database\BaseConnection.php(606): CodeIgniter\Database\BaseConnection->simpleQuery('SELECT * FROM tb_mapel WHERE id_sekolah=\'2f3bd0be-5929-11ee-ac1f-00ffe2cd5f16\' AND kelas=\'10\' AND jenis=1 AND sub_kelas=\'-\' AND urutan=\'21\'')
 4 APPPATH\Models\M_sekolah.php(385): CodeIgniter\Database\BaseConnection->query('SELECT * FROM tb_mapel WHERE id_sekolah=:id_sekolah: AND kelas=:kelas: AND jenis=:jenis: AND sub_kelas=:sub_kelas: AND urutan=:urutan:', [...])
 5 APPPATH\Controllers\Admin.php(1402): App\Models\M_sekolah->simpan_mapel([...])
 6 SYSTEMPATH\CodeIgniter.php(932): App\Controllers\Admin->simpan_mapel()
 7 SYSTEMPATH\CodeIgniter.php(497): CodeIgniter\CodeIgniter->runController(Object(App\Controllers\Admin))
 8 SYSTEMPATH\CodeIgniter.php(366): CodeIgniter\CodeIgniter->handleRequest(null, Object(Config\Cache), false)
 9 FCPATH\index.php(67): CodeIgniter\CodeIgniter->run()
10 SYSTEMPATH\Commands\Server\rewrite.php(47): require_once('D:\\laragon\\www\\sim\\public\\index.php')
ERROR - 2023-11-01 11:47:46 --> mysqli_sql_exception: Unknown column 'urutan' in 'where clause' in D:\laragon\www\sim\system\Database\MySQLi\Connection.php:295
Stack trace:
#0 D:\laragon\www\sim\system\Database\MySQLi\Connection.php(295): mysqli->query('SELECT * FROM t...', 0)
#1 D:\laragon\www\sim\system\Database\BaseConnection.php(692): CodeIgniter\Database\MySQLi\Connection->execute('SELECT * FROM t...')
#2 D:\laragon\www\sim\system\Database\BaseConnection.php(606): CodeIgniter\Database\BaseConnection->simpleQuery('SELECT * FROM t...')
#3 D:\laragon\www\sim\app\Models\M_sekolah.php(385): CodeIgniter\Database\BaseConnection->query('SELECT * FROM t...', Array)
#4 D:\laragon\www\sim\app\Controllers\Admin.php(1402): App\Models\M_sekolah->simpan_mapel(Array)
#5 D:\laragon\www\sim\system\CodeIgniter.php(932): App\Controllers\Admin->simpan_mapel()
#6 D:\laragon\www\sim\system\CodeIgniter.php(497): CodeIgniter\CodeIgniter->runController(Object(App\Controllers\Admin))
#7 D:\laragon\www\sim\system\CodeIgniter.php(366): CodeIgniter\CodeIgniter->handleRequest(NULL, Object(Config\Cache), false)
#8 D:\laragon\www\sim\public\index.php(67): CodeIgniter\CodeIgniter->run()
#9 D:\laragon\www\sim\system\Commands\Server\rewrite.php(47): require_once('D:\\laragon\\www\\...')
#10 {main}
CRITICAL - 2023-11-01 11:47:46 --> Unknown column 'urutan' in 'where clause'
in SYSTEMPATH\Database\MySQLi\Connection.php on line 295.
 1 SYSTEMPATH\Database\MySQLi\Connection.php(295): mysqli->query('SELECT * FROM tb_mapel WHERE id_sekolah=\'2f3bd0be-5929-11ee-ac1f-00ffe2cd5f16\' AND kelas=\'10\' AND jenis=1 AND sub_kelas=\'-\' AND urutan=\'20\'', 0)
 2 SYSTEMPATH\Database\BaseConnection.php(692): CodeIgniter\Database\MySQLi\Connection->execute('SELECT * FROM tb_mapel WHERE id_sekolah=\'2f3bd0be-5929-11ee-ac1f-00ffe2cd5f16\' AND kelas=\'10\' AND jenis=1 AND sub_kelas=\'-\' AND urutan=\'20\'')
 3 SYSTEMPATH\Database\BaseConnection.php(606): CodeIgniter\Database\BaseConnection->simpleQuery('SELECT * FROM tb_mapel WHERE id_sekolah=\'2f3bd0be-5929-11ee-ac1f-00ffe2cd5f16\' AND kelas=\'10\' AND jenis=1 AND sub_kelas=\'-\' AND urutan=\'20\'')
 4 APPPATH\Models\M_sekolah.php(385): CodeIgniter\Database\BaseConnection->query('SELECT * FROM tb_mapel WHERE id_sekolah=:id_sekolah: AND kelas=:kelas: AND jenis=:jenis: AND sub_kelas=:sub_kelas: AND urutan=:urutan:', [...])
 5 APPPATH\Controllers\Admin.php(1402): App\Models\M_sekolah->simpan_mapel([...])
 6 SYSTEMPATH\CodeIgniter.php(932): App\Controllers\Admin->simpan_mapel()
 7 SYSTEMPATH\CodeIgniter.php(497): CodeIgniter\CodeIgniter->runController(Object(App\Controllers\Admin))
 8 SYSTEMPATH\CodeIgniter.php(366): CodeIgniter\CodeIgniter->handleRequest(null, Object(Config\Cache), false)
 9 FCPATH\index.php(67): CodeIgniter\CodeIgniter->run()
10 SYSTEMPATH\Commands\Server\rewrite.php(47): require_once('D:\\laragon\\www\\sim\\public\\index.php')
ERROR - 2023-11-01 11:47:58 --> mysqli_sql_exception: Unknown column 'urutan' in 'where clause' in D:\laragon\www\sim\system\Database\MySQLi\Connection.php:295
Stack trace:
#0 D:\laragon\www\sim\system\Database\MySQLi\Connection.php(295): mysqli->query('SELECT * FROM t...', 0)
#1 D:\laragon\www\sim\system\Database\BaseConnection.php(692): CodeIgniter\Database\MySQLi\Connection->execute('SELECT * FROM t...')
#2 D:\laragon\www\sim\system\Database\BaseConnection.php(606): CodeIgniter\Database\BaseConnection->simpleQuery('SELECT * FROM t...')
#3 D:\laragon\www\sim\app\Models\M_sekolah.php(385): CodeIgniter\Database\BaseConnection->query('SELECT * FROM t...', Array)
#4 D:\laragon\www\sim\app\Controllers\Admin.php(1402): App\Models\M_sekolah->simpan_mapel(Array)
#5 D:\laragon\www\sim\system\CodeIgniter.php(932): App\Controllers\Admin->simpan_mapel()
#6 D:\laragon\www\sim\system\CodeIgniter.php(497): CodeIgniter\CodeIgniter->runController(Object(App\Controllers\Admin))
#7 D:\laragon\www\sim\system\CodeIgniter.php(366): CodeIgniter\CodeIgniter->handleRequest(NULL, Object(Config\Cache), false)
#8 D:\laragon\www\sim\public\index.php(67): CodeIgniter\CodeIgniter->run()
#9 D:\laragon\www\sim\system\Commands\Server\rewrite.php(47): require_once('D:\\laragon\\www\\...')
#10 {main}
CRITICAL - 2023-11-01 11:47:58 --> Unknown column 'urutan' in 'where clause'
in SYSTEMPATH\Database\MySQLi\Connection.php on line 295.
 1 SYSTEMPATH\Database\MySQLi\Connection.php(295): mysqli->query('SELECT * FROM tb_mapel WHERE id_sekolah=\'2f3bd0be-5929-11ee-ac1f-00ffe2cd5f16\' AND kelas=\'10\' AND jenis=1 AND sub_kelas=\'-\' AND urutan=\'20\'', 0)
 2 SYSTEMPATH\Database\BaseConnection.php(692): CodeIgniter\Database\MySQLi\Connection->execute('SELECT * FROM tb_mapel WHERE id_sekolah=\'2f3bd0be-5929-11ee-ac1f-00ffe2cd5f16\' AND kelas=\'10\' AND jenis=1 AND sub_kelas=\'-\' AND urutan=\'20\'')
 3 SYSTEMPATH\Database\BaseConnection.php(606): CodeIgniter\Database\BaseConnection->simpleQuery('SELECT * FROM tb_mapel WHERE id_sekolah=\'2f3bd0be-5929-11ee-ac1f-00ffe2cd5f16\' AND kelas=\'10\' AND jenis=1 AND sub_kelas=\'-\' AND urutan=\'20\'')
 4 APPPATH\Models\M_sekolah.php(385): CodeIgniter\Database\BaseConnection->query('SELECT * FROM tb_mapel WHERE id_sekolah=:id_sekolah: AND kelas=:kelas: AND jenis=:jenis: AND sub_kelas=:sub_kelas: AND urutan=:urutan:', [...])
 5 APPPATH\Controllers\Admin.php(1402): App\Models\M_sekolah->simpan_mapel([...])
 6 SYSTEMPATH\CodeIgniter.php(932): App\Controllers\Admin->simpan_mapel()
 7 SYSTEMPATH\CodeIgniter.php(497): CodeIgniter\CodeIgniter->runController(Object(App\Controllers\Admin))
 8 SYSTEMPATH\CodeIgniter.php(366): CodeIgniter\CodeIgniter->handleRequest(null, Object(Config\Cache), false)
 9 FCPATH\index.php(67): CodeIgniter\CodeIgniter->run()
10 SYSTEMPATH\Commands\Server\rewrite.php(47): require_once('D:\\laragon\\www\\sim\\public\\index.php')
ERROR - 2023-11-01 12:09:27 --> mysqli_sql_exception: Unknown column 'urutan' in 'where clause' in D:\laragon\www\sim\system\Database\MySQLi\Connection.php:295
Stack trace:
#0 D:\laragon\www\sim\system\Database\MySQLi\Connection.php(295): mysqli->query('SELECT * FROM t...', 0)
#1 D:\laragon\www\sim\system\Database\BaseConnection.php(692): CodeIgniter\Database\MySQLi\Connection->execute('SELECT * FROM t...')
#2 D:\laragon\www\sim\system\Database\BaseConnection.php(606): CodeIgniter\Database\BaseConnection->simpleQuery('SELECT * FROM t...')
#3 D:\laragon\www\sim\app\Models\M_sekolah.php(385): CodeIgniter\Database\BaseConnection->query('SELECT * FROM t...', Array)
#4 D:\laragon\www\sim\app\Controllers\Admin.php(1402): App\Models\M_sekolah->simpan_mapel(Array)
#5 D:\laragon\www\sim\system\CodeIgniter.php(932): App\Controllers\Admin->simpan_mapel()
#6 D:\laragon\www\sim\system\CodeIgniter.php(497): CodeIgniter\CodeIgniter->runController(Object(App\Controllers\Admin))
#7 D:\laragon\www\sim\system\CodeIgniter.php(366): CodeIgniter\CodeIgniter->handleRequest(NULL, Object(Config\Cache), false)
#8 D:\laragon\www\sim\public\index.php(67): CodeIgniter\CodeIgniter->run()
#9 D:\laragon\www\sim\system\Commands\Server\rewrite.php(47): require_once('D:\\laragon\\www\\...')
#10 {main}
CRITICAL - 2023-11-01 12:09:27 --> Unknown column 'urutan' in 'where clause'
in SYSTEMPATH\Database\MySQLi\Connection.php on line 295.
 1 SYSTEMPATH\Database\MySQLi\Connection.php(295): mysqli->query('SELECT * FROM tb_mapel WHERE id_sekolah=\'2f3bd0be-5929-11ee-ac1f-00ffe2cd5f16\' AND kelas=\'10\' AND jenis=1 AND sub_kelas=\'-\' AND urutan=\'21\'', 0)
 2 SYSTEMPATH\Database\BaseConnection.php(692): CodeIgniter\Database\MySQLi\Connection->execute('SELECT * FROM tb_mapel WHERE id_sekolah=\'2f3bd0be-5929-11ee-ac1f-00ffe2cd5f16\' AND kelas=\'10\' AND jenis=1 AND sub_kelas=\'-\' AND urutan=\'21\'')
 3 SYSTEMPATH\Database\BaseConnection.php(606): CodeIgniter\Database\BaseConnection->simpleQuery('SELECT * FROM tb_mapel WHERE id_sekolah=\'2f3bd0be-5929-11ee-ac1f-00ffe2cd5f16\' AND kelas=\'10\' AND jenis=1 AND sub_kelas=\'-\' AND urutan=\'21\'')
 4 APPPATH\Models\M_sekolah.php(385): CodeIgniter\Database\BaseConnection->query('SELECT * FROM tb_mapel WHERE id_sekolah=:id_sekolah: AND kelas=:kelas: AND jenis=:jenis: AND sub_kelas=:sub_kelas: AND urutan=:urutan:', [...])
 5 APPPATH\Controllers\Admin.php(1402): App\Models\M_sekolah->simpan_mapel([...])
 6 SYSTEMPATH\CodeIgniter.php(932): App\Controllers\Admin->simpan_mapel()
 7 SYSTEMPATH\CodeIgniter.php(497): CodeIgniter\CodeIgniter->runController(Object(App\Controllers\Admin))
 8 SYSTEMPATH\CodeIgniter.php(366): CodeIgniter\CodeIgniter->handleRequest(null, Object(Config\Cache), false)
 9 FCPATH\index.php(67): CodeIgniter\CodeIgniter->run()
10 SYSTEMPATH\Commands\Server\rewrite.php(47): require_once('D:\\laragon\\www\\sim\\public\\index.php')
CRITICAL - 2023-11-01 14:26:29 --> Undefined array key "idedit"
in APPPATH\Controllers\Admin.php on line 1401.
 1 APPPATH\Controllers\Admin.php(1401): CodeIgniter\Debug\Exceptions->errorHandler(2, 'Undefined array key "idedit"', 'D:\\laragon\\www\\sim\\app\\Controllers\\Admin.php', 1401)
 2 SYSTEMPATH\CodeIgniter.php(932): App\Controllers\Admin->simpan_mapel()
 3 SYSTEMPATH\CodeIgniter.php(497): CodeIgniter\CodeIgniter->runController(Object(App\Controllers\Admin))
 4 SYSTEMPATH\CodeIgniter.php(366): CodeIgniter\CodeIgniter->handleRequest(null, Object(Config\Cache), false)
 5 FCPATH\index.php(67): CodeIgniter\CodeIgniter->run()
 6 SYSTEMPATH\Commands\Server\rewrite.php(47): require_once('D:\\laragon\\www\\sim\\public\\index.php')
CRITICAL - 2023-11-01 14:29:32 --> Undefined array key "idedit"
in APPPATH\Controllers\Admin.php on line 1401.
 1 APPPATH\Controllers\Admin.php(1401): CodeIgniter\Debug\Exceptions->errorHandler(2, 'Undefined array key "idedit"', 'D:\\laragon\\www\\sim\\app\\Controllers\\Admin.php', 1401)
 2 SYSTEMPATH\CodeIgniter.php(932): App\Controllers\Admin->simpan_mapel()
 3 SYSTEMPATH\CodeIgniter.php(497): CodeIgniter\CodeIgniter->runController(Object(App\Controllers\Admin))
 4 SYSTEMPATH\CodeIgniter.php(366): CodeIgniter\CodeIgniter->handleRequest(null, Object(Config\Cache), false)
 5 FCPATH\index.php(67): CodeIgniter\CodeIgniter->run()
 6 SYSTEMPATH\Commands\Server\rewrite.php(47): require_once('D:\\laragon\\www\\sim\\public\\index.php')
CRITICAL - 2023-11-01 14:30:01 --> Undefined array key "idedit"
in APPPATH\Controllers\Admin.php on line 1401.
 1 APPPATH\Controllers\Admin.php(1401): CodeIgniter\Debug\Exceptions->errorHandler(2, 'Undefined array key "idedit"', 'D:\\laragon\\www\\sim\\app\\Controllers\\Admin.php', 1401)
 2 SYSTEMPATH\CodeIgniter.php(932): App\Controllers\Admin->simpan_mapel()
 3 SYSTEMPATH\CodeIgniter.php(497): CodeIgniter\CodeIgniter->runController(Object(App\Controllers\Admin))
 4 SYSTEMPATH\CodeIgniter.php(366): CodeIgniter\CodeIgniter->handleRequest(null, Object(Config\Cache), false)
 5 FCPATH\index.php(67): CodeIgniter\CodeIgniter->run()
 6 SYSTEMPATH\Commands\Server\rewrite.php(47): require_once('D:\\laragon\\www\\sim\\public\\index.php')
CRITICAL - 2023-11-01 15:04:44 --> Undefined array key "urutan"
in APPPATH\Views\v_admin_mapel.php on line 199.
 1 APPPATH\Views\v_admin_mapel.php(199): CodeIgniter\Debug\Exceptions->errorHandler(2, 'Undefined array key "urutan"', 'D:\\laragon\\www\\sim\\app\\Views\\v_admin_mapel.php', 199)
 2 SYSTEMPATH\View\View.php(224): include('D:\\laragon\\www\\sim\\app\\Views\\v_admin_mapel.php')
 3 SYSTEMPATH\View\View.php(227): CodeIgniter\View\View->CodeIgniter\View\{closure}()
 4 SYSTEMPATH\Common.php(1176): CodeIgniter\View\View->render('v_admin_mapel', [], true)
 5 APPPATH\Controllers\Admin.php(1359): view('v_admin_mapel', [...])
 6 SYSTEMPATH\CodeIgniter.php(932): App\Controllers\Admin->mapel()
 7 SYSTEMPATH\CodeIgniter.php(497): CodeIgniter\CodeIgniter->runController(Object(App\Controllers\Admin))
 8 SYSTEMPATH\CodeIgniter.php(366): CodeIgniter\CodeIgniter->handleRequest(null, Object(Config\Cache), false)
 9 FCPATH\index.php(67): CodeIgniter\CodeIgniter->run()
10 SYSTEMPATH\Commands\Server\rewrite.php(47): require_once('D:\\laragon\\www\\sim\\public\\index.php')
INFO - 2023-11-01 15:05:09 --> Session: Class initialized using 'CodeIgniter\Session\Handlers\FileHandler' driver.
CRITICAL - 2023-11-01 15:05:09 --> Undefined array key "urutan"
in APPPATH\Views\v_admin_mapel.php on line 199.
 1 APPPATH\Views\v_admin_mapel.php(199): CodeIgniter\Debug\Exceptions->errorHandler(2, 'Undefined array key "urutan"', 'D:\\laragon\\www\\sim\\app\\Views\\v_admin_mapel.php', 199)
 2 SYSTEMPATH\View\View.php(224): include('D:\\laragon\\www\\sim\\app\\Views\\v_admin_mapel.php')
 3 SYSTEMPATH\View\View.php(227): CodeIgniter\View\View->CodeIgniter\View\{closure}()
 4 SYSTEMPATH\Common.php(1176): CodeIgniter\View\View->render('v_admin_mapel', [], true)
 5 APPPATH\Controllers\Admin.php(1359): view('v_admin_mapel', [...])
 6 SYSTEMPATH\CodeIgniter.php(932): App\Controllers\Admin->mapel()
 7 SYSTEMPATH\CodeIgniter.php(497): CodeIgniter\CodeIgniter->runController(Object(App\Controllers\Admin))
 8 SYSTEMPATH\CodeIgniter.php(366): CodeIgniter\CodeIgniter->handleRequest(null, Object(Config\Cache), false)
 9 FCPATH\index.php(67): CodeIgniter\CodeIgniter->run()
10 SYSTEMPATH\Commands\Server\rewrite.php(47): require_once('D:\\laragon\\www\\sim\\public\\index.php')
INFO - 2023-11-01 15:07:56 --> Session: Class initialized using 'CodeIgniter\Session\Handlers\FileHandler' driver.
INFO - 2023-11-01 15:08:03 --> Session: Class initialized using 'CodeIgniter\Session\Handlers\FileHandler' driver.
INFO - 2023-11-01 15:08:18 --> Session: Class initialized using 'CodeIgniter\Session\Handlers\FileHandler' driver.
INFO - 2023-11-01 15:08:21 --> Session: Class initialized using 'CodeIgniter\Session\Handlers\FileHandler' driver.
INFO - 2023-11-01 15:08:24 --> Session: Class initialized using 'CodeIgniter\Session\Handlers\FileHandler' driver.
INFO - 2023-11-01 15:08:32 --> Session: Class initialized using 'CodeIgniter\Session\Handlers\FileHandler' driver.
INFO - 2023-11-01 15:08:34 --> Session: Class initialized using 'CodeIgniter\Session\Handlers\FileHandler' driver.
INFO - 2023-11-01 15:17:01 --> Session: Class initialized using 'CodeIgniter\Session\Handlers\FileHandler' driver.
INFO - 2023-11-01 15:17:05 --> Session: Class initialized using 'CodeIgniter\Session\Handlers\FileHandler' driver.
INFO - 2023-11-01 15:17:49 --> Session: Class initialized using 'CodeIgniter\Session\Handlers\FileHandler' driver.
INFO - 2023-11-01 15:18:16 --> Session: Class initialized using 'CodeIgniter\Session\Handlers\FileHandler' driver.
INFO - 2023-11-01 15:20:27 --> Session: Class initialized using 'CodeIgniter\Session\Handlers\FileHandler' driver.
INFO - 2023-11-01 15:20:27 --> Session: Class initialized using 'CodeIgniter\Session\Handlers\FileHandler' driver.
INFO - 2023-11-01 15:20:53 --> Session: Class initialized using 'CodeIgniter\Session\Handlers\FileHandler' driver.
INFO - 2023-11-01 15:21:12 --> Session: Class initialized using 'CodeIgniter\Session\Handlers\FileHandler' driver.
INFO - 2023-11-01 15:36:49 --> Session: Class initialized using 'CodeIgniter\Session\Handlers\FileHandler' driver.
INFO - 2023-11-01 15:45:37 --> Session: Class initialized using 'CodeIgniter\Session\Handlers\FileHandler' driver.
INFO - 2023-11-01 15:49:21 --> Session: Class initialized using 'CodeIgniter\Session\Handlers\FileHandler' driver.
INFO - 2023-11-01 15:52:15 --> Session: Class initialized using 'CodeIgniter\Session\Handlers\FileHandler' driver.
INFO - 2023-11-01 15:53:06 --> Session: Class initialized using 'CodeIgniter\Session\Handlers\FileHandler' driver.
INFO - 2023-11-01 15:55:06 --> Session: Class initialized using 'CodeIgniter\Session\Handlers\FileHandler' driver.
INFO - 2023-11-01 15:55:45 --> Session: Class initialized using 'CodeIgniter\Session\Handlers\FileHandler' driver.
INFO - 2023-11-01 15:55:48 --> Session: Class initialized using 'CodeIgniter\Session\Handlers\FileHandler' driver.
INFO - 2023-11-01 15:56:07 --> Session: Class initialized using 'CodeIgniter\Session\Handlers\FileHandler' driver.
INFO - 2023-11-01 15:56:28 --> Session: Class initialized using 'CodeIgniter\Session\Handlers\FileHandler' driver.
INFO - 2023-11-01 15:57:20 --> Session: Class initialized using 'CodeIgniter\Session\Handlers\FileHandler' driver.
INFO - 2023-11-01 15:57:54 --> Session: Class initialized using 'CodeIgniter\Session\Handlers\FileHandler' driver.
ERROR - 2023-11-01 15:57:54 --> mysqli_sql_exception: Unknown column 'urutan' in 'where clause' in D:\laragon\www\sim\system\Database\MySQLi\Connection.php:295
Stack trace:
#0 D:\laragon\www\sim\system\Database\MySQLi\Connection.php(295): mysqli->query('DELETE FROM tb_...', 0)
#1 D:\laragon\www\sim\system\Database\BaseConnection.php(692): CodeIgniter\Database\MySQLi\Connection->execute('DELETE FROM tb_...')
#2 D:\laragon\www\sim\system\Database\BaseConnection.php(606): CodeIgniter\Database\BaseConnection->simpleQuery('DELETE FROM tb_...')
#3 D:\laragon\www\sim\app\Models\M_sekolah.php(422): CodeIgniter\Database\BaseConnection->query('DELETE FROM tb_...', Array)
#4 D:\laragon\www\sim\app\Controllers\Admin.php(1437): App\Models\M_sekolah->hapus_mapel(Array)
#5 D:\laragon\www\sim\system\CodeIgniter.php(932): App\Controllers\Admin->hapus_mapel()
#6 D:\laragon\www\sim\system\CodeIgniter.php(497): CodeIgniter\CodeIgniter->runController(Object(App\Controllers\Admin))
#7 D:\laragon\www\sim\system\CodeIgniter.php(366): CodeIgniter\CodeIgniter->handleRequest(NULL, Object(Config\Cache), false)
#8 D:\laragon\www\sim\public\index.php(67): CodeIgniter\CodeIgniter->run()
#9 D:\laragon\www\sim\system\Commands\Server\rewrite.php(47): require_once('D:\\laragon\\www\\...')
#10 {main}
CRITICAL - 2023-11-01 15:57:54 --> Unknown column 'urutan' in 'where clause'
in SYSTEMPATH\Database\MySQLi\Connection.php on line 295.
 1 SYSTEMPATH\Database\MySQLi\Connection.php(295): mysqli->query('DELETE FROM tb_mapel WHERE id_sekolah=\'2f3bd0be-5929-11ee-ac1f-00ffe2cd5f16\' AND kelas=\'11\' AND jenis=1 AND sub_kelas=\'-\' AND urutan=\'14\'', 0)
 2 SYSTEMPATH\Database\BaseConnection.php(692): CodeIgniter\Database\MySQLi\Connection->execute('DELETE FROM tb_mapel WHERE id_sekolah=\'2f3bd0be-5929-11ee-ac1f-00ffe2cd5f16\' AND kelas=\'11\' AND jenis=1 AND sub_kelas=\'-\' AND urutan=\'14\'')
 3 SYSTEMPATH\Database\BaseConnection.php(606): CodeIgniter\Database\BaseConnection->simpleQuery('DELETE FROM tb_mapel WHERE id_sekolah=\'2f3bd0be-5929-11ee-ac1f-00ffe2cd5f16\' AND kelas=\'11\' AND jenis=1 AND sub_kelas=\'-\' AND urutan=\'14\'')
 4 APPPATH\Models\M_sekolah.php(422): CodeIgniter\Database\BaseConnection->query('DELETE FROM tb_mapel WHERE id_sekolah=:id_sekolah: AND kelas=:kelas: AND jenis=:jenis: AND sub_kelas=:sub_kelas: AND urutan=:urutan:', [...])
 5 APPPATH\Controllers\Admin.php(1437): App\Models\M_sekolah->hapus_mapel([...])
 6 SYSTEMPATH\CodeIgniter.php(932): App\Controllers\Admin->hapus_mapel()
 7 SYSTEMPATH\CodeIgniter.php(497): CodeIgniter\CodeIgniter->runController(Object(App\Controllers\Admin))
 8 SYSTEMPATH\CodeIgniter.php(366): CodeIgniter\CodeIgniter->handleRequest(null, Object(Config\Cache), false)
 9 FCPATH\index.php(67): CodeIgniter\CodeIgniter->run()
10 SYSTEMPATH\Commands\Server\rewrite.php(47): require_once('D:\\laragon\\www\\sim\\public\\index.php')
INFO - 2023-11-01 15:57:59 --> Session: Class initialized using 'CodeIgniter\Session\Handlers\FileHandler' driver.
ERROR - 2023-11-01 15:57:59 --> mysqli_sql_exception: Unknown column 'urutan' in 'where clause' in D:\laragon\www\sim\system\Database\MySQLi\Connection.php:295
Stack trace:
#0 D:\laragon\www\sim\system\Database\MySQLi\Connection.php(295): mysqli->query('DELETE FROM tb_...', 0)
#1 D:\laragon\www\sim\system\Database\BaseConnection.php(692): CodeIgniter\Database\MySQLi\Connection->execute('DELETE FROM tb_...')
#2 D:\laragon\www\sim\system\Database\BaseConnection.php(606): CodeIgniter\Database\BaseConnection->simpleQuery('DELETE FROM tb_...')
#3 D:\laragon\www\sim\app\Models\M_sekolah.php(422): CodeIgniter\Database\BaseConnection->query('DELETE FROM tb_...', Array)
#4 D:\laragon\www\sim\app\Controllers\Admin.php(1437): App\Models\M_sekolah->hapus_mapel(Array)
#5 D:\laragon\www\sim\system\CodeIgniter.php(932): App\Controllers\Admin->hapus_mapel()
#6 D:\laragon\www\sim\system\CodeIgniter.php(497): CodeIgniter\CodeIgniter->runController(Object(App\Controllers\Admin))
#7 D:\laragon\www\sim\system\CodeIgniter.php(366): CodeIgniter\CodeIgniter->handleRequest(NULL, Object(Config\Cache), false)
#8 D:\laragon\www\sim\public\index.php(67): CodeIgniter\CodeIgniter->run()
#9 D:\laragon\www\sim\system\Commands\Server\rewrite.php(47): require_once('D:\\laragon\\www\\...')
#10 {main}
CRITICAL - 2023-11-01 15:57:59 --> Unknown column 'urutan' in 'where clause'
in SYSTEMPATH\Database\MySQLi\Connection.php on line 295.
 1 SYSTEMPATH\Database\MySQLi\Connection.php(295): mysqli->query('DELETE FROM tb_mapel WHERE id_sekolah=\'2f3bd0be-5929-11ee-ac1f-00ffe2cd5f16\' AND kelas=\'10\' AND jenis=1 AND sub_kelas=\'-\' AND urutan=\'21\'', 0)
 2 SYSTEMPATH\Database\BaseConnection.php(692): CodeIgniter\Database\MySQLi\Connection->execute('DELETE FROM tb_mapel WHERE id_sekolah=\'2f3bd0be-5929-11ee-ac1f-00ffe2cd5f16\' AND kelas=\'10\' AND jenis=1 AND sub_kelas=\'-\' AND urutan=\'21\'')
 3 SYSTEMPATH\Database\BaseConnection.php(606): CodeIgniter\Database\BaseConnection->simpleQuery('DELETE FROM tb_mapel WHERE id_sekolah=\'2f3bd0be-5929-11ee-ac1f-00ffe2cd5f16\' AND kelas=\'10\' AND jenis=1 AND sub_kelas=\'-\' AND urutan=\'21\'')
 4 APPPATH\Models\M_sekolah.php(422): CodeIgniter\Database\BaseConnection->query('DELETE FROM tb_mapel WHERE id_sekolah=:id_sekolah: AND kelas=:kelas: AND jenis=:jenis: AND sub_kelas=:sub_kelas: AND urutan=:urutan:', [...])
 5 APPPATH\Controllers\Admin.php(1437): App\Models\M_sekolah->hapus_mapel([...])
 6 SYSTEMPATH\CodeIgniter.php(932): App\Controllers\Admin->hapus_mapel()
 7 SYSTEMPATH\CodeIgniter.php(497): CodeIgniter\CodeIgniter->runController(Object(App\Controllers\Admin))
 8 SYSTEMPATH\CodeIgniter.php(366): CodeIgniter\CodeIgniter->handleRequest(null, Object(Config\Cache), false)
 9 FCPATH\index.php(67): CodeIgniter\CodeIgniter->run()
10 SYSTEMPATH\Commands\Server\rewrite.php(47): require_once('D:\\laragon\\www\\sim\\public\\index.php')
INFO - 2023-11-01 16:02:04 --> Session: Class initialized using 'CodeIgniter\Session\Handlers\FileHandler' driver.
INFO - 2023-11-01 16:07:34 --> Session: Class initialized using 'CodeIgniter\Session\Handlers\FileHandler' driver.
INFO - 2023-11-01 16:23:29 --> Session: Class initialized using 'CodeIgniter\Session\Handlers\FileHandler' driver.
CRITICAL - 2023-11-01 16:23:29 --> Undefined variable $dafmapelpilihan11
in APPPATH\Views\v_admin_mapel.php on line 196.
 1 APPPATH\Views\v_admin_mapel.php(196): CodeIgniter\Debug\Exceptions->errorHandler(2, 'Undefined variable $dafmapelpilihan11', 'D:\\laragon\\www\\sim\\app\\Views\\v_admin_mapel.php', 196)
 2 SYSTEMPATH\View\View.php(224): include('D:\\laragon\\www\\sim\\app\\Views\\v_admin_mapel.php')
 3 SYSTEMPATH\View\View.php(227): CodeIgniter\View\View->CodeIgniter\View\{closure}()
 4 SYSTEMPATH\Common.php(1176): CodeIgniter\View\View->render('v_admin_mapel', [], true)
 5 APPPATH\Controllers\Admin.php(1361): view('v_admin_mapel', [...])
 6 SYSTEMPATH\CodeIgniter.php(932): App\Controllers\Admin->mapel()
 7 SYSTEMPATH\CodeIgniter.php(497): CodeIgniter\CodeIgniter->runController(Object(App\Controllers\Admin))
 8 SYSTEMPATH\CodeIgniter.php(366): CodeIgniter\CodeIgniter->handleRequest(null, Object(Config\Cache), false)
 9 FCPATH\index.php(67): CodeIgniter\CodeIgniter->run()
10 SYSTEMPATH\Commands\Server\rewrite.php(47): require_once('D:\\laragon\\www\\sim\\public\\index.php')
INFO - 2023-11-01 16:23:53 --> Session: Class initialized using 'CodeIgniter\Session\Handlers\FileHandler' driver.
INFO - 2023-11-01 16:24:25 --> Session: Class initialized using 'CodeIgniter\Session\Handlers\FileHandler' driver.
INFO - 2023-11-01 16:25:22 --> Session: Class initialized using 'CodeIgniter\Session\Handlers\FileHandler' driver.
INFO - 2023-11-01 16:25:26 --> Session: Class initialized using 'CodeIgniter\Session\Handlers\FileHandler' driver.
INFO - 2023-11-01 16:25:47 --> Session: Class initialized using 'CodeIgniter\Session\Handlers\FileHandler' driver.
INFO - 2023-11-01 16:25:51 --> Session: Class initialized using 'CodeIgniter\Session\Handlers\FileHandler' driver.
INFO - 2023-11-01 16:25:56 --> Session: Class initialized using 'CodeIgniter\Session\Handlers\FileHandler' driver.
INFO - 2023-11-01 16:26:02 --> Session: Class initialized using 'CodeIgniter\Session\Handlers\FileHandler' driver.
INFO - 2023-11-01 16:26:05 --> Session: Class initialized using 'CodeIgniter\Session\Handlers\FileHandler' driver.
INFO - 2023-11-01 16:26:07 --> Session: Class initialized using 'CodeIgniter\Session\Handlers\FileHandler' driver.
INFO - 2023-11-01 16:37:56 --> Session: Class initialized using 'CodeIgniter\Session\Handlers\FileHandler' driver.
INFO - 2023-11-01 16:37:57 --> Session: Class initialized using 'CodeIgniter\Session\Handlers\FileHandler' driver.
INFO - 2023-11-01 16:37:59 --> Session: Class initialized using 'CodeIgniter\Session\Handlers\FileHandler' driver.
INFO - 2023-11-01 16:38:03 --> Session: Class initialized using 'CodeIgniter\Session\Handlers\FileHandler' driver.
INFO - 2023-11-01 16:38:04 --> Session: Class initialized using 'CodeIgniter\Session\Handlers\FileHandler' driver.
INFO - 2023-11-01 16:38:07 --> Session: Class initialized using 'CodeIgniter\Session\Handlers\FileHandler' driver.
INFO - 2023-11-01 16:38:47 --> Session: Class initialized using 'CodeIgniter\Session\Handlers\FileHandler' driver.
INFO - 2023-11-01 16:43:01 --> Session: Class initialized using 'CodeIgniter\Session\Handlers\FileHandler' driver.
CRITICAL - 2023-11-01 16:43:01 --> Undefined variable $data_projek
in APPPATH\Views\v_admin_mapel_pilihan.php on line 76.
 1 APPPATH\Views\v_admin_mapel_pilihan.php(76): CodeIgniter\Debug\Exceptions->errorHandler(2, 'Undefined variable $data_projek', 'D:\\laragon\\www\\sim\\app\\Views\\v_admin_mapel_pilihan.php', 76)
 2 SYSTEMPATH\View\View.php(224): include('D:\\laragon\\www\\sim\\app\\Views\\v_admin_mapel_pilihan.php')
 3 SYSTEMPATH\View\View.php(227): CodeIgniter\View\View->CodeIgniter\View\{closure}()
 4 SYSTEMPATH\Common.php(1176): CodeIgniter\View\View->render('v_admin_mapel_pilihan', [], true)
 5 APPPATH\Controllers\Admin.php(1381): view('v_admin_mapel_pilihan', [...])
 6 SYSTEMPATH\CodeIgniter.php(932): App\Controllers\Admin->mapel_pilihan()
 7 SYSTEMPATH\CodeIgniter.php(497): CodeIgniter\CodeIgniter->runController(Object(App\Controllers\Admin))
 8 SYSTEMPATH\CodeIgniter.php(366): CodeIgniter\CodeIgniter->handleRequest(null, Object(Config\Cache), false)
 9 FCPATH\index.php(67): CodeIgniter\CodeIgniter->run()
10 SYSTEMPATH\Commands\Server\rewrite.php(47): require_once('D:\\laragon\\www\\sim\\public\\index.php')
INFO - 2023-11-01 16:43:59 --> Session: Class initialized using 'CodeIgniter\Session\Handlers\FileHandler' driver.
CRITICAL - 2023-11-01 16:43:59 --> Undefined variable $data_projek
in APPPATH\Views\v_admin_mapel_pilihan.php on line 76.
 1 APPPATH\Views\v_admin_mapel_pilihan.php(76): CodeIgniter\Debug\Exceptions->errorHandler(2, 'Undefined variable $data_projek', 'D:\\laragon\\www\\sim\\app\\Views\\v_admin_mapel_pilihan.php', 76)
 2 SYSTEMPATH\View\View.php(224): include('D:\\laragon\\www\\sim\\app\\Views\\v_admin_mapel_pilihan.php')
 3 SYSTEMPATH\View\View.php(227): CodeIgniter\View\View->CodeIgniter\View\{closure}()
 4 SYSTEMPATH\Common.php(1176): CodeIgniter\View\View->render('v_admin_mapel_pilihan', [], true)
 5 APPPATH\Controllers\Admin.php(1382): view('v_admin_mapel_pilihan', [...])
 6 SYSTEMPATH\CodeIgniter.php(932): App\Controllers\Admin->mapel_pilihan('11')
 7 SYSTEMPATH\CodeIgniter.php(497): CodeIgniter\CodeIgniter->runController(Object(App\Controllers\Admin))
 8 SYSTEMPATH\CodeIgniter.php(366): CodeIgniter\CodeIgniter->handleRequest(null, Object(Config\Cache), false)
 9 FCPATH\index.php(67): CodeIgniter\CodeIgniter->run()
10 SYSTEMPATH\Commands\Server\rewrite.php(47): require_once('D:\\laragon\\www\\sim\\public\\index.php')
INFO - 2023-11-01 16:44:15 --> Session: Class initialized using 'CodeIgniter\Session\Handlers\FileHandler' driver.
CRITICAL - 2023-11-01 16:44:15 --> Undefined array key "elemen"
in APPPATH\Views\v_admin_mapel_pilihan.php on line 91.
 1 APPPATH\Views\v_admin_mapel_pilihan.php(91): CodeIgniter\Debug\Exceptions->errorHandler(2, 'Undefined array key "elemen"', 'D:\\laragon\\www\\sim\\app\\Views\\v_admin_mapel_pilihan.php', 91)
 2 SYSTEMPATH\View\View.php(224): include('D:\\laragon\\www\\sim\\app\\Views\\v_admin_mapel_pilihan.php')
 3 SYSTEMPATH\View\View.php(227): CodeIgniter\View\View->CodeIgniter\View\{closure}()
 4 SYSTEMPATH\Common.php(1176): CodeIgniter\View\View->render('v_admin_mapel_pilihan', [], true)
 5 APPPATH\Controllers\Admin.php(1382): view('v_admin_mapel_pilihan', [...])
 6 SYSTEMPATH\CodeIgniter.php(932): App\Controllers\Admin->mapel_pilihan('11')
 7 SYSTEMPATH\CodeIgniter.php(497): CodeIgniter\CodeIgniter->runController(Object(App\Controllers\Admin))
 8 SYSTEMPATH\CodeIgniter.php(366): CodeIgniter\CodeIgniter->handleRequest(null, Object(Config\Cache), false)
 9 FCPATH\index.php(67): CodeIgniter\CodeIgniter->run()
10 SYSTEMPATH\Commands\Server\rewrite.php(47): require_once('D:\\laragon\\www\\sim\\public\\index.php')
INFO - 2023-11-01 16:44:26 --> Session: Class initialized using 'CodeIgniter\Session\Handlers\FileHandler' driver.
CRITICAL - 2023-11-01 16:44:26 --> Undefined variable $id_projek
in APPPATH\Views\v_admin_mapel_pilihan.php on line 138.
 1 APPPATH\Views\v_admin_mapel_pilihan.php(138): CodeIgniter\Debug\Exceptions->errorHandler(2, 'Undefined variable $id_projek', 'D:\\laragon\\www\\sim\\app\\Views\\v_admin_mapel_pilihan.php', 138)
 2 SYSTEMPATH\View\View.php(224): include('D:\\laragon\\www\\sim\\app\\Views\\v_admin_mapel_pilihan.php')
 3 SYSTEMPATH\View\View.php(227): CodeIgniter\View\View->CodeIgniter\View\{closure}()
 4 SYSTEMPATH\Common.php(1176): CodeIgniter\View\View->render('v_admin_mapel_pilihan', [], true)
 5 APPPATH\Controllers\Admin.php(1382): view('v_admin_mapel_pilihan', [...])
 6 SYSTEMPATH\CodeIgniter.php(932): App\Controllers\Admin->mapel_pilihan('11')
 7 SYSTEMPATH\CodeIgniter.php(497): CodeIgniter\CodeIgniter->runController(Object(App\Controllers\Admin))
 8 SYSTEMPATH\CodeIgniter.php(366): CodeIgniter\CodeIgniter->handleRequest(null, Object(Config\Cache), false)
 9 FCPATH\index.php(67): CodeIgniter\CodeIgniter->run()
10 SYSTEMPATH\Commands\Server\rewrite.php(47): require_once('D:\\laragon\\www\\sim\\public\\index.php')
INFO - 2023-11-01 16:46:01 --> Session: Class initialized using 'CodeIgniter\Session\Handlers\FileHandler' driver.
CRITICAL - 2023-11-01 16:46:01 --> Undefined variable $sekolah
in APPPATH\Views\layout\layout_admin.php on line 24.
 1 APPPATH\Views\layout\layout_admin.php(24): CodeIgniter\Debug\Exceptions->errorHandler(2, 'Undefined variable $sekolah', 'D:\\laragon\\www\\sim\\app\\Views\\layout\\layout_admin.php', 24)
 2 SYSTEMPATH\View\View.php(224): include('D:\\laragon\\www\\sim\\app\\Views\\layout\\layout_admin.php')
 3 SYSTEMPATH\View\View.php(227): CodeIgniter\View\View->CodeIgniter\View\{closure}()
 4 SYSTEMPATH\View\View.php(240): CodeIgniter\View\View->render('layout/layout_admin', [], true)
 5 SYSTEMPATH\Common.php(1176): CodeIgniter\View\View->render('v_admin_mapel_pilihan', [], true)
 6 APPPATH\Controllers\Admin.php(1382): view('v_admin_mapel_pilihan', [...])
 7 SYSTEMPATH\CodeIgniter.php(932): App\Controllers\Admin->mapel_pilihan('11')
 8 SYSTEMPATH\CodeIgniter.php(497): CodeIgniter\CodeIgniter->runController(Object(App\Controllers\Admin))
 9 SYSTEMPATH\CodeIgniter.php(366): CodeIgniter\CodeIgniter->handleRequest(null, Object(Config\Cache), false)
10 FCPATH\index.php(67): CodeIgniter\CodeIgniter->run()
11 SYSTEMPATH\Commands\Server\rewrite.php(47): require_once('D:\\laragon\\www\\sim\\public\\index.php')
INFO - 2023-11-01 16:46:27 --> Session: Class initialized using 'CodeIgniter\Session\Handlers\FileHandler' driver.
CRITICAL - 2023-11-01 16:46:27 --> Undefined variable $nama_user
in APPPATH\Views\layout\layout_admin.php on line 28.
 1 APPPATH\Views\layout\layout_admin.php(28): CodeIgniter\Debug\Exceptions->errorHandler(2, 'Undefined variable $nama_user', 'D:\\laragon\\www\\sim\\app\\Views\\layout\\layout_admin.php', 28)
 2 SYSTEMPATH\View\View.php(224): include('D:\\laragon\\www\\sim\\app\\Views\\layout\\layout_admin.php')
 3 SYSTEMPATH\View\View.php(227): CodeIgniter\View\View->CodeIgniter\View\{closure}()
 4 SYSTEMPATH\View\View.php(240): CodeIgniter\View\View->render('layout/layout_admin', [], true)
 5 SYSTEMPATH\Common.php(1176): CodeIgniter\View\View->render('v_admin_mapel_pilihan', [], true)
 6 APPPATH\Controllers\Admin.php(1382): view('v_admin_mapel_pilihan', [...])
 7 SYSTEMPATH\CodeIgniter.php(932): App\Controllers\Admin->mapel_pilihan('11')
 8 SYSTEMPATH\CodeIgniter.php(497): CodeIgniter\CodeIgniter->runController(Object(App\Controllers\Admin))
 9 SYSTEMPATH\CodeIgniter.php(366): CodeIgniter\CodeIgniter->handleRequest(null, Object(Config\Cache), false)
10 FCPATH\index.php(67): CodeIgniter\CodeIgniter->run()
11 SYSTEMPATH\Commands\Server\rewrite.php(47): require_once('D:\\laragon\\www\\sim\\public\\index.php')
INFO - 2023-11-01 16:46:34 --> Session: Class initialized using 'CodeIgniter\Session\Handlers\FileHandler' driver.
INFO - 2023-11-01 16:46:48 --> Session: Class initialized using 'CodeIgniter\Session\Handlers\FileHandler' driver.
INFO - 2023-11-01 16:46:55 --> Session: Class initialized using 'CodeIgniter\Session\Handlers\FileHandler' driver.
INFO - 2023-11-01 16:47:39 --> Session: Class initialized using 'CodeIgniter\Session\Handlers\FileHandler' driver.
INFO - 2023-11-01 16:48:46 --> Session: Class initialized using 'CodeIgniter\Session\Handlers\FileHandler' driver.
INFO - 2023-11-01 16:49:25 --> Session: Class initialized using 'CodeIgniter\Session\Handlers\FileHandler' driver.
INFO - 2023-11-01 16:49:38 --> Session: Class initialized using 'CodeIgniter\Session\Handlers\FileHandler' driver.
INFO - 2023-11-01 16:50:51 --> Session: Class initialized using 'CodeIgniter\Session\Handlers\FileHandler' driver.
INFO - 2023-11-01 16:51:04 --> Session: Class initialized using 'CodeIgniter\Session\Handlers\FileHandler' driver.
INFO - 2023-11-01 16:52:05 --> Session: Class initialized using 'CodeIgniter\Session\Handlers\FileHandler' driver.
INFO - 2023-11-01 16:53:41 --> Session: Class initialized using 'CodeIgniter\Session\Handlers\FileHandler' driver.
CRITICAL - 2023-11-01 16:53:41 --> Undefined variable $sub_kelas
in APPPATH\Views\v_admin_mapel_pilihan.php on line 76.
 1 APPPATH\Views\v_admin_mapel_pilihan.php(76): CodeIgniter\Debug\Exceptions->errorHandler(2, 'Undefined variable $sub_kelas', 'D:\\laragon\\www\\sim\\app\\Views\\v_admin_mapel_pilihan.php', 76)
 2 SYSTEMPATH\View\View.php(224): include('D:\\laragon\\www\\sim\\app\\Views\\v_admin_mapel_pilihan.php')
 3 SYSTEMPATH\View\View.php(227): CodeIgniter\View\View->CodeIgniter\View\{closure}()
 4 SYSTEMPATH\Common.php(1176): CodeIgniter\View\View->render('v_admin_mapel_pilihan', [], true)
 5 APPPATH\Controllers\Admin.php(1382): view('v_admin_mapel_pilihan', [...])
 6 SYSTEMPATH\CodeIgniter.php(932): App\Controllers\Admin->mapel_pilihan('11', 'A')
 7 SYSTEMPATH\CodeIgniter.php(497): CodeIgniter\CodeIgniter->runController(Object(App\Controllers\Admin))
 8 SYSTEMPATH\CodeIgniter.php(366): CodeIgniter\CodeIgniter->handleRequest(null, Object(Config\Cache), false)
 9 FCPATH\index.php(67): CodeIgniter\CodeIgniter->run()
10 SYSTEMPATH\Commands\Server\rewrite.php(47): require_once('D:\\laragon\\www\\sim\\public\\index.php')
INFO - 2023-11-01 16:54:04 --> Session: Class initialized using 'CodeIgniter\Session\Handlers\FileHandler' driver.
INFO - 2023-11-01 20:42:07 --> Session: Class initialized using 'CodeIgniter\Session\Handlers\FileHandler' driver.
INFO - 2023-11-01 20:42:08 --> Session: Class initialized using 'CodeIgniter\Session\Handlers\FileHandler' driver.
INFO - 2023-11-01 20:42:13 --> Session: Class initialized using 'CodeIgniter\Session\Handlers\FileHandler' driver.
INFO - 2023-11-01 20:42:14 --> Session: Class initialized using 'CodeIgniter\Session\Handlers\FileHandler' driver.
INFO - 2023-11-01 20:43:15 --> Session: Class initialized using 'CodeIgniter\Session\Handlers\FileHandler' driver.
INFO - 2023-11-01 20:43:19 --> Session: Class initialized using 'CodeIgniter\Session\Handlers\FileHandler' driver.
INFO - 2023-11-01 20:43:21 --> Session: Class initialized using 'CodeIgniter\Session\Handlers\FileHandler' driver.
INFO - 2023-11-01 20:43:23 --> Session: Class initialized using 'CodeIgniter\Session\Handlers\FileHandler' driver.
INFO - 2023-11-01 20:43:44 --> Session: Class initialized using 'CodeIgniter\Session\Handlers\FileHandler' driver.
INFO - 2023-11-01 20:43:44 --> Session: Class initialized using 'CodeIgniter\Session\Handlers\FileHandler' driver.
INFO - 2023-11-01 20:43:49 --> Session: Class initialized using 'CodeIgniter\Session\Handlers\FileHandler' driver.
INFO - 2023-11-01 20:43:49 --> Session: Class initialized using 'CodeIgniter\Session\Handlers\FileHandler' driver.
INFO - 2023-11-01 20:44:12 --> Session: Class initialized using 'CodeIgniter\Session\Handlers\FileHandler' driver.
INFO - 2023-11-01 20:45:16 --> Session: Class initialized using 'CodeIgniter\Session\Handlers\FileHandler' driver.
INFO - 2023-11-01 20:46:24 --> Session: Class initialized using 'CodeIgniter\Session\Handlers\FileHandler' driver.
INFO - 2023-11-01 20:46:53 --> Session: Class initialized using 'CodeIgniter\Session\Handlers\FileHandler' driver.
INFO - 2023-11-01 20:47:33 --> Session: Class initialized using 'CodeIgniter\Session\Handlers\FileHandler' driver.
INFO - 2023-11-01 20:47:34 --> Session: Class initialized using 'CodeIgniter\Session\Handlers\FileHandler' driver.
INFO - 2023-11-01 20:47:49 --> Session: Class initialized using 'CodeIgniter\Session\Handlers\FileHandler' driver.
INFO - 2023-11-01 20:47:54 --> Session: Class initialized using 'CodeIgniter\Session\Handlers\FileHandler' driver.
INFO - 2023-11-01 20:47:55 --> Session: Class initialized using 'CodeIgniter\Session\Handlers\FileHandler' driver.
CRITICAL - 2023-11-01 20:47:55 --> Trying to access array offset on value of type null
in APPPATH\Views\v_admin_dashboard.php on line 73.
 1 APPPATH\Views\v_admin_dashboard.php(73): CodeIgniter\Debug\Exceptions->errorHandler(2, 'Trying to access array offset on value of type null', 'D:\\laragon\\www\\sim\\app\\Views\\v_admin_dashboard.php', 73)
 2 SYSTEMPATH\View\View.php(224): include('D:\\laragon\\www\\sim\\app\\Views\\v_admin_dashboard.php')
 3 SYSTEMPATH\View\View.php(227): CodeIgniter\View\View->CodeIgniter\View\{closure}()
 4 SYSTEMPATH\Common.php(1176): CodeIgniter\View\View->render('v_admin_dashboard', [], true)
 5 APPPATH\Controllers\Admin.php(37): view('v_admin_dashboard', [...])
 6 SYSTEMPATH\CodeIgniter.php(932): App\Controllers\Admin->index()
 7 SYSTEMPATH\CodeIgniter.php(497): CodeIgniter\CodeIgniter->runController(Object(App\Controllers\Admin))
 8 SYSTEMPATH\CodeIgniter.php(366): CodeIgniter\CodeIgniter->handleRequest(null, Object(Config\Cache), false)
 9 FCPATH\index.php(67): CodeIgniter\CodeIgniter->run()
10 SYSTEMPATH\Commands\Server\rewrite.php(47): require_once('D:\\laragon\\www\\sim\\public\\index.php')
INFO - 2023-11-01 20:56:21 --> Session: Class initialized using 'CodeIgniter\Session\Handlers\FileHandler' driver.
INFO - 2023-11-01 20:56:22 --> Session: Class initialized using 'CodeIgniter\Session\Handlers\FileHandler' driver.
INFO - 2023-11-01 20:57:20 --> Session: Class initialized using 'CodeIgniter\Session\Handlers\FileHandler' driver.
INFO - 2023-11-01 20:57:38 --> Session: Class initialized using 'CodeIgniter\Session\Handlers\FileHandler' driver.
INFO - 2023-11-01 20:57:39 --> Session: Class initialized using 'CodeIgniter\Session\Handlers\FileHandler' driver.
INFO - 2023-11-01 20:58:07 --> Session: Class initialized using 'CodeIgniter\Session\Handlers\FileHandler' driver.
INFO - 2023-11-01 20:58:08 --> Session: Class initialized using 'CodeIgniter\Session\Handlers\FileHandler' driver.
INFO - 2023-11-01 20:59:04 --> Session: Class initialized using 'CodeIgniter\Session\Handlers\FileHandler' driver.
INFO - 2023-11-01 20:59:05 --> Session: Class initialized using 'CodeIgniter\Session\Handlers\FileHandler' driver.
INFO - 2023-11-01 21:01:55 --> Session: Class initialized using 'CodeIgniter\Session\Handlers\FileHandler' driver.
INFO - 2023-11-01 21:02:08 --> Session: Class initialized using 'CodeIgniter\Session\Handlers\FileHandler' driver.
INFO - 2023-11-01 21:02:09 --> Session: Class initialized using 'CodeIgniter\Session\Handlers\FileHandler' driver.
CRITICAL - 2023-11-01 21:02:09 --> Trying to access array offset on value of type null
in APPPATH\Views\v_admin_dashboard.php on line 73.
 1 APPPATH\Views\v_admin_dashboard.php(73): CodeIgniter\Debug\Exceptions->errorHandler(2, 'Trying to access array offset on value of type null', 'D:\\laragon\\www\\sim\\app\\Views\\v_admin_dashboard.php', 73)
 2 SYSTEMPATH\View\View.php(224): include('D:\\laragon\\www\\sim\\app\\Views\\v_admin_dashboard.php')
 3 SYSTEMPATH\View\View.php(227): CodeIgniter\View\View->CodeIgniter\View\{closure}()
 4 SYSTEMPATH\Common.php(1176): CodeIgniter\View\View->render('v_admin_dashboard', [], true)
 5 APPPATH\Controllers\Admin.php(37): view('v_admin_dashboard', [...])
 6 SYSTEMPATH\CodeIgniter.php(932): App\Controllers\Admin->index()
 7 SYSTEMPATH\CodeIgniter.php(497): CodeIgniter\CodeIgniter->runController(Object(App\Controllers\Admin))
 8 SYSTEMPATH\CodeIgniter.php(366): CodeIgniter\CodeIgniter->handleRequest(null, Object(Config\Cache), false)
 9 FCPATH\index.php(67): CodeIgniter\CodeIgniter->run()
10 SYSTEMPATH\Commands\Server\rewrite.php(47): require_once('D:\\laragon\\www\\sim\\public\\index.php')
INFO - 2023-11-01 21:20:05 --> Session: Class initialized using 'CodeIgniter\Session\Handlers\FileHandler' driver.
CRITICAL - 2023-11-01 21:20:05 --> Trying to access array offset on value of type null
in APPPATH\Views\v_admin_dashboard.php on line 73.
 1 APPPATH\Views\v_admin_dashboard.php(73): CodeIgniter\Debug\Exceptions->errorHandler(2, 'Trying to access array offset on value of type null', 'D:\\laragon\\www\\sim\\app\\Views\\v_admin_dashboard.php', 73)
 2 SYSTEMPATH\View\View.php(224): include('D:\\laragon\\www\\sim\\app\\Views\\v_admin_dashboard.php')
 3 SYSTEMPATH\View\View.php(227): CodeIgniter\View\View->CodeIgniter\View\{closure}()
 4 SYSTEMPATH\Common.php(1176): CodeIgniter\View\View->render('v_admin_dashboard', [], true)
 5 APPPATH\Controllers\Admin.php(37): view('v_admin_dashboard', [...])
 6 SYSTEMPATH\CodeIgniter.php(932): App\Controllers\Admin->index()
 7 SYSTEMPATH\CodeIgniter.php(497): CodeIgniter\CodeIgniter->runController(Object(App\Controllers\Admin))
 8 SYSTEMPATH\CodeIgniter.php(366): CodeIgniter\CodeIgniter->handleRequest(null, Object(Config\Cache), false)
 9 FCPATH\index.php(67): CodeIgniter\CodeIgniter->run()
10 SYSTEMPATH\Commands\Server\rewrite.php(47): require_once('D:\\laragon\\www\\sim\\public\\index.php')
INFO - 2023-11-01 21:20:09 --> Session: Class initialized using 'CodeIgniter\Session\Handlers\FileHandler' driver.
INFO - 2023-11-01 21:20:12 --> Session: Class initialized using 'CodeIgniter\Session\Handlers\FileHandler' driver.
INFO - 2023-11-01 21:44:20 --> Session: Class initialized using 'CodeIgniter\Session\Handlers\FileHandler' driver.
INFO - 2023-11-01 21:44:21 --> Session: Class initialized using 'CodeIgniter\Session\Handlers\FileHandler' driver.
CRITICAL - 2023-11-01 21:44:21 --> You must set the database table to be used with your query.
in SYSTEMPATH\Database\BaseConnection.php on line 883.
 1 SYSTEMPATH\Model.php(642): CodeIgniter\Database\BaseConnection->table(null)
 2 SYSTEMPATH\Model.php(828): CodeIgniter\Model->builder()
 3 APPPATH\Controllers\Superadmin.php(19): CodeIgniter\Model->__call('getDaftarAdmin', [])
 4 SYSTEMPATH\CodeIgniter.php(932): App\Controllers\Superadmin->index()
 5 SYSTEMPATH\CodeIgniter.php(497): CodeIgniter\CodeIgniter->runController(Object(App\Controllers\Superadmin))
 6 SYSTEMPATH\CodeIgniter.php(366): CodeIgniter\CodeIgniter->handleRequest(null, Object(Config\Cache), false)
 7 FCPATH\index.php(67): CodeIgniter\CodeIgniter->run()
 8 SYSTEMPATH\Commands\Server\rewrite.php(47): require_once('D:\\laragon\\www\\sim\\public\\index.php')
INFO - 2023-11-01 22:01:48 --> Session: Class initialized using 'CodeIgniter\Session\Handlers\FileHandler' driver.
INFO - 2023-11-01 22:01:54 --> Session: Class initialized using 'CodeIgniter\Session\Handlers\FileHandler' driver.
INFO - 2023-11-01 22:01:55 --> Session: Class initialized using 'CodeIgniter\Session\Handlers\FileHandler' driver.
INFO - 2023-11-01 22:02:51 --> Session: Class initialized using 'CodeIgniter\Session\Handlers\FileHandler' driver.
INFO - 2023-11-01 22:03:05 --> Session: Class initialized using 'CodeIgniter\Session\Handlers\FileHandler' driver.
INFO - 2023-11-01 22:03:21 --> Session: Class initialized using 'CodeIgniter\Session\Handlers\FileHandler' driver.
INFO - 2023-11-01 22:03:50 --> Session: Class initialized using 'CodeIgniter\Session\Handlers\FileHandler' driver.
INFO - 2023-11-01 22:05:11 --> Session: Class initialized using 'CodeIgniter\Session\Handlers\FileHandler' driver.
INFO - 2023-11-01 22:06:44 --> Session: Class initialized using 'CodeIgniter\Session\Handlers\FileHandler' driver.
INFO - 2023-11-01 22:13:18 --> Session: Class initialized using 'CodeIgniter\Session\Handlers\FileHandler' driver.
INFO - 2023-11-01 22:27:30 --> Session: Class initialized using 'CodeIgniter\Session\Handlers\FileHandler' driver.
INFO - 2023-11-01 22:29:57 --> Session: Class initialized using 'CodeIgniter\Session\Handlers\FileHandler' driver.
INFO - 2023-11-01 22:30:51 --> Session: Class initialized using 'CodeIgniter\Session\Handlers\FileHandler' driver.
INFO - 2023-11-01 22:30:59 --> Session: Class initialized using 'CodeIgniter\Session\Handlers\FileHandler' driver.
CRITICAL - 2023-11-01 22:30:59 --> Undefined variable $jumlah_admin
in APPPATH\Views\v_superadmin_dashboard.php on line 78.
 1 APPPATH\Views\v_superadmin_dashboard.php(78): CodeIgniter\Debug\Exceptions->errorHandler(2, 'Undefined variable $jumlah_admin', 'D:\\laragon\\www\\sim\\app\\Views\\v_superadmin_dashboard.php', 78)
 2 SYSTEMPATH\View\View.php(224): include('D:\\laragon\\www\\sim\\app\\Views\\v_superadmin_dashboard.php')
 3 SYSTEMPATH\View\View.php(227): CodeIgniter\View\View->CodeIgniter\View\{closure}()
 4 SYSTEMPATH\Common.php(1176): CodeIgniter\View\View->render('v_superadmin_dashboard', [], true)
 5 APPPATH\Controllers\Superadmin.php(35): view('v_superadmin_dashboard', [...])
 6 SYSTEMPATH\CodeIgniter.php(932): App\Controllers\Superadmin->user()
 7 SYSTEMPATH\CodeIgniter.php(497): CodeIgniter\CodeIgniter->runController(Object(App\Controllers\Superadmin))
 8 SYSTEMPATH\CodeIgniter.php(366): CodeIgniter\CodeIgniter->handleRequest(null, Object(Config\Cache), false)
 9 FCPATH\index.php(67): CodeIgniter\CodeIgniter->run()
10 SYSTEMPATH\Commands\Server\rewrite.php(47): require_once('D:\\laragon\\www\\sim\\public\\index.php')
