CRITICAL - 2024-05-01 21:21:51 --> Invalid file: "v_nilai_rapor_p5.php"
in SYSTEMPATH\Exceptions\FrameworkException.php on line 33.
 1 SYSTEMPATH\View\View.php(212): CodeIgniter\Exceptions\FrameworkException::forInvalidFile('v_nilai_rapor_p5.php')
 2 SYSTEMPATH\Common.php(1176): CodeIgniter\View\View->render('v_nilai_rapor_p5', [], true)
 3 APPPATH\Controllers\Nilai.php(317): view('v_nilai_rapor_p5', [...])
 4 SYSTEMPATH\CodeIgniter.php(932): App\Controllers\Nilai->index()
 5 SYSTEMPATH\CodeIgniter.php(497): CodeIgniter\CodeIgniter->runController(Object(App\Controllers\Nilai))
 6 SYSTEMPATH\CodeIgniter.php(366): CodeIgniter\CodeIgniter->handleRequest(null, Object(Config\Cache), false)
 7 FCPATH\index.php(67): CodeIgniter\CodeIgniter->run()
 8 SYSTEMPATH\Commands\Server\rewrite.php(47): require_once('D:\\laragon\\www\\sim\\public\\index.php')
CRITICAL - 2024-05-01 21:21:58 --> Invalid file: "v_nilai_rapor_p5.php"
in SYSTEMPATH\Exceptions\FrameworkException.php on line 33.
 1 SYSTEMPATH\View\View.php(212): CodeIgniter\Exceptions\FrameworkException::forInvalidFile('v_nilai_rapor_p5.php')
 2 SYSTEMPATH\Common.php(1176): CodeIgniter\View\View->render('v_nilai_rapor_p5', [], true)
 3 APPPATH\Controllers\Nilai.php(317): view('v_nilai_rapor_p5', [...])
 4 SYSTEMPATH\CodeIgniter.php(932): App\Controllers\Nilai->index()
 5 SYSTEMPATH\CodeIgniter.php(497): CodeIgniter\CodeIgniter->runController(Object(App\Controllers\Nilai))
 6 SYSTEMPATH\CodeIgniter.php(366): CodeIgniter\CodeIgniter->handleRequest(null, Object(Config\Cache), false)
 7 FCPATH\index.php(67): CodeIgniter\CodeIgniter->run()
 8 SYSTEMPATH\Commands\Server\rewrite.php(47): require_once('D:\\laragon\\www\\sim\\public\\index.php')
