CRITICAL - 2023-09-19 00:50:12 --> Undefined property: App\Controllers\Video::$load
in APPPATH\Controllers\Video.php on line 15.
 1 APPPATH\Controllers\Video.php(15): CodeIgniter\Debug\Exceptions->errorHandler(2, 'Undefined property: App\\Controllers\\Video::$load', 'D:\\laragon\\www\\sim\\app\\Controllers\\Video.php', 15)
 2 SYSTEMPATH\CodeIgniter.php(904): App\Controllers\Video->__construct()
 3 SYSTEMPATH\CodeIgniter.php(488): CodeIgniter\CodeIgniter->createController()
 4 SYSTEMPATH\CodeIgniter.php(366): CodeIgniter\CodeIgniter->handleRequest(null, Object(Config\Cache), false)
 5 FCPATH\index.php(67): CodeIgniter\CodeIgniter->run()
 6 SYSTEMPATH\Commands\Server\rewrite.php(47): require_once('D:\\laragon\\www\\sim\\public\\index.php')
CRITICAL - 2023-09-19 00:53:54 --> Undefined variable $video
in APPPATH\Views\v_video.php on line 41.
 1 APPPATH\Views\v_video.php(41): CodeIgniter\Debug\Exceptions->errorHandler(2, 'Undefined variable $video', 'D:\\laragon\\www\\sim\\app\\Views\\v_video.php', 41)
 2 SYSTEMPATH\View\View.php(224): include('D:\\laragon\\www\\sim\\app\\Views\\v_video.php')
 3 SYSTEMPATH\View\View.php(227): CodeIgniter\View\View->CodeIgniter\View\{closure}()
 4 SYSTEMPATH\Common.php(1176): CodeIgniter\View\View->render('v_video', [], true)
 5 APPPATH\Controllers\Video.php(34): view('v_video', [...])
 6 SYSTEMPATH\CodeIgniter.php(932): App\Controllers\Video->index()
 7 SYSTEMPATH\CodeIgniter.php(497): CodeIgniter\CodeIgniter->runController(Object(App\Controllers\Video))
 8 SYSTEMPATH\CodeIgniter.php(366): CodeIgniter\CodeIgniter->handleRequest(null, Object(Config\Cache), false)
 9 FCPATH\index.php(67): CodeIgniter\CodeIgniter->run()
10 SYSTEMPATH\Commands\Server\rewrite.php(47): require_once('D:\\laragon\\www\\sim\\public\\index.php')
CRITICAL - 2023-09-19 00:58:10 --> Too few arguments to function App\Controllers\Video::detil(), 0 passed in D:\laragon\www\sim\system\CodeIgniter.php on line 932 and exactly 1 expected
in APPPATH\Controllers\Video.php on line 37.
 1 SYSTEMPATH\CodeIgniter.php(932): App\Controllers\Video->detil()
 2 SYSTEMPATH\CodeIgniter.php(497): CodeIgniter\CodeIgniter->runController(Object(App\Controllers\Video))
 3 SYSTEMPATH\CodeIgniter.php(366): CodeIgniter\CodeIgniter->handleRequest(null, Object(Config\Cache), false)
 4 FCPATH\index.php(67): CodeIgniter\CodeIgniter->run()
 5 SYSTEMPATH\Commands\Server\rewrite.php(47): require_once('D:\\laragon\\www\\sim\\public\\index.php')
CRITICAL - 2023-09-19 00:58:44 --> Undefined property: App\Controllers\Video::$load
in APPPATH\Controllers\Video.php on line 40.
 1 APPPATH\Controllers\Video.php(40): CodeIgniter\Debug\Exceptions->errorHandler(2, 'Undefined property: App\\Controllers\\Video::$load', 'D:\\laragon\\www\\sim\\app\\Controllers\\Video.php', 40)
 2 SYSTEMPATH\CodeIgniter.php(932): App\Controllers\Video->detil()
 3 SYSTEMPATH\CodeIgniter.php(497): CodeIgniter\CodeIgniter->runController(Object(App\Controllers\Video))
 4 SYSTEMPATH\CodeIgniter.php(366): CodeIgniter\CodeIgniter->handleRequest(null, Object(Config\Cache), false)
 5 FCPATH\index.php(67): CodeIgniter\CodeIgniter->run()
 6 SYSTEMPATH\Commands\Server\rewrite.php(47): require_once('D:\\laragon\\www\\sim\\public\\index.php')
CRITICAL - 2023-09-19 01:00:52 --> Undefined property: App\Controllers\Video::$load
in APPPATH\Controllers\Video.php on line 40.
 1 APPPATH\Controllers\Video.php(40): CodeIgniter\Debug\Exceptions->errorHandler(2, 'Undefined property: App\\Controllers\\Video::$load', 'D:\\laragon\\www\\sim\\app\\Controllers\\Video.php', 40)
 2 SYSTEMPATH\CodeIgniter.php(932): App\Controllers\Video->detil()
 3 SYSTEMPATH\CodeIgniter.php(497): CodeIgniter\CodeIgniter->runController(Object(App\Controllers\Video))
 4 SYSTEMPATH\CodeIgniter.php(366): CodeIgniter\CodeIgniter->handleRequest(null, Object(Config\Cache), false)
 5 FCPATH\index.php(67): CodeIgniter\CodeIgniter->run()
 6 SYSTEMPATH\Commands\Server\rewrite.php(47): require_once('D:\\laragon\\www\\sim\\public\\index.php')
CRITICAL - 2023-09-19 01:02:21 --> Call to undefined function getYouTubeVideoId()
in APPPATH\Views\v_video_detil.php on line 42.
 1 SYSTEMPATH\View\View.php(224): include()
 2 SYSTEMPATH\View\View.php(227): CodeIgniter\View\View->CodeIgniter\View\{closure}()
 3 SYSTEMPATH\Common.php(1176): CodeIgniter\View\View->render('v_video_detil', [], true)
 4 APPPATH\Controllers\Video.php(44): view('v_video_detil', [...])
 5 SYSTEMPATH\CodeIgniter.php(932): App\Controllers\Video->detil()
 6 SYSTEMPATH\CodeIgniter.php(497): CodeIgniter\CodeIgniter->runController(Object(App\Controllers\Video))
 7 SYSTEMPATH\CodeIgniter.php(366): CodeIgniter\CodeIgniter->handleRequest(null, Object(Config\Cache), false)
 8 FCPATH\index.php(67): CodeIgniter\CodeIgniter->run()
 9 SYSTEMPATH\Commands\Server\rewrite.php(47): require_once('D:\\laragon\\www\\sim\\public\\index.php')
CRITICAL - 2023-09-19 01:03:02 --> Call to undefined function getYouTubeVideoId()
in APPPATH\Views\v_video_detil.php on line 42.
 1 SYSTEMPATH\View\View.php(224): include()
 2 SYSTEMPATH\View\View.php(227): CodeIgniter\View\View->CodeIgniter\View\{closure}()
 3 SYSTEMPATH\Common.php(1176): CodeIgniter\View\View->render('v_video_detil', [], true)
 4 APPPATH\Controllers\Video.php(44): view('v_video_detil', [...])
 5 SYSTEMPATH\CodeIgniter.php(932): App\Controllers\Video->detil()
 6 SYSTEMPATH\CodeIgniter.php(497): CodeIgniter\CodeIgniter->runController(Object(App\Controllers\Video))
 7 SYSTEMPATH\CodeIgniter.php(366): CodeIgniter\CodeIgniter->handleRequest(null, Object(Config\Cache), false)
 8 FCPATH\index.php(67): CodeIgniter\CodeIgniter->run()
 9 SYSTEMPATH\Commands\Server\rewrite.php(47): require_once('D:\\laragon\\www\\sim\\public\\index.php')
CRITICAL - 2023-09-19 01:07:40 --> Undefined variable $valkelas
in APPPATH\Views\layout\layout_default.php on line 39.
 1 APPPATH\Views\layout\layout_default.php(39): CodeIgniter\Debug\Exceptions->errorHandler(2, 'Undefined variable $valkelas', 'D:\\laragon\\www\\sim\\app\\Views\\layout\\layout_default.php', 39)
 2 SYSTEMPATH\View\View.php(224): include('D:\\laragon\\www\\sim\\app\\Views\\layout\\layout_default.php')
 3 SYSTEMPATH\View\View.php(227): CodeIgniter\View\View->CodeIgniter\View\{closure}()
 4 SYSTEMPATH\View\View.php(240): CodeIgniter\View\View->render('layout/layout_default', [], true)
 5 SYSTEMPATH\Common.php(1176): CodeIgniter\View\View->render('v_video_detil', [], true)
 6 APPPATH\Controllers\Video.php(45): view('v_video_detil', [...])
 7 SYSTEMPATH\CodeIgniter.php(932): App\Controllers\Video->detil()
 8 SYSTEMPATH\CodeIgniter.php(497): CodeIgniter\CodeIgniter->runController(Object(App\Controllers\Video))
 9 SYSTEMPATH\CodeIgniter.php(366): CodeIgniter\CodeIgniter->handleRequest(null, Object(Config\Cache), false)
10 FCPATH\index.php(67): CodeIgniter\CodeIgniter->run()
11 SYSTEMPATH\Commands\Server\rewrite.php(47): require_once('D:\\laragon\\www\\sim\\public\\index.php')
CRITICAL - 2023-09-19 01:08:58 --> Undefined variable $valkelas
in APPPATH\Views\layout\layout_kelas_off.php on line 23.
 1 APPPATH\Views\layout\layout_kelas_off.php(23): CodeIgniter\Debug\Exceptions->errorHandler(2, 'Undefined variable $valkelas', 'D:\\laragon\\www\\sim\\app\\Views\\layout\\layout_kelas_off.php', 23)
 2 SYSTEMPATH\View\View.php(224): include('D:\\laragon\\www\\sim\\app\\Views\\layout\\layout_kelas_off.php')
 3 SYSTEMPATH\View\View.php(227): CodeIgniter\View\View->CodeIgniter\View\{closure}()
 4 SYSTEMPATH\View\View.php(240): CodeIgniter\View\View->render('layout/layout_kelas_off', [], true)
 5 SYSTEMPATH\Common.php(1176): CodeIgniter\View\View->render('v_video_detil', [], true)
 6 APPPATH\Controllers\Video.php(45): view('v_video_detil', [...])
 7 SYSTEMPATH\CodeIgniter.php(932): App\Controllers\Video->detil()
 8 SYSTEMPATH\CodeIgniter.php(497): CodeIgniter\CodeIgniter->runController(Object(App\Controllers\Video))
 9 SYSTEMPATH\CodeIgniter.php(366): CodeIgniter\CodeIgniter->handleRequest(null, Object(Config\Cache), false)
10 FCPATH\index.php(67): CodeIgniter\CodeIgniter->run()
11 SYSTEMPATH\Commands\Server\rewrite.php(47): require_once('D:\\laragon\\www\\sim\\public\\index.php')
CRITICAL - 2023-09-19 01:11:33 --> Undefined variable $valkelas
in APPPATH\Views\layout\layout_kelas_off.php on line 23.
 1 APPPATH\Views\layout\layout_kelas_off.php(23): CodeIgniter\Debug\Exceptions->errorHandler(2, 'Undefined variable $valkelas', 'D:\\laragon\\www\\sim\\app\\Views\\layout\\layout_kelas_off.php', 23)
 2 SYSTEMPATH\View\View.php(224): include('D:\\laragon\\www\\sim\\app\\Views\\layout\\layout_kelas_off.php')
 3 SYSTEMPATH\View\View.php(227): CodeIgniter\View\View->CodeIgniter\View\{closure}()
 4 SYSTEMPATH\View\View.php(240): CodeIgniter\View\View->render('layout/layout_kelas_off', [], true)
 5 SYSTEMPATH\Common.php(1176): CodeIgniter\View\View->render('v_video_detil', [], true)
 6 APPPATH\Controllers\Video.php(45): view('v_video_detil', [...])
 7 SYSTEMPATH\CodeIgniter.php(932): App\Controllers\Video->detil()
 8 SYSTEMPATH\CodeIgniter.php(497): CodeIgniter\CodeIgniter->runController(Object(App\Controllers\Video))
 9 SYSTEMPATH\CodeIgniter.php(366): CodeIgniter\CodeIgniter->handleRequest(null, Object(Config\Cache), false)
10 FCPATH\index.php(67): CodeIgniter\CodeIgniter->run()
11 SYSTEMPATH\Commands\Server\rewrite.php(47): require_once('D:\\laragon\\www\\sim\\public\\index.php')
CRITICAL - 2023-09-19 01:15:19 --> Undefined variable $tugas
in APPPATH\Views\layout\layout_kelas_off.php on line 27.
 1 APPPATH\Views\layout\layout_kelas_off.php(27): CodeIgniter\Debug\Exceptions->errorHandler(2, 'Undefined variable $tugas', 'D:\\laragon\\www\\sim\\app\\Views\\layout\\layout_kelas_off.php', 27)
 2 SYSTEMPATH\View\View.php(224): include('D:\\laragon\\www\\sim\\app\\Views\\layout\\layout_kelas_off.php')
 3 SYSTEMPATH\View\View.php(227): CodeIgniter\View\View->CodeIgniter\View\{closure}()
 4 SYSTEMPATH\View\View.php(240): CodeIgniter\View\View->render('layout/layout_kelas_off', [], true)
 5 SYSTEMPATH\Common.php(1176): CodeIgniter\View\View->render('v_video_detil', [], true)
 6 APPPATH\Controllers\Video.php(59): view('v_video_detil', [...])
 7 SYSTEMPATH\CodeIgniter.php(932): App\Controllers\Video->detil()
 8 SYSTEMPATH\CodeIgniter.php(497): CodeIgniter\CodeIgniter->runController(Object(App\Controllers\Video))
 9 SYSTEMPATH\CodeIgniter.php(366): CodeIgniter\CodeIgniter->handleRequest(null, Object(Config\Cache), false)
10 FCPATH\index.php(67): CodeIgniter\CodeIgniter->run()
11 SYSTEMPATH\Commands\Server\rewrite.php(47): require_once('D:\\laragon\\www\\sim\\public\\index.php')
