CRITICAL - 2023-09-15 08:53:23 --> Invalid file: "layout/default.php"
in SYSTEMPATH\Exceptions\FrameworkException.php on line 33.
 1 SYSTEMPATH\View\View.php(212): CodeIgniter\Exceptions\FrameworkException::forInvalidFile('layout/default.php')
 2 SYSTEMPATH\View\View.php(240): CodeIgniter\View\View->render('layout/default', [], true)
 3 SYSTEMPATH\Common.php(1176): CodeIgniter\View\View->render('beranda', [], true)
 4 APPPATH\Controllers\Home.php(9): view('beranda')
 5 SYSTEMPATH\CodeIgniter.php(932): App\Controllers\Home->index()
 6 SYSTEMPATH\CodeIgniter.php(497): CodeIgniter\CodeIgniter->runController(Object(App\Controllers\Home))
 7 SYSTEMPATH\CodeIgniter.php(366): CodeIgniter\CodeIgniter->handleRequest(null, Object(Config\Cache), false)
 8 FCPATH\index.php(67): CodeIgniter\CodeIgniter->run()
 9 SYSTEMPATH\Commands\Server\rewrite.php(47): require_once('D:\\laragon\\www\\sim\\public\\index.php')
CRITICAL - 2023-09-15 08:57:42 --> Undefined variable: adafooter
in APPPATH\Views\layout\layout_default.php on line 15.
 1 APPPATH\Views\layout\layout_default.php(15): CodeIgniter\Debug\Exceptions->errorHandler(8, 'Undefined variable: adafooter', 'D:\\laragon\\www\\sim\\app\\Views\\layout\\layout_default.php', 15, [])
 2 SYSTEMPATH\View\View.php(224): include('D:\\laragon\\www\\sim\\app\\Views\\layout\\layout_default.php')
 3 SYSTEMPATH\View\View.php(227): CodeIgniter\View\View->CodeIgniter\View\{closure}()
 4 SYSTEMPATH\View\View.php(240): CodeIgniter\View\View->render('layout/layout_default', [], true)
 5 SYSTEMPATH\Common.php(1176): CodeIgniter\View\View->render('v_login', [], true)
 6 APPPATH\Controllers\Login.php(10): view('v_login')
 7 SYSTEMPATH\CodeIgniter.php(932): App\Controllers\Login->index()
 8 SYSTEMPATH\CodeIgniter.php(497): CodeIgniter\CodeIgniter->runController(Object(App\Controllers\Login))
 9 SYSTEMPATH\CodeIgniter.php(366): CodeIgniter\CodeIgniter->handleRequest(null, Object(Config\Cache), false)
10 FCPATH\index.php(67): CodeIgniter\CodeIgniter->run()
11 SYSTEMPATH\Commands\Server\rewrite.php(47): require_once('D:\\laragon\\www\\sim\\public\\index.php')
CRITICAL - 2023-09-15 10:10:04 --> Function name must be a string
in APPPATH\Controllers\Presensi.php on line 9.
 1 SYSTEMPATH\CodeIgniter.php(932): App\Controllers\Presensi->index()
 2 SYSTEMPATH\CodeIgniter.php(497): CodeIgniter\CodeIgniter->runController(Object(App\Controllers\Presensi))
 3 SYSTEMPATH\CodeIgniter.php(366): CodeIgniter\CodeIgniter->handleRequest(null, Object(Config\Cache), false)
 4 FCPATH\index.php(67): CodeIgniter\CodeIgniter->run()
 5 SYSTEMPATH\Commands\Server\rewrite.php(47): require_once('D:\\laragon\\www\\sim\\public\\index.php')
CRITICAL - 2023-09-15 10:11:49 --> Call to undefined method CodeIgniter\HTTP\IncomingRequest::get()
in APPPATH\Controllers\Presensi.php on line 9.
 1 SYSTEMPATH\CodeIgniter.php(932): App\Controllers\Presensi->index()
 2 SYSTEMPATH\CodeIgniter.php(497): CodeIgniter\CodeIgniter->runController(Object(App\Controllers\Presensi))
 3 SYSTEMPATH\CodeIgniter.php(366): CodeIgniter\CodeIgniter->handleRequest(null, Object(Config\Cache), false)
 4 FCPATH\index.php(67): CodeIgniter\CodeIgniter->run()
 5 SYSTEMPATH\Commands\Server\rewrite.php(47): require_once('D:\\laragon\\www\\sim\\public\\index.php')
CRITICAL - 2023-09-15 10:12:56 --> Undefined variable: kelas
in APPPATH\Views\v_presensi.php on line 12.
 1 APPPATH\Views\v_presensi.php(12): CodeIgniter\Debug\Exceptions->errorHandler(8, 'Undefined variable: kelas', 'D:\\laragon\\www\\sim\\app\\Views\\v_presensi.php', 12, [])
 2 SYSTEMPATH\View\View.php(224): include('D:\\laragon\\www\\sim\\app\\Views\\v_presensi.php')
 3 SYSTEMPATH\View\View.php(227): CodeIgniter\View\View->CodeIgniter\View\{closure}()
 4 SYSTEMPATH\Common.php(1176): CodeIgniter\View\View->render('v_presensi', [], true)
 5 APPPATH\Controllers\Presensi.php(11): view('v_presensi')
 6 SYSTEMPATH\CodeIgniter.php(932): App\Controllers\Presensi->index()
 7 SYSTEMPATH\CodeIgniter.php(497): CodeIgniter\CodeIgniter->runController(Object(App\Controllers\Presensi))
 8 SYSTEMPATH\CodeIgniter.php(366): CodeIgniter\CodeIgniter->handleRequest(null, Object(Config\Cache), false)
 9 FCPATH\index.php(67): CodeIgniter\CodeIgniter->run()
10 SYSTEMPATH\Commands\Server\rewrite.php(47): require_once('D:\\laragon\\www\\sim\\public\\index.php')
