INFO - 2024-03-10 13:46:19 --> Session: Class initialized using 'CodeIgniter\Session\Handlers\FileHandler' driver.
INFO - 2024-03-10 13:46:19 --> Session: Class initialized using 'CodeIgniter\Session\Handlers\FileHandler' driver.
INFO - 2024-03-10 13:46:32 --> Session: Class initialized using 'CodeIgniter\Session\Handlers\FileHandler' driver.
INFO - 2024-03-10 13:46:32 --> Session: Class initialized using 'CodeIgniter\Session\Handlers\FileHandler' driver.
INFO - 2024-03-10 13:46:43 --> Session: Class initialized using 'CodeIgniter\Session\Handlers\FileHandler' driver.
INFO - 2024-03-10 13:46:44 --> Session: Class initialized using 'CodeIgniter\Session\Handlers\FileHandler' driver.
INFO - 2024-03-10 13:46:54 --> Session: Class initialized using 'CodeIgniter\Session\Handlers\FileHandler' driver.
CRITICAL - 2024-03-10 13:48:05 --> Undefined array key "tugas_1"
in APPPATH\Views\v_nilai_rapor.php on line 258.
 1 APPPATH\Views\v_nilai_rapor.php(258): CodeIgniter\Debug\Exceptions->errorHandler(2, 'Undefined array key "tugas_1"', 'D:\\laragon\\www\\sim\\app\\Views\\v_nilai_rapor.php', 258)
 2 SYSTEMPATH\View\View.php(224): include('D:\\laragon\\www\\sim\\app\\Views\\v_nilai_rapor.php')
 3 SYSTEMPATH\View\View.php(227): CodeIgniter\View\View->CodeIgniter\View\{closure}()
 4 SYSTEMPATH\Common.php(1176): CodeIgniter\View\View->render('v_nilai_rapor', [], true)
 5 APPPATH\Controllers\Nilai.php(244): view('v_nilai_rapor', [...])
 6 SYSTEMPATH\CodeIgniter.php(932): App\Controllers\Nilai->index()
 7 SYSTEMPATH\CodeIgniter.php(497): CodeIgniter\CodeIgniter->runController(Object(App\Controllers\Nilai))
 8 SYSTEMPATH\CodeIgniter.php(366): CodeIgniter\CodeIgniter->handleRequest(null, Object(Config\Cache), false)
 9 FCPATH\index.php(67): CodeIgniter\CodeIgniter->run()
10 SYSTEMPATH\Commands\Server\rewrite.php(47): require_once('D:\\laragon\\www\\sim\\public\\index.php')
INFO - 2024-03-10 13:48:47 --> Session: Class initialized using 'CodeIgniter\Session\Handlers\FileHandler' driver.
CRITICAL - 2024-03-10 13:48:47 --> Undefined array key "tugas_1"
in APPPATH\Views\v_nilai_rapor.php on line 258.
 1 APPPATH\Views\v_nilai_rapor.php(258): CodeIgniter\Debug\Exceptions->errorHandler(2, 'Undefined array key "tugas_1"', 'D:\\laragon\\www\\sim\\app\\Views\\v_nilai_rapor.php', 258)
 2 SYSTEMPATH\View\View.php(224): include('D:\\laragon\\www\\sim\\app\\Views\\v_nilai_rapor.php')
 3 SYSTEMPATH\View\View.php(227): CodeIgniter\View\View->CodeIgniter\View\{closure}()
 4 SYSTEMPATH\Common.php(1176): CodeIgniter\View\View->render('v_nilai_rapor', [], true)
 5 APPPATH\Controllers\Nilai.php(244): view('v_nilai_rapor', [...])
 6 SYSTEMPATH\CodeIgniter.php(932): App\Controllers\Nilai->index()
 7 SYSTEMPATH\CodeIgniter.php(497): CodeIgniter\CodeIgniter->runController(Object(App\Controllers\Nilai))
 8 SYSTEMPATH\CodeIgniter.php(366): CodeIgniter\CodeIgniter->handleRequest(null, Object(Config\Cache), false)
 9 FCPATH\index.php(67): CodeIgniter\CodeIgniter->run()
10 SYSTEMPATH\Commands\Server\rewrite.php(47): require_once('D:\\laragon\\www\\sim\\public\\index.php')
INFO - 2024-03-10 14:19:33 --> Session: Class initialized using 'CodeIgniter\Session\Handlers\FileHandler' driver.
CRITICAL - 2024-03-10 14:19:33 --> Undefined array key "nilai_rata-rata"
in APPPATH\Views\v_nilai_rapor.php on line 249.
 1 APPPATH\Views\v_nilai_rapor.php(249): CodeIgniter\Debug\Exceptions->errorHandler(2, 'Undefined array key "nilai_rata-rata"', 'D:\\laragon\\www\\sim\\app\\Views\\v_nilai_rapor.php', 249)
 2 SYSTEMPATH\View\View.php(224): include('D:\\laragon\\www\\sim\\app\\Views\\v_nilai_rapor.php')
 3 SYSTEMPATH\View\View.php(227): CodeIgniter\View\View->CodeIgniter\View\{closure}()
 4 SYSTEMPATH\Common.php(1176): CodeIgniter\View\View->render('v_nilai_rapor', [], true)
 5 APPPATH\Controllers\Nilai.php(244): view('v_nilai_rapor', [...])
 6 SYSTEMPATH\CodeIgniter.php(932): App\Controllers\Nilai->index()
 7 SYSTEMPATH\CodeIgniter.php(497): CodeIgniter\CodeIgniter->runController(Object(App\Controllers\Nilai))
 8 SYSTEMPATH\CodeIgniter.php(366): CodeIgniter\CodeIgniter->handleRequest(null, Object(Config\Cache), false)
 9 FCPATH\index.php(67): CodeIgniter\CodeIgniter->run()
10 SYSTEMPATH\Commands\Server\rewrite.php(47): require_once('D:\\laragon\\www\\sim\\public\\index.php')
INFO - 2024-03-10 14:20:19 --> Session: Class initialized using 'CodeIgniter\Session\Handlers\FileHandler' driver.
CRITICAL - 2024-03-10 14:20:19 --> Undefined array key "tujuan_pembelajarn_status"
in APPPATH\Views\v_nilai_rapor.php on line 259.
 1 APPPATH\Views\v_nilai_rapor.php(259): CodeIgniter\Debug\Exceptions->errorHandler(2, 'Undefined array key "tujuan_pembelajarn_status"', 'D:\\laragon\\www\\sim\\app\\Views\\v_nilai_rapor.php', 259)
 2 SYSTEMPATH\View\View.php(224): include('D:\\laragon\\www\\sim\\app\\Views\\v_nilai_rapor.php')
 3 SYSTEMPATH\View\View.php(227): CodeIgniter\View\View->CodeIgniter\View\{closure}()
 4 SYSTEMPATH\Common.php(1176): CodeIgniter\View\View->render('v_nilai_rapor', [], true)
 5 APPPATH\Controllers\Nilai.php(244): view('v_nilai_rapor', [...])
 6 SYSTEMPATH\CodeIgniter.php(932): App\Controllers\Nilai->index()
 7 SYSTEMPATH\CodeIgniter.php(497): CodeIgniter\CodeIgniter->runController(Object(App\Controllers\Nilai))
 8 SYSTEMPATH\CodeIgniter.php(366): CodeIgniter\CodeIgniter->handleRequest(null, Object(Config\Cache), false)
 9 FCPATH\index.php(67): CodeIgniter\CodeIgniter->run()
10 SYSTEMPATH\Commands\Server\rewrite.php(47): require_once('D:\\laragon\\www\\sim\\public\\index.php')
INFO - 2024-03-10 14:20:35 --> Session: Class initialized using 'CodeIgniter\Session\Handlers\FileHandler' driver.
INFO - 2024-03-10 14:21:31 --> Session: Class initialized using 'CodeIgniter\Session\Handlers\FileHandler' driver.
INFO - 2024-03-10 14:21:45 --> Session: Class initialized using 'CodeIgniter\Session\Handlers\FileHandler' driver.
INFO - 2024-03-10 14:22:19 --> Session: Class initialized using 'CodeIgniter\Session\Handlers\FileHandler' driver.
INFO - 2024-03-10 14:22:29 --> Session: Class initialized using 'CodeIgniter\Session\Handlers\FileHandler' driver.
INFO - 2024-03-10 14:22:50 --> Session: Class initialized using 'CodeIgniter\Session\Handlers\FileHandler' driver.
INFO - 2024-03-10 14:24:19 --> Session: Class initialized using 'CodeIgniter\Session\Handlers\FileHandler' driver.
INFO - 2024-03-10 14:24:21 --> Session: Class initialized using 'CodeIgniter\Session\Handlers\FileHandler' driver.
INFO - 2024-03-10 14:24:40 --> Session: Class initialized using 'CodeIgniter\Session\Handlers\FileHandler' driver.
INFO - 2024-03-10 14:24:54 --> Session: Class initialized using 'CodeIgniter\Session\Handlers\FileHandler' driver.
INFO - 2024-03-10 14:26:07 --> Session: Class initialized using 'CodeIgniter\Session\Handlers\FileHandler' driver.
INFO - 2024-03-10 14:27:06 --> Session: Class initialized using 'CodeIgniter\Session\Handlers\FileHandler' driver.
INFO - 2024-03-10 14:27:18 --> Session: Class initialized using 'CodeIgniter\Session\Handlers\FileHandler' driver.
INFO - 2024-03-10 14:27:25 --> Session: Class initialized using 'CodeIgniter\Session\Handlers\FileHandler' driver.
INFO - 2024-03-10 14:27:44 --> Session: Class initialized using 'CodeIgniter\Session\Handlers\FileHandler' driver.
INFO - 2024-03-10 14:28:17 --> Session: Class initialized using 'CodeIgniter\Session\Handlers\FileHandler' driver.
INFO - 2024-03-10 14:28:32 --> Session: Class initialized using 'CodeIgniter\Session\Handlers\FileHandler' driver.
INFO - 2024-03-10 14:28:48 --> Session: Class initialized using 'CodeIgniter\Session\Handlers\FileHandler' driver.
INFO - 2024-03-10 14:29:04 --> Session: Class initialized using 'CodeIgniter\Session\Handlers\FileHandler' driver.
INFO - 2024-03-10 14:29:57 --> Session: Class initialized using 'CodeIgniter\Session\Handlers\FileHandler' driver.
INFO - 2024-03-10 14:30:24 --> Session: Class initialized using 'CodeIgniter\Session\Handlers\FileHandler' driver.
INFO - 2024-03-10 14:30:47 --> Session: Class initialized using 'CodeIgniter\Session\Handlers\FileHandler' driver.
INFO - 2024-03-10 14:31:24 --> Session: Class initialized using 'CodeIgniter\Session\Handlers\FileHandler' driver.
INFO - 2024-03-10 14:35:21 --> Session: Class initialized using 'CodeIgniter\Session\Handlers\FileHandler' driver.
INFO - 2024-03-10 14:35:42 --> Session: Class initialized using 'CodeIgniter\Session\Handlers\FileHandler' driver.
INFO - 2024-03-10 14:35:51 --> Session: Class initialized using 'CodeIgniter\Session\Handlers\FileHandler' driver.
INFO - 2024-03-10 14:36:09 --> Session: Class initialized using 'CodeIgniter\Session\Handlers\FileHandler' driver.
INFO - 2024-03-10 14:36:41 --> Session: Class initialized using 'CodeIgniter\Session\Handlers\FileHandler' driver.
INFO - 2024-03-10 14:36:46 --> Session: Class initialized using 'CodeIgniter\Session\Handlers\FileHandler' driver.
INFO - 2024-03-10 14:43:34 --> Session: Class initialized using 'CodeIgniter\Session\Handlers\FileHandler' driver.
INFO - 2024-03-10 14:46:48 --> Session: Class initialized using 'CodeIgniter\Session\Handlers\FileHandler' driver.
CRITICAL - 2024-03-10 15:13:24 --> preg_replace_callback(): Argument #2 ($callback) must be a valid callback, function "ubahKodeMenjadiKata" not found or invalid function name
in APPPATH\Controllers\Nilai.php on line 543.
 1 APPPATH\Controllers\Nilai.php(543): preg_replace_callback('/(\\d{4}) (.+?);/', 'ubahKodeMenjadiKata', '2055 Menghapal surat An Naas')
 2 SYSTEMPATH\CodeIgniter.php(932): App\Controllers\Nilai->testabel()
 3 SYSTEMPATH\CodeIgniter.php(497): CodeIgniter\CodeIgniter->runController(Object(App\Controllers\Nilai))
 4 SYSTEMPATH\CodeIgniter.php(366): CodeIgniter\CodeIgniter->handleRequest(null, Object(Config\Cache), false)
 5 FCPATH\index.php(67): CodeIgniter\CodeIgniter->run()
 6 SYSTEMPATH\Commands\Server\rewrite.php(47): require_once('D:\\laragon\\www\\sim\\public\\index.php')
CRITICAL - 2024-03-10 16:31:01 --> Array to string conversion
in APPPATH\Controllers\Nilai.php on line 548.
 1 [internal function]: CodeIgniter\Debug\Exceptions->errorHandler(2, 'Array to string conversion', 'D:\\laragon\\www\\sim\\app\\Controllers\\Nilai.php', 548)
 2 APPPATH\Controllers\Nilai.php(548): implode(', ', [...])
 3 SYSTEMPATH\CodeIgniter.php(932): App\Controllers\Nilai->testabel()
 4 SYSTEMPATH\CodeIgniter.php(497): CodeIgniter\CodeIgniter->runController(Object(App\Controllers\Nilai))
 5 SYSTEMPATH\CodeIgniter.php(366): CodeIgniter\CodeIgniter->handleRequest(null, Object(Config\Cache), false)
 6 FCPATH\index.php(67): CodeIgniter\CodeIgniter->run()
 7 SYSTEMPATH\Commands\Server\rewrite.php(47): require_once('D:\\laragon\\www\\sim\\public\\index.php')
CRITICAL - 2024-03-10 16:31:47 --> Array to string conversion
in APPPATH\Controllers\Nilai.php on line 548.
 1 [internal function]: CodeIgniter\Debug\Exceptions->errorHandler(2, 'Array to string conversion', 'D:\\laragon\\www\\sim\\app\\Controllers\\Nilai.php', 548)
 2 APPPATH\Controllers\Nilai.php(548): implode(', ', [...])
 3 SYSTEMPATH\CodeIgniter.php(932): App\Controllers\Nilai->testabel()
 4 SYSTEMPATH\CodeIgniter.php(497): CodeIgniter\CodeIgniter->runController(Object(App\Controllers\Nilai))
 5 SYSTEMPATH\CodeIgniter.php(366): CodeIgniter\CodeIgniter->handleRequest(null, Object(Config\Cache), false)
 6 FCPATH\index.php(67): CodeIgniter\CodeIgniter->run()
 7 SYSTEMPATH\Commands\Server\rewrite.php(47): require_once('D:\\laragon\\www\\sim\\public\\index.php')
INFO - 2024-03-10 16:56:35 --> Session: Class initialized using 'CodeIgniter\Session\Handlers\FileHandler' driver.
INFO - 2024-03-10 16:56:35 --> Session: Class initialized using 'CodeIgniter\Session\Handlers\FileHandler' driver.
INFO - 2024-03-10 16:56:43 --> Session: Class initialized using 'CodeIgniter\Session\Handlers\FileHandler' driver.
INFO - 2024-03-10 16:56:43 --> Session: Class initialized using 'CodeIgniter\Session\Handlers\FileHandler' driver.
INFO - 2024-03-10 16:56:46 --> Session: Class initialized using 'CodeIgniter\Session\Handlers\FileHandler' driver.
INFO - 2024-03-10 16:57:08 --> Session: Class initialized using 'CodeIgniter\Session\Handlers\FileHandler' driver.
CRITICAL - 2024-03-10 16:57:08 --> Undefined array key 0
in APPPATH\Helpers\utama_helper.php on line 150.
 1 APPPATH\Helpers\utama_helper.php(150): CodeIgniter\Debug\Exceptions->errorHandler(2, 'Undefined array key 0', 'D:\\laragon\\www\\sim\\app\\Helpers\\utama_helper.php', 150)
 2 [internal function]: {closure}('2080 Menghapal surat Al A&#039', 'la')
 3 APPPATH\Helpers\utama_helper.php(152): usort([...], Object(Closure))
 4 APPPATH\Views\v_nilai_rapor.php(250): capaiannilai('2080 Menghapal surat Al A&#039;la; 2085 Menghapal surat Al Mulk')
 5 SYSTEMPATH\View\View.php(224): include('D:\\laragon\\www\\sim\\app\\Views\\v_nilai_rapor.php')
 6 SYSTEMPATH\View\View.php(227): CodeIgniter\View\View->CodeIgniter\View\{closure}()
 7 SYSTEMPATH\Common.php(1176): CodeIgniter\View\View->render('v_nilai_rapor', [], true)
 8 APPPATH\Controllers\Nilai.php(244): view('v_nilai_rapor', [...])
 9 SYSTEMPATH\CodeIgniter.php(932): App\Controllers\Nilai->index()
10 SYSTEMPATH\CodeIgniter.php(497): CodeIgniter\CodeIgniter->runController(Object(App\Controllers\Nilai))
11 SYSTEMPATH\CodeIgniter.php(366): CodeIgniter\CodeIgniter->handleRequest(null, Object(Config\Cache), false)
12 FCPATH\index.php(67): CodeIgniter\CodeIgniter->run()
13 SYSTEMPATH\Commands\Server\rewrite.php(47): require_once('D:\\laragon\\www\\sim\\public\\index.php')
INFO - 2024-03-10 16:57:48 --> Session: Class initialized using 'CodeIgniter\Session\Handlers\FileHandler' driver.
INFO - 2024-03-10 17:00:04 --> Session: Class initialized using 'CodeIgniter\Session\Handlers\FileHandler' driver.
INFO - 2024-03-10 17:01:00 --> Session: Class initialized using 'CodeIgniter\Session\Handlers\FileHandler' driver.
INFO - 2024-03-10 17:01:32 --> Session: Class initialized using 'CodeIgniter\Session\Handlers\FileHandler' driver.
CRITICAL - 2024-03-10 17:01:32 --> Undefined array key 0
in APPPATH\Helpers\utama_helper.php on line 150.
 1 APPPATH\Helpers\utama_helper.php(150): CodeIgniter\Debug\Exceptions->errorHandler(2, 'Undefined array key 0', 'D:\\laragon\\www\\sim\\app\\Helpers\\utama_helper.php', 150)
 2 [internal function]: {closure}('2080 Menghapal surat Al A&#039', 'la')
 3 APPPATH\Helpers\utama_helper.php(152): usort([...], Object(Closure))
 4 APPPATH\Views\v_nilai_rapor.php(250): capaiannilai('2080 Menghapal surat Al A&#039;la; 2085 Menghapal surat Al Mulk')
 5 SYSTEMPATH\View\View.php(224): include('D:\\laragon\\www\\sim\\app\\Views\\v_nilai_rapor.php')
 6 SYSTEMPATH\View\View.php(227): CodeIgniter\View\View->CodeIgniter\View\{closure}()
 7 SYSTEMPATH\Common.php(1176): CodeIgniter\View\View->render('v_nilai_rapor', [], true)
 8 APPPATH\Controllers\Nilai.php(244): view('v_nilai_rapor', [...])
 9 SYSTEMPATH\CodeIgniter.php(932): App\Controllers\Nilai->index()
10 SYSTEMPATH\CodeIgniter.php(497): CodeIgniter\CodeIgniter->runController(Object(App\Controllers\Nilai))
11 SYSTEMPATH\CodeIgniter.php(366): CodeIgniter\CodeIgniter->handleRequest(null, Object(Config\Cache), false)
12 FCPATH\index.php(67): CodeIgniter\CodeIgniter->run()
13 SYSTEMPATH\Commands\Server\rewrite.php(47): require_once('D:\\laragon\\www\\sim\\public\\index.php')
INFO - 2024-03-10 17:04:11 --> Session: Class initialized using 'CodeIgniter\Session\Handlers\FileHandler' driver.
CRITICAL - 2024-03-10 17:04:11 --> Undefined array key 0
in APPPATH\Helpers\utama_helper.php on line 150.
 1 APPPATH\Helpers\utama_helper.php(150): CodeIgniter\Debug\Exceptions->errorHandler(2, 'Undefined array key 0', 'D:\\laragon\\www\\sim\\app\\Helpers\\utama_helper.php', 150)
 2 [internal function]: {closure}('2080 Menghapal surat Al A&#039', 'la')
 3 APPPATH\Helpers\utama_helper.php(152): usort([...], Object(Closure))
 4 APPPATH\Views\v_nilai_rapor.php(250): capaiannilai('2080 Menghapal surat Al A&#039;la; 2085 Menghapal surat Al Mulk')
 5 SYSTEMPATH\View\View.php(224): include('D:\\laragon\\www\\sim\\app\\Views\\v_nilai_rapor.php')
 6 SYSTEMPATH\View\View.php(227): CodeIgniter\View\View->CodeIgniter\View\{closure}()
 7 SYSTEMPATH\Common.php(1176): CodeIgniter\View\View->render('v_nilai_rapor', [], true)
 8 APPPATH\Controllers\Nilai.php(244): view('v_nilai_rapor', [...])
 9 SYSTEMPATH\CodeIgniter.php(932): App\Controllers\Nilai->index()
10 SYSTEMPATH\CodeIgniter.php(497): CodeIgniter\CodeIgniter->runController(Object(App\Controllers\Nilai))
11 SYSTEMPATH\CodeIgniter.php(366): CodeIgniter\CodeIgniter->handleRequest(null, Object(Config\Cache), false)
12 FCPATH\index.php(67): CodeIgniter\CodeIgniter->run()
13 SYSTEMPATH\Commands\Server\rewrite.php(47): require_once('D:\\laragon\\www\\sim\\public\\index.php')
INFO - 2024-03-10 17:04:27 --> Session: Class initialized using 'CodeIgniter\Session\Handlers\FileHandler' driver.
CRITICAL - 2024-03-10 17:04:27 --> Undefined array key 0
in APPPATH\Helpers\utama_helper.php on line 150.
 1 APPPATH\Helpers\utama_helper.php(150): CodeIgniter\Debug\Exceptions->errorHandler(2, 'Undefined array key 0', 'D:\\laragon\\www\\sim\\app\\Helpers\\utama_helper.php', 150)
 2 [internal function]: {closure}('2080 Menghapal surat Al A&#039', 'la')
 3 APPPATH\Helpers\utama_helper.php(152): usort([...], Object(Closure))
 4 APPPATH\Views\v_nilai_rapor.php(250): capaiannilai('2080 Menghapal surat Al A&#039;la; 2085 Menghapal surat Al Mulk')
 5 SYSTEMPATH\View\View.php(224): include('D:\\laragon\\www\\sim\\app\\Views\\v_nilai_rapor.php')
 6 SYSTEMPATH\View\View.php(227): CodeIgniter\View\View->CodeIgniter\View\{closure}()
 7 SYSTEMPATH\Common.php(1176): CodeIgniter\View\View->render('v_nilai_rapor', [], true)
 8 APPPATH\Controllers\Nilai.php(244): view('v_nilai_rapor', [...])
 9 SYSTEMPATH\CodeIgniter.php(932): App\Controllers\Nilai->index()
10 SYSTEMPATH\CodeIgniter.php(497): CodeIgniter\CodeIgniter->runController(Object(App\Controllers\Nilai))
11 SYSTEMPATH\CodeIgniter.php(366): CodeIgniter\CodeIgniter->handleRequest(null, Object(Config\Cache), false)
12 FCPATH\index.php(67): CodeIgniter\CodeIgniter->run()
13 SYSTEMPATH\Commands\Server\rewrite.php(47): require_once('D:\\laragon\\www\\sim\\public\\index.php')
INFO - 2024-03-10 17:05:32 --> Session: Class initialized using 'CodeIgniter\Session\Handlers\FileHandler' driver.
CRITICAL - 2024-03-10 17:05:32 --> Undefined array key 0
in APPPATH\Helpers\utama_helper.php on line 150.
 1 APPPATH\Helpers\utama_helper.php(150): CodeIgniter\Debug\Exceptions->errorHandler(2, 'Undefined array key 0', 'D:\\laragon\\www\\sim\\app\\Helpers\\utama_helper.php', 150)
 2 [internal function]: {closure}('2080 Menghapal surat Al A&#039', 'la')
 3 APPPATH\Helpers\utama_helper.php(152): usort([...], Object(Closure))
 4 APPPATH\Views\v_nilai_rapor.php(250): capaiannilai('2080 Menghapal surat Al A&#039;la; 2085 Menghapal surat Al Mulk')
 5 SYSTEMPATH\View\View.php(224): include('D:\\laragon\\www\\sim\\app\\Views\\v_nilai_rapor.php')
 6 SYSTEMPATH\View\View.php(227): CodeIgniter\View\View->CodeIgniter\View\{closure}()
 7 SYSTEMPATH\Common.php(1176): CodeIgniter\View\View->render('v_nilai_rapor', [], true)
 8 APPPATH\Controllers\Nilai.php(244): view('v_nilai_rapor', [...])
 9 SYSTEMPATH\CodeIgniter.php(932): App\Controllers\Nilai->index()
10 SYSTEMPATH\CodeIgniter.php(497): CodeIgniter\CodeIgniter->runController(Object(App\Controllers\Nilai))
11 SYSTEMPATH\CodeIgniter.php(366): CodeIgniter\CodeIgniter->handleRequest(null, Object(Config\Cache), false)
12 FCPATH\index.php(67): CodeIgniter\CodeIgniter->run()
13 SYSTEMPATH\Commands\Server\rewrite.php(47): require_once('D:\\laragon\\www\\sim\\public\\index.php')
INFO - 2024-03-10 17:05:54 --> Session: Class initialized using 'CodeIgniter\Session\Handlers\FileHandler' driver.
CRITICAL - 2024-03-10 17:05:54 --> Undefined array key 0
in APPPATH\Helpers\utama_helper.php on line 150.
 1 APPPATH\Helpers\utama_helper.php(150): CodeIgniter\Debug\Exceptions->errorHandler(2, 'Undefined array key 0', 'D:\\laragon\\www\\sim\\app\\Helpers\\utama_helper.php', 150)
 2 [internal function]: {closure}('2080 Menghapal surat Al A&#039', 'la')
 3 APPPATH\Helpers\utama_helper.php(152): usort([...], Object(Closure))
 4 APPPATH\Views\v_nilai_rapor.php(250): capaiannilai('2080 Menghapal surat Al A&#039;la; 2085 Menghapal surat Al Mulk')
 5 SYSTEMPATH\View\View.php(224): include('D:\\laragon\\www\\sim\\app\\Views\\v_nilai_rapor.php')
 6 SYSTEMPATH\View\View.php(227): CodeIgniter\View\View->CodeIgniter\View\{closure}()
 7 SYSTEMPATH\Common.php(1176): CodeIgniter\View\View->render('v_nilai_rapor', [], true)
 8 APPPATH\Controllers\Nilai.php(244): view('v_nilai_rapor', [...])
 9 SYSTEMPATH\CodeIgniter.php(932): App\Controllers\Nilai->index()
10 SYSTEMPATH\CodeIgniter.php(497): CodeIgniter\CodeIgniter->runController(Object(App\Controllers\Nilai))
11 SYSTEMPATH\CodeIgniter.php(366): CodeIgniter\CodeIgniter->handleRequest(null, Object(Config\Cache), false)
12 FCPATH\index.php(67): CodeIgniter\CodeIgniter->run()
13 SYSTEMPATH\Commands\Server\rewrite.php(47): require_once('D:\\laragon\\www\\sim\\public\\index.php')
INFO - 2024-03-10 17:06:33 --> Session: Class initialized using 'CodeIgniter\Session\Handlers\FileHandler' driver.
INFO - 2024-03-10 17:06:44 --> Session: Class initialized using 'CodeIgniter\Session\Handlers\FileHandler' driver.
INFO - 2024-03-10 17:07:02 --> Session: Class initialized using 'CodeIgniter\Session\Handlers\FileHandler' driver.
INFO - 2024-03-10 17:07:35 --> Session: Class initialized using 'CodeIgniter\Session\Handlers\FileHandler' driver.
INFO - 2024-03-10 17:07:50 --> Session: Class initialized using 'CodeIgniter\Session\Handlers\FileHandler' driver.
INFO - 2024-03-10 17:08:21 --> Session: Class initialized using 'CodeIgniter\Session\Handlers\FileHandler' driver.
CRITICAL - 2024-03-10 17:08:21 --> Undefined array key 0
in APPPATH\Helpers\utama_helper.php on line 150.
 1 APPPATH\Helpers\utama_helper.php(150): CodeIgniter\Debug\Exceptions->errorHandler(2, 'Undefined array key 0', 'D:\\laragon\\www\\sim\\app\\Helpers\\utama_helper.php', 150)
 2 [internal function]: {closure}('2080 Menghapal surat Al A&#039', 'la')
 3 APPPATH\Helpers\utama_helper.php(152): usort([...], Object(Closure))
 4 APPPATH\Views\v_nilai_rapor.php(253): capaiannilai('2080 Menghapal surat Al A&#039;la; 2085 Menghapal surat Al Mulk')
 5 SYSTEMPATH\View\View.php(224): include('D:\\laragon\\www\\sim\\app\\Views\\v_nilai_rapor.php')
 6 SYSTEMPATH\View\View.php(227): CodeIgniter\View\View->CodeIgniter\View\{closure}()
 7 SYSTEMPATH\Common.php(1176): CodeIgniter\View\View->render('v_nilai_rapor', [], true)
 8 APPPATH\Controllers\Nilai.php(244): view('v_nilai_rapor', [...])
 9 SYSTEMPATH\CodeIgniter.php(932): App\Controllers\Nilai->index()
10 SYSTEMPATH\CodeIgniter.php(497): CodeIgniter\CodeIgniter->runController(Object(App\Controllers\Nilai))
11 SYSTEMPATH\CodeIgniter.php(366): CodeIgniter\CodeIgniter->handleRequest(null, Object(Config\Cache), false)
12 FCPATH\index.php(67): CodeIgniter\CodeIgniter->run()
13 SYSTEMPATH\Commands\Server\rewrite.php(47): require_once('D:\\laragon\\www\\sim\\public\\index.php')
INFO - 2024-03-10 17:11:14 --> Session: Class initialized using 'CodeIgniter\Session\Handlers\FileHandler' driver.
CRITICAL - 2024-03-10 17:11:14 --> Undefined array key 0
in APPPATH\Helpers\utama_helper.php on line 150.
 1 APPPATH\Helpers\utama_helper.php(150): CodeIgniter\Debug\Exceptions->errorHandler(2, 'Undefined array key 0', 'D:\\laragon\\www\\sim\\app\\Helpers\\utama_helper.php', 150)
 2 [internal function]: {closure}('2080 Menghapal surat Al A&#039', 'la')
 3 APPPATH\Helpers\utama_helper.php(152): usort([...], Object(Closure))
 4 APPPATH\Views\v_nilai_rapor.php(253): capaiannilai('2080 Menghapal surat Al A&#039;la; 2085 Menghapal surat Al Mulk')
 5 SYSTEMPATH\View\View.php(224): include('D:\\laragon\\www\\sim\\app\\Views\\v_nilai_rapor.php')
 6 SYSTEMPATH\View\View.php(227): CodeIgniter\View\View->CodeIgniter\View\{closure}()
 7 SYSTEMPATH\Common.php(1176): CodeIgniter\View\View->render('v_nilai_rapor', [], true)
 8 APPPATH\Controllers\Nilai.php(244): view('v_nilai_rapor', [...])
 9 SYSTEMPATH\CodeIgniter.php(932): App\Controllers\Nilai->index()
10 SYSTEMPATH\CodeIgniter.php(497): CodeIgniter\CodeIgniter->runController(Object(App\Controllers\Nilai))
11 SYSTEMPATH\CodeIgniter.php(366): CodeIgniter\CodeIgniter->handleRequest(null, Object(Config\Cache), false)
12 FCPATH\index.php(67): CodeIgniter\CodeIgniter->run()
13 SYSTEMPATH\Commands\Server\rewrite.php(47): require_once('D:\\laragon\\www\\sim\\public\\index.php')
INFO - 2024-03-10 17:19:46 --> Session: Class initialized using 'CodeIgniter\Session\Handlers\FileHandler' driver.
CRITICAL - 2024-03-10 17:19:46 --> Undefined array key 0
in APPPATH\Helpers\utama_helper.php on line 147.
 1 APPPATH\Helpers\utama_helper.php(147): CodeIgniter\Debug\Exceptions->errorHandler(2, 'Undefined array key 0', 'D:\\laragon\\www\\sim\\app\\Helpers\\utama_helper.php', 147)
 2 [internal function]: {closure}('2080 Menghapal surat Al A&#039', 'la')
 3 APPPATH\Helpers\utama_helper.php(149): usort([...], Object(Closure))
 4 APPPATH\Views\v_nilai_rapor.php(253): capaiannilai('2080 Menghapal surat Al A&#039;la; 2085 Menghapal surat Al Mulk')
 5 SYSTEMPATH\View\View.php(224): include('D:\\laragon\\www\\sim\\app\\Views\\v_nilai_rapor.php')
 6 SYSTEMPATH\View\View.php(227): CodeIgniter\View\View->CodeIgniter\View\{closure}()
 7 SYSTEMPATH\Common.php(1176): CodeIgniter\View\View->render('v_nilai_rapor', [], true)
 8 APPPATH\Controllers\Nilai.php(244): view('v_nilai_rapor', [...])
 9 SYSTEMPATH\CodeIgniter.php(932): App\Controllers\Nilai->index()
10 SYSTEMPATH\CodeIgniter.php(497): CodeIgniter\CodeIgniter->runController(Object(App\Controllers\Nilai))
11 SYSTEMPATH\CodeIgniter.php(366): CodeIgniter\CodeIgniter->handleRequest(null, Object(Config\Cache), false)
12 FCPATH\index.php(67): CodeIgniter\CodeIgniter->run()
13 SYSTEMPATH\Commands\Server\rewrite.php(47): require_once('D:\\laragon\\www\\sim\\public\\index.php')
INFO - 2024-03-10 17:20:11 --> Session: Class initialized using 'CodeIgniter\Session\Handlers\FileHandler' driver.
CRITICAL - 2024-03-10 17:20:11 --> Undefined array key 0
in APPPATH\Helpers\utama_helper.php on line 147.
 1 APPPATH\Helpers\utama_helper.php(147): CodeIgniter\Debug\Exceptions->errorHandler(2, 'Undefined array key 0', 'D:\\laragon\\www\\sim\\app\\Helpers\\utama_helper.php', 147)
 2 [internal function]: {closure}('2080 Menghapal surat Al A&#039', 'la')
 3 APPPATH\Helpers\utama_helper.php(149): usort([...], Object(Closure))
 4 APPPATH\Views\v_nilai_rapor.php(253): capaiannilai('2080 Menghapal surat Al A&#039;la; 2085 Menghapal surat Al Mulk')
 5 SYSTEMPATH\View\View.php(224): include('D:\\laragon\\www\\sim\\app\\Views\\v_nilai_rapor.php')
 6 SYSTEMPATH\View\View.php(227): CodeIgniter\View\View->CodeIgniter\View\{closure}()
 7 SYSTEMPATH\Common.php(1176): CodeIgniter\View\View->render('v_nilai_rapor', [], true)
 8 APPPATH\Controllers\Nilai.php(244): view('v_nilai_rapor', [...])
 9 SYSTEMPATH\CodeIgniter.php(932): App\Controllers\Nilai->index()
10 SYSTEMPATH\CodeIgniter.php(497): CodeIgniter\CodeIgniter->runController(Object(App\Controllers\Nilai))
11 SYSTEMPATH\CodeIgniter.php(366): CodeIgniter\CodeIgniter->handleRequest(null, Object(Config\Cache), false)
12 FCPATH\index.php(67): CodeIgniter\CodeIgniter->run()
13 SYSTEMPATH\Commands\Server\rewrite.php(47): require_once('D:\\laragon\\www\\sim\\public\\index.php')
INFO - 2024-03-10 17:20:46 --> Session: Class initialized using 'CodeIgniter\Session\Handlers\FileHandler' driver.
CRITICAL - 2024-03-10 17:20:46 --> Undefined array key 0
in APPPATH\Helpers\utama_helper.php on line 147.
 1 APPPATH\Helpers\utama_helper.php(147): CodeIgniter\Debug\Exceptions->errorHandler(2, 'Undefined array key 0', 'D:\\laragon\\www\\sim\\app\\Helpers\\utama_helper.php', 147)
 2 [internal function]: {closure}('2080 Menghapal surat Al A&#039', 'la')
 3 APPPATH\Helpers\utama_helper.php(149): usort([...], Object(Closure))
 4 APPPATH\Views\v_nilai_rapor.php(253): capaiannilai('2080 Menghapal surat Al A&#039;la; 2085 Menghapal surat Al Mulk')
 5 SYSTEMPATH\View\View.php(224): include('D:\\laragon\\www\\sim\\app\\Views\\v_nilai_rapor.php')
 6 SYSTEMPATH\View\View.php(227): CodeIgniter\View\View->CodeIgniter\View\{closure}()
 7 SYSTEMPATH\Common.php(1176): CodeIgniter\View\View->render('v_nilai_rapor', [], true)
 8 APPPATH\Controllers\Nilai.php(244): view('v_nilai_rapor', [...])
 9 SYSTEMPATH\CodeIgniter.php(932): App\Controllers\Nilai->index()
10 SYSTEMPATH\CodeIgniter.php(497): CodeIgniter\CodeIgniter->runController(Object(App\Controllers\Nilai))
11 SYSTEMPATH\CodeIgniter.php(366): CodeIgniter\CodeIgniter->handleRequest(null, Object(Config\Cache), false)
12 FCPATH\index.php(67): CodeIgniter\CodeIgniter->run()
13 SYSTEMPATH\Commands\Server\rewrite.php(47): require_once('D:\\laragon\\www\\sim\\public\\index.php')
INFO - 2024-03-10 17:21:18 --> Session: Class initialized using 'CodeIgniter\Session\Handlers\FileHandler' driver.
CRITICAL - 2024-03-10 17:21:18 --> Undefined array key 0
in APPPATH\Helpers\utama_helper.php on line 147.
 1 APPPATH\Helpers\utama_helper.php(147): CodeIgniter\Debug\Exceptions->errorHandler(2, 'Undefined array key 0', 'D:\\laragon\\www\\sim\\app\\Helpers\\utama_helper.php', 147)
 2 [internal function]: {closure}('2080 Menghapal surat Al A&#039', 'la')
 3 APPPATH\Helpers\utama_helper.php(149): usort([...], Object(Closure))
 4 APPPATH\Views\v_nilai_rapor.php(253): capaiannilai('2080 Menghapal surat Al A&#039;la; 2085 Menghapal surat Al Mulk')
 5 SYSTEMPATH\View\View.php(224): include('D:\\laragon\\www\\sim\\app\\Views\\v_nilai_rapor.php')
 6 SYSTEMPATH\View\View.php(227): CodeIgniter\View\View->CodeIgniter\View\{closure}()
 7 SYSTEMPATH\Common.php(1176): CodeIgniter\View\View->render('v_nilai_rapor', [], true)
 8 APPPATH\Controllers\Nilai.php(244): view('v_nilai_rapor', [...])
 9 SYSTEMPATH\CodeIgniter.php(932): App\Controllers\Nilai->index()
10 SYSTEMPATH\CodeIgniter.php(497): CodeIgniter\CodeIgniter->runController(Object(App\Controllers\Nilai))
11 SYSTEMPATH\CodeIgniter.php(366): CodeIgniter\CodeIgniter->handleRequest(null, Object(Config\Cache), false)
12 FCPATH\index.php(67): CodeIgniter\CodeIgniter->run()
13 SYSTEMPATH\Commands\Server\rewrite.php(47): require_once('D:\\laragon\\www\\sim\\public\\index.php')
INFO - 2024-03-10 17:22:39 --> Session: Class initialized using 'CodeIgniter\Session\Handlers\FileHandler' driver.
INFO - 2024-03-10 17:25:33 --> Session: Class initialized using 'CodeIgniter\Session\Handlers\FileHandler' driver.
INFO - 2024-03-10 17:27:41 --> Session: Class initialized using 'CodeIgniter\Session\Handlers\FileHandler' driver.
INFO - 2024-03-10 17:28:24 --> Session: Class initialized using 'CodeIgniter\Session\Handlers\FileHandler' driver.
INFO - 2024-03-10 17:28:56 --> Session: Class initialized using 'CodeIgniter\Session\Handlers\FileHandler' driver.
INFO - 2024-03-10 17:29:32 --> Session: Class initialized using 'CodeIgniter\Session\Handlers\FileHandler' driver.
INFO - 2024-03-10 17:33:17 --> Session: Class initialized using 'CodeIgniter\Session\Handlers\FileHandler' driver.
INFO - 2024-03-10 17:33:49 --> Session: Class initialized using 'CodeIgniter\Session\Handlers\FileHandler' driver.
INFO - 2024-03-10 17:35:20 --> Session: Class initialized using 'CodeIgniter\Session\Handlers\FileHandler' driver.
INFO - 2024-03-10 17:35:45 --> Session: Class initialized using 'CodeIgniter\Session\Handlers\FileHandler' driver.
INFO - 2024-03-10 20:24:47 --> Session: Class initialized using 'CodeIgniter\Session\Handlers\FileHandler' driver.
INFO - 2024-03-10 20:24:47 --> Session: Class initialized using 'CodeIgniter\Session\Handlers\FileHandler' driver.
INFO - 2024-03-10 20:24:59 --> Session: Class initialized using 'CodeIgniter\Session\Handlers\FileHandler' driver.
INFO - 2024-03-10 20:24:59 --> Session: Class initialized using 'CodeIgniter\Session\Handlers\FileHandler' driver.
INFO - 2024-03-10 20:25:05 --> Session: Class initialized using 'CodeIgniter\Session\Handlers\FileHandler' driver.
INFO - 2024-03-10 20:26:23 --> Session: Class initialized using 'CodeIgniter\Session\Handlers\FileHandler' driver.
INFO - 2024-03-10 20:29:30 --> Session: Class initialized using 'CodeIgniter\Session\Handlers\FileHandler' driver.
INFO - 2024-03-10 20:29:34 --> Session: Class initialized using 'CodeIgniter\Session\Handlers\FileHandler' driver.
INFO - 2024-03-10 20:29:35 --> Session: Class initialized using 'CodeIgniter\Session\Handlers\FileHandler' driver.
INFO - 2024-03-10 20:30:04 --> Session: Class initialized using 'CodeIgniter\Session\Handlers\FileHandler' driver.
INFO - 2024-03-10 20:30:05 --> Session: Class initialized using 'CodeIgniter\Session\Handlers\FileHandler' driver.
INFO - 2024-03-10 20:30:08 --> Session: Class initialized using 'CodeIgniter\Session\Handlers\FileHandler' driver.
INFO - 2024-03-10 20:41:51 --> Session: Class initialized using 'CodeIgniter\Session\Handlers\FileHandler' driver.
INFO - 2024-03-10 20:42:04 --> Session: Class initialized using 'CodeIgniter\Session\Handlers\FileHandler' driver.
INFO - 2024-03-10 20:42:05 --> Session: Class initialized using 'CodeIgniter\Session\Handlers\FileHandler' driver.
INFO - 2024-03-10 20:42:11 --> Session: Class initialized using 'CodeIgniter\Session\Handlers\FileHandler' driver.
INFO - 2024-03-10 20:42:12 --> Session: Class initialized using 'CodeIgniter\Session\Handlers\FileHandler' driver.
INFO - 2024-03-10 20:42:16 --> Session: Class initialized using 'CodeIgniter\Session\Handlers\FileHandler' driver.
INFO - 2024-03-10 20:43:13 --> Session: Class initialized using 'CodeIgniter\Session\Handlers\FileHandler' driver.
INFO - 2024-03-10 20:43:14 --> Session: Class initialized using 'CodeIgniter\Session\Handlers\FileHandler' driver.
INFO - 2024-03-10 20:43:16 --> Session: Class initialized using 'CodeIgniter\Session\Handlers\FileHandler' driver.
INFO - 2024-03-10 20:43:17 --> Session: Class initialized using 'CodeIgniter\Session\Handlers\FileHandler' driver.
INFO - 2024-03-10 20:43:22 --> Session: Class initialized using 'CodeIgniter\Session\Handlers\FileHandler' driver.
INFO - 2024-03-10 20:43:38 --> Session: Class initialized using 'CodeIgniter\Session\Handlers\FileHandler' driver.
ERROR - 2024-03-10 21:12:16 --> mysqli_sql_exception: Unknown column 'g.siswa.agama' in 'where clause' in D:\laragon\www\sim\system\Database\MySQLi\Connection.php:295
Stack trace:
#0 D:\laragon\www\sim\system\Database\MySQLi\Connection.php(295): mysqli->query('SELECT gs.*, g....', 0)
#1 D:\laragon\www\sim\system\Database\BaseConnection.php(692): CodeIgniter\Database\MySQLi\Connection->execute('SELECT gs.*, g....')
#2 D:\laragon\www\sim\system\Database\BaseConnection.php(606): CodeIgniter\Database\BaseConnection->simpleQuery('SELECT gs.*, g....')
#3 D:\laragon\www\sim\app\Models\M_user.php(951): CodeIgniter\Database\BaseConnection->query('SELECT gs.*, g....', Array)
#4 D:\laragon\www\sim\app\Controllers\Nilai.php(77): App\Models\M_user->getDaftarnilai('2d7433d1-b060-4...', 2023, '11', 'XI-B2', '19', 'Hindu')
#5 D:\laragon\www\sim\system\CodeIgniter.php(932): App\Controllers\Nilai->index()
#6 D:\laragon\www\sim\system\CodeIgniter.php(497): CodeIgniter\CodeIgniter->runController(Object(App\Controllers\Nilai))
#7 D:\laragon\www\sim\system\CodeIgniter.php(366): CodeIgniter\CodeIgniter->handleRequest(NULL, Object(Config\Cache), false)
#8 D:\laragon\www\sim\public\index.php(67): CodeIgniter\CodeIgniter->run()
#9 D:\laragon\www\sim\system\Commands\Server\rewrite.php(47): require_once('D:\\laragon\\www\\...')
#10 {main}
CRITICAL - 2024-03-10 21:12:16 --> Unknown column 'g.siswa.agama' in 'where clause'
in SYSTEMPATH\Database\MySQLi\Connection.php on line 295.
 1 SYSTEMPATH\Database\MySQLi\Connection.php(295): mysqli->query('SELECT gs.*, g.*, n.*, GROUP_CONCAT(COALESCE(t.status, 0) SEPARATOR \';\') AS nilai_tp
                FROM tb_siswa_sekolah gs
                LEFT JOIN tb_siswa g ON g.nisn = gs.nisn
                LEFT JOIN tb_nilai_siswa n ON n.nisn = gs.nisn AND n.id_tugas = \'19\' 
                LEFT JOIN tb_nilai_tp t ON t.id_nilai_siswa = n.id
                WHERE gs.id_sekolah = \'2d7433d1-b060-4656-8fd4-5802b49ee54b\' 
                    AND gs.tahun_ajaran = 2023 
                    AND kelas = \'11\' 
                    AND nama_rombel = \'XI-B2\' AND g.siswa.agama = \'Hindu\'  
                GROUP BY n.id_tugas, g.nama
                ORDER BY kelas, nis', 0)
 2 SYSTEMPATH\Database\BaseConnection.php(692): CodeIgniter\Database\MySQLi\Connection->execute('SELECT gs.*, g.*, n.*, GROUP_CONCAT(COALESCE(t.status, 0) SEPARATOR \';\') AS nilai_tp
                FROM tb_siswa_sekolah gs
                LEFT JOIN tb_siswa g ON g.nisn = gs.nisn
                LEFT JOIN tb_nilai_siswa n ON n.nisn = gs.nisn AND n.id_tugas = \'19\' 
                LEFT JOIN tb_nilai_tp t ON t.id_nilai_siswa = n.id
                WHERE gs.id_sekolah = \'2d7433d1-b060-4656-8fd4-5802b49ee54b\' 
                    AND gs.tahun_ajaran = 2023 
                    AND kelas = \'11\' 
                    AND nama_rombel = \'XI-B2\' AND g.siswa.agama = \'Hindu\'  
                GROUP BY n.id_tugas, g.nama
                ORDER BY kelas, nis')
 3 SYSTEMPATH\Database\BaseConnection.php(606): CodeIgniter\Database\BaseConnection->simpleQuery('SELECT gs.*, g.*, n.*, GROUP_CONCAT(COALESCE(t.status, 0) SEPARATOR \';\') AS nilai_tp
                FROM tb_siswa_sekolah gs
                LEFT JOIN tb_siswa g ON g.nisn = gs.nisn
                LEFT JOIN tb_nilai_siswa n ON n.nisn = gs.nisn AND n.id_tugas = \'19\' 
                LEFT JOIN tb_nilai_tp t ON t.id_nilai_siswa = n.id
                WHERE gs.id_sekolah = \'2d7433d1-b060-4656-8fd4-5802b49ee54b\' 
                    AND gs.tahun_ajaran = 2023 
                    AND kelas = \'11\' 
                    AND nama_rombel = \'XI-B2\' AND g.siswa.agama = \'Hindu\'  
                GROUP BY n.id_tugas, g.nama
                ORDER BY kelas, nis')
 4 APPPATH\Models\M_user.php(951): CodeIgniter\Database\BaseConnection->query('SELECT gs.*, g.*, n.*, GROUP_CONCAT(COALESCE(t.status, 0) SEPARATOR \';\') AS nilai_tp
                FROM tb_siswa_sekolah gs
                LEFT JOIN tb_siswa g ON g.nisn = gs.nisn
                LEFT JOIN tb_nilai_siswa n ON n.nisn = gs.nisn AND n.id_tugas = :id_tugas: 
                LEFT JOIN tb_nilai_tp t ON t.id_nilai_siswa = n.id
                WHERE gs.id_sekolah = :id_sekolah: 
                    AND gs.tahun_ajaran = :tahun_ajaran: 
                    AND kelas = :kelas: 
                    AND nama_rombel = :rombel: AND g.siswa.agama = :agama:  
                GROUP BY n.id_tugas, g.nama
                ORDER BY kelas, nis', [...])
 5 APPPATH\Controllers\Nilai.php(77): App\Models\M_user->getDaftarnilai('2d7433d1-b060-4656-8fd4-5802b49ee54b', 2023, '11', 'XI-B2', '19', 'Hindu')
 6 SYSTEMPATH\CodeIgniter.php(932): App\Controllers\Nilai->index()
 7 SYSTEMPATH\CodeIgniter.php(497): CodeIgniter\CodeIgniter->runController(Object(App\Controllers\Nilai))
 8 SYSTEMPATH\CodeIgniter.php(366): CodeIgniter\CodeIgniter->handleRequest(null, Object(Config\Cache), false)
 9 FCPATH\index.php(67): CodeIgniter\CodeIgniter->run()
10 SYSTEMPATH\Commands\Server\rewrite.php(47): require_once('D:\\laragon\\www\\sim\\public\\index.php')
CRITICAL - 2024-03-10 21:14:10 --> Undefined variable $id_rombel
in APPPATH\Controllers\Admin.php on line 2021.
 1 APPPATH\Controllers\Admin.php(2021): CodeIgniter\Debug\Exceptions->errorHandler(2, 'Undefined variable $id_rombel', 'D:\\laragon\\www\\sim\\app\\Controllers\\Admin.php', 2021)
 2 SYSTEMPATH\CodeIgniter.php(932): App\Controllers\Admin->simpan_guru_mapel()
 3 SYSTEMPATH\CodeIgniter.php(497): CodeIgniter\CodeIgniter->runController(Object(App\Controllers\Admin))
 4 SYSTEMPATH\CodeIgniter.php(366): CodeIgniter\CodeIgniter->handleRequest(null, Object(Config\Cache), false)
 5 FCPATH\index.php(67): CodeIgniter\CodeIgniter->run()
 6 SYSTEMPATH\Commands\Server\rewrite.php(47): require_once('D:\\laragon\\www\\sim\\public\\index.php')
CRITICAL - 2024-03-10 21:14:11 --> Undefined variable $id_rombel
in APPPATH\Controllers\Admin.php on line 2021.
 1 APPPATH\Controllers\Admin.php(2021): CodeIgniter\Debug\Exceptions->errorHandler(2, 'Undefined variable $id_rombel', 'D:\\laragon\\www\\sim\\app\\Controllers\\Admin.php', 2021)
 2 SYSTEMPATH\CodeIgniter.php(932): App\Controllers\Admin->simpan_guru_mapel()
 3 SYSTEMPATH\CodeIgniter.php(497): CodeIgniter\CodeIgniter->runController(Object(App\Controllers\Admin))
 4 SYSTEMPATH\CodeIgniter.php(366): CodeIgniter\CodeIgniter->handleRequest(null, Object(Config\Cache), false)
 5 FCPATH\index.php(67): CodeIgniter\CodeIgniter->run()
 6 SYSTEMPATH\Commands\Server\rewrite.php(47): require_once('D:\\laragon\\www\\sim\\public\\index.php')
CRITICAL - 2024-03-10 22:47:18 --> Trying to access array offset on value of type null
in APPPATH\Controllers\Admin.php on line 2120.
 1 APPPATH\Controllers\Admin.php(2120): CodeIgniter\Debug\Exceptions->errorHandler(2, 'Trying to access array offset on value of type null', 'D:\\laragon\\www\\sim\\app\\Controllers\\Admin.php', 2120)
 2 SYSTEMPATH\CodeIgniter.php(932): App\Controllers\Admin->simpan_bobot_nilai()
 3 SYSTEMPATH\CodeIgniter.php(497): CodeIgniter\CodeIgniter->runController(Object(App\Controllers\Admin))
 4 SYSTEMPATH\CodeIgniter.php(366): CodeIgniter\CodeIgniter->handleRequest(null, Object(Config\Cache), false)
 5 FCPATH\index.php(67): CodeIgniter\CodeIgniter->run()
 6 SYSTEMPATH\Commands\Server\rewrite.php(47): require_once('D:\\laragon\\www\\sim\\public\\index.php')
CRITICAL - 2024-03-10 22:50:05 --> Trying to access array offset on value of type null
in APPPATH\Controllers\Admin.php on line 2120.
 1 APPPATH\Controllers\Admin.php(2120): CodeIgniter\Debug\Exceptions->errorHandler(2, 'Trying to access array offset on value of type null', 'D:\\laragon\\www\\sim\\app\\Controllers\\Admin.php', 2120)
 2 SYSTEMPATH\CodeIgniter.php(932): App\Controllers\Admin->simpan_bobot_nilai()
 3 SYSTEMPATH\CodeIgniter.php(497): CodeIgniter\CodeIgniter->runController(Object(App\Controllers\Admin))
 4 SYSTEMPATH\CodeIgniter.php(366): CodeIgniter\CodeIgniter->handleRequest(null, Object(Config\Cache), false)
 5 FCPATH\index.php(67): CodeIgniter\CodeIgniter->run()
 6 SYSTEMPATH\Commands\Server\rewrite.php(47): require_once('D:\\laragon\\www\\sim\\public\\index.php')
INFO - 2024-03-10 22:50:20 --> Session: Class initialized using 'CodeIgniter\Session\Handlers\FileHandler' driver.
INFO - 2024-03-10 22:50:24 --> Session: Class initialized using 'CodeIgniter\Session\Handlers\FileHandler' driver.
INFO - 2024-03-10 22:50:29 --> Session: Class initialized using 'CodeIgniter\Session\Handlers\FileHandler' driver.
CRITICAL - 2024-03-10 22:50:29 --> Trying to access array offset on value of type null
in APPPATH\Controllers\Admin.php on line 2120.
 1 APPPATH\Controllers\Admin.php(2120): CodeIgniter\Debug\Exceptions->errorHandler(2, 'Trying to access array offset on value of type null', 'D:\\laragon\\www\\sim\\app\\Controllers\\Admin.php', 2120)
 2 SYSTEMPATH\CodeIgniter.php(932): App\Controllers\Admin->simpan_bobot_nilai()
 3 SYSTEMPATH\CodeIgniter.php(497): CodeIgniter\CodeIgniter->runController(Object(App\Controllers\Admin))
 4 SYSTEMPATH\CodeIgniter.php(366): CodeIgniter\CodeIgniter->handleRequest(null, Object(Config\Cache), false)
 5 FCPATH\index.php(67): CodeIgniter\CodeIgniter->run()
 6 SYSTEMPATH\Commands\Server\rewrite.php(47): require_once('D:\\laragon\\www\\sim\\public\\index.php')
INFO - 2024-03-10 22:53:36 --> Session: Class initialized using 'CodeIgniter\Session\Handlers\FileHandler' driver.
INFO - 2024-03-10 22:53:38 --> Session: Class initialized using 'CodeIgniter\Session\Handlers\FileHandler' driver.
INFO - 2024-03-10 22:53:43 --> Session: Class initialized using 'CodeIgniter\Session\Handlers\FileHandler' driver.
CRITICAL - 2024-03-10 22:53:43 --> You must set the database table to be used with your query.
in SYSTEMPATH\Database\BaseConnection.php on line 883.
 1 SYSTEMPATH\Model.php(642): CodeIgniter\Database\BaseConnection->table(null)
 2 SYSTEMPATH\Model.php(828): CodeIgniter\Model->builder()
 3 APPPATH\Controllers\Admin.php(2122): CodeIgniter\Model->__call('simpanBobotNilai', [...])
 4 SYSTEMPATH\CodeIgniter.php(932): App\Controllers\Admin->simpan_bobot_nilai()
 5 SYSTEMPATH\CodeIgniter.php(497): CodeIgniter\CodeIgniter->runController(Object(App\Controllers\Admin))
 6 SYSTEMPATH\CodeIgniter.php(366): CodeIgniter\CodeIgniter->handleRequest(null, Object(Config\Cache), false)
 7 FCPATH\index.php(67): CodeIgniter\CodeIgniter->run()
 8 SYSTEMPATH\Commands\Server\rewrite.php(47): require_once('D:\\laragon\\www\\sim\\public\\index.php')
INFO - 2024-03-10 22:55:08 --> Session: Class initialized using 'CodeIgniter\Session\Handlers\FileHandler' driver.
INFO - 2024-03-10 22:55:10 --> Session: Class initialized using 'CodeIgniter\Session\Handlers\FileHandler' driver.
INFO - 2024-03-10 22:55:14 --> Session: Class initialized using 'CodeIgniter\Session\Handlers\FileHandler' driver.
INFO - 2024-03-10 22:55:14 --> Session: Class initialized using 'CodeIgniter\Session\Handlers\FileHandler' driver.
INFO - 2024-03-10 22:55:29 --> Session: Class initialized using 'CodeIgniter\Session\Handlers\FileHandler' driver.
INFO - 2024-03-10 22:55:33 --> Session: Class initialized using 'CodeIgniter\Session\Handlers\FileHandler' driver.
INFO - 2024-03-10 22:56:23 --> Session: Class initialized using 'CodeIgniter\Session\Handlers\FileHandler' driver.
INFO - 2024-03-10 22:56:24 --> Session: Class initialized using 'CodeIgniter\Session\Handlers\FileHandler' driver.
INFO - 2024-03-10 22:56:37 --> Session: Class initialized using 'CodeIgniter\Session\Handlers\FileHandler' driver.
INFO - 2024-03-10 22:56:38 --> Session: Class initialized using 'CodeIgniter\Session\Handlers\FileHandler' driver.
INFO - 2024-03-10 22:56:51 --> Session: Class initialized using 'CodeIgniter\Session\Handlers\FileHandler' driver.
INFO - 2024-03-10 22:57:06 --> Session: Class initialized using 'CodeIgniter\Session\Handlers\FileHandler' driver.
INFO - 2024-03-10 22:57:08 --> Session: Class initialized using 'CodeIgniter\Session\Handlers\FileHandler' driver.
INFO - 2024-03-10 22:58:13 --> Session: Class initialized using 'CodeIgniter\Session\Handlers\FileHandler' driver.
INFO - 2024-03-10 22:58:50 --> Session: Class initialized using 'CodeIgniter\Session\Handlers\FileHandler' driver.
INFO - 2024-03-10 22:58:50 --> Session: Class initialized using 'CodeIgniter\Session\Handlers\FileHandler' driver.
INFO - 2024-03-10 22:59:05 --> Session: Class initialized using 'CodeIgniter\Session\Handlers\FileHandler' driver.
INFO - 2024-03-10 22:59:06 --> Session: Class initialized using 'CodeIgniter\Session\Handlers\FileHandler' driver.
INFO - 2024-03-10 22:59:24 --> Session: Class initialized using 'CodeIgniter\Session\Handlers\FileHandler' driver.
INFO - 2024-03-10 23:00:11 --> Session: Class initialized using 'CodeIgniter\Session\Handlers\FileHandler' driver.
INFO - 2024-03-10 23:01:12 --> Session: Class initialized using 'CodeIgniter\Session\Handlers\FileHandler' driver.
