INFO - 2023-11-15 11:00:00 --> Session: Class initialized using 'CodeIgniter\Session\Handlers\FileHandler' driver.
INFO - 2023-11-15 11:00:01 --> Session: Class initialized using 'CodeIgniter\Session\Handlers\FileHandler' driver.
INFO - 2023-11-15 11:00:04 --> Session: Class initialized using 'CodeIgniter\Session\Handlers\FileHandler' driver.
INFO - 2023-11-15 11:00:04 --> Session: Class initialized using 'CodeIgniter\Session\Handlers\FileHandler' driver.
INFO - 2023-11-15 11:00:15 --> Session: Class initialized using 'CodeIgniter\Session\Handlers\FileHandler' driver.
CRITICAL - 2023-11-15 11:00:15 --> Too few arguments to function App\Models\M_sekolah::getTP(), 1 passed in D:\laragon\www\sim\app\Controllers\Tugas.php on line 33 and exactly 3 expected
in APPPATH\Models\M_sekolah.php on line 985.
 1 APPPATH\Controllers\Tugas.php(33): App\Models\M_sekolah->getTP('216')
 2 SYSTEMPATH\CodeIgniter.php(932): App\Controllers\Tugas->index()
 3 SYSTEMPATH\CodeIgniter.php(497): CodeIgniter\CodeIgniter->runController(Object(App\Controllers\Tugas))
 4 SYSTEMPATH\CodeIgniter.php(366): CodeIgniter\CodeIgniter->handleRequest(null, Object(Config\Cache), false)
 5 FCPATH\index.php(67): CodeIgniter\CodeIgniter->run()
 6 SYSTEMPATH\Commands\Server\rewrite.php(47): require_once('D:\\laragon\\www\\sim\\public\\index.php')
INFO - 2023-11-15 11:01:31 --> Session: Class initialized using 'CodeIgniter\Session\Handlers\FileHandler' driver.
CRITICAL - 2023-11-15 11:01:31 --> Undefined variable $daftar_guru_mapel
in APPPATH\Views\v_tugas_tes.php on line 318.
 1 APPPATH\Views\v_tugas_tes.php(318): CodeIgniter\Debug\Exceptions->errorHandler(2, 'Undefined variable $daftar_guru_mapel', 'D:\\laragon\\www\\sim\\app\\Views\\v_tugas_tes.php', 318)
 2 SYSTEMPATH\View\View.php(224): include('D:\\laragon\\www\\sim\\app\\Views\\v_tugas_tes.php')
 3 SYSTEMPATH\View\View.php(227): CodeIgniter\View\View->CodeIgniter\View\{closure}()
 4 SYSTEMPATH\Common.php(1176): CodeIgniter\View\View->render('v_tugas_tes', [], true)
 5 APPPATH\Controllers\Tugas.php(49): view('v_tugas_tes', [...])
 6 SYSTEMPATH\CodeIgniter.php(932): App\Controllers\Tugas->index()
 7 SYSTEMPATH\CodeIgniter.php(497): CodeIgniter\CodeIgniter->runController(Object(App\Controllers\Tugas))
 8 SYSTEMPATH\CodeIgniter.php(366): CodeIgniter\CodeIgniter->handleRequest(null, Object(Config\Cache), false)
 9 FCPATH\index.php(67): CodeIgniter\CodeIgniter->run()
10 SYSTEMPATH\Commands\Server\rewrite.php(47): require_once('D:\\laragon\\www\\sim\\public\\index.php')
INFO - 2023-11-15 11:10:03 --> Session: Class initialized using 'CodeIgniter\Session\Handlers\FileHandler' driver.
ERROR - 2023-11-15 11:10:03 --> mysqli_sql_exception: Unknown column 'p.id_tp' in 'on clause' in D:\laragon\www\sim\system\Database\MySQLi\Connection.php:295
Stack trace:
#0 D:\laragon\www\sim\system\Database\MySQLi\Connection.php(295): mysqli->query('SELECT * FROM t...', 0)
#1 D:\laragon\www\sim\system\Database\BaseConnection.php(692): CodeIgniter\Database\MySQLi\Connection->execute('SELECT * FROM t...')
#2 D:\laragon\www\sim\system\Database\BaseConnection.php(606): CodeIgniter\Database\BaseConnection->simpleQuery('SELECT * FROM t...')
#3 D:\laragon\www\sim\app\Models\M_sekolah.php(1013): CodeIgniter\Database\BaseConnection->query('SELECT * FROM t...', Array)
#4 D:\laragon\www\sim\app\Controllers\Tugas.php(33): App\Models\M_sekolah->get_tptugas('216')
#5 D:\laragon\www\sim\system\CodeIgniter.php(932): App\Controllers\Tugas->index()
#6 D:\laragon\www\sim\system\CodeIgniter.php(497): CodeIgniter\CodeIgniter->runController(Object(App\Controllers\Tugas))
#7 D:\laragon\www\sim\system\CodeIgniter.php(366): CodeIgniter\CodeIgniter->handleRequest(NULL, Object(Config\Cache), false)
#8 D:\laragon\www\sim\public\index.php(67): CodeIgniter\CodeIgniter->run()
#9 D:\laragon\www\sim\system\Commands\Server\rewrite.php(47): require_once('D:\\laragon\\www\\...')
#10 {main}
CRITICAL - 2023-11-15 11:10:03 --> Unknown column 'p.id_tp' in 'on clause'
in SYSTEMPATH\Database\MySQLi\Connection.php on line 295.
 1 SYSTEMPATH\Database\MySQLi\Connection.php(295): mysqli->query('SELECT * FROM tb_tugas t
        LEFT JOIN tb_tujuan_pembelajaran p ON p.id_tp = t.id 
                WHERE id_guru_mapel = \'216\'', 0)
 2 SYSTEMPATH\Database\BaseConnection.php(692): CodeIgniter\Database\MySQLi\Connection->execute('SELECT * FROM tb_tugas t
        LEFT JOIN tb_tujuan_pembelajaran p ON p.id_tp = t.id 
                WHERE id_guru_mapel = \'216\'')
 3 SYSTEMPATH\Database\BaseConnection.php(606): CodeIgniter\Database\BaseConnection->simpleQuery('SELECT * FROM tb_tugas t
        LEFT JOIN tb_tujuan_pembelajaran p ON p.id_tp = t.id 
                WHERE id_guru_mapel = \'216\'')
 4 APPPATH\Models\M_sekolah.php(1013): CodeIgniter\Database\BaseConnection->query('SELECT * FROM tb_tugas t
        LEFT JOIN tb_tujuan_pembelajaran p ON p.id_tp = t.id 
                WHERE id_guru_mapel = :id_guru_mapel:', [...])
 5 APPPATH\Controllers\Tugas.php(33): App\Models\M_sekolah->get_tptugas('216')
 6 SYSTEMPATH\CodeIgniter.php(932): App\Controllers\Tugas->index()
 7 SYSTEMPATH\CodeIgniter.php(497): CodeIgniter\CodeIgniter->runController(Object(App\Controllers\Tugas))
 8 SYSTEMPATH\CodeIgniter.php(366): CodeIgniter\CodeIgniter->handleRequest(null, Object(Config\Cache), false)
 9 FCPATH\index.php(67): CodeIgniter\CodeIgniter->run()
10 SYSTEMPATH\Commands\Server\rewrite.php(47): require_once('D:\\laragon\\www\\sim\\public\\index.php')
INFO - 2023-11-15 11:10:24 --> Session: Class initialized using 'CodeIgniter\Session\Handlers\FileHandler' driver.
CRITICAL - 2023-11-15 11:10:24 --> Undefined variable $sekolah
in APPPATH\Views\layout\layout_admin.php on line 24.
 1 APPPATH\Views\layout\layout_admin.php(24): CodeIgniter\Debug\Exceptions->errorHandler(2, 'Undefined variable $sekolah', 'D:\\laragon\\www\\sim\\app\\Views\\layout\\layout_admin.php', 24)
 2 SYSTEMPATH\View\View.php(224): include('D:\\laragon\\www\\sim\\app\\Views\\layout\\layout_admin.php')
 3 SYSTEMPATH\View\View.php(227): CodeIgniter\View\View->CodeIgniter\View\{closure}()
 4 SYSTEMPATH\View\View.php(240): CodeIgniter\View\View->render('layout/layout_admin', [], true)
 5 SYSTEMPATH\Common.php(1176): CodeIgniter\View\View->render('v_tugas_tes', [], true)
 6 APPPATH\Controllers\Tugas.php(49): view('v_tugas_tes', [...])
 7 SYSTEMPATH\CodeIgniter.php(932): App\Controllers\Tugas->index()
 8 SYSTEMPATH\CodeIgniter.php(497): CodeIgniter\CodeIgniter->runController(Object(App\Controllers\Tugas))
 9 SYSTEMPATH\CodeIgniter.php(366): CodeIgniter\CodeIgniter->handleRequest(null, Object(Config\Cache), false)
10 FCPATH\index.php(67): CodeIgniter\CodeIgniter->run()
11 SYSTEMPATH\Commands\Server\rewrite.php(47): require_once('D:\\laragon\\www\\sim\\public\\index.php')
